#
# A fatal error has been detected by the Java Runtime Environment:
#
#  SIGSEGV (0xb) at pc=0x01434acf, pid=2322, tid=1424239424
#
# JRE version: Java(TM) SE Runtime Environment (7.0_67-b01) (build 1.7.0_67-b01)
# Java VM: Java HotSpot(TM) Client VM (24.65-b04 mixed mode linux-x86 )
# Problematic frame:
# V  [libjvm.so+0x476acf]  ContiguousSpace::oop_since_save_marks_iterate_nv(FastScanClosure*)+0x2f
#
# Failed to write core dump. Core dumps have been disabled. To enable core dumping, try "ulimit -c unlimited" before starting Java again
#
# If you would like to submit a bug report, please visit:
#   http://bugreport.sun.com/bugreport/crash.jsp
#

---------------  T H R E A D  ---------------

Current thread (0xb7657800):  VMThread [stack: 0x54dc2000,0x54e43000] [id=2341]

siginfo:si_signo=SIGSEGV: si_errno=0, si_code=1 (SEGV_MAPERR), si_addr=0x00000008

Registers:
EAX=0x00000000, EBX=0x73a8c058, ECX=0x00000000, EDX=0x00000008
ESP=0x54e41b0c, EBP=0x54e41b28, ESI=0x73a8c888, EDI=0x54e41c80
EIP=0x01434acf, EFLAGS=0x00210283, CR2=0x00000008

Top of Stack: (sp=0x54e41b0c)
0x54e41b0c:   00000000 00000002 54e41c80 54e41b58
0x54e41b1c:   54e41c80 b760fe58 b760bb38 54e41b48
0x54e41b2c:   01218c8a b760ff58 54e41c80 54e41c80
0x54e41b3c:   54e41c80 b760bb98 00000002 54e41b78
0x54e41b4c:   0120d45d b760fe58 54e41c80 b760f018
0x54e41b5c:   b760f018 b760bb38 00000000 54e41c80
0x54e41b6c:   00000000 54e41ca8 b760e7cc 54e41d98
0x54e41b7c:   011a2fb6 b760bb38 00000000 54e41ca8 

Instructions: (pc=0x01434acf)
0x01434aaf:   8b 02 52 ff 50 08 83 c4 10 89 c3 8b 45 08 8b 70
0x01434abf:   34 39 f3 73 31 8d 74 26 00 8b 43 04 51 8d 50 08
0x01434acf:   8b 40 08 57 53 52 ff 90 e4 00 00 00 83 c4 10 8d
0x01434adf:   1c 83 39 f3 72 e3 8b 55 08 8b 42 34 39 f0 76 06 

Register to memory mapping:

EAX=0x00000000 is an unknown value
EBX=
[error occurred during error reporting (printing register info), id 0xb]

Stack: [0x54dc2000,0x54e43000],  sp=0x54e41b0c,  free space=510k
Native frames: (J=compiled Java code, j=interpreted, Vv=VM code, C=native code)
V  [libjvm.so+0x476acf]  ContiguousSpace::oop_since_save_marks_iterate_nv(FastScanClosure*)+0x2f
V  [libjvm.so+0x25ac8a]  OneContigSpaceCardGeneration::oop_since_save_marks_iterate_nv(FastScanClosure*)+0x2a
V  [libjvm.so+0x24f45d]  GenCollectedHeap::oop_since_save_marks_iterate(int, FastScanClosure*, FastScanClosure*)+0x4d
V  [libjvm.so+0x1e4fb6]  DefNewGeneration::collect(bool, bool, unsigned int, bool)+0x426
V  [libjvm.so+0x250d2d]  GenCollectedHeap::do_collection(bool, bool, unsigned int, bool, int)+0x48d
V  [libjvm.so+0x1915e7]  GenCollectorPolicy::satisfy_failed_allocation(unsigned int, bool)+0xe7
V  [libjvm.so+0x50e974]  VM_GenCollectForAllocation::doit()+0x74
V  [libjvm.so+0x5177f7]  VM_Operation::evaluate()+0x47
V  [libjvm.so+0x515893]  VMThread::evaluate_operation(VM_Operation*)+0xb3
V  [libjvm.so+0x515c30]  VMThread::loop()+0x1b0
V  [libjvm.so+0x516095]  VMThread::run()+0x85
V  [libjvm.so+0x40a5a9]  java_start(Thread*)+0x119
C  [libpthread.so.0+0x6d4c]  start_thread+0xcc

VM_Operation (0xb77e50e4): GenCollectForAllocation, mode: safepoint, requested by thread 0xb7607400


---------------  P R O C E S S  ---------------

Java Threads: ( => current thread )
  0x536a0400 JavaThread "resolver-5" daemon [_thread_blocked, id=2367, stack(0x5355e000,0x535af000)]
  0x5369d400 JavaThread "resolver-4" daemon [_thread_blocked, id=2366, stack(0x5380d000,0x5385e000)]
  0x53698000 JavaThread "resolver-3" daemon [_thread_blocked, id=2365, stack(0x535af000,0x53600000)]
  0x5369e800 JavaThread "resolver-2" daemon [_thread_blocked, id=2364, stack(0x5435e000,0x543af000)]
  0x0a000400 JavaThread "Worker-2" [_thread_blocked, id=2363, stack(0x5385e000,0x538af000)]
  0x53799400 JavaThread "Worker-1" [_thread_blocked, id=2362, stack(0x538af000,0x53900000)]
  0x537a6000 JavaThread "Provisioning Event Dispatcher" daemon [_thread_blocked, id=2361, stack(0x53b06000,0x53b57000)]
  0x53786000 JavaThread "Worker-0" [_thread_blocked, id=2360, stack(0x53b57000,0x53ba8000)]
  0x539e3000 JavaThread "resolver-1" daemon [_thread_blocked, id=2359, stack(0x53ba8000,0x53bf9000)]
  0x542adc00 JavaThread "Worker-JM" [_thread_blocked, id=2358, stack(0x53d0d000,0x53d5e000)]
  0x53c0e000 JavaThread "[ThreadPool Manager] - Idle Thread" [_thread_blocked, id=2357, stack(0x53d5e000,0x53daf000)]
  0x53edd800 JavaThread "[Timer] - Main Queue Handler" [_thread_blocked, id=2356, stack(0x53daf000,0x53e00000)]
  0x54189800 JavaThread "Start Level Event Dispatcher" daemon [_thread_blocked, id=2354, stack(0x53faf000,0x54000000)]
  0x54187c00 JavaThread "Framework Event Dispatcher" daemon [_thread_blocked, id=2353, stack(0x5430d000,0x5435e000)]
  0x5414c800 JavaThread "Framework Active Thread" [_thread_blocked, id=2351, stack(0x543af000,0x54400000)]
  0x54523c00 JavaThread "com.google.common.base.internal.Finalizer" daemon [_thread_blocked, id=2348, stack(0x546af000,0x54700000)]
  0xb766f000 JavaThread "Service Thread" daemon [_thread_blocked, id=2346, stack(0x548dd000,0x5492e000)]
  0xb766d000 JavaThread "C1 CompilerThread0" daemon [_thread_blocked, id=2345, stack(0x5492e000,0x549af000)]
  0xb766b800 JavaThread "Signal Dispatcher" daemon [_thread_blocked, id=2344, stack(0x549af000,0x54a00000)]
  0xb765b800 JavaThread "Finalizer" daemon [_thread_blocked, id=2343, stack(0x54d20000,0x54d71000)]
  0xb765a000 JavaThread "Reference Handler" daemon [_thread_blocked, id=2342, stack(0x54d71000,0x54dc2000)]
  0xb7607400 JavaThread "main" [_thread_blocked, id=2340, stack(0xb7796000,0xb77e7000)]

Other Threads:
=>0xb7657800 VMThread [stack: 0x54dc2000,0x54e43000] [id=2341]
  0xb7671400 WatcherThread [stack: 0x5485c000,0x548dd000] [id=2347]

VM state:at safepoint (normal execution)

VM Mutex/Monitor currently owned by a thread:  ([mutex/lock_event])
[0xb7604c28] Threads_lock - owner thread: 0xb7657800
[0xb7605038] Heap_lock - owner thread: 0xb7607400

Heap
 def new generation   total 157248K, used 150345K [0x55600000, 0x600a0000, 0x6ab50000)
  eden space 139776K, 100% used [0x55600000, 0x5de80000, 0x5de80000)
  from space 17472K,  60% used [0x5ef90000, 0x5f9e2528, 0x600a0000)
  to   space 17472K,  15% used [0x5de80000, 0x5e12b800, 0x5ef90000)
 tenured generation   total 349568K, used 146674K [0x6ab50000, 0x800b0000, 0x95600000)
   the space 349568K,  41% used [0x6ab50000, 0x73a8c888, 0x73a8ca00, 0x800b0000)
 compacting perm gen  total 262144K, used 18139K [0x95600000, 0xa5600000, 0xb5600000)
   the space 262144K,   6% used [0x95600000, 0x967b6df0, 0x967b6e00, 0xa5600000)
No shared spaces configured.

Card table byte_map: [0x552ff000,0x55600000] byte_map_base: 0x55054000

Polling page: 0xb77f8000

Code Cache  [0xb5600000, 0xb5ee8000, 0xb7600000)
 total_blobs=4688 nmethods=4519 adapters=105 free_code_cache=23667Kb largest_free_block=24226752

Compilation events (10 events):
Event: 66.979 Thread 0xb766d000 4593   !         org.eclipse.equinox.spi.p2.publisher.PublisherHelper::computeMD5 (227 bytes)
Event: 66.980 Thread 0xb766d000 nmethod 4593 0xb5ee1c88 code [0xb5ee1fa0, 0xb5ee2d90]
Event: 66.998 Thread 0xb766d000 4594   !         java.io.FileInputStream::close (77 bytes)
Event: 66.999 Thread 0xb766d000 nmethod 4594 0xb5ee3c08 code [0xb5ee3d60, 0xb5ee40d0]
Event: 67.339 Thread 0xb766d000 4595   !         org.eclipse.osgi.internal.resolver.ExportPackageDescriptionImpl::getAttributes (17 bytes)
Event: 67.339 Thread 0xb766d000 nmethod 4595 0xb5ee4388 code [0xb5ee44a0, 0xb5ee4690]
Event: 67.350 Thread 0xb766d000 4596             org.eclipse.osgi.internal.resolver.RequiresHolder::<init> (81 bytes)
Event: 67.351 Thread 0xb766d000 nmethod 4596 0xb5ee4748 code [0xb5ee48f0, 0xb5ee4eb8]
Event: 67.509 Thread 0xb766d000 4597             java.security.MessageDigest$Delegate::engineUpdate (11 bytes)
Event: 67.509 Thread 0xb766d000 nmethod 4597 0xb5ee5208 code [0xb5ee5310, 0xb5ee53bc]

GC Heap History (10 events):
Event: 65.665 GC heap after
Heap after GC invocations=51 (full 0):
 def new generation   total 157248K, used 7149K [0x55600000, 0x600a0000, 0x6ab50000)
  eden space 139776K,   0% used [0x55600000, 0x55600000, 0x5de80000)
  from space 17472K,  40% used [0x5ef90000, 0x5f68b520, 0x600a0000)
  to   space 17472K,   0% used [0x5de80000, 0x5de80000, 0x5ef90000)
 tenured generation   total 349568K, used 139752K [0x6ab50000, 0x800b0000, 0x95600000)
   the space 349568K,  39% used [0x6ab50000, 0x733ca098, 0x733ca200, 0x800b0000)
 compacting perm gen  total 262144K, used 18139K [0x95600000, 0xa5600000, 0xb5600000)
   the space 262144K,   6% used [0x95600000, 0x967b6db0, 0x967b6e00, 0xa5600000)
No shared spaces configured.
}
Event: 66.219 GC heap before
{Heap before GC invocations=51 (full 0):
 def new generation   total 157248K, used 146925K [0x55600000, 0x600a0000, 0x6ab50000)
  eden space 139776K, 100% used [0x55600000, 0x5de80000, 0x5de80000)
  from space 17472K,  40% used [0x5ef90000, 0x5f68b520, 0x600a0000)
  to   space 17472K,   0% used [0x5de80000, 0x5de80000, 0x5ef90000)
 tenured generation   total 349568K, used 139752K [0x6ab50000, 0x800b0000, 0x95600000)
   the space 349568K,  39% used [0x6ab50000, 0x733ca098, 0x733ca200, 0x800b0000)
 compacting perm gen  total 262144K, used 18139K [0x95600000, 0xa5600000, 0xb5600000)
   the space 262144K,   6% used [0x95600000, 0x967b6dd0, 0x967b6e00, 0xa5600000)
No shared spaces configured.
Event: 66.231 GC heap after
Heap after GC invocations=52 (full 0):
 def new generation   total 157248K, used 8637K [0x55600000, 0x600a0000, 0x6ab50000)
  eden space 139776K,   0% used [0x55600000, 0x55600000, 0x5de80000)
  from space 17472K,  49% used [0x5de80000, 0x5e6ef580, 0x5ef90000)
  to   space 17472K,   0% used [0x5ef90000, 0x5ef90000, 0x600a0000)
 tenured generation   total 349568K, used 139752K [0x6ab50000, 0x800b0000, 0x95600000)
   the space 349568K,  39% used [0x6ab50000, 0x733ca098, 0x733ca200, 0x800b0000)
 compacting perm gen  total 262144K, used 18139K [0x95600000, 0xa5600000, 0xb5600000)
   the space 262144K,   6% used [0x95600000, 0x967b6dd0, 0x967b6e00, 0xa5600000)
No shared spaces configured.
}
Event: 66.803 GC heap before
{Heap before GC invocations=52 (full 0):
 def new generation   total 157248K, used 148413K [0x55600000, 0x600a0000, 0x6ab50000)
  eden space 139776K, 100% used [0x55600000, 0x5de80000, 0x5de80000)
  from space 17472K,  49% used [0x5de80000, 0x5e6ef580, 0x5ef90000)
  to   space 17472K,   0% used [0x5ef90000, 0x5ef90000, 0x600a0000)
 tenured generation   total 349568K, used 139752K [0x6ab50000, 0x800b0000, 0x95600000)
   the space 349568K,  39% used [0x6ab50000, 0x733ca098, 0x733ca200, 0x800b0000)
 compacting perm gen  total 262144K, used 18139K [0x95600000, 0xa5600000, 0xb5600000)
   the space 262144K,   6% used [0x95600000, 0x967b6dd0, 0x967b6e00, 0xa5600000)
No shared spaces configured.
Event: 66.830 GC heap after
Heap after GC invocations=53 (full 0):
 def new generation   total 157248K, used 11292K [0x55600000, 0x600a0000, 0x6ab50000)
  eden space 139776K,   0% used [0x55600000, 0x55600000, 0x5de80000)
  from space 17472K,  64% used [0x5ef90000, 0x5fa97080, 0x600a0000)
  to   space 17472K,   0% used [0x5de80000, 0x5de80000, 0x5ef90000)
 tenured generation   total 349568K, used 139752K [0x6ab50000, 0x800b0000, 0x95600000)
   the space 349568K,  39% used [0x6ab50000, 0x733ca098, 0x733ca200, 0x800b0000)
 compacting perm gen  total 262144K, used 18139K [0x95600000, 0xa5600000, 0xb5600000)
   the space 262144K,   6% used [0x95600000, 0x967b6dd0, 0x967b6e00, 0xa5600000)
No shared spaces configured.
}
Event: 67.376 GC heap before
{Heap before GC invocations=53 (full 0):
 def new generation   total 157248K, used 151068K [0x55600000, 0x600a0000, 0x6ab50000)
  eden space 139776K, 100% used [0x55600000, 0x5de80000, 0x5de80000)
  from space 17472K,  64% used [0x5ef90000, 0x5fa97080, 0x600a0000)
  to   space 17472K,   0% used [0x5de80000, 0x5de80000, 0x5ef90000)
 tenured generation   total 349568K, used 139752K [0x6ab50000, 0x800b0000, 0x95600000)
   the space 349568K,  39% used [0x6ab50000, 0x733ca098, 0x733ca200, 0x800b0000)
 compacting perm gen  total 262144K, used 18139K [0x95600000, 0xa5600000, 0xb5600000)
   the space 262144K,   6% used [0x95600000, 0x967b6de0, 0x967b6e00, 0xa5600000)
No shared spaces configured.
Event: 67.402 GC heap after
Heap after GC invocations=54 (full 0):
 def new generation   total 157248K, used 10967K [0x55600000, 0x600a0000, 0x6ab50000)
  eden space 139776K,   0% used [0x55600000, 0x55600000, 0x5de80000)
  from space 17472K,  62% used [0x5de80000, 0x5e935ec0, 0x5ef90000)
  to   space 17472K,   0% used [0x5ef90000, 0x5ef90000, 0x600a0000)
 tenured generation   total 349568K, used 143290K [0x6ab50000, 0x800b0000, 0x95600000)
   the space 349568K,  40% used [0x6ab50000, 0x7373e838, 0x7373ea00, 0x800b0000)
 compacting perm gen  total 262144K, used 18139K [0x95600000, 0xa5600000, 0xb5600000)
   the space 262144K,   6% used [0x95600000, 0x967b6de0, 0x967b6e00, 0xa5600000)
No shared spaces configured.
}
Event: 67.958 GC heap before
{Heap before GC invocations=54 (full 0):
 def new generation   total 157248K, used 150743K [0x55600000, 0x600a0000, 0x6ab50000)
  eden space 139776K, 100% used [0x55600000, 0x5de80000, 0x5de80000)
  from space 17472K,  62% used [0x5de80000, 0x5e935ec0, 0x5ef90000)
  to   space 17472K,   0% used [0x5ef90000, 0x5ef90000, 0x600a0000)
 tenured generation   total 349568K, used 143290K [0x6ab50000, 0x800b0000, 0x95600000)
   the space 349568K,  40% used [0x6ab50000, 0x7373e838, 0x7373ea00, 0x800b0000)
 compacting perm gen  total 262144K, used 18139K [0x95600000, 0xa5600000, 0xb5600000)
   the space 262144K,   6% used [0x95600000, 0x967b6df0, 0x967b6e00, 0xa5600000)
No shared spaces configured.
Event: 67.986 GC heap after
Heap after GC invocations=55 (full 0):
 def new generation   total 157248K, used 10569K [0x55600000, 0x600a0000, 0x6ab50000)
  eden space 139776K,   0% used [0x55600000, 0x55600000, 0x5de80000)
  from space 17472K,  60% used [0x5ef90000, 0x5f9e2528, 0x600a0000)
  to   space 17472K,   0% used [0x5de80000, 0x5de80000, 0x5ef90000)
 tenured generation   total 349568K, used 145583K [0x6ab50000, 0x800b0000, 0x95600000)
   the space 349568K,  41% used [0x6ab50000, 0x7397bfc8, 0x7397c000, 0x800b0000)
 compacting perm gen  total 262144K, used 18139K [0x95600000, 0xa5600000, 0xb5600000)
   the space 262144K,   6% used [0x95600000, 0x967b6df0, 0x967b6e00, 0xa5600000)
No shared spaces configured.
}
Event: 68.551 GC heap before
{Heap before GC invocations=55 (full 0):
 def new generation   total 157248K, used 150345K [0x55600000, 0x600a0000, 0x6ab50000)
  eden space 139776K, 100% used [0x55600000, 0x5de80000, 0x5de80000)
  from space 17472K,  60% used [0x5ef90000, 0x5f9e2528, 0x600a0000)
  to   space 17472K,   0% used [0x5de80000, 0x5de80000, 0x5ef90000)
 tenured generation   total 349568K, used 145583K [0x6ab50000, 0x800b0000, 0x95600000)
   the space 349568K,  41% used [0x6ab50000, 0x7397bfc8, 0x7397c000, 0x800b0000)
 compacting perm gen  total 262144K, used 18139K [0x95600000, 0xa5600000, 0xb5600000)
   the space 262144K,   6% used [0x95600000, 0x967b6df0, 0x967b6e00, 0xa5600000)
No shared spaces configured.

Deoptimization events (0 events):
No events

Internal exceptions (10 events):
Event: 49.019 Thread 0xb7607400 Threw 0x5c66cc70 at /HUDSON/workspace/7u-2-build-linux-i586/jdk7u67/1368/hotspot/src/share/vm/prims/jvm.cpp:1244
Event: 49.329 Thread 0xb7607400 Threw 0x56c31e68 at /HUDSON/workspace/7u-2-build-linux-i586/jdk7u67/1368/hotspot/src/share/vm/prims/jvm.cpp:1244
Event: 49.536 Thread 0xb7607400 Threw 0x5862c2f0 at /HUDSON/workspace/7u-2-build-linux-i586/jdk7u67/1368/hotspot/src/share/vm/prims/jvm.cpp:1244
Event: 49.578 Thread 0xb7607400 Threw 0x587b1d00 at /HUDSON/workspace/7u-2-build-linux-i586/jdk7u67/1368/hotspot/src/share/vm/prims/jvm.cpp:1244
Event: 49.578 Thread 0xb7607400 Threw 0x587b5770 at /HUDSON/workspace/7u-2-build-linux-i586/jdk7u67/1368/hotspot/src/share/vm/prims/jvm.cpp:1244
Event: 49.579 Thread 0xb7607400 Threw 0x587b9900 at /HUDSON/workspace/7u-2-build-linux-i586/jdk7u67/1368/hotspot/src/share/vm/prims/jvm.cpp:1244
Event: 49.579 Thread 0xb7607400 Threw 0x587bd170 at /HUDSON/workspace/7u-2-build-linux-i586/jdk7u67/1368/hotspot/src/share/vm/prims/jvm.cpp:1244
Event: 49.580 Thread 0xb7607400 Threw 0x587c3348 at /HUDSON/workspace/7u-2-build-linux-i586/jdk7u67/1368/hotspot/src/share/vm/prims/jvm.cpp:1244
Event: 49.581 Thread 0xb7607400 Threw 0x587cdfb0 at /HUDSON/workspace/7u-2-build-linux-i586/jdk7u67/1368/hotspot/src/share/vm/prims/jvm.cpp:1244
Event: 49.589 Thread 0xb7607400 Threw 0x58869c28 at /HUDSON/workspace/7u-2-build-linux-i586/jdk7u67/1368/hotspot/src/share/vm/prims/jvm.cpp:1244

Events (10 events):
Event: 65.666 Executing VM operation: GenCollectForAllocation done
Event: 66.218 Executing VM operation: GenCollectForAllocation
Event: 66.232 Executing VM operation: GenCollectForAllocation done
Event: 66.802 Executing VM operation: GenCollectForAllocation
Event: 66.832 Executing VM operation: GenCollectForAllocation done
Event: 67.374 Executing VM operation: GenCollectForAllocation
Event: 67.405 Executing VM operation: GenCollectForAllocation done
Event: 67.957 Executing VM operation: GenCollectForAllocation
Event: 67.986 Executing VM operation: GenCollectForAllocation done
Event: 68.550 Executing VM operation: GenCollectForAllocation


Dynamic libraries:
00113000-0011e000 r-xp 00000000 08:01 181168     /usr/lib/jvm/jdk1.7.0_67/jre/lib/i386/libverify.so
0011e000-0011f000 rw-p 0000b000 08:01 181168     /usr/lib/jvm/jdk1.7.0_67/jre/lib/i386/libverify.so
0011f000-00142000 r-xp 00000000 08:01 181114     /usr/lib/jvm/jdk1.7.0_67/jre/lib/i386/libjava.so
00142000-00143000 rw-p 00023000 08:01 181114     /usr/lib/jvm/jdk1.7.0_67/jre/lib/i386/libjava.so
00143000-00145000 r-xp 00000000 08:01 264968     /lib/libnss_mdns4_minimal.so.2
00145000-00146000 r--p 00001000 08:01 264968     /lib/libnss_mdns4_minimal.so.2
00146000-00147000 rw-p 00002000 08:01 264968     /lib/libnss_mdns4_minimal.so.2
0014c000-00176000 r-xp 00000000 08:01 264135     /lib/i386-linux-gnu/libm-2.15.so
00176000-00177000 r--p 00029000 08:01 264135     /lib/i386-linux-gnu/libm-2.15.so
00177000-00178000 rw-p 0002a000 08:01 264135     /lib/i386-linux-gnu/libm-2.15.so
00182000-00189000 r-xp 00000000 08:01 264972     /lib/i386-linux-gnu/libnss_compat-2.15.so
00189000-0018a000 r--p 00006000 08:01 264972     /lib/i386-linux-gnu/libnss_compat-2.15.so
0018a000-0018b000 rw-p 00007000 08:01 264972     /lib/i386-linux-gnu/libnss_compat-2.15.so
0018b000-001a2000 r-xp 00000000 08:01 181144     /usr/lib/jvm/jdk1.7.0_67/jre/lib/i386/libzip.so
001a2000-001a3000 rw-p 00017000 08:01 181144     /usr/lib/jvm/jdk1.7.0_67/jre/lib/i386/libzip.so
001a3000-001d6000 r-xp 00000000 08:01 181129     /usr/lib/jvm/jdk1.7.0_67/jre/lib/i386/libsunec.so
001d6000-001da000 rw-p 00032000 08:01 181129     /usr/lib/jvm/jdk1.7.0_67/jre/lib/i386/libsunec.so
001da000-001de000 rw-p 00000000 00:00 0 
002d3000-002f3000 r-xp 00000000 08:01 262287     /lib/i386-linux-gnu/ld-2.15.so
002f3000-002f4000 r--p 0001f000 08:01 262287     /lib/i386-linux-gnu/ld-2.15.so
002f4000-002f5000 rw-p 00020000 08:01 262287     /lib/i386-linux-gnu/ld-2.15.so
00364000-00379000 r-xp 00000000 08:01 181157     /usr/lib/jvm/jdk1.7.0_67/jre/lib/i386/libnet.so
00379000-0037a000 rw-p 00014000 08:01 181157     /usr/lib/jvm/jdk1.7.0_67/jre/lib/i386/libnet.so
00411000-0041b000 r-xp 00000000 08:01 264975     /lib/i386-linux-gnu/libnss_nis-2.15.so
0041b000-0041c000 r--p 00009000 08:01 264975     /lib/i386-linux-gnu/libnss_nis-2.15.so
0041c000-0041d000 rw-p 0000a000 08:01 264975     /lib/i386-linux-gnu/libnss_nis-2.15.so
00421000-0043d000 r-xp 00000000 08:01 265861     /lib/i386-linux-gnu/libgcc_s.so.1
0043d000-0043e000 r--p 0001b000 08:01 265861     /lib/i386-linux-gnu/libgcc_s.so.1
0043e000-0043f000 rw-p 0001c000 08:01 265861     /lib/i386-linux-gnu/libgcc_s.so.1
0047e000-00491000 r-xp 00000000 08:01 413180     /usr/lib/jvm/jdk1.7.0_67/lib/i386/jli/libjli.so
00491000-00492000 rw-p 00012000 08:01 413180     /usr/lib/jvm/jdk1.7.0_67/lib/i386/jli/libjli.so
00526000-00527000 r-xp 00000000 00:00 0          [vdso]
0086e000-00884000 r-xp 00000000 08:01 263925     /lib/i386-linux-gnu/libnsl-2.15.so
00884000-00885000 r--p 00015000 08:01 263925     /lib/i386-linux-gnu/libnsl-2.15.so
00885000-00886000 rw-p 00016000 08:01 263925     /lib/i386-linux-gnu/libnsl-2.15.so
00886000-00888000 rw-p 00000000 00:00 0 
008bf000-008ca000 r-xp 00000000 08:01 263926     /lib/i386-linux-gnu/libnss_files-2.15.so
008ca000-008cb000 r--p 0000a000 08:01 263926     /lib/i386-linux-gnu/libnss_files-2.15.so
008cb000-008cc000 rw-p 0000b000 08:01 263926     /lib/i386-linux-gnu/libnss_files-2.15.so
00b47000-00b5a000 r-xp 00000000 08:01 263932     /lib/i386-linux-gnu/libresolv-2.15.so
00b5a000-00b5b000 ---p 00013000 08:01 263932     /lib/i386-linux-gnu/libresolv-2.15.so
00b5b000-00b5c000 r--p 00013000 08:01 263932     /lib/i386-linux-gnu/libresolv-2.15.so
00b5c000-00b5d000 rw-p 00014000 08:01 263932     /lib/i386-linux-gnu/libresolv-2.15.so
00b5d000-00b5f000 rw-p 00000000 00:00 0 
00b67000-00b6c000 r-xp 00000000 08:01 265999     /lib/i386-linux-gnu/libnss_dns-2.15.so
00b6c000-00b6d000 r--p 00004000 08:01 265999     /lib/i386-linux-gnu/libnss_dns-2.15.so
00b6d000-00b6e000 rw-p 00005000 08:01 265999     /lib/i386-linux-gnu/libnss_dns-2.15.so
00b6f000-00b76000 r-xp 00000000 08:01 263922     /lib/i386-linux-gnu/librt-2.15.so
00b76000-00b77000 r--p 00006000 08:01 263922     /lib/i386-linux-gnu/librt-2.15.so
00b77000-00b78000 rw-p 00007000 08:01 263922     /lib/i386-linux-gnu/librt-2.15.so
00d3e000-00ee2000 r-xp 00000000 08:01 263930     /lib/i386-linux-gnu/libc-2.15.so
00ee2000-00ee3000 ---p 001a4000 08:01 263930     /lib/i386-linux-gnu/libc-2.15.so
00ee3000-00ee5000 r--p 001a4000 08:01 263930     /lib/i386-linux-gnu/libc-2.15.so
00ee5000-00ee6000 rw-p 001a6000 08:01 263930     /lib/i386-linux-gnu/libc-2.15.so
00ee6000-00ee9000 rw-p 00000000 00:00 0 
00efd000-00f14000 r-xp 00000000 08:01 262489     /lib/i386-linux-gnu/libpthread-2.15.so
00f14000-00f15000 r--p 00016000 08:01 262489     /lib/i386-linux-gnu/libpthread-2.15.so
00f15000-00f16000 rw-p 00017000 08:01 262489     /lib/i386-linux-gnu/libpthread-2.15.so
00f16000-00f18000 rw-p 00000000 00:00 0 
00f71000-00f7f000 r-xp 00000000 08:01 181124     /usr/lib/jvm/jdk1.7.0_67/jre/lib/i386/libnio.so
00f7f000-00f80000 rw-p 0000e000 08:01 181124     /usr/lib/jvm/jdk1.7.0_67/jre/lib/i386/libnio.so
00fb9000-00fbc000 r-xp 00000000 08:01 266000     /lib/i386-linux-gnu/libdl-2.15.so
00fbc000-00fbd000 r--p 00002000 08:01 266000     /lib/i386-linux-gnu/libdl-2.15.so
00fbd000-00fbe000 rw-p 00003000 08:01 266000     /lib/i386-linux-gnu/libdl-2.15.so
00fbe000-0154f000 r-xp 00000000 08:01 181131     /usr/lib/jvm/jdk1.7.0_67/jre/lib/i386/client/libjvm.so
0154f000-01570000 rw-p 00591000 08:01 181131     /usr/lib/jvm/jdk1.7.0_67/jre/lib/i386/client/libjvm.so
01570000-01990000 rw-p 00000000 00:00 0 
08048000-08049000 r-xp 00000000 08:01 316999     /usr/lib/jvm/jdk1.7.0_67/bin/java
08049000-0804a000 rw-p 00000000 08:01 316999     /usr/lib/jvm/jdk1.7.0_67/bin/java
09c0a000-0a101000 rw-p 00000000 00:00 0          [heap]
53474000-5355e000 rw-p 00000000 00:00 0 
5355e000-53561000 ---p 00000000 00:00 0 
53561000-535af000 rw-p 00000000 00:00 0 
535af000-535b2000 ---p 00000000 00:00 0 
535b2000-53600000 rw-p 00000000 00:00 0 
53600000-536da000 rw-p 00000000 00:00 0 
536da000-53700000 ---p 00000000 00:00 0 
53700000-53800000 rw-p 00000000 00:00 0 
5380d000-53810000 ---p 00000000 00:00 0 
53810000-5385e000 rw-p 00000000 00:00 0 
5385e000-53861000 ---p 00000000 00:00 0 
53861000-538af000 rw-p 00000000 00:00 0 
538af000-538b2000 ---p 00000000 00:00 0 
538b2000-53900000 rw-p 00000000 00:00 0 
53900000-539fe000 rw-p 00000000 00:00 0 
539fe000-53a00000 ---p 00000000 00:00 0 
53a00000-53aff000 rw-p 00000000 00:00 0 
53aff000-53b00000 ---p 00000000 00:00 0 
53b06000-53b09000 ---p 00000000 00:00 0 
53b09000-53b57000 rw-p 00000000 00:00 0 
53b57000-53b5a000 ---p 00000000 00:00 0 
53b5a000-53ba8000 rw-p 00000000 00:00 0 
53ba8000-53bab000 ---p 00000000 00:00 0 
53bab000-53bf9000 rw-p 00000000 00:00 0 
53bf9000-53bfe000 r--s 0004a000 08:01 187800     /home/sniporbob/.m2/repository/org/ow2/asm/asm-debug-all/4.0/asm-debug-all-4.0.jar
53bfe000-53c00000 r--s 00003000 08:01 187797     /home/sniporbob/.m2/repository/org/eclipse/tycho/tycho-artifactcomparator/0.19.0/tycho-artifactcomparator-0.19.0.jar
53c00000-53cff000 rw-p 00000000 00:00 0 
53cff000-53d00000 ---p 00000000 00:00 0 
53d0d000-53d10000 ---p 00000000 00:00 0 
53d10000-53d5e000 rw-p 00000000 00:00 0 
53d5e000-53d61000 ---p 00000000 00:00 0 
53d61000-53daf000 rw-p 00000000 00:00 0 
53daf000-53db2000 ---p 00000000 00:00 0 
53db2000-53e00000 rw-p 00000000 00:00 0 
53e00000-53f00000 rw-p 00000000 00:00 0 
53f1e000-53f20000 rw-p 00000000 00:00 0 
53f20000-53f24000 r--s 0002d000 08:01 316967     /usr/lib/jvm/jdk1.7.0_67/jre/lib/ext/sunjce_provider.jar
53f24000-53f25000 r--s 00003000 08:01 316966     /usr/lib/jvm/jdk1.7.0_67/jre/lib/ext/sunec.jar
53f25000-53f28000 r--s 00037000 08:01 316962     /usr/lib/jvm/jdk1.7.0_67/jre/lib/ext/sunpkcs11.jar
53f28000-53f29000 r--s 00002000 08:01 188056     /home/sniporbob/.m2/repository/org/eclipse/tycho/tycho-p2-repository-plugin/0.19.0/tycho-p2-repository-plugin-0.19.0.jar
53f29000-53f2b000 r--s 005ea000 08:01 188047     /home/sniporbob/.m2/repository/org/eclipse/tycho/tycho-standalone-p2-director/0.19.0/tycho-standalone-p2-director-0.19.0.zip
53f2b000-53f2d000 r--s 00005000 08:01 188038     /home/sniporbob/.m2/repository/org/eclipse/tycho/tycho-p2-director-plugin/0.19.0/tycho-p2-director-plugin-0.19.0.jar
53f2d000-53f2f000 r--s 00004000 08:01 188029     /home/sniporbob/.m2/repository/org/apache/maven/maven-archiver/2.5/maven-archiver-2.5.jar
53f2f000-53f32000 r--s 00018000 08:01 187707     /home/sniporbob/.m2/repository/org/eclipse/tycho/tycho-packaging-plugin/0.19.0/tycho-packaging-plugin-0.19.0.jar
53f32000-53f34000 r--s 00004000 08:01 187993     /home/sniporbob/.m2/repository/org/eclipse/tycho/tycho-p2-publisher-plugin/0.19.0/tycho-p2-publisher-plugin-0.19.0.jar
53f34000-53f39000 r--s 00023000 08:01 187909     /home/sniporbob/.m2/repository/org/apache/maven/surefire/surefire-api/2.10/surefire-api-2.10.jar
53f39000-53f3b000 r--s 0000b000 08:01 187904     /home/sniporbob/.m2/repository/org/eclipse/tycho/org.eclipse.tycho.surefire.junit47/0.19.0/org.eclipse.tycho.surefire.junit47-0.19.0.jar
53f3b000-53f3c000 r--s 00007000 08:01 187903     /home/sniporbob/.m2/repository/org/eclipse/tycho/org.eclipse.tycho.surefire.junit4/0.19.0/org.eclipse.tycho.surefire.junit4-0.19.0.jar
53f3c000-53f3e000 r--s 00005000 08:01 187902     /home/sniporbob/.m2/repository/org/eclipse/tycho/org.eclipse.tycho.surefire.junit/0.19.0/org.eclipse.tycho.surefire.junit-0.19.0.jar
53f3e000-53f40000 r--s 0002c000 08:01 187901     /home/sniporbob/.m2/repository/org/eclipse/tycho/org.eclipse.tycho.surefire.osgibooter/0.19.0/org.eclipse.tycho.surefire.osgibooter-0.19.0.jar
53f40000-53f42000 r--s 00009000 08:01 187847     /home/sniporbob/.m2/repository/org/eclipse/tycho/tycho-surefire-plugin/0.19.0/tycho-surefire-plugin-0.19.0.jar
53f42000-53f43000 r--s 00006000 08:01 187796     /home/sniporbob/.m2/repository/org/eclipse/tycho/sisu-equinox-launching/0.19.0/sisu-equinox-launching-0.19.0.jar
53f43000-53f44000 r--s 00005000 08:01 187759     /home/sniporbob/.m2/repository/org/eclipse/tycho/tycho-p2-plugin/0.19.0/tycho-p2-plugin-0.19.0.jar
53f44000-53f4e000 r--s 00251000 08:01 181067     /usr/lib/jvm/jdk1.7.0_67/jre/lib/resources.jar
53f4e000-53f4f000 r--s 00001000 08:01 187635     /home/sniporbob/.m2/repository/org/eclipse/tycho/tycho-bundles-external/0.19.0/eclipse/plugins/org.eclipse.core.runtime.compatibility.registry_3.5.200.v20130514-1256/runtime_registry_compatibility.jar
53f4f000-53f51000 r--s 00007000 08:01 187664     /home/sniporbob/.m2/repository/org/eclipse/tycho/org.eclipse.tycho.p2.tools.impl/0.19.0/org.eclipse.tycho.p2.tools.impl-0.19.0.jar
53f51000-53f56000 r--s 0001d000 08:01 187658     /home/sniporbob/.m2/repository/org/eclipse/tycho/org.eclipse.tycho.p2.maven.repository/0.19.0/org.eclipse.tycho.p2.maven.repository-0.19.0.jar
53f56000-53f5a000 r--s 00029000 08:01 187652     /home/sniporbob/.m2/repository/org/eclipse/tycho/org.eclipse.tycho.p2.resolver.impl/0.19.0/org.eclipse.tycho.p2.resolver.impl-0.19.0.jar
53f5a000-53f5c000 r--s 0000f000 08:01 187626     /home/sniporbob/.m2/repository/org/eclipse/tycho/tycho-bundles-external/0.19.0/eclipse/plugins/org.apache.commons.logging_1.1.1.v201101211721.jar
53f5c000-53f60000 r--s 0001c000 08:01 187642     /home/sniporbob/.m2/repository/org/eclipse/tycho/tycho-bundles-external/0.19.0/eclipse/plugins/org.eclipse.ecf.provider.filetransfer_3.2.0.v20130604-1622.jar
53f60000-53f66000 r--s 00053000 08:01 187588     /home/sniporbob/.m2/repository/org/eclipse/tycho/tycho-bundles-external/0.19.0/eclipse/plugins/org.sat4j.core_2.3.5.v201308161310.jar
53f66000-53f69000 r--s 00013000 08:01 187645     /home/sniporbob/.m2/repository/org/eclipse/tycho/tycho-bundles-external/0.19.0/eclipse/plugins/org.eclipse.equinox.app_1.3.100.v20130327-1442.jar
53f69000-53f6b000 r--s 00010000 08:01 187621     /home/sniporbob/.m2/repository/org/eclipse/tycho/tycho-bundles-external/0.19.0/eclipse/plugins/org.eclipse.core.net_1.2.200.v20130430-1352.jar
53f6b000-53f6e000 r--s 0000e000 08:01 187608     /home/sniporbob/.m2/repository/org/eclipse/tycho/tycho-bundles-external/0.19.0/eclipse/plugins/org.eclipse.equinox.p2.jarprocessor_1.0.300.v20130327-2119.jar
53f6e000-53f71000 r--s 0000a000 08:01 187637     /home/sniporbob/.m2/repository/org/eclipse/tycho/tycho-bundles-external/0.19.0/eclipse/plugins/org.eclipse.ecf.filetransfer_5.0.0.v20130604-1622.jar
53f71000-53f73000 r--s 00015000 08:01 187598     /home/sniporbob/.m2/repository/org/eclipse/tycho/tycho-bundles-external/0.19.0/eclipse/plugins/org.eclipse.equinox.p2.updatesite_1.0.400.v20130515-2028.jar
53f73000-53f74000 r--s 00002000 08:01 187641     /home/sniporbob/.m2/repository/org/eclipse/tycho/tycho-bundles-external/0.19.0/eclipse/plugins/org.eclipse.ecf.provider.filetransfer.ssl_1.0.0.v20130604-1622.jar
53f74000-53f77000 r--s 00018000 08:01 187595     /home/sniporbob/.m2/repository/org/eclipse/tycho/tycho-bundles-external/0.19.0/eclipse/plugins/org.eclipse.equinox.security_1.2.0.v20130424-1801.jar
53f77000-53f79000 r--s 00005000 08:01 187647     /home/sniporbob/.m2/repository/org/eclipse/tycho/tycho-bundles-external/0.19.0/eclipse/plugins/org.eclipse.equinox.concurrent_1.1.0.v20130327-1442.jar
53f79000-53f7c000 r--s 00017000 08:01 187611     /home/sniporbob/.m2/repository/org/eclipse/tycho/tycho-bundles-external/0.19.0/eclipse/plugins/org.eclipse.equinox.p2.director_2.3.0.v20130526-0335.jar
53f7c000-53f7d000 r--s 0000c000 08:01 187600     /home/sniporbob/.m2/repository/org/eclipse/tycho/tycho-bundles-external/0.19.0/eclipse/plugins/org.eclipse.equinox.p2.touchpoint.natives_1.1.100.v20130327-2119.jar
53f7d000-53f80000 r--s 00012000 08:01 187591     /home/sniporbob/.m2/repository/org/eclipse/tycho/tycho-bundles-external/0.19.0/eclipse/plugins/org.eclipse.osgi.services_3.3.100.v20130513-1956.jar
53f80000-53f82000 r--s 00009000 08:01 187599     /home/sniporbob/.m2/repository/org/eclipse/tycho/tycho-bundles-external/0.19.0/eclipse/plugins/org.eclipse.equinox.p2.transport.ecf_1.1.0.v20130516-1858.jar
53f82000-53f85000 r--s 00014000 08:01 187644     /home/sniporbob/.m2/repository/org/eclipse/tycho/tycho-bundles-external/0.19.0/eclipse/plugins/org.eclipse.ecf_3.2.0.v20130604-1622.jar
53f85000-53f87000 r--s 00015000 08:01 187623     /home/sniporbob/.m2/repository/org/eclipse/tycho/tycho-bundles-external/0.19.0/eclipse/plugins/org.eclipse.core.contenttype_3.4.200.v20130326-1255.jar
53f87000-53f8a000 r--s 0001d000 08:01 187601     /home/sniporbob/.m2/repository/org/eclipse/tycho/tycho-bundles-external/0.19.0/eclipse/plugins/org.eclipse.equinox.p2.touchpoint.eclipse_2.1.200.v20130327-2119.jar
53f8a000-53f8d000 r--s 00010000 08:01 187631     /home/sniporbob/.m2/repository/org/eclipse/tycho/tycho-bundles-external/0.19.0/eclipse/plugins/org.apache.commons.codec_1.4.0.v201209201156.jar
53f8d000-53f92000 r--s 00037000 08:01 187587     /home/sniporbob/.m2/repository/org/eclipse/tycho/tycho-bundles-external/0.19.0/eclipse/plugins/org.sat4j.pb_2.3.5.v201308161310.jar
53f92000-53f93000 r--s 00003000 08:01 187639     /home/sniporbob/.m2/repository/org/eclipse/tycho/tycho-bundles-external/0.19.0/eclipse/plugins/org.eclipse.ecf.provider.filetransfer.httpclient4.ssl_1.0.0.v20130604-1622.jar
53f93000-53f97000 r--s 0001c000 08:01 187597     /home/sniporbob/.m2/repository/org/eclipse/tycho/tycho-bundles-external/0.19.0/eclipse/plugins/org.eclipse.equinox.preferences_3.5.100.v20130422-1538.jar
53f97000-53f9a000 r--s 00030000 08:01 187605     /home/sniporbob/.m2/repository/org/eclipse/tycho/tycho-bundles-external/0.19.0/eclipse/plugins/org.eclipse.equinox.p2.publisher.eclipse_1.1.200.v20130516-1953.jar
53f9a000-53fa1000 r--s 0004c000 08:01 187606     /home/sniporbob/.m2/repository/org/eclipse/tycho/tycho-bundles-external/0.19.0/eclipse/plugins/org.eclipse.equinox.p2.metadata_2.2.0.v20130523-1557.jar
53fa1000-53fa5000 r--s 0002d000 08:01 187610     /home/sniporbob/.m2/repository/org/eclipse/tycho/tycho-bundles-external/0.19.0/eclipse/plugins/org.eclipse.equinox.p2.engine_2.3.0.v20130526-2122.jar
53fa5000-53faf000 r--s 00074000 08:01 187625     /home/sniporbob/.m2/repository/org/eclipse/tycho/tycho-bundles-external/0.19.0/eclipse/plugins/org.apache.httpcomponents.httpclient_4.1.3.v201209201135.jar
53faf000-53fb2000 ---p 00000000 00:00 0 
53fb2000-54000000 rw-p 00000000 00:00 0 
54000000-540ff000 rw-p 00000000 00:00 0 
540ff000-54100000 ---p 00000000 00:00 0 
54100000-541fb000 rw-p 00000000 00:00 0 
541fb000-54200000 ---p 00000000 00:00 0 
54200000-54300000 rw-p 00000000 00:00 0 
54300000-54304000 r--s 0001c000 08:01 187602     /home/sniporbob/.m2/repository/org/eclipse/tycho/tycho-bundles-external/0.19.0/eclipse/plugins/org.eclipse.equinox.p2.repository_2.3.0.v20130412-2032.jar
54304000-54306000 r--s 00015000 08:01 187622     /home/sniporbob/.m2/repository/org/eclipse/tycho/tycho-bundles-external/0.19.0/eclipse/plugins/org.eclipse.core.jobs_3.5.300.v20130429-1813.jar
54306000-54309000 r--s 0002d000 08:01 187648     /home/sniporbob/.m2/repository/org/eclipse/tycho/tycho-bundles-external/0.19.0/eclipse/plugins/org.eclipse.equinox.ds_1.4.101.v20130813-1853.jar
54309000-5430b000 r--s 0000e000 08:01 187649     /home/sniporbob/.m2/repository/org/eclipse/tycho/tycho-bundles-external/0.19.0/eclipse/plugins/org.eclipse.equinox.frameworkadmin.equinox_1.0.500.v20130327-2119.jar
5430b000-5430d000 r--s 00005000 08:01 187594     /home/sniporbob/.m2/repository/org/eclipse/tycho/tycho-bundles-external/0.19.0/eclipse/plugins/org.eclipse.equinox.simpleconfigurator.manipulator_2.0.0.v20130327-2119.jar
5430d000-54310000 ---p 00000000 00:00 0 
54310000-5435e000 rw-p 00000000 00:00 0 
5435e000-54361000 ---p 00000000 00:00 0 
54361000-543af000 rw-p 00000000 00:00 0 
543af000-543b2000 ---p 00000000 00:00 0 
543b2000-54400000 rw-p 00000000 00:00 0 
54400000-54500000 rw-p 00000000 00:00 0 
54500000-54600000 rw-p 00000000 00:00 0 
54600000-54601000 r--s 00008000 08:01 187616     /home/sniporbob/.m2/repository/org/eclipse/tycho/tycho-bundles-external/0.19.0/eclipse/plugins/org.eclipse.equinox.frameworkadmin_2.0.100.v20130327-2119.jar
54601000-54604000 r--s 0002a000 08:01 187596     /home/sniporbob/.m2/repository/org/eclipse/tycho/tycho-bundles-external/0.19.0/eclipse/plugins/org.eclipse.equinox.registry_3.5.301.v20130717-1549.jar
54604000-54606000 r--s 00010000 08:01 187636     /home/sniporbob/.m2/repository/org/eclipse/tycho/tycho-bundles-external/0.19.0/eclipse/plugins/org.eclipse.core.runtime_3.9.0.v20130326-1255.jar
54606000-54608000 r--s 0000c000 08:01 187638     /home/sniporbob/.m2/repository/org/eclipse/tycho/tycho-bundles-external/0.19.0/eclipse/plugins/org.eclipse.ecf.identity_3.2.0.v20130604-1622.jar
54608000-54609000 r--s 00003000 08:01 187643     /home/sniporbob/.m2/repository/org/eclipse/tycho/tycho-bundles-external/0.19.0/eclipse/plugins/org.eclipse.ecf.ssl_1.1.0.v20130604-1622.jar
54609000-5460c000 r--s 00018000 08:01 187604     /home/sniporbob/.m2/repository/org/eclipse/tycho/tycho-bundles-external/0.19.0/eclipse/plugins/org.eclipse.equinox.p2.publisher_1.3.0.v20130509-0110.jar
5460c000-5460f000 r--s 00011000 08:01 187592     /home/sniporbob/.m2/repository/org/eclipse/tycho/tycho-bundles-external/0.19.0/eclipse/plugins/org.eclipse.equinox.util_1.0.500.v20130404-1337.jar
5460f000-54611000 r--s 0000a000 08:01 187612     /home/sniporbob/.m2/repository/org/eclipse/tycho/tycho-bundles-external/0.19.0/eclipse/plugins/org.eclipse.equinox.p2.director.app_1.0.300.v20130819-1621.jar
54611000-54615000 r--s 00035000 08:01 187603     /home/sniporbob/.m2/repository/org/eclipse/tycho/tycho-bundles-external/0.19.0/eclipse/plugins/org.eclipse.equinox.p2.repository.tools_2.1.0.v20130327-2119.jar
54615000-54618000 r--s 00018000 08:01 187646     /home/sniporbob/.m2/repository/org/eclipse/tycho/tycho-bundles-external/0.19.0/eclipse/plugins/org.eclipse.equinox.common_3.6.200.v20130402-1505.jar
54618000-5461a000 r--s 0000b000 08:01 187615     /home/sniporbob/.m2/repository/org/eclipse/tycho/tycho-bundles-external/0.19.0/eclipse/plugins/org.eclipse.equinox.launcher_1.3.0.v20130327-1440.jar
5461a000-5461c000 r--s 00000000 08:01 187589     /home/sniporbob/.m2/repository/org/eclipse/tycho/tycho-bundles-external/0.19.0/eclipse/plugins/org.eclipse.tycho.noopsecurity_0.19.0.jar
5461c000-5461e000 r--s 00005000 08:01 187609     /home/sniporbob/.m2/repository/org/eclipse/tycho/tycho-bundles-external/0.19.0/eclipse/plugins/org.eclipse.equinox.p2.garbagecollector_1.0.200.v20130327-2119.jar
5461e000-54622000 r--s 0001e000 08:01 187614     /home/sniporbob/.m2/repository/org/eclipse/tycho/tycho-bundles-external/0.19.0/eclipse/plugins/org.eclipse.equinox.p2.artifact.repository_1.1.200.v20130515-2028.jar
54622000-54623000 r--s 00009000 08:01 187593     /home/sniporbob/.m2/repository/org/eclipse/tycho/tycho-bundles-external/0.19.0/eclipse/plugins/org.eclipse.equinox.simpleconfigurator_1.0.400.v20130327-2119.jar
54623000-54626000 r--s 0000f000 08:01 187640     /home/sniporbob/.m2/repository/org/eclipse/tycho/tycho-bundles-external/0.19.0/eclipse/plugins/org.eclipse.ecf.provider.filetransfer.httpclient4_1.0.300.v20130604-1622.jar
54626000-5462b000 r--s 0002e000 08:01 187624     /home/sniporbob/.m2/repository/org/eclipse/tycho/tycho-bundles-external/0.19.0/eclipse/plugins/org.apache.httpcomponents.httpcore_4.1.4.v201203221030.jar
5462b000-5462e000 r--s 00019000 08:01 187607     /home/sniporbob/.m2/repository/org/eclipse/tycho/tycho-bundles-external/0.19.0/eclipse/plugins/org.eclipse.equinox.p2.metadata.repository_1.2.100.v20130327-2119.jar
5462e000-54631000 r--s 0000f000 08:01 187613     /home/sniporbob/.m2/repository/org/eclipse/tycho/tycho-bundles-external/0.19.0/eclipse/plugins/org.eclipse.equinox.p2.core_2.3.0.v20130327-2119.jar
54631000-54633000 r--s 00019000 08:01 181063     /usr/lib/jvm/jdk1.7.0_67/jre/lib/jce.jar
54633000-54635000 r--s 00003000 08:01 187518     /home/sniporbob/.m2/repository/org/eclipse/tycho/org.eclipse.tycho.p2.tools.shared/0.19.0/org.eclipse.tycho.p2.tools.shared-0.19.0.jar
54635000-54637000 r--s 00005000 08:01 187517     /home/sniporbob/.m2/repository/org/eclipse/tycho/org.eclipse.tycho.p2.resolver.shared/0.19.0/org.eclipse.tycho.p2.resolver.shared-0.19.0.jar
54637000-54639000 r--s 00000000 08:01 187536     /home/sniporbob/.m2/repository/org/codehaus/plexus/plexus-component-annotations/1.5.5/plexus-component-annotations-1.5.5.jar
54639000-5463b000 r--s 00007000 08:01 187513     /home/sniporbob/.m2/repository/org/eclipse/tycho/tycho-p2-facade/0.19.0/tycho-p2-facade-0.19.0.jar
5463b000-5463d000 r--s 00006000 08:01 187511     /home/sniporbob/.m2/repository/org/eclipse/tycho/org.eclipse.tycho.core.shared/0.19.0/org.eclipse.tycho.core.shared-0.19.0.jar
5463d000-5463e000 r--s 00001000 08:01 187509     /home/sniporbob/.m2/repository/org/eclipse/tycho/org.eclipse.tycho.embedder.shared/0.19.0/org.eclipse.tycho.embedder.shared-0.19.0.jar
5463e000-5463f000 r--s 00001000 08:01 187506     /home/sniporbob/.m2/repository/org/eclipse/tycho/tycho-embedder-api/0.19.0/tycho-embedder-api-0.19.0.jar
5463f000-54642000 r--s 00019000 08:01 187508     /home/sniporbob/.m2/repository/de/pdark/decentxml/1.3/decentxml-1.3.jar
54642000-54644000 r--s 00006000 08:01 187502     /home/sniporbob/.m2/repository/org/eclipse/tycho/tycho-metadata-model/0.19.0/tycho-metadata-model-0.19.0.jar
54644000-54645000 r--s 00000000 08:01 187501     /home/sniporbob/.m2/repository/org/eclipse/tycho/sisu-equinox-api/0.19.0/sisu-equinox-api-0.19.0.jar
54645000-54647000 r--s 00002000 08:01 187500     /home/sniporbob/.m2/repository/org/eclipse/tycho/sisu-equinox-embedder/0.19.0/sisu-equinox-embedder-0.19.0.jar
54647000-5465b000 r--s 00140000 08:01 187498     /home/sniporbob/.m2/repository/org/eclipse/tycho/org.eclipse.osgi/3.9.1.v20130814-1242/org.eclipse.osgi-3.9.1.v20130814-1242.jar
5465b000-5465e000 r--s 0000c000 08:01 187534     /home/sniporbob/.m2/repository/org/codehaus/plexus/plexus-io/2.0.5/plexus-io-2.0.5.jar
5465e000-54663000 r--s 00029000 08:01 187533     /home/sniporbob/.m2/repository/org/codehaus/plexus/plexus-archiver/2.2/plexus-archiver-2.2.jar
54663000-54667000 r--s 00035000 08:01 187531     /home/sniporbob/.m2/repository/org/codehaus/plexus/plexus-utils/3.0.7/plexus-utils-3.0.7.jar
54667000-54669000 r--s 00002000 08:01 187528     /home/sniporbob/.m2/repository/org/sonatype/plexus/plexus-cipher/1.7/plexus-cipher-1.7.jar
54669000-5466a000 r--s 00006000 08:01 187524     /home/sniporbob/.m2/repository/org/sonatype/plexus/plexus-sec-dispatcher/1.3/plexus-sec-dispatcher-1.3.jar
5466a000-5466c000 r--s 0000d000 08:01 187523     /home/sniporbob/.m2/repository/org/codehaus/plexus/plexus-interpolation/1.14/plexus-interpolation-1.14.jar
5466c000-54677000 r--s 00069000 08:01 187526     /home/sniporbob/.m2/repository/org/sonatype/sisu/sisu-guice/2.1.7/sisu-guice-2.1.7-noaop.jar
54677000-5467c000 r--s 00021000 08:01 187525     /home/sniporbob/.m2/repository/org/sonatype/sisu/sisu-inject-bean/1.4.2/sisu-inject-bean-1.4.2.jar
5467c000-54680000 r--s 00017000 08:01 187522     /home/sniporbob/.m2/repository/org/sonatype/aether/aether-util/1.7/aether-util-1.7.jar
54680000-54684000 r--s 00028000 08:01 187496     /home/sniporbob/.m2/repository/org/eclipse/tycho/tycho-core/0.19.0/tycho-core-0.19.0.jar
54684000-54686000 r--s 00000000 08:01 187497     /home/sniporbob/.m2/repository/org/eclipse/tycho/tycho-maven-plugin/0.19.0/tycho-maven-plugin-0.19.0.jar
54686000-54688000 r--s 00026000 08:01 186969     /home/sniporbob/.m2/repository/org/codehaus/plexus/plexus-utils/1.0.4/plexus-utils-1.0.4.jar
54688000-5468a000 r--s 00008000 08:01 186966     /home/sniporbob/.m2/repository/commons-logging/commons-logging/1.0.4/commons-logging-1.0.4.jar
5468a000-5468d000 r--s 00023000 08:01 186958     /home/sniporbob/.m2/repository/jdom/jdom/1.0/jdom-1.0.jar
5468d000-54692000 r--s 00033000 08:01 186949     /home/sniporbob/.m2/repository/commons-httpclient/commons-httpclient/2.0.2/commons-httpclient-2.0.2.jar
54692000-54696000 r--s 00027000 08:01 186952     /home/sniporbob/.m2/repository/slide/slide-webdavlib/2.1/slide-webdavlib-2.1.jar
54696000-54699000 ---p 00000000 00:00 0 
54699000-546af000 rw-p 00000000 00:00 0 
546af000-546b2000 ---p 00000000 00:00 0 
546b2000-54700000 rw-p 00000000 00:00 0 
54700000-547ff000 rw-p 00000000 00:00 0 
547ff000-54800000 ---p 00000000 00:00 0 
54800000-54801000 r--s 00005000 08:01 186960     /home/sniporbob/.m2/repository/de/zeigermann/xml/xml-im-exporter/1.1/xml-im-exporter-1.1.jar
54801000-54803000 r--s 00003000 08:01 186943     /home/sniporbob/.m2/repository/org/apache/maven/wagon/wagon-webdav/1.0-beta-2/wagon-webdav-1.0-beta-2.jar
54803000-5480e000 r--s 0037c000 08:01 181069     /usr/lib/jvm/jdk1.7.0_67/jre/lib/charsets.jar
5480e000-54812000 r--s 0008a000 08:01 181058     /usr/lib/jvm/jdk1.7.0_67/jre/lib/jsse.jar
54812000-54815000 r--s 00013000 08:01 35338      /usr/share/maven-repo/org/sonatype/aether/aether-api/1.13.1/aether-api-1.13.1.jar
54815000-54816000 r--s 00006000 08:01 34196      /usr/share/maven-repo/org/sonatype/plexus/plexus-sec-dispatcher/1.3.1/plexus-sec-dispatcher-1.3.1.jar
54816000-54818000 r--s 00008000 08:01 421642     /usr/share/maven/lib/maven-embedder-3.0.4.jar
54818000-5481c000 r--s 0001c000 08:01 35321      /usr/share/maven-repo/org/sonatype/aether/aether-util/1.13.1/aether-util-1.13.1.jar
5481c000-5481d000 r--s 00001000 08:01 34815      /usr/share/java/wagon-http.jar
5481d000-54823000 r--s 0002c000 08:01 35267      /usr/share/java/sisu-inject-plexus.jar
54823000-54825000 r--s 00002000 08:01 34053      /usr/share/maven-repo/org/sonatype/plexus/plexus-cipher/1.5/plexus-cipher-1.5.jar
54825000-5482c000 r--s 00040000 08:01 35259      /usr/share/java/sisu-inject-bean.jar
5482c000-5482e000 r--s 00006000 08:01 35356      /usr/share/maven-repo/org/sonatype/aether/aether-connector-wagon/1.13.1/aether-connector-wagon-1.13.1.jar
5482e000-54834000 r--s 00045000 08:01 34358      /usr/share/java/commons-httpclient-3.1.jar
54834000-54840000 r--s 0007c000 08:01 421640     /usr/share/maven/lib/maven-core-3.0.4.jar
54840000-54844000 r--s 00033000 08:01 35021      /usr/share/java/plexus-utils2-2.0.5.jar
54844000-5484a000 r--s 0003e000 08:01 421638     /usr/share/maven/lib/maven-compat-3.0.4.jar
5484a000-5484c000 r--s 00007000 08:01 26777      /usr/share/java/commons-cli-1.2.jar
5484c000-54850000 r--s 00020000 08:01 421644     /usr/share/maven/lib/maven-model-builder-3.0.4.jar
54850000-5485c000 r--s 00082000 08:01 35101      /usr/share/maven-repo/org/sonatype/sisu/sisu-guice/3.1.0/sisu-guice-3.1.0.jar
5485c000-5485d000 ---p 00000000 00:00 0 
5485d000-548dd000 rw-p 00000000 00:00 0 
548dd000-548e0000 ---p 00000000 00:00 0 
548e0000-5492e000 rw-p 00000000 00:00 0 
5492e000-54931000 ---p 00000000 00:00 0 
54931000-549af000 rw-p 00000000 00:00 0 
549af000-549b2000 ---p 00000000 00:00 0 
549b2000-54a00000 rw-p 00000000 00:00 0 
54a00000-54c00000 r--p 00000000 08:01 140016     /usr/lib/locale/locale-archive
54c00000-54c96000 rw-p 00000000 00:00 0 
54c96000-54d00000 ---p 00000000 00:00 0 
54d00000-54d01000 r--s 00001000 08:01 34811      /usr/share/java/wagon-file.jar
54d01000-54d03000 r--s 0000a000 08:01 34809      /usr/share/java/wagon-provider-api.jar
54d03000-54d05000 r--s 00000000 08:01 35024      /usr/share/java/plexus-component-annotations-1.5-1.5.5.jar
54d05000-54d07000 r--s 0000b000 08:01 406913     /usr/share/maven-repo/org/codehaus/plexus/plexus-interpolation/1.11/plexus-interpolation-1.11.jar
54d07000-54d09000 r--s 00009000 08:01 421654     /usr/share/maven/lib/maven-settings-3.0.4.jar
54d09000-54d20000 r--s 000de000 08:01 35067      /usr/share/java/guava-r09.jar
54d20000-54d23000 ---p 00000000 00:00 0 
54d23000-54d71000 rw-p 00000000 00:00 0 
54d71000-54d74000 ---p 00000000 00:00 0 
54d74000-54dc2000 rw-p 00000000 00:00 0 
54dc2000-54dc3000 ---p 00000000 00:00 0 
54dc3000-54e8e000 rw-p 00000000 00:00 0 
54e8e000-5504d000 r--s 039e5000 08:01 180825     /usr/lib/jvm/jdk1.7.0_67/jre/lib/rt.jar
5504d000-55129000 rw-p 00000000 00:00 0 
55129000-551a9000 rw-p 00000000 00:00 0 
551a9000-55254000 rw-p 00000000 00:00 0 
55254000-552ff000 rw-p 00000000 00:00 0 
552ff000-55355000 rw-p 00000000 00:00 0 
55355000-553a9000 rw-p 00000000 00:00 0 
553a9000-55455000 rw-p 00000000 00:00 0 
55455000-554ff000 rw-p 00000000 00:00 0 
554ff000-5557f000 rw-p 00000000 00:00 0 
5557f000-555ff000 rw-p 00000000 00:00 0 
555ff000-600a0000 rw-p 00000000 00:00 0 
600a0000-6ab50000 rw-p 00000000 00:00 0 
6ab50000-800b0000 rw-p 00000000 00:00 0 
800b0000-95600000 rw-p 00000000 00:00 0 
95600000-a5600000 rw-p 00000000 00:00 0 
a5600000-b5600000 rw-p 00000000 00:00 0 
b5600000-b5ee8000 rwxp 00000000 00:00 0 
b5ee8000-b7700000 rw-p 00000000 00:00 0 
b7700000-b7701000 r--p 00000000 00:00 0 
b7701000-b7704000 r--s 0001d000 08:01 35350      /usr/share/maven-repo/org/sonatype/aether/aether-impl/1.13.1/aether-impl-1.13.1.jar
b7704000-b7706000 r--s 00007000 08:01 421652     /usr/share/maven/lib/maven-settings-builder-3.0.4.jar
b7706000-b7708000 r--s 00005000 08:01 421650     /usr/share/maven/lib/maven-repository-metadata-3.0.4.jar
b7708000-b770a000 r--s 00003000 08:01 26779      /usr/share/java/jsr305-0.1~+svn49.jar
b770a000-b770b000 r--s 00003000 08:01 35333      /usr/share/maven-repo/org/sonatype/aether/aether-spi/1.13.1/aether-spi-1.13.1.jar
b770b000-b770d000 r--s 0000a000 08:01 421636     /usr/share/maven/lib/maven-artifact-3.0.4.jar
b770d000-b7710000 r--s 00011000 08:01 26804      /usr/share/java/commons-codec-1.5.jar
b7710000-b7712000 r--s 00025000 08:01 421646     /usr/share/maven/lib/maven-model-3.0.4.jar
b7712000-b7714000 r--s 0000b000 08:01 421634     /usr/share/maven/lib/maven-aether-provider-3.0.4.jar
b7714000-b7716000 r--s 0000c000 08:01 26641      /usr/share/java/commons-logging-1.1.1.jar
b7716000-b773a000 rw-p 00000000 00:00 0 
b773a000-b7796000 rw-p 00000000 00:00 0 
b7796000-b7799000 ---p 00000000 00:00 0 
b7799000-b77e9000 rw-p 00000000 00:00 0 
b77e9000-b77ea000 r--s 00004000 08:01 34813      /usr/share/java/wagon-http-shared.jar
b77ea000-b77ec000 r--s 00009000 08:01 421648     /usr/share/maven/lib/maven-plugin-api-3.0.4.jar
b77ec000-b77ee000 r--s 0000a000 08:01 26757      /usr/share/java/plexus-classworlds2-2.4.jar
b77ee000-b77ef000 r--p 005e0000 08:01 140016     /usr/lib/locale/locale-archive
b77ef000-b77f7000 rw-s 00000000 08:01 524302     /tmp/hsperfdata_sniporbob/2322
b77f7000-b77f8000 rw-p 00000000 00:00 0 
b77f8000-b77f9000 ---p 00000000 00:00 0 
b77f9000-b77fb000 rw-p 00000000 00:00 0 
bfac4000-bfac5000 rwxp 00000000 00:00 0 
bfaf7000-bfb18000 rw-p 00000000 00:00 0          [stack]

VM Arguments:
jvm_args: -Xms512m -Xmx1024m -XX:PermSize=256m -XX:MaxPermSize=512m -Dclassworlds.conf=/usr/share/maven/bin/m2.conf -Dmaven.home=/usr/share/maven 
java_command: org.codehaus.plexus.classworlds.launcher.Launcher clean install -DskipTests
Launcher Type: SUN_STANDARD

Environment Variables:
JAVA_HOME=/usr/lib/jvm/jdk1.7.0_67
PATH=/usr/lib/lightdm/lightdm:/usr/local/sbin:/usr/local/bin:/usr/sbin:/usr/bin:/sbin:/bin:/usr/games
SHELL=/bin/bash
DISPLAY=:0

Signal Handlers:
SIGSEGV: [libjvm.so+0x50e2d0], sa_mask[0]=0x7ffbfeff, sa_flags=0x10000004
SIGBUS: [libjvm.so+0x50e2d0], sa_mask[0]=0x7ffbfeff, sa_flags=0x10000004
SIGFPE: [libjvm.so+0x404e80], sa_mask[0]=0x7ffbfeff, sa_flags=0x10000004
SIGPIPE: [libjvm.so+0x404e80], sa_mask[0]=0x7ffbfeff, sa_flags=0x10000004
SIGXFSZ: [libjvm.so+0x404e80], sa_mask[0]=0x7ffbfeff, sa_flags=0x10000004
SIGILL: [libjvm.so+0x404e80], sa_mask[0]=0x7ffbfeff, sa_flags=0x10000004
SIGUSR1: SIG_DFL, sa_mask[0]=0x00000000, sa_flags=0x00000000
SIGUSR2: [libjvm.so+0x406680], sa_mask[0]=0x00000000, sa_flags=0x10000004
SIGHUP: [libjvm.so+0x407980], sa_mask[0]=0x7ffbfeff, sa_flags=0x10000004
SIGINT: [libjvm.so+0x407980], sa_mask[0]=0x7ffbfeff, sa_flags=0x10000004
SIGTERM: [libjvm.so+0x407980], sa_mask[0]=0x7ffbfeff, sa_flags=0x10000004
SIGQUIT: [libjvm.so+0x407980], sa_mask[0]=0x7ffbfeff, sa_flags=0x10000004


---------------  S Y S T E M  ---------------

OS:wheezy/sid

uname:Linux 3.2.0-67-generic-pae #101-Ubuntu SMP Tue Jul 15 18:04:54 UTC 2014 i686
libc:glibc 2.15 NPTL 2.15 
rlimit: STACK 8192k, CORE 0k, NPROC 7895, NOFILE 4096, AS infinity
load average:0.51 0.71 0.94

/proc/meminfo:
MemTotal:        1025236 kB
MemFree:           70100 kB
Buffers:           64756 kB
Cached:           290132 kB
SwapCached:            0 kB
Active:           725872 kB
Inactive:         176876 kB
Active(anon):     548608 kB
Inactive(anon):     3344 kB
Active(file):     177264 kB
Inactive(file):   173532 kB
Unevictable:           0 kB
Mlocked:               0 kB
HighTotal:        135112 kB
HighFree:           1776 kB
LowTotal:         890124 kB
LowFree:           68324 kB
SwapTotal:             0 kB
SwapFree:              0 kB
Dirty:               208 kB
Writeback:             0 kB
AnonPages:        547964 kB
Mapped:            79632 kB
Shmem:              4032 kB
Slab:              31728 kB
SReclaimable:      21364 kB
SUnreclaim:        10364 kB
KernelStack:        2576 kB
PageTables:         9392 kB
NFS_Unstable:          0 kB
Bounce:                0 kB
WritebackTmp:          0 kB
CommitLimit:      512616 kB
Committed_AS:    2577156 kB
VmallocTotal:     122880 kB
VmallocUsed:        3228 kB
VmallocChunk:     118068 kB
HardwareCorrupted:     0 kB
AnonHugePages:         0 kB
HugePages_Total:       0
HugePages_Free:        0
HugePages_Rsvd:        0
HugePages_Surp:        0
Hugepagesize:       2048 kB
DirectMap4k:        8184 kB
DirectMap2M:      905216 kB


CPU:total 1 (4 cores per cpu, 2 threads per core) family 6 model 26 stepping 5, cmov, cx8, fxsr, mmx, sse, sse2, sse3, ssse3, sse4.1, sse4.2, popcnt, ht, tsc, tscinvbit, tscinv

/proc/cpuinfo:
processor	: 0
vendor_id	: GenuineIntel
cpu family	: 6
model		: 26
model name	: Intel(R) Core(TM) i7 CPU         950  @ 3.07GHz
stepping	: 5
cpu MHz		: 3762.255
cache size	: 6144 KB
fdiv_bug	: no
hlt_bug		: no
f00f_bug	: no
coma_bug	: no
fpu		: yes
fpu_exception	: yes
cpuid level	: 5
wp		: yes
flags		: fpu vme de pse tsc msr pae mce cx8 apic mtrr pge mca cmov pat pse36 clflush mmx fxsr sse sse2 rdtscp constant_tsc up pni monitor ssse3
bogomips	: 7524.51
clflush size	: 64
cache_alignment	: 64
address sizes	: 36 bits physical, 48 bits virtual
power management:



Memory: 4k page, physical 1025236k(70100k free), swap 0k(0k free)

vm_info: Java HotSpot(TM) Client VM (24.65-b04) for linux-x86 JRE (1.7.0_67-b01), built on Jul 25 2014 08:57:40 by "java_re" with gcc 4.3.0 20080428 (Red Hat 4.3.0-8)

time: Thu Aug 14 23:39:05 2014
elapsed time: 68 seconds

