#
# A fatal error has been detected by the Java Runtime Environment:
#
#  SIGSEGV (0xb) at pc=0x00f2268e, pid=2470, tid=2707381056
#
# JRE version: Java(TM) SE Runtime Environment (7.0_67-b01) (build 1.7.0_67-b01)
# Java VM: Java HotSpot(TM) Client VM (24.65-b04 mixed mode linux-x86 )
# Problematic frame:
# V  [libjvm.so+0x3eb68e]  objArrayKlass::oop_adjust_pointers(oopDesc*)+0x5e
#
# Failed to write core dump. Core dumps have been disabled. To enable core dumping, try "ulimit -c unlimited" before starting Java again
#
# If you would like to submit a bug report, please visit:
#   http://bugreport.sun.com/bugreport/crash.jsp
#

---------------  T H R E A D  ---------------

Current thread (0xb7657800):  VMThread [stack: 0xa1575000,0xa15f6000] [id=2489]

siginfo:si_signo=SIGSEGV: si_errno=0, si_code=1 (SEGV_MAPERR), si_addr=0x00100000

Registers:
EAX=0x00100000, EBX=0xafe2e054, ECX=0xafe2e044, EDX=0x00000005
ESP=0xa15f4918, EBP=0xa15f4928, ESI=0x00000002, EDI=0x00000001
EIP=0x00f2268e, EFLAGS=0x00010206, CR2=0x00100000

Top of Stack: (sp=0xa15f4918)
0xa15f4918:   0000000a afe2e020 b1400000 b1400000
0xa15f4928:   a15f4958 00fad668 b146e060 afe2e020
0xa15f4938:   00000008 00000008 010f1ec0 000003f1
0xa15f4948:   000003f1 b760bb28 a15f4a08 b760bb24
0xa15f4958:   a15f4988 00d917ac b760fef0 b760fef0
0xa15f4968:   00000001 00000004 a15f49e8 0108c01e
0xa15f4978:   a15f49a8 00000002 b760bad0 0108ec78
0xa15f4988:   a15f49b8 00d855cd b760fdf0 b760fdf0 

Instructions: (pc=0x00f2268e)
0x00f2266e:   83 e0 fc 74 67 89 41 04 8b 41 08 83 c1 0c 8d 1c
0x00f2267e:   81 39 d9 73 30 90 8d 74 26 00 8b 01 85 c0 74 1e
0x00f2268e:   8b 10 80 3d 55 71 0d 01 00 74 0a 89 d0 83 e0 07
0x00f2269e:   83 f8 05 74 09 89 d0 83 e0 fc 74 02 89 01 83 c1 

Register to memory mapping:

EAX=0x00100000 is an unknown value
EBX=0xafe2e054 is pointing into object: 0xafe2e020
[Ljava.lang.Object; 
 - klass: 'java/lang/Object'[]
 - length: 10
ECX=0xafe2e044 is pointing into object: 0xafe2e020
[Ljava.lang.Object; 
 - klass: 'java/lang/Object'[]
 - length: 10
EDX=0x00000005 is an unknown value
ESP=0xa15f4918 is an unknown value
EBP=0xa15f4928 is an unknown value
ESI=0x00000002 is an unknown value
EDI=0x00000001 is an unknown value


Stack: [0xa1575000,0xa15f6000],  sp=0xa15f4918,  free space=510k
Native frames: (J=compiled Java code, j=interpreted, Vv=VM code, C=native code)
V  [libjvm.so+0x3eb68e]  objArrayKlass::oop_adjust_pointers(oopDesc*)+0x5e
V  [libjvm.so+0x476668]  CompactibleSpace::adjust_pointers()+0x58
V  [libjvm.so+0x25a7ac]  Generation::adjust_pointers()+0x1c
V  [libjvm.so+0x24e5cd]  GenCollectedHeap::generation_iterate(GenCollectedHeap::GenClosure*, bool)+0x5d
V  [libjvm.so+0x251a8c]  GenMarkSweep::mark_sweep_phase3(int)+0x10c
V  [libjvm.so+0x252305]  GenMarkSweep::invoke_at_safepoint(int, ReferenceProcessor*, bool)+0x1c5
V  [libjvm.so+0x25b079]  OneContigSpaceCardGeneration::collect(bool, bool, unsigned int, bool)+0xa9
V  [libjvm.so+0x250d2d]  GenCollectedHeap::do_collection(bool, bool, unsigned int, bool, int)+0x48d
V  [libjvm.so+0x191682]  GenCollectorPolicy::satisfy_failed_allocation(unsigned int, bool)+0x182
V  [libjvm.so+0x50e974]  VM_GenCollectForAllocation::doit()+0x74
V  [libjvm.so+0x5177f7]  VM_Operation::evaluate()+0x47
V  [libjvm.so+0x515893]  VMThread::evaluate_operation(VM_Operation*)+0xb3
V  [libjvm.so+0x515c30]  VMThread::loop()+0x1b0
V  [libjvm.so+0x516095]  VMThread::run()+0x85
V  [libjvm.so+0x40a5a9]  java_start(Thread*)+0x119
C  [libpthread.so.0+0x6d4c]  start_thread+0xcc

VM_Operation (0xb77682a0): GenCollectForAllocation, mode: safepoint, requested by thread 0xb7607400


---------------  P R O C E S S  ---------------

Java Threads: ( => current thread )
  0x9e116000 
[error occurred during error reporting (printing all threads), id 0xb]

VM state:at safepoint (normal execution)

VM Mutex/Monitor currently owned by a thread:  ([mutex/lock_event])
[0xb7604bc0] Threads_lock - owner thread: 0xb7657800
[0xb7604fd0] Heap_lock - owner thread: 0xb7607400

Heap
 def new generation   total 77440K, used 77439K [0xa1800000, 0xa6c00000, 0xa6c00000)
  eden space 68864K, 100% used [0xa1800000, 0xa5b40000, 0xa5b40000)
  from space 8576K,  99% used [0xa5b40000, 0xa639fff8, 0xa63a0000)
  to   space 8576K,   0% used [0xa63a0000, 0xa63a0000, 0xa6c00000)
 tenured generation   total 172032K, used 172032K [0xa6c00000, 0xb1400000, 0xb1400000)
   the space 172032K, 100% used [0xa6c00000, 0xb1400000, 0xb1400000, 0xb1400000)
 compacting perm gen  total 43520K, used 43462K [0xb1400000, 0xb3e80000, 0xb5400000)
   the space 43520K,  99% used [0xb1400000, 0xb3e718e8, 0xb3e71a00, 0xb3e80000)
No shared spaces configured.

Card table byte_map: [0xb54e1000,0xb5580000] byte_map_base: 0xb4fd5000

Polling page: 0xb777b000

Code Cache  [0xb5600000, 0xb68c0000, 0xb7600000)
 total_blobs=9234 nmethods=9040 adapters=128 free_code_cache=13584Kb largest_free_block=13894528

Compilation events (10 events):
Event: 358.371 Thread 0xb766d000 9245             org.vafer.jdeb.shaded.compress.compress.archivers.tar.TarBuffer::writeBlock (64 bytes)
Event: 358.371 Thread 0xb766d000 nmethod 9245 0xb68bcac8 code [0xb68bcc00, 0xb68bcd80]
Event: 359.763 Thread 0xb766d000 9246             org.apache.maven.ReactorReader::findMatchingArtifact (101 bytes)
Event: 359.764 Thread 0xb766d000 nmethod 9246 0xb68bcec8 code [0xb68bd060, 0xb68bd31c]
Event: 359.766 Thread 0xb766d000 9247             org.apache.maven.ReactorReader::getConflictId (87 bytes)
Event: 359.767 Thread 0xb766d000 nmethod 9247 0xb68bd608 code [0xb68bd7f0, 0xb68bdbd4]
Event: 359.769 Thread 0xb766d000 9248             org.apache.maven.ReactorReader::getConflictId (117 bytes)
Event: 359.770 Thread 0xb766d000 nmethod 9248 0xb68be288 code [0xb68be470, 0xb68be9d0]
Event: 360.191 Thread 0xb766d000 9249             java.util.TreeMap::put (247 bytes)
Event: 360.192 Thread 0xb766d000 nmethod 9249 0xb68bf2c8 code [0xb68bf460, 0xb68bf8ec]

GC Heap History (10 events):
Event: 350.994 GC heap after
Heap after GC invocations=625 (full 172):
 def new generation   total 77440K, used 26830K [0xa1800000, 0xa6c00000, 0xa6c00000)
  eden space 68864K,  38% used [0xa1800000, 0xa3233928, 0xa5b40000)
  from space 8576K,   0% used [0xa5b40000, 0xa5b40000, 0xa63a0000)
  to   space 8576K,   0% used [0xa63a0000, 0xa63a0000, 0xa6c00000)
 tenured generation   total 172032K, used 172031K [0xa6c00000, 0xb1400000, 0xb1400000)
   the space 172032K,  99% used [0xa6c00000, 0xb13fffd8, 0xb1400000, 0xb1400000)
 compacting perm gen  total 43264K, used 43218K [0xb1400000, 0xb3e40000, 0xb5400000)
   the space 43264K,  99% used [0xb1400000, 0xb3e34840, 0xb3e34a00, 0xb3e40000)
No shared spaces configured.
}
Event: 352.198 GC heap before
{Heap before GC invocations=625 (full 172):
 def new generation   total 77440K, used 77439K [0xa1800000, 0xa6c00000, 0xa6c00000)
  eden space 68864K, 100% used [0xa1800000, 0xa5b40000, 0xa5b40000)
  from space 8576K,  99% used [0xa5b40000, 0xa639ffd8, 0xa63a0000)
  to   space 8576K,   0% used [0xa63a0000, 0xa63a0000, 0xa6c00000)
 tenured generation   total 172032K, used 172031K [0xa6c00000, 0xb1400000, 0xb1400000)
   the space 172032K,  99% used [0xa6c00000, 0xb13fffd8, 0xb1400000, 0xb1400000)
 compacting perm gen  total 43264K, used 43218K [0xb1400000, 0xb3e40000, 0xb5400000)
   the space 43264K,  99% used [0xb1400000, 0xb3e34840, 0xb3e34a00, 0xb3e40000)
No shared spaces configured.
Event: 352.638 GC heap after
Heap after GC invocations=626 (full 173):
 def new generation   total 77440K, used 28105K [0xa1800000, 0xa6c00000, 0xa6c00000)
  eden space 68864K,  40% used [0xa1800000, 0xa33725e8, 0xa5b40000)
  from space 8576K,   0% used [0xa5b40000, 0xa5b40000, 0xa63a0000)
  to   space 8576K,   0% used [0xa63a0000, 0xa63a0000, 0xa6c00000)
 tenured generation   total 172032K, used 172031K [0xa6c00000, 0xb1400000, 0xb1400000)
   the space 172032K,  99% used [0xa6c00000, 0xb13fffd8, 0xb1400000, 0xb1400000)
 compacting perm gen  total 43264K, used 43218K [0xb1400000, 0xb3e40000, 0xb5400000)
   the space 43264K,  99% used [0xb1400000, 0xb3e34840, 0xb3e34a00, 0xb3e40000)
No shared spaces configured.
}
Event: 353.819 GC heap before
{Heap before GC invocations=626 (full 173):
 def new generation   total 77440K, used 77440K [0xa1800000, 0xa6c00000, 0xa6c00000)
  eden space 68864K, 100% used [0xa1800000, 0xa5b40000, 0xa5b40000)
  from space 8576K, 100% used [0xa5b40000, 0xa63a0000, 0xa63a0000)
  to   space 8576K,   0% used [0xa63a0000, 0xa63a0000, 0xa6c00000)
 tenured generation   total 172032K, used 172031K [0xa6c00000, 0xb1400000, 0xb1400000)
   the space 172032K,  99% used [0xa6c00000, 0xb13ffff0, 0xb1400000, 0xb1400000)
 compacting perm gen  total 43264K, used 43218K [0xb1400000, 0xb3e40000, 0xb5400000)
   the space 43264K,  99% used [0xb1400000, 0xb3e34840, 0xb3e34a00, 0xb3e40000)
No shared spaces configured.
Event: 354.259 GC heap after
Heap after GC invocations=627 (full 174):
 def new generation   total 77440K, used 28759K [0xa1800000, 0xa6c00000, 0xa6c00000)
  eden space 68864K,  41% used [0xa1800000, 0xa3415e18, 0xa5b40000)
  from space 8576K,   0% used [0xa5b40000, 0xa5b40000, 0xa63a0000)
  to   space 8576K,   0% used [0xa63a0000, 0xa63a0000, 0xa6c00000)
 tenured generation   total 172032K, used 172031K [0xa6c00000, 0xb1400000, 0xb1400000)
   the space 172032K,  99% used [0xa6c00000, 0xb13ffff0, 0xb1400000, 0xb1400000)
 compacting perm gen  total 43264K, used 43218K [0xb1400000, 0xb3e40000, 0xb5400000)
   the space 43264K,  99% used [0xb1400000, 0xb3e34840, 0xb3e34a00, 0xb3e40000)
No shared spaces configured.
}
Event: 355.348 GC heap before
{Heap before GC invocations=627 (full 174):
 def new generation   total 77440K, used 77439K [0xa1800000, 0xa6c00000, 0xa6c00000)
  eden space 68864K, 100% used [0xa1800000, 0xa5b40000, 0xa5b40000)
  from space 8576K,  99% used [0xa5b40000, 0xa639ffd0, 0xa63a0000)
  to   space 8576K,   0% used [0xa63a0000, 0xa63a0000, 0xa6c00000)
 tenured generation   total 172032K, used 172031K [0xa6c00000, 0xb1400000, 0xb1400000)
   the space 172032K,  99% used [0xa6c00000, 0xb13ffff0, 0xb1400000, 0xb1400000)
 compacting perm gen  total 43264K, used 43218K [0xb1400000, 0xb3e40000, 0xb5400000)
   the space 43264K,  99% used [0xb1400000, 0xb3e34840, 0xb3e34a00, 0xb3e40000)
No shared spaces configured.
Event: 355.794 GC heap after
Heap after GC invocations=628 (full 175):
 def new generation   total 77440K, used 28990K [0xa1800000, 0xa6c00000, 0xa6c00000)
  eden space 68864K,  42% used [0xa1800000, 0xa344f9c0, 0xa5b40000)
  from space 8576K,   0% used [0xa5b40000, 0xa5b40000, 0xa63a0000)
  to   space 8576K,   0% used [0xa63a0000, 0xa63a0000, 0xa6c00000)
 tenured generation   total 172032K, used 172031K [0xa6c00000, 0xb1400000, 0xb1400000)
   the space 172032K,  99% used [0xa6c00000, 0xb13ffff0, 0xb1400000, 0xb1400000)
 compacting perm gen  total 43264K, used 43218K [0xb1400000, 0xb3e40000, 0xb5400000)
   the space 43264K,  99% used [0xb1400000, 0xb3e34840, 0xb3e34a00, 0xb3e40000)
No shared spaces configured.
}
Event: 356.604 GC heap before
{Heap before GC invocations=628 (full 175):
 def new generation   total 77440K, used 77440K [0xa1800000, 0xa6c00000, 0xa6c00000)
  eden space 68864K, 100% used [0xa1800000, 0xa5b40000, 0xa5b40000)
  from space 8576K, 100% used [0xa5b40000, 0xa63a0000, 0xa63a0000)
  to   space 8576K,   0% used [0xa63a0000, 0xa63a0000, 0xa6c00000)
 tenured generation   total 172032K, used 172031K [0xa6c00000, 0xb1400000, 0xb1400000)
   the space 172032K,  99% used [0xa6c00000, 0xb13ffff0, 0xb1400000, 0xb1400000)
 compacting perm gen  total 43264K, used 43218K [0xb1400000, 0xb3e40000, 0xb5400000)
   the space 43264K,  99% used [0xb1400000, 0xb3e34840, 0xb3e34a00, 0xb3e40000)
No shared spaces configured.
Event: 357.112 GC heap after
Heap after GC invocations=629 (full 176):
 def new generation   total 77440K, used 29024K [0xa1800000, 0xa6c00000, 0xa6c00000)
  eden space 68864K,  42% used [0xa1800000, 0xa3458158, 0xa5b40000)
  from space 8576K,   0% used [0xa5b40000, 0xa5b40000, 0xa63a0000)
  to   space 8576K,   0% used [0xa63a0000, 0xa63a0000, 0xa6c00000)
 tenured generation   total 172032K, used 172032K [0xa6c00000, 0xb1400000, 0xb1400000)
   the space 172032K, 100% used [0xa6c00000, 0xb1400000, 0xb1400000, 0xb1400000)
 compacting perm gen  total 43264K, used 43218K [0xb1400000, 0xb3e40000, 0xb5400000)
   the space 43264K,  99% used [0xb1400000, 0xb3e34840, 0xb3e34a00, 0xb3e40000)
No shared spaces configured.
}
Event: 364.492 GC heap before
{Heap before GC invocations=629 (full 176):
 def new generation   total 77440K, used 77439K [0xa1800000, 0xa6c00000, 0xa6c00000)
  eden space 68864K, 100% used [0xa1800000, 0xa5b40000, 0xa5b40000)
  from space 8576K,  99% used [0xa5b40000, 0xa639fff8, 0xa63a0000)
  to   space 8576K,   0% used [0xa63a0000, 0xa63a0000, 0xa6c00000)
 tenured generation   total 172032K, used 172032K [0xa6c00000, 0xb1400000, 0xb1400000)
   the space 172032K, 100% used [0xa6c00000, 0xb1400000, 0xb1400000, 0xb1400000)
 compacting perm gen  total 43520K, used 43462K [0xb1400000, 0xb3e80000, 0xb5400000)
   the space 43520K,  99% used [0xb1400000, 0xb3e718e8, 0xb3e71a00, 0xb3e80000)
No shared spaces configured.

Deoptimization events (0 events):
No events

Internal exceptions (10 events):
Event: 361.314 Thread 0xb7607400 Threw 0xa62cdc00 at /HUDSON/workspace/7u-2-build-linux-i586/jdk7u67/1368/hotspot/src/share/vm/prims/jvm.cpp:1244
Event: 361.314 Thread 0xb7607400 Threw 0xa62ce608 at /HUDSON/workspace/7u-2-build-linux-i586/jdk7u67/1368/hotspot/src/share/vm/prims/jvm.cpp:1244
Event: 361.397 Thread 0xb7607400 Threw 0xa62d3a40 at /HUDSON/workspace/7u-2-build-linux-i586/jdk7u67/1368/hotspot/src/share/vm/prims/jvm.cpp:1244
Event: 361.397 Thread 0xb7607400 Threw 0xa62d4090 at /HUDSON/workspace/7u-2-build-linux-i586/jdk7u67/1368/hotspot/src/share/vm/prims/jvm.cpp:1244
Event: 361.397 Thread 0xb7607400 Threw 0xa62d4f40 at /HUDSON/workspace/7u-2-build-linux-i586/jdk7u67/1368/hotspot/src/share/vm/prims/jvm.cpp:1244
Event: 361.397 Thread 0xb7607400 Threw 0xa62d55a8 at /HUDSON/workspace/7u-2-build-linux-i586/jdk7u67/1368/hotspot/src/share/vm/prims/jvm.cpp:1244
Event: 361.649 Thread 0xb7607400 Threw 0xa62e7698 at /HUDSON/workspace/7u-2-build-linux-i586/jdk7u67/1368/hotspot/src/share/vm/prims/jvm.cpp:1244
Event: 361.649 Thread 0xb7607400 Threw 0xa62e8000 at /HUDSON/workspace/7u-2-build-linux-i586/jdk7u67/1368/hotspot/src/share/vm/prims/jvm.cpp:1244
Event: 362.481 Thread 0xb7607400 Threw 0xa62f61d8 at /HUDSON/workspace/7u-2-build-linux-i586/jdk7u67/1368/hotspot/src/share/vm/prims/jvm.cpp:1244
Event: 362.481 Thread 0xb7607400 Threw 0xa62f6be8 at /HUDSON/workspace/7u-2-build-linux-i586/jdk7u67/1368/hotspot/src/share/vm/prims/jvm.cpp:1244

Events (10 events):
Event: 362.665 Executing VM operation: RevokeBias done
Event: 362.668 Thread 0x9e116000 Thread exited: 0x9e116000
Event: 364.390 Thread 0x9e116000 Thread added: 0x9e116000
Event: 364.391 Executing VM operation: RevokeBias
Event: 364.392 Executing VM operation: RevokeBias done
Event: 364.489 Executing VM operation: RevokeBias
Event: 364.490 Executing VM operation: RevokeBias done
Event: 364.490 Executing VM operation: RevokeBias
Event: 364.490 Executing VM operation: RevokeBias done
Event: 364.491 Executing VM operation: GenCollectForAllocation


Dynamic libraries:
00110000-0011b000 r-xp 00000000 08:01 181168     /usr/lib/jvm/jdk1.7.0_67/jre/lib/i386/libverify.so
0011b000-0011c000 rw-p 0000b000 08:01 181168     /usr/lib/jvm/jdk1.7.0_67/jre/lib/i386/libverify.so
0011c000-00123000 r-xp 00000000 08:01 264972     /lib/i386-linux-gnu/libnss_compat-2.15.so
00123000-00124000 r--p 00006000 08:01 264972     /lib/i386-linux-gnu/libnss_compat-2.15.so
00124000-00125000 rw-p 00007000 08:01 264972     /lib/i386-linux-gnu/libnss_compat-2.15.so
00125000-0013b000 r-xp 00000000 08:01 263925     /lib/i386-linux-gnu/libnsl-2.15.so
0013b000-0013c000 r--p 00015000 08:01 263925     /lib/i386-linux-gnu/libnsl-2.15.so
0013c000-0013d000 rw-p 00016000 08:01 263925     /lib/i386-linux-gnu/libnsl-2.15.so
0013d000-0013f000 rw-p 00000000 00:00 0 
0013f000-00156000 r-xp 00000000 08:01 181144     /usr/lib/jvm/jdk1.7.0_67/jre/lib/i386/libzip.so
00156000-00157000 rw-p 00017000 08:01 181144     /usr/lib/jvm/jdk1.7.0_67/jre/lib/i386/libzip.so
00157000-0018a000 r-xp 00000000 08:01 181129     /usr/lib/jvm/jdk1.7.0_67/jre/lib/i386/libsunec.so
0018a000-0018e000 rw-p 00032000 08:01 181129     /usr/lib/jvm/jdk1.7.0_67/jre/lib/i386/libsunec.so
0018e000-00192000 rw-p 00000000 00:00 0 
00192000-00194000 r-xp 00000000 08:01 264968     /lib/libnss_mdns4_minimal.so.2
00194000-00195000 r--p 00001000 08:01 264968     /lib/libnss_mdns4_minimal.so.2
00195000-00196000 rw-p 00002000 08:01 264968     /lib/libnss_mdns4_minimal.so.2
00196000-0019b000 r-xp 00000000 08:01 265999     /lib/i386-linux-gnu/libnss_dns-2.15.so
0019b000-0019c000 r--p 00004000 08:01 265999     /lib/i386-linux-gnu/libnss_dns-2.15.so
0019c000-0019d000 rw-p 00005000 08:01 265999     /lib/i386-linux-gnu/libnss_dns-2.15.so
0019d000-001b0000 r-xp 00000000 08:01 263932     /lib/i386-linux-gnu/libresolv-2.15.so
001b0000-001b1000 ---p 00013000 08:01 263932     /lib/i386-linux-gnu/libresolv-2.15.so
001b1000-001b2000 r--p 00013000 08:01 263932     /lib/i386-linux-gnu/libresolv-2.15.so
001b2000-001b3000 rw-p 00014000 08:01 263932     /lib/i386-linux-gnu/libresolv-2.15.so
001b3000-001b5000 rw-p 00000000 00:00 0 
001be000-001e8000 r-xp 00000000 08:01 264135     /lib/i386-linux-gnu/libm-2.15.so
001e8000-001e9000 r--p 00029000 08:01 264135     /lib/i386-linux-gnu/libm-2.15.so
001e9000-001ea000 rw-p 0002a000 08:01 264135     /lib/i386-linux-gnu/libm-2.15.so
0027c000-0028a000 r-xp 00000000 08:01 181124     /usr/lib/jvm/jdk1.7.0_67/jre/lib/i386/libnio.so
0028a000-0028b000 rw-p 0000e000 08:01 181124     /usr/lib/jvm/jdk1.7.0_67/jre/lib/i386/libnio.so
002a1000-00445000 r-xp 00000000 08:01 263930     /lib/i386-linux-gnu/libc-2.15.so
00445000-00446000 ---p 001a4000 08:01 263930     /lib/i386-linux-gnu/libc-2.15.so
00446000-00448000 r--p 001a4000 08:01 263930     /lib/i386-linux-gnu/libc-2.15.so
00448000-00449000 rw-p 001a6000 08:01 263930     /lib/i386-linux-gnu/libc-2.15.so
00449000-0044c000 rw-p 00000000 00:00 0 
004c4000-004c5000 r-xp 00000000 00:00 0          [vdso]
00553000-00556000 r-xp 00000000 08:01 266000     /lib/i386-linux-gnu/libdl-2.15.so
00556000-00557000 r--p 00002000 08:01 266000     /lib/i386-linux-gnu/libdl-2.15.so
00557000-00558000 rw-p 00003000 08:01 266000     /lib/i386-linux-gnu/libdl-2.15.so
00584000-00597000 r-xp 00000000 08:01 413180     /usr/lib/jvm/jdk1.7.0_67/lib/i386/jli/libjli.so
00597000-00598000 rw-p 00012000 08:01 413180     /usr/lib/jvm/jdk1.7.0_67/lib/i386/jli/libjli.so
00635000-00658000 r-xp 00000000 08:01 181114     /usr/lib/jvm/jdk1.7.0_67/jre/lib/i386/libjava.so
00658000-00659000 rw-p 00023000 08:01 181114     /usr/lib/jvm/jdk1.7.0_67/jre/lib/i386/libjava.so
006e4000-006f9000 r-xp 00000000 08:01 181157     /usr/lib/jvm/jdk1.7.0_67/jre/lib/i386/libnet.so
006f9000-006fa000 rw-p 00014000 08:01 181157     /usr/lib/jvm/jdk1.7.0_67/jre/lib/i386/libnet.so
00841000-00848000 r-xp 00000000 08:01 263922     /lib/i386-linux-gnu/librt-2.15.so
00848000-00849000 r--p 00006000 08:01 263922     /lib/i386-linux-gnu/librt-2.15.so
00849000-0084a000 rw-p 00007000 08:01 263922     /lib/i386-linux-gnu/librt-2.15.so
0089b000-008bb000 r-xp 00000000 08:01 262287     /lib/i386-linux-gnu/ld-2.15.so
008bb000-008bc000 r--p 0001f000 08:01 262287     /lib/i386-linux-gnu/ld-2.15.so
008bc000-008bd000 rw-p 00020000 08:01 262287     /lib/i386-linux-gnu/ld-2.15.so
00940000-0095c000 r-xp 00000000 08:01 265861     /lib/i386-linux-gnu/libgcc_s.so.1
0095c000-0095d000 r--p 0001b000 08:01 265861     /lib/i386-linux-gnu/libgcc_s.so.1
0095d000-0095e000 rw-p 0001c000 08:01 265861     /lib/i386-linux-gnu/libgcc_s.so.1
00a0b000-00a15000 r-xp 00000000 08:01 264975     /lib/i386-linux-gnu/libnss_nis-2.15.so
00a15000-00a16000 r--p 00009000 08:01 264975     /lib/i386-linux-gnu/libnss_nis-2.15.so
00a16000-00a17000 rw-p 0000a000 08:01 264975     /lib/i386-linux-gnu/libnss_nis-2.15.so
00ada000-00ae5000 r-xp 00000000 08:01 263926     /lib/i386-linux-gnu/libnss_files-2.15.so
00ae5000-00ae6000 r--p 0000a000 08:01 263926     /lib/i386-linux-gnu/libnss_files-2.15.so
00ae6000-00ae7000 rw-p 0000b000 08:01 263926     /lib/i386-linux-gnu/libnss_files-2.15.so
00b1c000-00b33000 r-xp 00000000 08:01 262489     /lib/i386-linux-gnu/libpthread-2.15.so
00b33000-00b34000 r--p 00016000 08:01 262489     /lib/i386-linux-gnu/libpthread-2.15.so
00b34000-00b35000 rw-p 00017000 08:01 262489     /lib/i386-linux-gnu/libpthread-2.15.so
00b35000-00b37000 rw-p 00000000 00:00 0 
00b37000-010c8000 r-xp 00000000 08:01 181131     /usr/lib/jvm/jdk1.7.0_67/jre/lib/i386/client/libjvm.so
010c8000-010e9000 rw-p 00591000 08:01 181131     /usr/lib/jvm/jdk1.7.0_67/jre/lib/i386/client/libjvm.so
010e9000-01509000 rw-p 00000000 00:00 0 
08048000-08049000 r-xp 00000000 08:01 316999     /usr/lib/jvm/jdk1.7.0_67/bin/java
08049000-0804a000 rw-p 00000000 08:01 316999     /usr/lib/jvm/jdk1.7.0_67/bin/java
090d6000-099b7000 rw-p 00000000 00:00 0          [heap]
9e000000-9e1ff000 rw-p 00000000 00:00 0 
9e1ff000-9e200000 ---p 00000000 00:00 0 
9e200000-9e3f0000 rw-p 00000000 00:00 0 
9e3f0000-9e400000 ---p 00000000 00:00 0 
9e500000-9e5fd000 rw-p 00000000 00:00 0 
9e5fd000-9e600000 ---p 00000000 00:00 0 
9e700000-9e7f9000 rw-p 00000000 00:00 0 
9e7f9000-9e800000 ---p 00000000 00:00 0 
9e816000-9e900000 rw-p 00000000 00:00 0 
9e900000-9e9fd000 rw-p 00000000 00:00 0 
9e9fd000-9ea00000 ---p 00000000 00:00 0 
9ea00000-9eb00000 rw-p 00000000 00:00 0 
9eb00000-9ebff000 rw-p 00000000 00:00 0 
9ebff000-9ec00000 ---p 00000000 00:00 0 
9ec00000-9ed00000 rw-p 00000000 00:00 0 
9ed00000-9ef00000 rw-p 00000000 00:00 0 
9ef00000-9efff000 rw-p 00000000 00:00 0 
9efff000-9f000000 ---p 00000000 00:00 0 
9f092000-9f095000 ---p 00000000 00:00 0 
9f095000-9f0e3000 rw-p 00000000 00:00 0 
9f11a000-9f129000 r--s 0009f000 08:01 189655     /home/sniporbob/.m2/repository/com/google/inject/guice/3.0/guice-3.0.jar
9f129000-9f1bc000 r--s 00957000 08:01 189639     /home/sniporbob/.m2/repository/org/eclipse/xtend/org.eclipse.xtend.standalone/2.3.0/org.eclipse.xtend.standalone-2.3.0.jar
9f1bc000-9f1bf000 ---p 00000000 00:00 0 
9f1bf000-9f20d000 rw-p 00000000 00:00 0 
9f20d000-9f210000 ---p 00000000 00:00 0 
9f210000-9f25e000 rw-p 00000000 00:00 0 
9f25e000-9f261000 ---p 00000000 00:00 0 
9f261000-9f2af000 rw-p 00000000 00:00 0 
9f2af000-9f2b2000 ---p 00000000 00:00 0 
9f2b2000-9f300000 rw-p 00000000 00:00 0 
9f300000-9f3ff000 rw-p 00000000 00:00 0 
9f3ff000-9f400000 ---p 00000000 00:00 0 
9f40d000-9f410000 ---p 00000000 00:00 0 
9f410000-9f45e000 rw-p 00000000 00:00 0 
9f45e000-9f461000 ---p 00000000 00:00 0 
9f461000-9f4af000 rw-p 00000000 00:00 0 
9f4af000-9f4b2000 ---p 00000000 00:00 0 
9f4b2000-9f500000 rw-p 00000000 00:00 0 
9f500000-9f5fc000 rw-p 00000000 00:00 0 
9f5fc000-9f600000 ---p 00000000 00:00 0 
9f600000-9f604000 r--s 00022000 08:01 423860     /home/sniporbob/.m2/repository/org/antlr/antlr-runtime/3.2/antlr-runtime-3.2.jar
9f604000-9f608000 r--s 0002b000 08:01 189667     /home/sniporbob/.m2/repository/org/eclipse/emf/codegen/2.2.3/codegen-2.2.3.jar
9f608000-9f626000 r--s 00151000 08:01 189654     /home/sniporbob/.m2/repository/com/google/guava/guava/10.0.1/guava-10.0.1.jar
9f627000-9f628000 r--s 000da000 08:01 183346     /home/sniporbob/github/openhab/bundles/io/org.openhab.io.multimedia.tts.freetts/lib/cmudict04.jar
9f628000-9f629000 r--s 00092000 08:01 183347     /home/sniporbob/github/openhab/bundles/io/org.openhab.io.multimedia.tts.freetts/lib/cmulex.jar
9f629000-9f62b000 r--s 004ab000 08:01 183345     /home/sniporbob/github/openhab/bundles/io/org.openhab.io.multimedia.tts.freetts/lib/cmu_us_kal.jar
9f62b000-9f62f000 r--s 0002f000 08:01 183350     /home/sniporbob/github/openhab/bundles/io/org.openhab.io.multimedia.tts.freetts/lib/freetts.jar
9f647000-9f65b000 r--s 00142000 08:01 188191     /home/sniporbob/.m2/repository/p2/osgi/bundle/org.eclipse.osgi/3.8.2.v20130124-134944/org.eclipse.osgi-3.8.2.v20130124-134944.jar
9f679000-9f67c000 r--s 00006000 08:01 189665     /home/sniporbob/.m2/repository/com/google/code/findbugs/jsr305/1.3.9/jsr305-1.3.9.jar
9f67c000-9f67f000 r--s 00017000 08:01 183423     /home/sniporbob/github/openhab/bundles/io/org.openhab.io.multimedia/lib/jl1.0.1.jar
9f67f000-9f682000 r--s 000d1000 08:01 183349     /home/sniporbob/github/openhab/bundles/io/org.openhab.io.multimedia.tts.freetts/lib/en_us.jar
9f682000-9f683000 r--s 00000000 08:01 183348     /home/sniporbob/github/openhab/bundles/io/org.openhab.io.multimedia.tts.freetts/lib/cmutimelex.jar
9f693000-9f695000 rw-p 00000000 00:00 0 
9f695000-9f699000 r--s 000f7000 08:01 316964     /usr/lib/jvm/jdk1.7.0_67/jre/lib/ext/localedata.jar
9f699000-9f69b000 r--s 00000000 08:01 424405     /home/sniporbob/.m2/repository/doxia/doxia-sink-api/1.0-alpha-4/doxia-sink-api-1.0-alpha-4.jar
9f69b000-9f69c000 r--s 00001000 08:01 326101     /home/sniporbob/.m2/repository/org/apache/maven/reporting/maven-reporting-api/2.0/maven-reporting-api-2.0.jar
9f69c000-9f69f000 r--s 00011000 08:01 424401     /home/sniporbob/.m2/repository/javax/servlet/servlet-api/2.3/servlet-api-2.3.jar
9f69f000-9f6a1000 r--s 00002000 08:01 324885     /home/sniporbob/.m2/repository/org/apache/ant/ant-launcher/1.8.2/ant-launcher-1.8.2.jar
9f6a1000-9f6bf000 r--s 001bb000 08:01 324886     /home/sniporbob/.m2/repository/org/apache/ant/ant/1.8.2/ant-1.8.2.jar
9f6bf000-9f6c0000 r--s 001a4000 08:01 183344     /home/sniporbob/github/openhab/bundles/io/org.openhab.io.multimedia.tts.freetts/lib/cmu_time_awb.jar
9f6c0000-9f6c1000 r--s 00003000 08:01 189905     /home/sniporbob/.m2/repository/org/apache/maven/plugins/maven-deploy-plugin/2.3/maven-deploy-plugin-2.3.jar
9f6c1000-9f6c4000 r--s 0000d000 08:01 424402     /home/sniporbob/.m2/repository/avalon-framework/avalon-framework/4.1.3/avalon-framework-4.1.3.jar
9f6c4000-9f6c7000 r--s 0000f000 08:01 424400     /home/sniporbob/.m2/repository/logkit/logkit/1.0.1/logkit-1.0.1.jar
9f6c7000-9f6ce000 r--s 00051000 08:01 424398     /home/sniporbob/.m2/repository/log4j/log4j/1.2.12/log4j-1.2.12.jar
9f6ce000-9f6cf000 r--s 0000c000 08:01 189904     /home/sniporbob/.m2/repository/commons-logging/commons-logging/1.1/commons-logging-1.1.jar
9f6cf000-9f6d0000 r--s 00005000 08:01 187964     /home/sniporbob/.m2/repository/com/savage7/maven/plugins/maven-external-dependency-plugin/0.4/maven-external-dependency-plugin-0.4.jar
9f6d0000-9f6d1000 r--s 00000000 08:01 423868     /home/sniporbob/.m2/repository/javax/inject/javax.inject/1/javax.inject-1.jar
9f6d1000-9f6d8000 r--s 00023000 08:01 423867     /home/sniporbob/.m2/repository/org/apache/maven/maven-project-builder/3.0-alpha-2/maven-project-builder-3.0-alpha-2.jar
9f6d8000-9f6da000 r--s 00007000 08:01 189663     /home/sniporbob/.m2/repository/org/sonatype/spice/model-builder/1.3/model-builder-1.3.jar
9f6da000-9f6dc000 r--s 00005000 08:01 423864     /home/sniporbob/.m2/repository/stax/stax-api/1.0.1/stax-api-1.0.1.jar
9f6dc000-9f6e3000 r--s 00079000 08:01 189652     /home/sniporbob/.m2/repository/org/codehaus/woodstox/wstx-asl/3.2.6/wstx-asl-3.2.6.jar
9f6e3000-9f6e6000 r--s 0001b000 08:01 189651     /home/sniporbob/.m2/repository/junit/junit/3.8.2/junit-3.8.2.jar
9f6e6000-9f6e7000 r--s 0000a000 08:01 189661     /home/sniporbob/.m2/repository/commons-logging/commons-logging-api/1.1/commons-logging-api-1.1.jar
9f6e7000-9f6eb000 r--s 0001d000 08:01 189660     /home/sniporbob/.m2/repository/org/apache/xbean/xbean-reflect/3.4/xbean-reflect-3.4.jar
9f6eb000-9f6ed000 r--s 00000000 08:01 189659     /home/sniporbob/.m2/repository/org/codehaus/plexus/plexus-component-annotations/1.0-beta-3.0.5/plexus-component-annotations-1.0-beta-3.0.5.jar
9f6ed000-9f6ef000 r--s 00007000 08:01 423863     /home/sniporbob/.m2/repository/org/codehaus/plexus/plexus-interpolation/1.1/plexus-interpolation-1.1.jar
9f6ef000-9f6f6000 r--s 00059000 08:01 423859     /home/sniporbob/.m2/repository/log4j/log4j/1.2.15/log4j-1.2.15.jar
9f6f6000-9f6f8000 r--s 00007000 08:01 188551     /home/sniporbob/.m2/repository/p2/osgi/bundle/org.slf4j.api/1.7.2.v20121108-1250/org.slf4j.api-1.7.2.v20121108-1250.jar
9f6f8000-9f6fa000 r--s 00002000 08:01 187951     /home/sniporbob/.m2/repository/org/eclipse/xtend/xtend-maven-plugin/2.3.0/xtend-maven-plugin-2.3.0.jar
9f6fa000-9f6ff000 r--s 0003d000 08:01 325091     /home/sniporbob/.m2/repository/org/codehaus/plexus/plexus-utils/1.5.8/plexus-utils-1.5.8.jar
9f6ff000-9f700000 r--s 00005000 08:01 187939     /home/sniporbob/.m2/repository/org/apache/maven/plugins/maven-clean-plugin/2.4.1/maven-clean-plugin-2.4.1.jar
9f700000-9f7f6000 rw-p 00000000 00:00 0 
9f7f6000-9f800000 ---p 00000000 00:00 0 
9f800000-9f8fd000 rw-p 00000000 00:00 0 
9f8fd000-9f900000 ---p 00000000 00:00 0 
9f900000-9f9f9000 rw-p 00000000 00:00 0 
9f9f9000-9fa00000 ---p 00000000 00:00 0 
9fa00000-9fafb000 rw-p 00000000 00:00 0 
9fafb000-9fb00000 ---p 00000000 00:00 0 
9fb00000-9fbff000 rw-p 00000000 00:00 0 
9fbff000-9fc00000 ---p 00000000 00:00 0 
9fc00000-9fc01000 r--s 00004000 08:01 324782     /home/sniporbob/.m2/repository/org/apache/ant/ant-launcher/1.8.3/ant-launcher-1.8.3.jar
9fc01000-9fc1f000 r--s 001bc000 08:01 324783     /home/sniporbob/.m2/repository/org/apache/ant/ant/1.8.3/ant-1.8.3.jar
9fc1f000-9fc4c000 r--s 001bb000 08:01 422230     /home/sniporbob/.m2/repository/org/bouncycastle/bcprov-jdk15on/1.47/bcprov-jdk15on-1.47.jar
9fc4c000-9fc53000 r--s 00036000 08:01 422228     /home/sniporbob/.m2/repository/org/bouncycastle/bcpg-jdk15on/1.47/bcpg-jdk15on-1.47.jar
9fc53000-9fc54000 r--s 00002000 08:01 189266     /home/sniporbob/.m2/repository/org/apache/ant/ant-launcher/1.7.1/ant-launcher-1.7.1.jar
9fc54000-9fc68000 r--s 0012f000 08:01 189265     /home/sniporbob/.m2/repository/org/apache/ant/ant/1.7.1/ant-1.7.1.jar
9fc68000-9fc6c000 r--s 0002b000 08:01 189264     /home/sniporbob/.m2/repository/org/codehaus/plexus/plexus-utils/1.4.1/plexus-utils-1.4.1.jar
9fc6c000-9fc6e000 r--s 00006000 08:01 187984     /home/sniporbob/.m2/repository/org/fornax/toolsupport/fornax-oaw-m2-plugin/3.3.0/fornax-oaw-m2-plugin-3.3.0.jar
9fc6e000-9fc73000 r--s 00041000 08:01 422699     /home/sniporbob/.m2/repository/commons-lang/commons-lang/2.6/commons-lang-2.6.jar
9fc73000-9fc81000 r--s 00095000 08:01 189382     /home/sniporbob/.m2/repository/com/google/inject/guice/2.0/guice-2.0.jar
9fc81000-9fc83000 r--s 0000b000 08:01 422246     /home/sniporbob/.m2/repository/org/codehaus/plexus/plexus-interpolation/1.11/plexus-interpolation-1.11.jar
9fc83000-9fc85000 r--s 00002000 08:01 189262     /home/sniporbob/.m2/repository/org/sonatype/plexus/plexus-cipher/1.4/plexus-cipher-1.4.jar
9fc85000-9fc8d000 r--s 00049000 08:01 422242     /home/sniporbob/.m2/repository/backport-util-concurrent/backport-util-concurrent/3.1/backport-util-concurrent-3.1.jar
9fc8d000-9fc8f000 r--s 00009000 08:01 422240     /home/sniporbob/.m2/repository/commons-cli/commons-cli/1.2/commons-cli-1.2.jar
9fc8f000-9fc90000 r--s 00002000 08:01 324657     /home/sniporbob/.m2/repository/org/apache/maven/doxia/doxia-logging-api/1.1/doxia-logging-api-1.1.jar
9fc90000-9fc92000 r--s 00002000 08:01 324656     /home/sniporbob/.m2/repository/org/apache/maven/doxia/doxia-sink-api/1.1/doxia-sink-api-1.1.jar
9fc92000-9fcbc000 r--s 00476000 08:01 189156     /home/sniporbob/.m2/repository/org/eclipse/tycho/org.eclipse.jdt.core/3.9.1.v20130905-0837/org.eclipse.jdt.core-3.9.1.v20130905-0837.jar
9fcbc000-9fcbf000 ---p 00000000 00:00 0 
9fcbf000-9fd0d000 rw-p 00000000 00:00 0 
9fd0d000-9fd10000 ---p 00000000 00:00 0 
9fd10000-9fd5e000 rw-p 00000000 00:00 0 
9fd5e000-9fd61000 ---p 00000000 00:00 0 
9fd61000-9fdaf000 rw-p 00000000 00:00 0 
9fdaf000-9fdb2000 ---p 00000000 00:00 0 
9fdb2000-9fe00000 rw-p 00000000 00:00 0 
9fe00000-9ff00000 rw-p 00000000 00:00 0 
9ff00000-a0000000 rw-p 00000000 00:00 0 
a0000000-a0001000 r--s 00007000 08:01 187931     /home/sniporbob/.m2/repository/org/codehaus/mojo/build-helper-maven-plugin/1.7/build-helper-maven-plugin-1.7.jar
a0001000-a0005000 r--s 00014000 08:01 422220     /home/sniporbob/.m2/repository/org/tukaani/xz/1.0/xz-1.0.jar
a0005000-a0007000 r--s 0000d000 08:01 189384     /home/sniporbob/.m2/repository/commons-logging/commons-logging/1.1.1/commons-logging-1.1.1.jar
a0007000-a000b000 r--s 0002f000 08:01 422697     /home/sniporbob/.m2/repository/commons-beanutils/commons-beanutils-core/1.8.3/commons-beanutils-core-1.8.3.jar
a000b000-a000d000 r--s 00000000 08:01 422694     /home/sniporbob/.m2/repository/aopalliance/aopalliance/1.0/aopalliance-1.0.jar
a000d000-a0010000 ---p 00000000 00:00 0 
a0010000-a005e000 rw-p 00000000 00:00 0 
a005e000-a0061000 ---p 00000000 00:00 0 
a0061000-a00af000 rw-p 00000000 00:00 0 
a00af000-a00b2000 ---p 00000000 00:00 0 
a00b2000-a0100000 rw-p 00000000 00:00 0 
a0100000-a01fa000 rw-p 00000000 00:00 0 
a01fa000-a0200000 ---p 00000000 00:00 0 
a0200000-a0300000 rw-p 00000000 00:00 0 
a0300000-a0301000 r--s 00002000 08:01 324655     /home/sniporbob/.m2/repository/org/apache/maven/reporting/maven-reporting-api/2.2.1/maven-reporting-api-2.2.1.jar
a0301000-a0303000 r--s 00003000 08:01 422214     /home/sniporbob/.m2/repository/org/slf4j/jcl-over-slf4j/1.5.6/jcl-over-slf4j-1.5.6.jar
a0303000-a0304000 r--s 00005000 08:01 187750     /home/sniporbob/.m2/repository/org/apache/maven/plugins/maven-install-plugin/2.3.1/maven-install-plugin-2.3.1.jar
a0304000-a0306000 r--s 00004000 08:01 422216     /home/sniporbob/.m2/repository/org/slf4j/slf4j-api/1.5.6/slf4j-api-1.5.6.jar
a0306000-a030b000 r--s 00040000 08:01 422695     /home/sniporbob/.m2/repository/org/codehaus/plexus/plexus-utils/1.5.12/plexus-utils-1.5.12.jar
a030b000-a030e000 r--s 0000a000 08:01 422693     /home/sniporbob/.m2/repository/org/codehaus/plexus/plexus-interpolation/1.8.1/plexus-interpolation-1.8.1.jar
a030e000-a0310000 r--s 00007000 08:01 187978     /home/sniporbob/.m2/repository/org/fornax/toolsupport/fornax-oaw-m2-plugin/3.4.0/fornax-oaw-m2-plugin-3.4.0.jar
a0310000-a0312000 r--s 00001000 08:01 422212     /home/sniporbob/.m2/repository/org/slf4j/slf4j-jdk14/1.5.6/slf4j-jdk14-1.5.6.jar
a0312000-a0317000 r--s 00036000 08:01 422238     /home/sniporbob/.m2/repository/org/apache/commons/commons-compress/1.4.1/commons-compress-1.4.1.jar
a0317000-a031b000 r--s 0002a000 08:01 422236     /home/sniporbob/.m2/repository/commons-io/commons-io/2.4/commons-io-2.4.jar
a031b000-a0322000 r--s 00049000 08:01 187717     /home/sniporbob/.m2/repository/org/vafer/jdeb/1.0.1/jdeb-1.0.1.jar
a0322000-a0324000 r--s 00024000 08:01 189157     /home/sniporbob/.m2/repository/org/eclipse/tycho/org.eclipse.jdt.compiler.apt/1.0.600.v20130530-1010/org.eclipse.jdt.compiler.apt-1.0.600.v20130530-1010.jar
a0324000-a0325000 r--s 00003000 08:01 189155     /home/sniporbob/.m2/repository/org/eclipse/tycho/tycho-compiler-jdt/0.19.0/tycho-compiler-jdt-0.19.0.jar
a0325000-a0327000 r--s 00005000 08:01 421812     /home/sniporbob/.m2/repository/org/codehaus/plexus/plexus-compiler-api/2.2/plexus-compiler-api-2.2.jar
a0327000-a0329000 r--s 00000000 08:01 421814     /home/sniporbob/.m2/repository/org/codehaus/plexus/plexus-compiler-manager/2.2/plexus-compiler-manager-2.2.jar
a0329000-a032a000 r--s 00006000 08:01 187818     /home/sniporbob/.m2/repository/org/eclipse/tycho/tycho-compiler-plugin/0.19.0/tycho-compiler-plugin-0.19.0.jar
a032a000-a032c000 r--s 0000d000 08:01 185120     /home/sniporbob/.m2/repository/org/codehaus/plexus/plexus-interpolation/1.13/plexus-interpolation-1.13.jar
a032c000-a032d000 r--s 00001000 08:01 185119     /home/sniporbob/.m2/repository/org/sonatype/plexus/plexus-build-api/0.0.4/plexus-build-api-0.0.4.jar
a032d000-a032f000 r--s 00007000 08:01 324552     /home/sniporbob/.m2/repository/org/apache/maven/shared/maven-filtering/1.0-beta-4/maven-filtering-1.0-beta-4.jar
a032f000-a0333000 r--s 00033000 08:01 324548     /home/sniporbob/.m2/repository/org/codehaus/plexus/plexus-utils/2.0.5/plexus-utils-2.0.5.jar
a0333000-a0335000 r--s 00002000 08:01 324547     /home/sniporbob/.m2/repository/org/codehaus/plexus/plexus-interactivity-api/1.0-alpha-4/plexus-interactivity-api-1.0-alpha-4.jar
a0335000-a0337000 r--s 00006000 08:01 324546     /home/sniporbob/.m2/repository/commons-cli/commons-cli/1.0/commons-cli-1.0.jar
a0337000-a0338000 r--s 00001000 08:01 324545     /home/sniporbob/.m2/repository/org/apache/maven/doxia/doxia-sink-api/1.0-alpha-7/doxia-sink-api-1.0-alpha-7.jar
a0338000-a0339000 r--s 00002000 08:01 324544     /home/sniporbob/.m2/repository/org/apache/maven/reporting/maven-reporting-api/2.0.6/maven-reporting-api-2.0.6.jar
a0339000-a033a000 r--s 00005000 08:01 187809     /home/sniporbob/.m2/repository/org/apache/maven/plugins/maven-resources-plugin/2.4.3/maven-resources-plugin-2.4.3.jar
a033a000-a033b000 r--s 00002000 08:01 324413     /home/sniporbob/.m2/repository/org/codehaus/plexus/plexus-digest/1.0/plexus-digest-1.0.jar
a033b000-a0340000 r--s 00039000 08:01 324387     /home/sniporbob/.m2/repository/org/codehaus/plexus/plexus-utils/1.5.6/plexus-utils-1.5.6.jar
a0340000-a0342000 r--s 00008000 08:01 324385     /home/sniporbob/.m2/repository/org/apache/maven/shared/maven-shared-io/1.1/maven-shared-io-1.1.jar
a0342000-a0344000 r--s 00008000 08:01 324386     /home/sniporbob/.m2/repository/org/apache/maven/shared/file-management/1.2.1/file-management-1.2.1.jar
a0344000-a0347000 r--s 0001b000 08:01 189018     /home/sniporbob/.m2/repository/junit/junit/3.8.1/junit-3.8.1.jar
a0347000-a0349000 r--s 00003000 08:01 187741     /home/sniporbob/.m2/repository/org/apache/maven/plugins/maven-clean-plugin/2.3/maven-clean-plugin-2.3.jar
a0349000-a034c000 ---p 00000000 00:00 0 
a034c000-a039a000 rw-p 00000000 00:00 0 
a039a000-a039e000 r--s 0002d000 08:01 316967     /usr/lib/jvm/jdk1.7.0_67/jre/lib/ext/sunjce_provider.jar
a039e000-a03a1000 r--s 00037000 08:01 316962     /usr/lib/jvm/jdk1.7.0_67/jre/lib/ext/sunpkcs11.jar
a03a1000-a03a4000 ---p 00000000 00:00 0 
a03a4000-a03f2000 rw-p 00000000 00:00 0 
a03f2000-a03f4000 r--s 005ea000 08:01 188047     /home/sniporbob/.m2/repository/org/eclipse/tycho/tycho-standalone-p2-director/0.19.0/tycho-standalone-p2-director-0.19.0.zip
a03f4000-a03f6000 r--s 00005000 08:01 188038     /home/sniporbob/.m2/repository/org/eclipse/tycho/tycho-p2-director-plugin/0.19.0/tycho-p2-director-plugin-0.19.0.jar
a03f6000-a03f8000 r--s 00004000 08:01 188029     /home/sniporbob/.m2/repository/org/apache/maven/maven-archiver/2.5/maven-archiver-2.5.jar
a03f8000-a03fb000 r--s 00018000 08:01 187707     /home/sniporbob/.m2/repository/org/eclipse/tycho/tycho-packaging-plugin/0.19.0/tycho-packaging-plugin-0.19.0.jar
a03fb000-a0400000 r--s 00023000 08:01 187909     /home/sniporbob/.m2/repository/org/apache/maven/surefire/surefire-api/2.10/surefire-api-2.10.jar
a0400000-a0500000 rw-p 00000000 00:00 0 
a0500000-a0501000 r--s 00005000 08:01 189060     /home/sniporbob/.m2/repository/org/apache/maven/plugins/maven-install-plugin/2.3/maven-install-plugin-2.3.jar
a0501000-a0502000 r--s 00002000 08:01 188056     /home/sniporbob/.m2/repository/org/eclipse/tycho/tycho-p2-repository-plugin/0.19.0/tycho-p2-repository-plugin-0.19.0.jar
a0502000-a0504000 r--s 00004000 08:01 187993     /home/sniporbob/.m2/repository/org/eclipse/tycho/tycho-p2-publisher-plugin/0.19.0/tycho-p2-publisher-plugin-0.19.0.jar
a0504000-a0506000 r--s 0000b000 08:01 187904     /home/sniporbob/.m2/repository/org/eclipse/tycho/org.eclipse.tycho.surefire.junit47/0.19.0/org.eclipse.tycho.surefire.junit47-0.19.0.jar
a0506000-a0507000 r--s 00007000 08:01 187903     /home/sniporbob/.m2/repository/org/eclipse/tycho/org.eclipse.tycho.surefire.junit4/0.19.0/org.eclipse.tycho.surefire.junit4-0.19.0.jar
a0507000-a0509000 r--s 00005000 08:01 187902     /home/sniporbob/.m2/repository/org/eclipse/tycho/org.eclipse.tycho.surefire.junit/0.19.0/org.eclipse.tycho.surefire.junit-0.19.0.jar
a0509000-a050b000 r--s 0002c000 08:01 187901     /home/sniporbob/.m2/repository/org/eclipse/tycho/org.eclipse.tycho.surefire.osgibooter/0.19.0/org.eclipse.tycho.surefire.osgibooter-0.19.0.jar
a050b000-a050d000 r--s 00009000 08:01 187847     /home/sniporbob/.m2/repository/org/eclipse/tycho/tycho-surefire-plugin/0.19.0/tycho-surefire-plugin-0.19.0.jar
a050d000-a0510000 ---p 00000000 00:00 0 
a0510000-a055e000 rw-p 00000000 00:00 0 
a055e000-a0561000 ---p 00000000 00:00 0 
a0561000-a05af000 rw-p 00000000 00:00 0 
a05af000-a05b2000 ---p 00000000 00:00 0 
a05b2000-a0600000 rw-p 00000000 00:00 0 
a0600000-a0700000 rw-p 00000000 00:00 0 
a0700000-a0701000 r--s 00003000 08:01 316966     /usr/lib/jvm/jdk1.7.0_67/jre/lib/ext/sunec.jar
a0701000-a0706000 r--s 0004a000 08:01 187800     /home/sniporbob/.m2/repository/org/ow2/asm/asm-debug-all/4.0/asm-debug-all-4.0.jar
a0706000-a0708000 r--s 00003000 08:01 187797     /home/sniporbob/.m2/repository/org/eclipse/tycho/tycho-artifactcomparator/0.19.0/tycho-artifactcomparator-0.19.0.jar
a0708000-a0709000 r--s 00006000 08:01 187796     /home/sniporbob/.m2/repository/org/eclipse/tycho/sisu-equinox-launching/0.19.0/sisu-equinox-launching-0.19.0.jar
a0709000-a070a000 r--s 00005000 08:01 187759     /home/sniporbob/.m2/repository/org/eclipse/tycho/tycho-p2-plugin/0.19.0/tycho-p2-plugin-0.19.0.jar
a070a000-a0714000 r--s 00251000 08:01 181067     /usr/lib/jvm/jdk1.7.0_67/jre/lib/resources.jar
a0714000-a0715000 r--s 00001000 08:01 187635     /home/sniporbob/.m2/repository/org/eclipse/tycho/tycho-bundles-external/0.19.0/eclipse/plugins/org.eclipse.core.runtime.compatibility.registry_3.5.200.v20130514-1256/runtime_registry_compatibility.jar
a0715000-a0717000 r--s 00007000 08:01 187664     /home/sniporbob/.m2/repository/org/eclipse/tycho/org.eclipse.tycho.p2.tools.impl/0.19.0/org.eclipse.tycho.p2.tools.impl-0.19.0.jar
a0717000-a071c000 r--s 0001d000 08:01 187658     /home/sniporbob/.m2/repository/org/eclipse/tycho/org.eclipse.tycho.p2.maven.repository/0.19.0/org.eclipse.tycho.p2.maven.repository-0.19.0.jar
a071c000-a0720000 r--s 00029000 08:01 187652     /home/sniporbob/.m2/repository/org/eclipse/tycho/org.eclipse.tycho.p2.resolver.impl/0.19.0/org.eclipse.tycho.p2.resolver.impl-0.19.0.jar
a0720000-a0722000 r--s 0000f000 08:01 187626     /home/sniporbob/.m2/repository/org/eclipse/tycho/tycho-bundles-external/0.19.0/eclipse/plugins/org.apache.commons.logging_1.1.1.v201101211721.jar
a0722000-a0726000 r--s 0001c000 08:01 187642     /home/sniporbob/.m2/repository/org/eclipse/tycho/tycho-bundles-external/0.19.0/eclipse/plugins/org.eclipse.ecf.provider.filetransfer_3.2.0.v20130604-1622.jar
a0726000-a072c000 r--s 00053000 08:01 187588     /home/sniporbob/.m2/repository/org/eclipse/tycho/tycho-bundles-external/0.19.0/eclipse/plugins/org.sat4j.core_2.3.5.v201308161310.jar
a072c000-a072f000 r--s 00013000 08:01 187645     /home/sniporbob/.m2/repository/org/eclipse/tycho/tycho-bundles-external/0.19.0/eclipse/plugins/org.eclipse.equinox.app_1.3.100.v20130327-1442.jar
a072f000-a0731000 r--s 00010000 08:01 187621     /home/sniporbob/.m2/repository/org/eclipse/tycho/tycho-bundles-external/0.19.0/eclipse/plugins/org.eclipse.core.net_1.2.200.v20130430-1352.jar
a0731000-a0734000 r--s 0000e000 08:01 187608     /home/sniporbob/.m2/repository/org/eclipse/tycho/tycho-bundles-external/0.19.0/eclipse/plugins/org.eclipse.equinox.p2.jarprocessor_1.0.300.v20130327-2119.jar
a0734000-a0737000 r--s 0000a000 08:01 187637     /home/sniporbob/.m2/repository/org/eclipse/tycho/tycho-bundles-external/0.19.0/eclipse/plugins/org.eclipse.ecf.filetransfer_5.0.0.v20130604-1622.jar
a0737000-a0739000 r--s 00015000 08:01 187598     /home/sniporbob/.m2/repository/org/eclipse/tycho/tycho-bundles-external/0.19.0/eclipse/plugins/org.eclipse.equinox.p2.updatesite_1.0.400.v20130515-2028.jar
a0739000-a073a000 r--s 00002000 08:01 187641     /home/sniporbob/.m2/repository/org/eclipse/tycho/tycho-bundles-external/0.19.0/eclipse/plugins/org.eclipse.ecf.provider.filetransfer.ssl_1.0.0.v20130604-1622.jar
a073a000-a073d000 r--s 00018000 08:01 187595     /home/sniporbob/.m2/repository/org/eclipse/tycho/tycho-bundles-external/0.19.0/eclipse/plugins/org.eclipse.equinox.security_1.2.0.v20130424-1801.jar
a073d000-a073f000 r--s 00005000 08:01 187647     /home/sniporbob/.m2/repository/org/eclipse/tycho/tycho-bundles-external/0.19.0/eclipse/plugins/org.eclipse.equinox.concurrent_1.1.0.v20130327-1442.jar
a073f000-a0742000 r--s 00017000 08:01 187611     /home/sniporbob/.m2/repository/org/eclipse/tycho/tycho-bundles-external/0.19.0/eclipse/plugins/org.eclipse.equinox.p2.director_2.3.0.v20130526-0335.jar
a0742000-a0743000 r--s 0000c000 08:01 187600     /home/sniporbob/.m2/repository/org/eclipse/tycho/tycho-bundles-external/0.19.0/eclipse/plugins/org.eclipse.equinox.p2.touchpoint.natives_1.1.100.v20130327-2119.jar
a0743000-a0746000 r--s 00012000 08:01 187591     /home/sniporbob/.m2/repository/org/eclipse/tycho/tycho-bundles-external/0.19.0/eclipse/plugins/org.eclipse.osgi.services_3.3.100.v20130513-1956.jar
a0746000-a0748000 r--s 00009000 08:01 187599     /home/sniporbob/.m2/repository/org/eclipse/tycho/tycho-bundles-external/0.19.0/eclipse/plugins/org.eclipse.equinox.p2.transport.ecf_1.1.0.v20130516-1858.jar
a0748000-a074b000 r--s 00014000 08:01 187644     /home/sniporbob/.m2/repository/org/eclipse/tycho/tycho-bundles-external/0.19.0/eclipse/plugins/org.eclipse.ecf_3.2.0.v20130604-1622.jar
a074b000-a074d000 r--s 00015000 08:01 187623     /home/sniporbob/.m2/repository/org/eclipse/tycho/tycho-bundles-external/0.19.0/eclipse/plugins/org.eclipse.core.contenttype_3.4.200.v20130326-1255.jar
a074d000-a0750000 r--s 0001d000 08:01 187601     /home/sniporbob/.m2/repository/org/eclipse/tycho/tycho-bundles-external/0.19.0/eclipse/plugins/org.eclipse.equinox.p2.touchpoint.eclipse_2.1.200.v20130327-2119.jar
a0750000-a0753000 r--s 00010000 08:01 187631     /home/sniporbob/.m2/repository/org/eclipse/tycho/tycho-bundles-external/0.19.0/eclipse/plugins/org.apache.commons.codec_1.4.0.v201209201156.jar
a0753000-a0758000 r--s 00037000 08:01 187587     /home/sniporbob/.m2/repository/org/eclipse/tycho/tycho-bundles-external/0.19.0/eclipse/plugins/org.sat4j.pb_2.3.5.v201308161310.jar
a0758000-a0759000 r--s 00003000 08:01 187639     /home/sniporbob/.m2/repository/org/eclipse/tycho/tycho-bundles-external/0.19.0/eclipse/plugins/org.eclipse.ecf.provider.filetransfer.httpclient4.ssl_1.0.0.v20130604-1622.jar
a0759000-a075d000 r--s 0001c000 08:01 187597     /home/sniporbob/.m2/repository/org/eclipse/tycho/tycho-bundles-external/0.19.0/eclipse/plugins/org.eclipse.equinox.preferences_3.5.100.v20130422-1538.jar
a075d000-a0760000 r--s 00030000 08:01 187605     /home/sniporbob/.m2/repository/org/eclipse/tycho/tycho-bundles-external/0.19.0/eclipse/plugins/org.eclipse.equinox.p2.publisher.eclipse_1.1.200.v20130516-1953.jar
a0760000-a0761000 r--s 00008000 08:01 187616     /home/sniporbob/.m2/repository/org/eclipse/tycho/tycho-bundles-external/0.19.0/eclipse/plugins/org.eclipse.equinox.frameworkadmin_2.0.100.v20130327-2119.jar
a0761000-a0768000 r--s 0004c000 08:01 187606     /home/sniporbob/.m2/repository/org/eclipse/tycho/tycho-bundles-external/0.19.0/eclipse/plugins/org.eclipse.equinox.p2.metadata_2.2.0.v20130523-1557.jar
a0768000-a076c000 r--s 0002d000 08:01 187610     /home/sniporbob/.m2/repository/org/eclipse/tycho/tycho-bundles-external/0.19.0/eclipse/plugins/org.eclipse.equinox.p2.engine_2.3.0.v20130526-2122.jar
a076c000-a0770000 r--s 0001c000 08:01 187602     /home/sniporbob/.m2/repository/org/eclipse/tycho/tycho-bundles-external/0.19.0/eclipse/plugins/org.eclipse.equinox.p2.repository_2.3.0.v20130412-2032.jar
a0770000-a077a000 r--s 00074000 08:01 187625     /home/sniporbob/.m2/repository/org/eclipse/tycho/tycho-bundles-external/0.19.0/eclipse/plugins/org.apache.httpcomponents.httpclient_4.1.3.v201209201135.jar
a077a000-a077c000 r--s 00015000 08:01 187622     /home/sniporbob/.m2/repository/org/eclipse/tycho/tycho-bundles-external/0.19.0/eclipse/plugins/org.eclipse.core.jobs_3.5.300.v20130429-1813.jar
a077c000-a077f000 r--s 0002d000 08:01 187648     /home/sniporbob/.m2/repository/org/eclipse/tycho/tycho-bundles-external/0.19.0/eclipse/plugins/org.eclipse.equinox.ds_1.4.101.v20130813-1853.jar
a077f000-a0781000 r--s 0000e000 08:01 187649     /home/sniporbob/.m2/repository/org/eclipse/tycho/tycho-bundles-external/0.19.0/eclipse/plugins/org.eclipse.equinox.frameworkadmin.equinox_1.0.500.v20130327-2119.jar
a0781000-a0783000 r--s 00005000 08:01 187594     /home/sniporbob/.m2/repository/org/eclipse/tycho/tycho-bundles-external/0.19.0/eclipse/plugins/org.eclipse.equinox.simpleconfigurator.manipulator_2.0.0.v20130327-2119.jar
a0783000-a0786000 r--s 0002a000 08:01 187596     /home/sniporbob/.m2/repository/org/eclipse/tycho/tycho-bundles-external/0.19.0/eclipse/plugins/org.eclipse.equinox.registry_3.5.301.v20130717-1549.jar
a0786000-a0788000 r--s 00010000 08:01 187636     /home/sniporbob/.m2/repository/org/eclipse/tycho/tycho-bundles-external/0.19.0/eclipse/plugins/org.eclipse.core.runtime_3.9.0.v20130326-1255.jar
a0788000-a078a000 r--s 0000c000 08:01 187638     /home/sniporbob/.m2/repository/org/eclipse/tycho/tycho-bundles-external/0.19.0/eclipse/plugins/org.eclipse.ecf.identity_3.2.0.v20130604-1622.jar
a078a000-a078d000 r--s 00018000 08:01 187604     /home/sniporbob/.m2/repository/org/eclipse/tycho/tycho-bundles-external/0.19.0/eclipse/plugins/org.eclipse.equinox.p2.publisher_1.3.0.v20130509-0110.jar
a078d000-a0790000 r--s 00011000 08:01 187592     /home/sniporbob/.m2/repository/org/eclipse/tycho/tycho-bundles-external/0.19.0/eclipse/plugins/org.eclipse.equinox.util_1.0.500.v20130404-1337.jar
a0790000-a0792000 r--s 0000a000 08:01 187612     /home/sniporbob/.m2/repository/org/eclipse/tycho/tycho-bundles-external/0.19.0/eclipse/plugins/org.eclipse.equinox.p2.director.app_1.0.300.v20130819-1621.jar
a0792000-a0796000 r--s 00035000 08:01 187603     /home/sniporbob/.m2/repository/org/eclipse/tycho/tycho-bundles-external/0.19.0/eclipse/plugins/org.eclipse.equinox.p2.repository.tools_2.1.0.v20130327-2119.jar
a0796000-a0799000 r--s 00018000 08:01 187646     /home/sniporbob/.m2/repository/org/eclipse/tycho/tycho-bundles-external/0.19.0/eclipse/plugins/org.eclipse.equinox.common_3.6.200.v20130402-1505.jar
a0799000-a079b000 r--s 0000b000 08:01 187615     /home/sniporbob/.m2/repository/org/eclipse/tycho/tycho-bundles-external/0.19.0/eclipse/plugins/org.eclipse.equinox.launcher_1.3.0.v20130327-1440.jar
a079b000-a079d000 r--s 00000000 08:01 187589     /home/sniporbob/.m2/repository/org/eclipse/tycho/tycho-bundles-external/0.19.0/eclipse/plugins/org.eclipse.tycho.noopsecurity_0.19.0.jar
a079d000-a079f000 r--s 00005000 08:01 187609     /home/sniporbob/.m2/repository/org/eclipse/tycho/tycho-bundles-external/0.19.0/eclipse/plugins/org.eclipse.equinox.p2.garbagecollector_1.0.200.v20130327-2119.jar
a079f000-a07a3000 r--s 0001e000 08:01 187614     /home/sniporbob/.m2/repository/org/eclipse/tycho/tycho-bundles-external/0.19.0/eclipse/plugins/org.eclipse.equinox.p2.artifact.repository_1.1.200.v20130515-2028.jar
a07a3000-a07a4000 r--s 00009000 08:01 187593     /home/sniporbob/.m2/repository/org/eclipse/tycho/tycho-bundles-external/0.19.0/eclipse/plugins/org.eclipse.equinox.simpleconfigurator_1.0.400.v20130327-2119.jar
a07a4000-a07a7000 r--s 0000f000 08:01 187640     /home/sniporbob/.m2/repository/org/eclipse/tycho/tycho-bundles-external/0.19.0/eclipse/plugins/org.eclipse.ecf.provider.filetransfer.httpclient4_1.0.300.v20130604-1622.jar
a07a7000-a07ac000 r--s 0002e000 08:01 187624     /home/sniporbob/.m2/repository/org/eclipse/tycho/tycho-bundles-external/0.19.0/eclipse/plugins/org.apache.httpcomponents.httpcore_4.1.4.v201203221030.jar
a07ac000-a07af000 r--s 00019000 08:01 187607     /home/sniporbob/.m2/repository/org/eclipse/tycho/tycho-bundles-external/0.19.0/eclipse/plugins/org.eclipse.equinox.p2.metadata.repository_1.2.100.v20130327-2119.jar
a07af000-a07b2000 ---p 00000000 00:00 0 
a07b2000-a0800000 rw-p 00000000 00:00 0 
a0800000-a0a00000 rw-p 00000000 00:00 0 
a0a00000-a0b00000 rw-p 00000000 00:00 0 
a0b00000-a0b03000 ---p 00000000 00:00 0 
a0b03000-a0b51000 rw-p 00000000 00:00 0 
a0b51000-a0b54000 ---p 00000000 00:00 0 
a0b54000-a0ba2000 rw-p 00000000 00:00 0 
a0ba2000-a0ba5000 r--s 0000f000 08:01 187613     /home/sniporbob/.m2/repository/org/eclipse/tycho/tycho-bundles-external/0.19.0/eclipse/plugins/org.eclipse.equinox.p2.core_2.3.0.v20130327-2119.jar
a0ba5000-a0ba8000 ---p 00000000 00:00 0 
a0ba8000-a0bf6000 rw-p 00000000 00:00 0 
a0bf6000-a0bf8000 r--s 00019000 08:01 181063     /usr/lib/jvm/jdk1.7.0_67/jre/lib/jce.jar
a0bf8000-a0bfa000 r--s 00003000 08:01 187518     /home/sniporbob/.m2/repository/org/eclipse/tycho/org.eclipse.tycho.p2.tools.shared/0.19.0/org.eclipse.tycho.p2.tools.shared-0.19.0.jar
a0bfa000-a0bfc000 r--s 00005000 08:01 187517     /home/sniporbob/.m2/repository/org/eclipse/tycho/org.eclipse.tycho.p2.resolver.shared/0.19.0/org.eclipse.tycho.p2.resolver.shared-0.19.0.jar
a0bfc000-a0bfe000 r--s 00000000 08:01 187536     /home/sniporbob/.m2/repository/org/codehaus/plexus/plexus-component-annotations/1.5.5/plexus-component-annotations-1.5.5.jar
a0bfe000-a0c00000 r--s 00007000 08:01 187513     /home/sniporbob/.m2/repository/org/eclipse/tycho/tycho-p2-facade/0.19.0/tycho-p2-facade-0.19.0.jar
a0c00000-a0e00000 rw-p 00000000 00:00 0 
a0e00000-a0f00000 rw-p 00000000 00:00 0 
a0f00000-a0f01000 r--s 00003000 08:01 187643     /home/sniporbob/.m2/repository/org/eclipse/tycho/tycho-bundles-external/0.19.0/eclipse/plugins/org.eclipse.ecf.ssl_1.1.0.v20130604-1622.jar
a0f01000-a0f03000 r--s 00006000 08:01 187511     /home/sniporbob/.m2/repository/org/eclipse/tycho/org.eclipse.tycho.core.shared/0.19.0/org.eclipse.tycho.core.shared-0.19.0.jar
a0f03000-a0f04000 r--s 00001000 08:01 187509     /home/sniporbob/.m2/repository/org/eclipse/tycho/org.eclipse.tycho.embedder.shared/0.19.0/org.eclipse.tycho.embedder.shared-0.19.0.jar
a0f04000-a0f05000 r--s 00001000 08:01 187506     /home/sniporbob/.m2/repository/org/eclipse/tycho/tycho-embedder-api/0.19.0/tycho-embedder-api-0.19.0.jar
a0f05000-a0f08000 r--s 00019000 08:01 187508     /home/sniporbob/.m2/repository/de/pdark/decentxml/1.3/decentxml-1.3.jar
a0f08000-a0f0a000 r--s 00006000 08:01 187502     /home/sniporbob/.m2/repository/org/eclipse/tycho/tycho-metadata-model/0.19.0/tycho-metadata-model-0.19.0.jar
a0f0a000-a0f0b000 r--s 00000000 08:01 187501     /home/sniporbob/.m2/repository/org/eclipse/tycho/sisu-equinox-api/0.19.0/sisu-equinox-api-0.19.0.jar
a0f0b000-a0f0d000 r--s 00002000 08:01 187500     /home/sniporbob/.m2/repository/org/eclipse/tycho/sisu-equinox-embedder/0.19.0/sisu-equinox-embedder-0.19.0.jar
a0f0d000-a0f21000 r--s 00140000 08:01 187498     /home/sniporbob/.m2/repository/org/eclipse/tycho/org.eclipse.osgi/3.9.1.v20130814-1242/org.eclipse.osgi-3.9.1.v20130814-1242.jar
a0f21000-a0f24000 r--s 0000c000 08:01 187534     /home/sniporbob/.m2/repository/org/codehaus/plexus/plexus-io/2.0.5/plexus-io-2.0.5.jar
a0f24000-a0f29000 r--s 00029000 08:01 187533     /home/sniporbob/.m2/repository/org/codehaus/plexus/plexus-archiver/2.2/plexus-archiver-2.2.jar
a0f29000-a0f2d000 r--s 00035000 08:01 187531     /home/sniporbob/.m2/repository/org/codehaus/plexus/plexus-utils/3.0.7/plexus-utils-3.0.7.jar
a0f2d000-a0f2f000 r--s 00002000 08:01 187528     /home/sniporbob/.m2/repository/org/sonatype/plexus/plexus-cipher/1.7/plexus-cipher-1.7.jar
a0f2f000-a0f30000 r--s 00006000 08:01 187524     /home/sniporbob/.m2/repository/org/sonatype/plexus/plexus-sec-dispatcher/1.3/plexus-sec-dispatcher-1.3.jar
a0f30000-a0f32000 r--s 0000d000 08:01 187523     /home/sniporbob/.m2/repository/org/codehaus/plexus/plexus-interpolation/1.14/plexus-interpolation-1.14.jar
a0f32000-a0f3d000 r--s 00069000 08:01 187526     /home/sniporbob/.m2/repository/org/sonatype/sisu/sisu-guice/2.1.7/sisu-guice-2.1.7-noaop.jar
a0f3d000-a0f42000 r--s 00021000 08:01 187525     /home/sniporbob/.m2/repository/org/sonatype/sisu/sisu-inject-bean/1.4.2/sisu-inject-bean-1.4.2.jar
a0f42000-a0f46000 r--s 00017000 08:01 187522     /home/sniporbob/.m2/repository/org/sonatype/aether/aether-util/1.7/aether-util-1.7.jar
a0f46000-a0f4a000 r--s 00028000 08:01 187496     /home/sniporbob/.m2/repository/org/eclipse/tycho/tycho-core/0.19.0/tycho-core-0.19.0.jar
a0f4a000-a0f4c000 r--s 00000000 08:01 187497     /home/sniporbob/.m2/repository/org/eclipse/tycho/tycho-maven-plugin/0.19.0/tycho-maven-plugin-0.19.0.jar
a0f4c000-a0f4e000 r--s 00026000 08:01 186969     /home/sniporbob/.m2/repository/org/codehaus/plexus/plexus-utils/1.0.4/plexus-utils-1.0.4.jar
a0f4e000-a0f50000 r--s 00008000 08:01 186966     /home/sniporbob/.m2/repository/commons-logging/commons-logging/1.0.4/commons-logging-1.0.4.jar
a0f50000-a0f51000 r--s 00005000 08:01 186960     /home/sniporbob/.m2/repository/de/zeigermann/xml/xml-im-exporter/1.1/xml-im-exporter-1.1.jar
a0f51000-a0f54000 r--s 00023000 08:01 186958     /home/sniporbob/.m2/repository/jdom/jdom/1.0/jdom-1.0.jar
a0f54000-a0f59000 r--s 00033000 08:01 186949     /home/sniporbob/.m2/repository/commons-httpclient/commons-httpclient/2.0.2/commons-httpclient-2.0.2.jar
a0f59000-a0f5d000 r--s 00027000 08:01 186952     /home/sniporbob/.m2/repository/slide/slide-webdavlib/2.1/slide-webdavlib-2.1.jar
a0f5d000-a0f5f000 r--s 00003000 08:01 186943     /home/sniporbob/.m2/repository/org/apache/maven/wagon/wagon-webdav/1.0-beta-2/wagon-webdav-1.0-beta-2.jar
a0f5f000-a0f6a000 r--s 0037c000 08:01 181069     /usr/lib/jvm/jdk1.7.0_67/jre/lib/charsets.jar
a0f6a000-a0f6d000 ---p 00000000 00:00 0 
a0f6d000-a0f83000 rw-p 00000000 00:00 0 
a0f83000-a0f84000 r--p 00000000 00:00 0 
a0f84000-a0f88000 r--s 0008a000 08:01 181058     /usr/lib/jvm/jdk1.7.0_67/jre/lib/jsse.jar
a0f88000-a0f8b000 ---p 00000000 00:00 0 
a0f8b000-a0fd9000 rw-p 00000000 00:00 0 
a0fd9000-a0fdc000 r--s 00013000 08:01 35338      /usr/share/maven-repo/org/sonatype/aether/aether-api/1.13.1/aether-api-1.13.1.jar
a0fdc000-a0fdd000 r--s 00006000 08:01 34196      /usr/share/maven-repo/org/sonatype/plexus/plexus-sec-dispatcher/1.3.1/plexus-sec-dispatcher-1.3.1.jar
a0fdd000-a0fdf000 r--s 00008000 08:01 421642     /usr/share/maven/lib/maven-embedder-3.0.4.jar
a0fdf000-a0fe3000 r--s 0001c000 08:01 35321      /usr/share/maven-repo/org/sonatype/aether/aether-util/1.13.1/aether-util-1.13.1.jar
a0fe3000-a0fe4000 r--s 00001000 08:01 34815      /usr/share/java/wagon-http.jar
a0fe4000-a0fea000 r--s 0002c000 08:01 35267      /usr/share/java/sisu-inject-plexus.jar
a0fea000-a0fec000 r--s 00002000 08:01 34053      /usr/share/maven-repo/org/sonatype/plexus/plexus-cipher/1.5/plexus-cipher-1.5.jar
a0fec000-a0ff3000 r--s 00040000 08:01 35259      /usr/share/java/sisu-inject-bean.jar
a0ff3000-a0ff5000 r--s 00006000 08:01 35356      /usr/share/maven-repo/org/sonatype/aether/aether-connector-wagon/1.13.1/aether-connector-wagon-1.13.1.jar
a0ff5000-a0ffb000 r--s 00045000 08:01 34358      /usr/share/java/commons-httpclient-3.1.jar
a0ffb000-a1007000 r--s 0007c000 08:01 421640     /usr/share/maven/lib/maven-core-3.0.4.jar
a1007000-a100b000 r--s 00033000 08:01 35021      /usr/share/java/plexus-utils2-2.0.5.jar
a100b000-a100c000 ---p 00000000 00:00 0 
a100c000-a108c000 rw-p 00000000 00:00 0 
a108c000-a108f000 ---p 00000000 00:00 0 
a108f000-a10dd000 rw-p 00000000 00:00 0 
a10dd000-a10e0000 ---p 00000000 00:00 0 
a10e0000-a115e000 rw-p 00000000 00:00 0 
a115e000-a1161000 ---p 00000000 00:00 0 
a1161000-a11af000 rw-p 00000000 00:00 0 
a11af000-a13af000 r--p 00000000 08:01 140016     /usr/lib/locale/locale-archive
a13af000-a13b2000 ---p 00000000 00:00 0 
a13b2000-a1400000 rw-p 00000000 00:00 0 
a1400000-a1500000 rw-p 00000000 00:00 0 
a1500000-a1506000 r--s 0003e000 08:01 421638     /usr/share/maven/lib/maven-compat-3.0.4.jar
a1506000-a1508000 r--s 00007000 08:01 26777      /usr/share/java/commons-cli-1.2.jar
a1508000-a150c000 r--s 00020000 08:01 421644     /usr/share/maven/lib/maven-model-builder-3.0.4.jar
a150c000-a150d000 r--s 00001000 08:01 34811      /usr/share/java/wagon-file.jar
a150d000-a1524000 r--s 000de000 08:01 35067      /usr/share/java/guava-r09.jar
a1524000-a1527000 ---p 00000000 00:00 0 
a1527000-a1575000 rw-p 00000000 00:00 0 
a1575000-a1576000 ---p 00000000 00:00 0 
a1576000-a1641000 rw-p 00000000 00:00 0 
a1641000-a1800000 r--s 039e5000 08:01 180825     /usr/lib/jvm/jdk1.7.0_67/jre/lib/rt.jar
a1800000-a6c00000 rw-p 00000000 00:00 0 
a6c00000-b1400000 rw-p 00000000 00:00 0 
b1400000-b3e80000 rw-p 00000000 00:00 0 
b3e80000-b5400000 rw-p 00000000 00:00 0 
b5400000-b5402000 r--s 0000a000 08:01 34809      /usr/share/java/wagon-provider-api.jar
b5402000-b5404000 r--s 00000000 08:01 35024      /usr/share/java/plexus-component-annotations-1.5-1.5.5.jar
b5404000-b5410000 r--s 00082000 08:01 35101      /usr/share/maven-repo/org/sonatype/sisu/sisu-guice/3.1.0/sisu-guice-3.1.0.jar
b5410000-b5481000 rw-p 00000000 00:00 0 
b5481000-b548c000 rw-p 00000000 00:00 0 
b548c000-b54e1000 rw-p 00000000 00:00 0 
b54e1000-b550b000 rw-p 00000000 00:00 0 
b550b000-b555f000 rw-p 00000000 00:00 0 
b555f000-b5575000 rw-p 00000000 00:00 0 
b5575000-b557f000 rw-p 00000000 00:00 0 
b557f000-b55cb000 rw-p 00000000 00:00 0 
b55cb000-b5600000 rw-p 00000000 00:00 0 
b5600000-b68c0000 rwxp 00000000 00:00 0 
b68c0000-b7700000 rw-p 00000000 00:00 0 
b7700000-b7702000 r--s 0000b000 08:01 406913     /usr/share/maven-repo/org/codehaus/plexus/plexus-interpolation/1.11/plexus-interpolation-1.11.jar
b7702000-b7704000 r--s 00009000 08:01 421654     /usr/share/maven/lib/maven-settings-3.0.4.jar
b7704000-b7707000 r--s 0001d000 08:01 35350      /usr/share/maven-repo/org/sonatype/aether/aether-impl/1.13.1/aether-impl-1.13.1.jar
b7707000-b7709000 r--s 00007000 08:01 421652     /usr/share/maven/lib/maven-settings-builder-3.0.4.jar
b7709000-b770b000 r--s 00005000 08:01 421650     /usr/share/maven/lib/maven-repository-metadata-3.0.4.jar
b770b000-b770d000 r--s 00003000 08:01 26779      /usr/share/java/jsr305-0.1~+svn49.jar
b770d000-b770e000 r--s 00003000 08:01 35333      /usr/share/maven-repo/org/sonatype/aether/aether-spi/1.13.1/aether-spi-1.13.1.jar
b770e000-b7710000 r--s 0000a000 08:01 421636     /usr/share/maven/lib/maven-artifact-3.0.4.jar
b7710000-b7713000 r--s 00011000 08:01 26804      /usr/share/java/commons-codec-1.5.jar
b7713000-b7715000 r--s 00025000 08:01 421646     /usr/share/maven/lib/maven-model-3.0.4.jar
b7715000-b7717000 r--s 0000b000 08:01 421634     /usr/share/maven/lib/maven-aether-provider-3.0.4.jar
b7717000-b7719000 r--s 0000c000 08:01 26641      /usr/share/java/commons-logging-1.1.1.jar
b7719000-b771c000 ---p 00000000 00:00 0 
b771c000-b776c000 rw-p 00000000 00:00 0 
b776c000-b776d000 r--s 00004000 08:01 34813      /usr/share/java/wagon-http-shared.jar
b776d000-b776f000 r--s 00009000 08:01 421648     /usr/share/maven/lib/maven-plugin-api-3.0.4.jar
b776f000-b7771000 r--s 0000a000 08:01 26757      /usr/share/java/plexus-classworlds2-2.4.jar
b7771000-b7772000 r--p 005e0000 08:01 140016     /usr/lib/locale/locale-archive
b7772000-b777a000 rw-s 00000000 08:01 524302     /tmp/hsperfdata_sniporbob/2470
b777a000-b777b000 rw-p 00000000 00:00 0 
b777b000-b777c000 ---p 00000000 00:00 0 
b777c000-b777e000 rw-p 00000000 00:00 0 
bfba2000-bfba3000 rwxp 00000000 00:00 0 
bfbd5000-bfbf6000 rw-p 00000000 00:00 0          [stack]

VM Arguments:
jvm_args: -Dclassworlds.conf=/usr/share/maven/bin/m2.conf -Dmaven.home=/usr/share/maven 
java_command: org.codehaus.plexus.classworlds.launcher.Launcher clean install -DskipTests
Launcher Type: SUN_STANDARD

Environment Variables:
JAVA_HOME=/usr/lib/jvm/jdk1.7.0_67
PATH=/usr/lib/lightdm/lightdm:/usr/local/sbin:/usr/local/bin:/usr/sbin:/usr/bin:/sbin:/bin:/usr/games
SHELL=/bin/bash
DISPLAY=:0

Signal Handlers:
SIGSEGV: [libjvm.so+0x50e2d0], sa_mask[0]=0x7ffbfeff, sa_flags=0x10000004
SIGBUS: [libjvm.so+0x50e2d0], sa_mask[0]=0x7ffbfeff, sa_flags=0x10000004
SIGFPE: [libjvm.so+0x404e80], sa_mask[0]=0x7ffbfeff, sa_flags=0x10000004
SIGPIPE: [libjvm.so+0x404e80], sa_mask[0]=0x7ffbfeff, sa_flags=0x10000004
SIGXFSZ: [libjvm.so+0x404e80], sa_mask[0]=0x7ffbfeff, sa_flags=0x10000004
SIGILL: [libjvm.so+0x404e80], sa_mask[0]=0x7ffbfeff, sa_flags=0x10000004
SIGUSR1: SIG_DFL, sa_mask[0]=0x00000000, sa_flags=0x00000000
SIGUSR2: [libjvm.so+0x406680], sa_mask[0]=0x00000000, sa_flags=0x10000004
SIGHUP: [libjvm.so+0x407980], sa_mask[0]=0x7ffbfeff, sa_flags=0x10000004
SIGINT: [libjvm.so+0x407980], sa_mask[0]=0x7ffbfeff, sa_flags=0x10000004
SIGTERM: [libjvm.so+0x407980], sa_mask[0]=0x7ffbfeff, sa_flags=0x10000004
SIGQUIT: [libjvm.so+0x407980], sa_mask[0]=0x7ffbfeff, sa_flags=0x10000004


---------------  S Y S T E M  ---------------

OS:wheezy/sid

uname:Linux 3.2.0-67-generic-pae #101-Ubuntu SMP Tue Jul 15 18:04:54 UTC 2014 i686
libc:glibc 2.15 NPTL 2.15 
rlimit: STACK 8192k, CORE 0k, NPROC 7895, NOFILE 4096, AS infinity
load average:2.04 1.34 0.88

/proc/meminfo:
MemTotal:        1025236 kB
MemFree:          250444 kB
Buffers:           17068 kB
Cached:           167732 kB
SwapCached:            0 kB
Active:           629464 kB
Inactive:          98796 kB
Active(anon):     544204 kB
Inactive(anon):     3344 kB
Active(file):      85260 kB
Inactive(file):    95452 kB
Unevictable:           0 kB
Mlocked:               0 kB
HighTotal:        135112 kB
HighFree:           1792 kB
LowTotal:         890124 kB
LowFree:          248652 kB
SwapTotal:             0 kB
SwapFree:              0 kB
Dirty:               720 kB
Writeback:             0 kB
AnonPages:        543472 kB
Mapped:            29404 kB
Shmem:              4036 kB
Slab:              27224 kB
SReclaimable:      16660 kB
SUnreclaim:        10564 kB
KernelStack:        2592 kB
PageTables:         9328 kB
NFS_Unstable:          0 kB
Bounce:                0 kB
WritebackTmp:          0 kB
CommitLimit:      512616 kB
Committed_AS:    2074180 kB
VmallocTotal:     122880 kB
VmallocUsed:        3228 kB
VmallocChunk:     118136 kB
HardwareCorrupted:     0 kB
AnonHugePages:         0 kB
HugePages_Total:       0
HugePages_Free:        0
HugePages_Rsvd:        0
HugePages_Surp:        0
Hugepagesize:       2048 kB
DirectMap4k:       20472 kB
DirectMap2M:      892928 kB


CPU:total 1 (4 cores per cpu, 2 threads per core) family 6 model 26 stepping 5, cmov, cx8, fxsr, mmx, sse, sse2, sse3, ssse3, sse4.1, sse4.2, popcnt, ht, tsc, tscinvbit, tscinv

/proc/cpuinfo:
processor	: 0
vendor_id	: GenuineIntel
cpu family	: 6
model		: 26
model name	: Intel(R) Core(TM) i7 CPU         950  @ 3.07GHz
stepping	: 5
cpu MHz		: 3762.492
cache size	: 6144 KB
fdiv_bug	: no
hlt_bug		: no
f00f_bug	: no
coma_bug	: no
fpu		: yes
fpu_exception	: yes
cpuid level	: 5
wp		: yes
flags		: fpu vme de pse tsc msr pae mce cx8 apic mtrr pge mca cmov pat pse36 clflush mmx fxsr sse sse2 rdtscp constant_tsc up pni monitor ssse3
bogomips	: 7524.98
clflush size	: 64
cache_alignment	: 64
address sizes	: 36 bits physical, 48 bits virtual
power management:



Memory: 4k page, physical 1025236k(250444k free), swap 0k(0k free)

vm_info: Java HotSpot(TM) Client VM (24.65-b04) for linux-x86 JRE (1.7.0_67-b01), built on Jul 25 2014 08:57:40 by "java_re" with gcc 4.3.0 20080428 (Red Hat 4.3.0-8)

time: Fri Aug 15 00:03:13 2014
elapsed time: 365 seconds

