#
# A fatal error has been detected by the Java Runtime Environment:
#
#  SIGSEGV (0xb) at pc=0x010f46e7, pid=3350, tid=2235845440
#
# JRE version: Java(TM) SE Runtime Environment (7.0_67-b01) (build 1.7.0_67-b01)
# Java VM: Java HotSpot(TM) Client VM (24.65-b04 mixed mode linux-x86 )
# Problematic frame:
# V  [libjvm.so+0x27d6e7]  instanceKlass::oop_follow_contents(oopDesc*)+0x117
#
# Failed to write core dump. Core dumps have been disabled. To enable core dumping, try "ulimit -c unlimited" before starting Java again
#
# If you would like to submit a bug report, please visit:
#   http://bugreport.sun.com/bugreport/crash.jsp
#

---------------  T H R E A D  ---------------

Current thread (0xb7657800):  VMThread [stack: 0x853c4000,0x85445000] [id=3369]

siginfo:si_signo=SIGSEGV: si_errno=0, si_code=1 (SEGV_MAPERR), si_addr=0x00100000

Registers:
EAX=0x9265e058, EBX=0x00100000, ECX=0x00000005, EDX=0x00000002
ESP=0x85443850, EBP=0x85443878, ESI=0x9265e044, EDI=0x9550a048
EIP=0x010f46e7, EFLAGS=0x00010206, CR2=0x00100000

Top of Stack: (sp=0x85443850)
0x85443850:   b7657800 9550a050 9265e058 b7657a8c
0x85443860:   b7657dd4 9593d608 00000003 9265e038
0x85443870:   00001bf2 852ed020 854438d8 012206a1
0x85443880:   95509ed8 9265e038 00000005 00000005
0x85443890:   00000006 0115f8f6 85443918 010c2925
0x854438a0:   0000000b 85443a44 854438e0 8ac008a0
0x854438b0:   00000000 b760baf0 854438d8 01220e19
0x854438c0:   9540e740 8ac008a0 9540e738 01431e00 

Instructions: (pc=0x010f46e7)
0x010f46c7:   89 1c 90 a1 10 1d 43 01 40 a3 10 1d 43 01 83 c6
0x010f46d7:   04 39 75 e0 0f 86 c7 00 00 00 8b 1e 85 db 74 ee
0x010f46e7:   8b 03 83 e0 03 83 f8 03 74 e4 8b 13 c7 45 f0 03
0x010f46f7:   00 00 00 8b 45 f0 89 03 80 3d 55 71 41 01 00 74 

Register to memory mapping:

EAX=0x9265e058 is an oop
java.io.File 
 - klass: 'java/io/File'
EBX=0x00100000 is an unknown value
ECX=0x00000005 is an unknown value
EDX=0x00000002 is an unknown value
ESP=0x85443850 is an unknown value
EBP=0x85443878 is an unknown value
ESI=0x9265e044 is pointing into object: 0x9265e038
java.util.LinkedHashMap$Entry 
 - klass: 'java/util/LinkedHashMap$Entry'
EDI=0x9550a048 is pointing into object: 0x95509ed0
{instance class} 
 - klass: {other class}


Stack: [0x853c4000,0x85445000],  sp=0x85443850,  free space=510k
Native frames: (J=compiled Java code, j=interpreted, Vv=VM code, C=native code)
V  [libjvm.so+0x27d6e7]  instanceKlass::oop_follow_contents(oopDesc*)+0x117
V  [libjvm.so+0x3a96a1]  MarkSweep::follow_stack()+0x31
V  [libjvm.so+0x4e4207]  Universe::oops_do(OopClosure*, bool)+0x17
V  [libjvm.so+0x45b05a]  SharedHeap::process_strong_roots(bool, bool, SharedHeap::ScanningOption, OopClosure*, CodeBlobClosure*, OopsInGenClosure*, bool)+0x26a
V  [libjvm.so+0x24ec1c]  GenCollectedHeap::gen_process_strong_roots(int, bool, bool, bool, SharedHeap::ScanningOption, OopsInGenClosure*, bool, OopsInGenClosure*)+0x5c
V  [libjvm.so+0x251c00]  GenMarkSweep::mark_sweep_phase1(int, bool)+0x80
V  [libjvm.so+0x25229c]  GenMarkSweep::invoke_at_safepoint(int, ReferenceProcessor*, bool)+0x15c
V  [libjvm.so+0x25b079]  OneContigSpaceCardGeneration::collect(bool, bool, unsigned int, bool)+0xa9
V  [libjvm.so+0x250d2d]  GenCollectedHeap::do_collection(bool, bool, unsigned int, bool, int)+0x48d
V  [libjvm.so+0x191682]  GenCollectorPolicy::satisfy_failed_allocation(unsigned int, bool)+0x182
V  [libjvm.so+0x50e974]  VM_GenCollectForAllocation::doit()+0x74
V  [libjvm.so+0x5177f7]  VM_Operation::evaluate()+0x47
V  [libjvm.so+0x515893]  VMThread::evaluate_operation(VM_Operation*)+0xb3
V  [libjvm.so+0x515c30]  VMThread::loop()+0x1b0
V  [libjvm.so+0x516095]  VMThread::run()+0x85
V  [libjvm.so+0x40a5a9]  java_start(Thread*)+0x119
C  [libpthread.so.0+0x6d4c]  start_thread+0xcc

VM_Operation (0xb778e4f0): GenCollectForAllocation, mode: safepoint, requested by thread 0xb7607400


---------------  P R O C E S S  ---------------

Java Threads: ( => current thread )
  0x8220a800 JavaThread "process reaper" daemon [_thread_blocked, id=3669, stack(0x84e22000,0x84e3b000)]
  0x836b3c00 JavaThread "com.google.inject.internal.util.$Finalizer" daemon [_thread_blocked, id=3533, stack(0x83faf000,0x84000000)]
  0x83d81000 JavaThread "resolver-5" daemon [_thread_blocked, id=3395, stack(0x83bbc000,0x83c0d000)]
  0x83d80400 JavaThread "resolver-4" daemon [_thread_blocked, id=3394, stack(0x83c0d000,0x83c5e000)]
  0x83d8b400 JavaThread "resolver-3" daemon [_thread_blocked, id=3393, stack(0x83c5e000,0x83caf000)]
  0x83d8cc00 JavaThread "resolver-2" daemon [_thread_blocked, id=3392, stack(0x847af000,0x84800000)]
  0x85245400 JavaThread "Worker-2" [_thread_blocked, id=3391, stack(0x83caf000,0x83d00000)]
  0x83e8d000 JavaThread "Worker-1" [_thread_blocked, id=3390, stack(0x83f0d000,0x83f5e000)]
  0x83e79800 JavaThread "Provisioning Event Dispatcher" daemon [_thread_blocked, id=3389, stack(0x83f5e000,0x83faf000)]
  0x841cc400 JavaThread "resolver-1" daemon [_thread_blocked, id=3387, stack(0x8430a000,0x8435b000)]
  0x84253800 JavaThread "Worker-JM" [_thread_blocked, id=3386, stack(0x8435e000,0x843af000)]
  0x84472800 JavaThread "[ThreadPool Manager] - Idle Thread" [_thread_blocked, id=3385, stack(0x843af000,0x84400000)]
  0x84869c00 JavaThread "[Timer] - Main Queue Handler" [_thread_blocked, id=3384, stack(0x8452b000,0x8457c000)]
  0x84670400 JavaThread "Start Level Event Dispatcher" daemon [_thread_blocked, id=3382, stack(0x8470d000,0x8475e000)]
  0x8466f000 JavaThread "Framework Event Dispatcher" daemon [_thread_blocked, id=3381, stack(0x8475e000,0x847af000)]
  0x8463e400 JavaThread "Framework Active Thread" [_thread_blocked, id=3379, stack(0x84c0d000,0x84c5e000)]
  0x84b06800 JavaThread "com.google.common.base.internal.Finalizer" daemon [_thread_blocked, id=3376, stack(0x84caf000,0x84d00000)]
  0xb766f000 JavaThread "Service Thread" daemon [_thread_blocked, id=3374, stack(0x84edd000,0x84f2e000)]
  0xb766d000 JavaThread "C1 CompilerThread0" daemon [_thread_blocked, id=3373, stack(0x84f2e000,0x84faf000)]
  0xb766b800 JavaThread "Signal Dispatcher" daemon [_thread_blocked, id=3372, stack(0x84faf000,0x85000000)]
  0xb765b800 JavaThread "Finalizer" daemon [_thread_blocked, id=3371, stack(0x85322000,0x85373000)]
  0xb765a000 JavaThread "Reference Handler" daemon [_thread_blocked, id=3370, stack(0x85373000,0x853c4000)]
  0xb7607400 JavaThread "main" [_thread_blocked, id=3368, stack(0xb7740000,0xb7791000)]

Other Threads:
=>0xb7657800 VMThread [stack: 0x853c4000,0x85445000] [id=3369]
  0xb7671400 WatcherThread [stack: 0x84e5c000,0x84edd000] [id=3375]

VM state:at safepoint (normal execution)

VM Mutex/Monitor currently owned by a thread:  ([mutex/lock_event])
[0xb7604be0] Threads_lock - owner thread: 0xb7657800
[0xb7604ff0] Heap_lock - owner thread: 0xb7607400

Heap
 def new generation   total 77440K, used 77416K [0x85800000, 0x8ac00000, 0x8ac00000)
  eden space 68864K, 100% used [0x85800000, 0x89b40000, 0x89b40000)
  from space 8576K,  99% used [0x89b40000, 0x8a39a378, 0x8a3a0000)
  to   space 8576K,   0% used [0x8a3a0000, 0x8a3a0000, 0x8ac00000)
 tenured generation   total 172032K, used 172031K [0x8ac00000, 0x95400000, 0x95400000)
   the space 172032K,  99% used [0x8ac00000, 0x953ffed0, 0x95400000, 0x95400000)
 compacting perm gen  total 42240K, used 42057K [0x95400000, 0x97d40000, 0xb5400000)
   the space 42240K,  99% used [0x95400000, 0x97d12758, 0x97d12800, 0x97d40000)
No shared spaces configured.

Card table byte_map: [0xb5401000,0xb5580000] byte_map_base: 0xb4fd5000

Polling page: 0xb77a2000

Code Cache  [0xb5600000, 0xb6910000, 0xb7600000)
 total_blobs=9380 nmethods=9186 adapters=128 free_code_cache=13269Kb largest_free_block=13570496

Compilation events (10 events):
Event: 493.142 Thread 0xb766d000 9383             org.eclipse.jdt.internal.compiler.problem.ProblemReporter::handle (41 bytes)
Event: 493.142 Thread 0xb766d000 nmethod 9383 0xb6909ec8 code [0xb6909fe0, 0xb690a130]
Event: 493.145 Thread 0xb766d000 9384   !         org.eclipse.jdt.internal.compiler.problem.ProblemHandler::handle (358 bytes)
Event: 493.146 Thread 0xb766d000 nmethod 9384 0xb690a248 code [0xb690a460, 0xb690abec]
Event: 493.147 Thread 0xb766d000 9385             org.eclipse.jdt.internal.compiler.ast.AbstractMethodDeclaration::compilationResult (5 bytes)
Event: 493.147 Thread 0xb766d000 nmethod 9385 0xb690b808 code [0xb690b900, 0xb690b980]
Event: 493.656 Thread 0xb766d000 9386             org.eclipse.jdt.internal.compiler.flow.InsideSubRoutineFlowContext::recordReturnFrom (46 bytes)
Event: 493.656 Thread 0xb766d000 nmethod 9386 0xb690b9c8 code [0xb690bae0, 0xb690bc04]
Event: 493.658 Thread 0xb766d000 9387             org.eclipse.jdt.internal.compiler.flow.FinallyFlowContext::complainOnDeferredChecks (994 bytes)
Event: 493.660 Thread 0xb766d000 nmethod 9387 0xb690bd08 code [0xb690c160, 0xb690d188]

GC Heap History (10 events):
Event: 494.128 GC heap after
Heap after GC invocations=653 (full 201):
 def new generation   total 77440K, used 52745K [0x85800000, 0x8ac00000, 0x8ac00000)
  eden space 68864K,  76% used [0x85800000, 0x88b82520, 0x89b40000)
  from space 8576K,   0% used [0x89b40000, 0x89b40000, 0x8a3a0000)
  to   space 8576K,   0% used [0x8a3a0000, 0x8a3a0000, 0x8ac00000)
 tenured generation   total 172032K, used 172031K [0x8ac00000, 0x95400000, 0x95400000)
   the space 172032K,  99% used [0x8ac00000, 0x953fff20, 0x95400000, 0x95400000)
 compacting perm gen  total 42240K, used 42057K [0x95400000, 0x97d40000, 0xb5400000)
   the space 42240K,  99% used [0x95400000, 0x97d12758, 0x97d12800, 0x97d40000)
No shared spaces configured.
}
Event: 494.155 GC heap before
{Heap before GC invocations=653 (full 201):
 def new generation   total 77440K, used 77440K [0x85800000, 0x8ac00000, 0x8ac00000)
  eden space 68864K, 100% used [0x85800000, 0x89b40000, 0x89b40000)
  from space 8576K, 100% used [0x89b40000, 0x8a3a0000, 0x8a3a0000)
  to   space 8576K,   0% used [0x8a3a0000, 0x8a3a0000, 0x8ac00000)
 tenured generation   total 172032K, used 172031K [0x8ac00000, 0x95400000, 0x95400000)
   the space 172032K,  99% used [0x8ac00000, 0x953fffc8, 0x95400000, 0x95400000)
 compacting perm gen  total 42240K, used 42057K [0x95400000, 0x97d40000, 0xb5400000)
   the space 42240K,  99% used [0x95400000, 0x97d12758, 0x97d12800, 0x97d40000)
No shared spaces configured.
Event: 494.597 GC heap after
Heap after GC invocations=654 (full 202):
 def new generation   total 77440K, used 54291K [0x85800000, 0x8ac00000, 0x8ac00000)
  eden space 68864K,  78% used [0x85800000, 0x88d04fc8, 0x89b40000)
  from space 8576K,   0% used [0x89b40000, 0x89b40000, 0x8a3a0000)
  to   space 8576K,   0% used [0x8a3a0000, 0x8a3a0000, 0x8ac00000)
 tenured generation   total 172032K, used 172031K [0x8ac00000, 0x95400000, 0x95400000)
   the space 172032K,  99% used [0x8ac00000, 0x953fffc8, 0x95400000, 0x95400000)
 compacting perm gen  total 42240K, used 42057K [0x95400000, 0x97d40000, 0xb5400000)
   the space 42240K,  99% used [0x95400000, 0x97d12758, 0x97d12800, 0x97d40000)
No shared spaces configured.
}
Event: 494.979 GC heap before
{Heap before GC invocations=654 (full 202):
 def new generation   total 77440K, used 77439K [0x85800000, 0x8ac00000, 0x8ac00000)
  eden space 68864K, 100% used [0x85800000, 0x89b40000, 0x89b40000)
  from space 8576K,  99% used [0x89b40000, 0x8a39fde8, 0x8a3a0000)
  to   space 8576K,   0% used [0x8a3a0000, 0x8a3a0000, 0x8ac00000)
 tenured generation   total 172032K, used 172031K [0x8ac00000, 0x95400000, 0x95400000)
   the space 172032K,  99% used [0x8ac00000, 0x953fffc8, 0x95400000, 0x95400000)
 compacting perm gen  total 42240K, used 42057K [0x95400000, 0x97d40000, 0xb5400000)
   the space 42240K,  99% used [0x95400000, 0x97d12758, 0x97d12800, 0x97d40000)
No shared spaces configured.
Event: 495.402 GC heap after
Heap after GC invocations=655 (full 203):
 def new generation   total 77440K, used 32200K [0x85800000, 0x8ac00000, 0x8ac00000)
  eden space 68864K,  46% used [0x85800000, 0x87772060, 0x89b40000)
  from space 8576K,   0% used [0x89b40000, 0x89b40000, 0x8a3a0000)
  to   space 8576K,   0% used [0x8a3a0000, 0x8a3a0000, 0x8ac00000)
 tenured generation   total 172032K, used 172031K [0x8ac00000, 0x95400000, 0x95400000)
   the space 172032K,  99% used [0x8ac00000, 0x953fffc8, 0x95400000, 0x95400000)
 compacting perm gen  total 42240K, used 42057K [0x95400000, 0x97d40000, 0xb5400000)
   the space 42240K,  99% used [0x95400000, 0x97d12758, 0x97d12800, 0x97d40000)
No shared spaces configured.
}
Event: 495.862 GC heap before
{Heap before GC invocations=655 (full 203):
 def new generation   total 77440K, used 77439K [0x85800000, 0x8ac00000, 0x8ac00000)
  eden space 68864K, 100% used [0x85800000, 0x89b40000, 0x89b40000)
  from space 8576K,  99% used [0x89b40000, 0x8a39ffc8, 0x8a3a0000)
  to   space 8576K,   0% used [0x8a3a0000, 0x8a3a0000, 0x8ac00000)
 tenured generation   total 172032K, used 172031K [0x8ac00000, 0x95400000, 0x95400000)
   the space 172032K,  99% used [0x8ac00000, 0x953fffc8, 0x95400000, 0x95400000)
 compacting perm gen  total 42240K, used 42057K [0x95400000, 0x97d40000, 0xb5400000)
   the space 42240K,  99% used [0x95400000, 0x97d12758, 0x97d12800, 0x97d40000)
No shared spaces configured.
Event: 496.369 GC heap after
Heap after GC invocations=656 (full 204):
 def new generation   total 77440K, used 34470K [0x85800000, 0x8ac00000, 0x8ac00000)
  eden space 68864K,  50% used [0x85800000, 0x879a9a00, 0x89b40000)
  from space 8576K,   0% used [0x89b40000, 0x89b40000, 0x8a3a0000)
  to   space 8576K,   0% used [0x8a3a0000, 0x8a3a0000, 0x8ac00000)
 tenured generation   total 172032K, used 172031K [0x8ac00000, 0x95400000, 0x95400000)
   the space 172032K,  99% used [0x8ac00000, 0x953ffed0, 0x95400000, 0x95400000)
 compacting perm gen  total 42240K, used 42057K [0x95400000, 0x97d40000, 0xb5400000)
   the space 42240K,  99% used [0x95400000, 0x97d12758, 0x97d12800, 0x97d40000)
No shared spaces configured.
}
Event: 496.503 GC heap before
{Heap before GC invocations=656 (full 204):
 def new generation   total 77440K, used 77414K [0x85800000, 0x8ac00000, 0x8ac00000)
  eden space 68864K, 100% used [0x85800000, 0x89b40000, 0x89b40000)
  from space 8576K,  99% used [0x89b40000, 0x8a399b90, 0x8a3a0000)
  to   space 8576K,   0% used [0x8a3a0000, 0x8a3a0000, 0x8ac00000)
 tenured generation   total 172032K, used 172031K [0x8ac00000, 0x95400000, 0x95400000)
   the space 172032K,  99% used [0x8ac00000, 0x953ffed0, 0x95400000, 0x95400000)
 compacting perm gen  total 42240K, used 42057K [0x95400000, 0x97d40000, 0xb5400000)
   the space 42240K,  99% used [0x95400000, 0x97d12758, 0x97d12800, 0x97d40000)
No shared spaces configured.
Event: 496.922 GC heap after
Heap after GC invocations=657 (full 205):
 def new generation   total 77440K, used 39630K [0x85800000, 0x8ac00000, 0x8ac00000)
  eden space 68864K,  57% used [0x85800000, 0x87eb3890, 0x89b40000)
  from space 8576K,   0% used [0x89b40000, 0x89b40000, 0x8a3a0000)
  to   space 8576K,   0% used [0x8a3a0000, 0x8a3a0000, 0x8ac00000)
 tenured generation   total 172032K, used 172031K [0x8ac00000, 0x95400000, 0x95400000)
   the space 172032K,  99% used [0x8ac00000, 0x953ffed0, 0x95400000, 0x95400000)
 compacting perm gen  total 42240K, used 42057K [0x95400000, 0x97d40000, 0xb5400000)
   the space 42240K,  99% used [0x95400000, 0x97d12758, 0x97d12800, 0x97d40000)
No shared spaces configured.
}
Event: 496.996 GC heap before
{Heap before GC invocations=657 (full 205):
 def new generation   total 77440K, used 77416K [0x85800000, 0x8ac00000, 0x8ac00000)
  eden space 68864K, 100% used [0x85800000, 0x89b40000, 0x89b40000)
  from space 8576K,  99% used [0x89b40000, 0x8a39a378, 0x8a3a0000)
  to   space 8576K,   0% used [0x8a3a0000, 0x8a3a0000, 0x8ac00000)
 tenured generation   total 172032K, used 172031K [0x8ac00000, 0x95400000, 0x95400000)
   the space 172032K,  99% used [0x8ac00000, 0x953ffed0, 0x95400000, 0x95400000)
 compacting perm gen  total 42240K, used 42057K [0x95400000, 0x97d40000, 0xb5400000)
   the space 42240K,  99% used [0x95400000, 0x97d12758, 0x97d12800, 0x97d40000)
No shared spaces configured.

Deoptimization events (0 events):
No events

Internal exceptions (10 events):
Event: 496.964 Thread 0xb7607400 Threw 0x8a0505d8 at /HUDSON/workspace/7u-2-build-linux-i586/jdk7u67/1368/hotspot/src/share/vm/runtime/sharedRuntime.cpp:591
Event: 496.965 Thread 0xb7607400 Threw 0x8a053f68 at /HUDSON/workspace/7u-2-build-linux-i586/jdk7u67/1368/hotspot/src/share/vm/runtime/sharedRuntime.cpp:591
Event: 496.965 Thread 0xb7607400 Threw 0x8a056d20 at /HUDSON/workspace/7u-2-build-linux-i586/jdk7u67/1368/hotspot/src/share/vm/runtime/sharedRuntime.cpp:591
Event: 496.965 Thread 0xb7607400 Threw 0x8a059770 at /HUDSON/workspace/7u-2-build-linux-i586/jdk7u67/1368/hotspot/src/share/vm/runtime/sharedRuntime.cpp:591
Event: 496.966 Thread 0xb7607400 Threw 0x8a05f490 at /HUDSON/workspace/7u-2-build-linux-i586/jdk7u67/1368/hotspot/src/share/vm/runtime/sharedRuntime.cpp:591
Event: 496.966 Thread 0xb7607400 Threw 0x8a0627a8 at /HUDSON/workspace/7u-2-build-linux-i586/jdk7u67/1368/hotspot/src/share/vm/runtime/sharedRuntime.cpp:591
Event: 496.966 Thread 0xb7607400 Threw 0x8a066e88 at /HUDSON/workspace/7u-2-build-linux-i586/jdk7u67/1368/hotspot/src/share/vm/runtime/sharedRuntime.cpp:591
Event: 496.966 Thread 0xb7607400 Threw 0x8a06b470 at /HUDSON/workspace/7u-2-build-linux-i586/jdk7u67/1368/hotspot/src/share/vm/runtime/sharedRuntime.cpp:591
Event: 496.968 Thread 0xb7607400 Threw 0x8a085a98 at /HUDSON/workspace/7u-2-build-linux-i586/jdk7u67/1368/hotspot/src/share/vm/runtime/sharedRuntime.cpp:591
Event: 496.969 Thread 0xb7607400 Threw 0x8a0ac8d0 at /HUDSON/workspace/7u-2-build-linux-i586/jdk7u67/1368/hotspot/src/share/vm/runtime/sharedRuntime.cpp:591

Events (10 events):
Event: 495.852 Executing VM operation: RevokeBias
Event: 495.852 Thread 0x82555400 Thread added: 0x82555400
Event: 495.855 Executing VM operation: RevokeBias done
Event: 495.862 Executing VM operation: GenCollectForAllocation
Event: 496.370 Executing VM operation: GenCollectForAllocation done
Event: 496.400 Thread 0x82555400 Thread exited: 0x82555400
Event: 496.400 Thread 0x824f3800 Thread exited: 0x824f3800
Event: 496.503 Executing VM operation: GenCollectForAllocation
Event: 496.922 Executing VM operation: GenCollectForAllocation done
Event: 496.996 Executing VM operation: GenCollectForAllocation


Dynamic libraries:
00110000-00126000 r-xp 00000000 08:01 265885     /lib/i386-linux-gnu/libnsl-2.15.so
00126000-00127000 r--p 00015000 08:01 265885     /lib/i386-linux-gnu/libnsl-2.15.so
00127000-00128000 rw-p 00016000 08:01 265885     /lib/i386-linux-gnu/libnsl-2.15.so
00128000-0012a000 rw-p 00000000 00:00 0 
0012a000-00134000 r-xp 00000000 08:01 265895     /lib/i386-linux-gnu/libnss_nis-2.15.so
00134000-00135000 r--p 00009000 08:01 265895     /lib/i386-linux-gnu/libnss_nis-2.15.so
00135000-00136000 rw-p 0000a000 08:01 265895     /lib/i386-linux-gnu/libnss_nis-2.15.so
00136000-00169000 r-xp 00000000 08:01 181129     /usr/lib/jvm/jdk1.7.0_67/jre/lib/i386/libsunec.so
00169000-0016d000 rw-p 00032000 08:01 181129     /usr/lib/jvm/jdk1.7.0_67/jre/lib/i386/libsunec.so
0016d000-00171000 rw-p 00000000 00:00 0 
00171000-0018d000 r-xp 00000000 08:01 265861     /lib/i386-linux-gnu/libgcc_s.so.1
0018d000-0018e000 r--p 0001b000 08:01 265861     /lib/i386-linux-gnu/libgcc_s.so.1
0018e000-0018f000 rw-p 0001c000 08:01 265861     /lib/i386-linux-gnu/libgcc_s.so.1
0018f000-001a2000 r-xp 00000000 08:01 265924     /lib/i386-linux-gnu/libresolv-2.15.so
001a2000-001a3000 ---p 00013000 08:01 265924     /lib/i386-linux-gnu/libresolv-2.15.so
001a3000-001a4000 r--p 00013000 08:01 265924     /lib/i386-linux-gnu/libresolv-2.15.so
001a4000-001a5000 rw-p 00014000 08:01 265924     /lib/i386-linux-gnu/libresolv-2.15.so
001a5000-001a7000 rw-p 00000000 00:00 0 
0026a000-0026f000 r-xp 00000000 08:01 265889     /lib/i386-linux-gnu/libnss_dns-2.15.so
0026f000-00270000 r--p 00004000 08:01 265889     /lib/i386-linux-gnu/libnss_dns-2.15.so
00270000-00271000 rw-p 00005000 08:01 265889     /lib/i386-linux-gnu/libnss_dns-2.15.so
0027a000-0029a000 r-xp 00000000 08:01 265820     /lib/i386-linux-gnu/ld-2.15.so
0029a000-0029b000 r--p 0001f000 08:01 265820     /lib/i386-linux-gnu/ld-2.15.so
0029b000-0029c000 rw-p 00020000 08:01 265820     /lib/i386-linux-gnu/ld-2.15.so
0029c000-0043b000 r-xp 00000000 08:01 265840     /lib/i386-linux-gnu/libc-2.15.so
0043b000-0043d000 r--p 0019f000 08:01 265840     /lib/i386-linux-gnu/libc-2.15.so
0043d000-0043e000 rw-p 001a1000 08:01 265840     /lib/i386-linux-gnu/libc-2.15.so
0043e000-00441000 rw-p 00000000 00:00 0 
0046d000-00478000 r-xp 00000000 08:01 181168     /usr/lib/jvm/jdk1.7.0_67/jre/lib/i386/libverify.so
00478000-00479000 rw-p 0000b000 08:01 181168     /usr/lib/jvm/jdk1.7.0_67/jre/lib/i386/libverify.so
0054a000-0054c000 r-xp 00000000 08:01 264968     /lib/libnss_mdns4_minimal.so.2
0054c000-0054d000 r--p 00001000 08:01 264968     /lib/libnss_mdns4_minimal.so.2
0054d000-0054e000 rw-p 00002000 08:01 264968     /lib/libnss_mdns4_minimal.so.2
00694000-0069f000 r-xp 00000000 08:01 265891     /lib/i386-linux-gnu/libnss_files-2.15.so
0069f000-006a0000 r--p 0000a000 08:01 265891     /lib/i386-linux-gnu/libnss_files-2.15.so
006a0000-006a1000 rw-p 0000b000 08:01 265891     /lib/i386-linux-gnu/libnss_files-2.15.so
006c1000-006d8000 r-xp 00000000 08:01 181144     /usr/lib/jvm/jdk1.7.0_67/jre/lib/i386/libzip.so
006d8000-006d9000 rw-p 00017000 08:01 181144     /usr/lib/jvm/jdk1.7.0_67/jre/lib/i386/libzip.so
0091b000-00945000 r-xp 00000000 08:01 265872     /lib/i386-linux-gnu/libm-2.15.so
00945000-00946000 r--p 00029000 08:01 265872     /lib/i386-linux-gnu/libm-2.15.so
00946000-00947000 rw-p 0002a000 08:01 265872     /lib/i386-linux-gnu/libm-2.15.so
00995000-009a8000 r-xp 00000000 08:01 413180     /usr/lib/jvm/jdk1.7.0_67/lib/i386/jli/libjli.so
009a8000-009a9000 rw-p 00012000 08:01 413180     /usr/lib/jvm/jdk1.7.0_67/lib/i386/jli/libjli.so
009c9000-009d7000 r-xp 00000000 08:01 181124     /usr/lib/jvm/jdk1.7.0_67/jre/lib/i386/libnio.so
009d7000-009d8000 rw-p 0000e000 08:01 181124     /usr/lib/jvm/jdk1.7.0_67/jre/lib/i386/libnio.so
00a34000-00a49000 r-xp 00000000 08:01 181157     /usr/lib/jvm/jdk1.7.0_67/jre/lib/i386/libnet.so
00a49000-00a4a000 rw-p 00014000 08:01 181157     /usr/lib/jvm/jdk1.7.0_67/jre/lib/i386/libnet.so
00aa0000-00ab7000 r-xp 00000000 08:01 265920     /lib/i386-linux-gnu/libpthread-2.15.so
00ab7000-00ab8000 r--p 00016000 08:01 265920     /lib/i386-linux-gnu/libpthread-2.15.so
00ab8000-00ab9000 rw-p 00017000 08:01 265920     /lib/i386-linux-gnu/libpthread-2.15.so
00ab9000-00abb000 rw-p 00000000 00:00 0 
00ae2000-00b05000 r-xp 00000000 08:01 181114     /usr/lib/jvm/jdk1.7.0_67/jre/lib/i386/libjava.so
00b05000-00b06000 rw-p 00023000 08:01 181114     /usr/lib/jvm/jdk1.7.0_67/jre/lib/i386/libjava.so
00bdc000-00bdd000 r-xp 00000000 00:00 0          [vdso]
00cd7000-00cde000 r-xp 00000000 08:01 265926     /lib/i386-linux-gnu/librt-2.15.so
00cde000-00cdf000 r--p 00006000 08:01 265926     /lib/i386-linux-gnu/librt-2.15.so
00cdf000-00ce0000 rw-p 00007000 08:01 265926     /lib/i386-linux-gnu/librt-2.15.so
00d60000-00d67000 r-xp 00000000 08:01 265887     /lib/i386-linux-gnu/libnss_compat-2.15.so
00d67000-00d68000 r--p 00006000 08:01 265887     /lib/i386-linux-gnu/libnss_compat-2.15.so
00d68000-00d69000 rw-p 00007000 08:01 265887     /lib/i386-linux-gnu/libnss_compat-2.15.so
00e72000-00e75000 r-xp 00000000 08:01 265853     /lib/i386-linux-gnu/libdl-2.15.so
00e75000-00e76000 r--p 00002000 08:01 265853     /lib/i386-linux-gnu/libdl-2.15.so
00e76000-00e77000 rw-p 00003000 08:01 265853     /lib/i386-linux-gnu/libdl-2.15.so
00e77000-01408000 r-xp 00000000 08:01 181131     /usr/lib/jvm/jdk1.7.0_67/jre/lib/i386/client/libjvm.so
01408000-01429000 rw-p 00591000 08:01 181131     /usr/lib/jvm/jdk1.7.0_67/jre/lib/i386/client/libjvm.so
01429000-01849000 rw-p 00000000 00:00 0 
08048000-08049000 r-xp 00000000 08:01 316999     /usr/lib/jvm/jdk1.7.0_67/bin/java
08049000-0804a000 rw-p 00000000 08:01 316999     /usr/lib/jvm/jdk1.7.0_67/bin/java
09a8c000-0a334000 rw-p 00000000 00:00 0          [heap]
82000000-820ff000 rw-p 00000000 00:00 0 
820ff000-82100000 ---p 00000000 00:00 0 
82115000-82200000 rw-p 00000000 00:00 0 
82200000-822ff000 rw-p 00000000 00:00 0 
822ff000-82300000 ---p 00000000 00:00 0 
82304000-82306000 r--s 00001000 08:01 316961     /usr/lib/jvm/jdk1.7.0_67/jre/lib/ext/dnsns.jar
82306000-82307000 r--s 00010000 08:01 316965     /usr/lib/jvm/jdk1.7.0_67/jre/lib/ext/zipfs.jar
82307000-8230c000 r--s 0007d000 08:01 181169     /usr/lib/jvm/jdk1.7.0_67/jre/lib/jfr.jar
8230c000-8230e000 r--s 00006000 08:01 188455     /home/sniporbob/.m2/repository/p2/osgi/bundle/org.slf4j.log4j/1.7.2.v20130115-1340/org.slf4j.log4j-1.7.2.v20130115-1340.jar
8230e000-82312000 r--s 0001c000 08:01 321791     /home/sniporbob/.m2/repository/p2/osgi/bundle/org.eclipse.emf.ecore.edit/2.8.0.v20130125-0826/org.eclipse.emf.ecore.edit-2.8.0.v20130125-0826.jar
82312000-82315000 r--s 00016000 08:01 322163     /home/sniporbob/.m2/repository/p2/osgi/bundle/org.eclipse.emf.ecore.editor/2.8.0.v20130125-0826/org.eclipse.emf.ecore.editor-2.8.0.v20130125-0826.jar
82315000-8231e000 r--s 0002e000 08:01 322271     /home/sniporbob/.m2/repository/p2/osgi/bundle/org.eclipse.xtext.common.types.edit/2.3.1.v201208210947/org.eclipse.xtext.common.types.edit-2.3.1.v201208210947.jar
8231e000-82321000 r--s 00013000 08:01 188488     /home/sniporbob/.m2/repository/p2/osgi/bundle/org.eclipse.jdt.core.manipulation/1.5.0.v20120523-1543/org.eclipse.jdt.core.manipulation-1.5.0.v20120523-1543.jar
82321000-82324000 r--s 00017000 08:01 188521     /home/sniporbob/.m2/repository/p2/osgi/bundle/org.eclipse.ui.views.properties.tabbed/3.5.300.v20120912-132807/org.eclipse.ui.views.properties.tabbed-3.5.300.v20120912-132807.jar
82324000-82328000 r--s 0001a000 08:01 188515     /home/sniporbob/.m2/repository/p2/osgi/bundle/org.eclipse.ui.navigator.resources/3.4.400.v20120705-114010/org.eclipse.ui.navigator.resources-3.4.400.v20120705-114010.jar
82328000-8232c000 r--s 00024000 08:01 188326     /home/sniporbob/.m2/repository/p2/osgi/bundle/org.eclipse.ui.console/3.5.100.v20120521-2012/org.eclipse.ui.console-3.5.100.v20120521-2012.jar
8232c000-8235f000 r--s 0024c000 08:01 188323     /home/sniporbob/.m2/repository/p2/osgi/bundle/org.eclipse.debug.ui/3.8.2.v20130130-171415/org.eclipse.debug.ui-3.8.2.v20130130-171415.jar
8235f000-823f5000 r--s 00946000 08:01 188497     /home/sniporbob/.m2/repository/p2/osgi/bundle/org.eclipse.jdt.ui/3.8.2.v20130107-165834/org.eclipse.jdt.ui-3.8.2.v20130107-165834.jar
823f5000-823f7000 r--s 00006000 08:01 188452     /home/sniporbob/.m2/repository/p2/osgi/bundle/org.eclipse.emf.mwe2.lib/2.3.0.v201206110920/org.eclipse.emf.mwe2.lib-2.3.0.v201206110920.jar
823f7000-82400000 r--s 0005c000 08:01 188443     /home/sniporbob/.m2/repository/p2/osgi/bundle/org.eclipse.xtext.common.types/2.3.0.v201206120633/org.eclipse.xtext.common.types-2.3.0.v201206120633.jar
82400000-824fc000 rw-p 00000000 00:00 0 
824fc000-82500000 ---p 00000000 00:00 0 
82500000-825fa000 rw-p 00000000 00:00 0 
825fa000-82600000 ---p 00000000 00:00 0 
82602000-82603000 rw-p 00000000 00:00 0 
82603000-82607000 r--s 00024000 08:01 322252     /home/sniporbob/.m2/repository/p2/osgi/bundle/org.eclipse.xtext.common.types.ui/2.3.1.v201208210947/org.eclipse.xtext.common.types.ui-2.3.1.v201208210947.jar
82607000-8260d000 r--s 00045000 08:01 322237     /home/sniporbob/.m2/repository/p2/osgi/bundle/org.eclipse.xtext.builder/2.3.0.v201206120633/org.eclipse.xtext.builder-2.3.0.v201206120633.jar
8260d000-8260f000 r--s 00006000 08:01 322305     /home/sniporbob/.m2/repository/p2/osgi/bundle/org.eclipse.xtext.ui.shared/2.3.1.v201208210947/org.eclipse.xtext.ui.shared-2.3.1.v201208210947.jar
8260f000-82612000 r--s 00015000 08:01 188542     /home/sniporbob/.m2/repository/p2/osgi/bundle/org.eclipse.xtext.xbase.lib/2.3.0.v201206120633/org.eclipse.xtext.xbase.lib-2.3.0.v201206120633.jar
82612000-8262d000 r--s 00146000 08:01 188503     /home/sniporbob/.m2/repository/p2/osgi/bundle/org.eclipse.team.ui/3.6.201.v20130125-135424/org.eclipse.team.ui-3.6.201.v20130125-135424.jar
8262d000-8263b000 r--s 000a7000 08:01 188239     /home/sniporbob/.m2/repository/p2/osgi/bundle/org.eclipse.compare/3.5.301.v20130125-135424/org.eclipse.compare-3.5.301.v20130125-135424.jar
8263b000-82645000 r--s 0005a000 08:01 188512     /home/sniporbob/.m2/repository/p2/osgi/bundle/org.eclipse.ui.navigator/3.5.200.v20120705-114103/org.eclipse.ui.navigator-3.5.200.v20120705-114103.jar
82645000-8264f000 r--s 00066000 08:01 188509     /home/sniporbob/.m2/repository/p2/osgi/bundle/org.eclipse.ltk.ui.refactoring/3.7.0.v20120523-1543/org.eclipse.ltk.ui.refactoring-3.7.0.v20120523-1543.jar
8264f000-82656000 r--s 00049000 08:01 188491     /home/sniporbob/.m2/repository/p2/osgi/bundle/org.eclipse.ltk.core.refactoring/3.6.0.v20120523-1543/org.eclipse.ltk.core.refactoring-3.6.0.v20120523-1543.jar
82656000-8265f000 r--s 0006a000 08:01 188500     /home/sniporbob/.m2/repository/p2/osgi/bundle/org.eclipse.search/3.8.0.v20120523-1540/org.eclipse.search-3.8.0.v20120523-1540.jar
8265f000-82662000 r--s 0001d000 08:01 318569     /home/sniporbob/.m2/repository/p2/osgi/bundle/org.eclipse.emf.common.ui/2.7.0.v20130125-0826/org.eclipse.emf.common.ui-2.7.0.v20130125-0826.jar
82662000-82667000 r--s 0003c000 08:01 322114     /home/sniporbob/.m2/repository/p2/osgi/bundle/org.eclipse.emf.edit/2.8.0.v20130125-0826/org.eclipse.emf.edit-2.8.0.v20130125-0826.jar
82667000-8266b000 r--s 00027000 08:01 322215     /home/sniporbob/.m2/repository/p2/osgi/bundle/org.eclipse.emf.edit.ui/2.8.0.v20130125-0826/org.eclipse.emf.edit.ui-2.8.0.v20130125-0826.jar
8266b000-8266e000 r--s 00019000 08:01 188302     /home/sniporbob/.m2/repository/p2/osgi/bundle/org.eclipse.core.filebuffers/3.5.200.v20120523-1310/org.eclipse.core.filebuffers-3.5.200.v20120523-1310.jar
8266e000-82670000 r--s 0000e000 08:01 188272     /home/sniporbob/.m2/repository/p2/osgi/bundle/org.eclipse.compare.core/3.5.200.v20120522-1148/org.eclipse.compare.core-3.5.200.v20120522-1148.jar
82670000-8267b000 r--s 00084000 08:01 188257     /home/sniporbob/.m2/repository/p2/osgi/bundle/org.eclipse.ui.workbench.texteditor/3.8.0.v20120523-1310/org.eclipse.ui.workbench.texteditor-3.8.0.v20120523-1310.jar
8267b000-8267d000 r--s 00010000 08:01 188470     /home/sniporbob/.m2/repository/p2/osgi/bundle/org.eclipse.equinox.p2.core/2.2.0.v20120430-0525/org.eclipse.equinox.p2.core-2.2.0.v20120430-0525.jar
8267d000-82685000 r--s 0004c000 08:01 188476     /home/sniporbob/.m2/repository/p2/osgi/bundle/org.eclipse.equinox.p2.metadata/2.1.0.v20120430-2001/org.eclipse.equinox.p2.metadata-2.1.0.v20120430-2001.jar
82685000-82689000 r--s 0002d000 08:01 188473     /home/sniporbob/.m2/repository/p2/osgi/bundle/org.eclipse.equinox.p2.engine/2.2.0.v20130121-021919/org.eclipse.equinox.p2.engine-2.2.0.v20130121-021919.jar
82689000-8268e000 r--s 00045000 08:01 188269     /home/sniporbob/.m2/repository/p2/osgi/bundle/org.eclipse.ui.forms/3.5.200.v20120705-114351/org.eclipse.ui.forms-3.5.200.v20120705-114351.jar
8268e000-826a1000 r--s 000e0000 08:01 188248     /home/sniporbob/.m2/repository/p2/osgi/bundle/org.eclipse.jface.text/3.8.2.v20121126-164145/org.eclipse.jface.text-3.8.2.v20121126-164145.jar
826a1000-826a4000 r--s 00014000 08:01 188254     /home/sniporbob/.m2/repository/p2/osgi/bundle/org.eclipse.ui.views/3.6.100.v20120705-114010/org.eclipse.ui.views-3.6.100.v20120705-114010.jar
826a4000-826cc000 r--s 00219000 08:01 188251     /home/sniporbob/.m2/repository/p2/osgi/bundle/org.eclipse.ui.ide/3.8.2.v20121106-165923/org.eclipse.ui.ide-3.8.2.v20121106-165923.jar
826cc000-826d8000 r--s 00081000 08:01 188266     /home/sniporbob/.m2/repository/p2/osgi/bundle/org.eclipse.ui.editors/3.8.0.v20120523-1540/org.eclipse.ui.editors-3.8.0.v20120523-1540.jar
826d8000-826df000 r--s 0004a000 08:01 188392     /home/sniporbob/.m2/repository/p2/osgi/bundle/org.eclipse.e4.ui.workbench.renderers.swt/0.10.3.v20130124-170312/org.eclipse.e4.ui.workbench.renderers.swt-0.10.3.v20130124-170312.jar
826df000-826e3000 r--s 0001d000 08:01 188389     /home/sniporbob/.m2/repository/p2/osgi/bundle/org.eclipse.e4.ui.workbench.addons.swt/0.10.3.v20130124-185622/org.eclipse.e4.ui.workbench.addons.swt-0.10.3.v20130124-185622.jar
826e3000-826e5000 r--s 00007000 08:01 188407     /home/sniporbob/.m2/repository/p2/osgi/bundle/org.eclipse.equinox.event/1.2.200.v20120522-2049/org.eclipse.equinox.event-1.2.200.v20120522-2049.jar
826e5000-826e8000 r--s 0002d000 08:01 188404     /home/sniporbob/.m2/repository/p2/osgi/bundle/org.eclipse.equinox.ds/1.4.1.v20120926-201320/org.eclipse.equinox.ds-1.4.1.v20120926-201320.jar
826e8000-826e9000 r--s 00003000 08:01 188380     /home/sniporbob/.m2/repository/p2/osgi/bundle/org.eclipse.e4.ui.widgets/0.12.3.v20130123-162658/org.eclipse.e4.ui.widgets-0.12.3.v20130123-162658.jar
826e9000-826eb000 r--s 00005000 08:01 188362     /home/sniporbob/.m2/repository/p2/osgi/bundle/org.eclipse.e4.ui.css.swt.theme/0.9.4.v20130123-162658/org.eclipse.e4.ui.css.swt.theme-0.9.4.v20130123-162658.jar
826eb000-826ed000 r--s 0000a000 08:01 188347     /home/sniporbob/.m2/repository/p2/osgi/bundle/org.eclipse.e4.ui.bindings/0.10.3.v20130123-162658/org.eclipse.e4.ui.bindings-0.10.3.v20130123-162658.jar
826ed000-826f1000 r--s 00021000 08:01 188359     /home/sniporbob/.m2/repository/p2/osgi/bundle/org.eclipse.e4.ui.css.swt/0.10.3.v20130123-162658/org.eclipse.e4.ui.css.swt-0.10.3.v20130123-162658.jar
826f1000-826f6000 r--s 00011000 08:01 188215     /home/sniporbob/.m2/repository/p2/osgi/bundle/org.w3c.dom.svg/1.1.0.v201011041433/org.w3c.dom.svg-1.1.0.v201011041433.jar
826f6000-826fd000 r--s 00022000 08:01 188218     /home/sniporbob/.m2/repository/p2/osgi/bundle/org.apache.batik.util.gui/1.6.0.v201011041432/org.apache.batik.util.gui-1.6.0.v201011041432.jar
826fd000-82700000 r--s 00016000 08:01 188209     /home/sniporbob/.m2/repository/p2/osgi/bundle/org.apache.batik.util/1.6.0.v201011041432/org.apache.batik.util-1.6.0.v201011041432.jar
82700000-827fd000 rw-p 00000000 00:00 0 
827fd000-82800000 ---p 00000000 00:00 0 
82800000-828ff000 rw-p 00000000 00:00 0 
828ff000-82900000 ---p 00000000 00:00 0 
82900000-829ff000 rw-p 00000000 00:00 0 
829ff000-82a00000 ---p 00000000 00:00 0 
82a00000-82b00000 rw-p 00000000 00:00 0 
82b00000-82c00000 rw-p 00000000 00:00 0 
82c00000-82c01000 r--s 00002000 08:01 188401     /home/sniporbob/.m2/repository/p2/osgi/bundle/org.eclipse.e4.ui.workbench3/0.12.0.v20120521-2329/org.eclipse.e4.ui.workbench3-0.12.0.v20120521-2329.jar
82c01000-82c02000 r--s 00003000 08:01 188563     /home/sniporbob/.m2/repository/p2/osgi/bundle/org.w3c.dom.smil/1.0.0.v200806040011/org.w3c.dom.smil-1.0.0.v200806040011.jar
82c02000-82c04000 r--s 00007000 08:01 188212     /home/sniporbob/.m2/repository/p2/osgi/bundle/org.w3c.css.sac/1.3.1.v200903091627/org.w3c.css.sac-1.3.1.v200903091627.jar
82c04000-82c0a000 r--s 0002b000 08:01 188356     /home/sniporbob/.m2/repository/p2/osgi/bundle/org.eclipse.e4.ui.css.core/0.10.2.v20120912-132817/org.eclipse.e4.ui.css.core-0.10.2.v20120912-132817.jar
82c0a000-82c0c000 r--s 00013000 08:01 188386     /home/sniporbob/.m2/repository/p2/osgi/bundle/org.eclipse.emf.ecore.change/2.8.0.v20130125-0546/org.eclipse.emf.ecore.change-2.8.0.v20130125-0546.jar
82c0c000-82c0e000 r--s 00003000 08:01 188332     /home/sniporbob/.m2/repository/p2/osgi/bundle/org.eclipse.e4.core.commands/0.10.1.v20120523-1955/org.eclipse.e4.core.commands-0.10.1.v20120523-1955.jar
82c0e000-82c11000 r--s 00012000 08:01 188236     /home/sniporbob/.m2/repository/p2/osgi/bundle/org.eclipse.osgi.services/3.3.100.v20120522-1822/org.eclipse.osgi.services-3.3.100.v20120522-1822.jar
82c11000-82c12000 r--s 00005000 08:01 188344     /home/sniporbob/.m2/repository/p2/osgi/bundle/org.eclipse.e4.core.di.extensions/0.11.100.v20121024-182359/org.eclipse.e4.core.di.extensions-0.11.100.v20121024-182359.jar
82c12000-82c13000 r--s 00003000 08:01 188365     /home/sniporbob/.m2/repository/p2/osgi/bundle/org.eclipse.e4.ui.di/0.10.1.v20120523-1955/org.eclipse.e4.ui.di-0.10.1.v20120523-1955.jar
82c13000-82c15000 r--s 00005000 08:01 188377     /home/sniporbob/.m2/repository/p2/osgi/bundle/org.eclipse.e4.ui.services/0.10.3.v20130123-162658/org.eclipse.e4.ui.services-0.10.3.v20130123-162658.jar
82c15000-82c1c000 r--s 00050000 08:01 188368     /home/sniporbob/.m2/repository/p2/osgi/bundle/org.eclipse.e4.ui.model.workbench/0.10.1.v20120523-1955/org.eclipse.e4.ui.model.workbench-0.10.1.v20120523-1955.jar
82c1c000-82c21000 r--s 00035000 08:01 188383     /home/sniporbob/.m2/repository/p2/osgi/bundle/org.eclipse.e4.ui.workbench/0.11.0.v20130125-100758/org.eclipse.e4.ui.workbench-0.11.0.v20130125-100758.jar
82c21000-82c25000 r--s 00026000 08:01 188395     /home/sniporbob/.m2/repository/p2/osgi/bundle/org.eclipse.e4.ui.workbench.swt/0.10.3.v20130124-133900/org.eclipse.e4.ui.workbench.swt-0.10.3.v20130124-133900.jar
82c25000-82c27000 r--s 0000a000 08:01 188338     /home/sniporbob/.m2/repository/p2/osgi/bundle/org.eclipse.e4.core.contexts/1.2.0.v20121221-192508/org.eclipse.e4.core.contexts-1.2.0.v20121221-192508.jar
82c27000-82c29000 r--s 0000b000 08:01 188335     /home/sniporbob/.m2/repository/p2/osgi/bundle/org.eclipse.e4.core.di/1.2.0.v20121024-173149/org.eclipse.e4.core.di-1.2.0.v20121024-173149.jar
82c29000-82c2b000 r--s 00006000 08:01 188341     /home/sniporbob/.m2/repository/p2/osgi/bundle/org.eclipse.e4.core.services/1.0.0.v20120521-2346/org.eclipse.e4.core.services-1.0.0.v20120521-2346.jar
82c2b000-82c30000 r--s 0002d000 08:01 188293     /home/sniporbob/.m2/repository/p2/osgi/bundle/org.eclipse.core.databinding/1.4.1.v20120912-132807/org.eclipse.core.databinding-1.4.1.v20120912-132807.jar
82c30000-82c35000 r--s 00025000 08:01 188299     /home/sniporbob/.m2/repository/p2/osgi/bundle/org.eclipse.core.databinding.property/1.4.100.v20120523-1955/org.eclipse.core.databinding.property-1.4.100.v20120523-1955.jar
82c35000-82c3d000 r--s 00041000 08:01 188296     /home/sniporbob/.m2/repository/p2/osgi/bundle/org.eclipse.core.databinding.observable/1.4.1.v20120521-2329/org.eclipse.core.databinding.observable-1.4.1.v20120521-2329.jar
82c3d000-82c45000 r--s 0003c000 08:01 188398     /home/sniporbob/.m2/repository/p2/osgi/bundle/org.eclipse.jface.databinding/1.6.0.v20120912-132807/org.eclipse.jface.databinding-1.6.0.v20120912-132807.jar
82c45000-82c4a000 r--s 0003b000 08:01 188329     /home/sniporbob/.m2/repository/p2/osgi/bundle/org.eclipse.help/3.6.0.v20120912-134126/org.eclipse.help-3.6.0.v20120912-134126.jar
82c4a000-82c8c000 r--s 00360000 08:01 188518     /home/sniporbob/.m2/repository/p2/osgi/bundle/org.eclipse.ui.workbench/3.104.0.v20130204-164612/org.eclipse.ui.workbench-3.104.0.v20130204-164612.jar
82c8c000-82ca0000 r--s 000f7000 08:01 188353     /home/sniporbob/.m2/repository/p2/osgi/bundle/org.eclipse.jface/3.8.102.v20130123-162658/org.eclipse.jface-3.8.102.v20130123-162658.jar
82ca0000-82cb6000 r--s 00233000 08:01 188566     /home/sniporbob/.m2/repository/p2/osgi/bundle/org.eclipse.swt.gtk.linux.x86/3.100.1.v4236b/org.eclipse.swt.gtk.linux.x86-3.100.1.v4236b.jar
82cb6000-82cd3000 r--s 00122000 08:01 322242     /home/sniporbob/.m2/repository/p2/osgi/bundle/org.eclipse.xtext.ui/2.3.1.v201208210947/org.eclipse.xtext.ui-2.3.1.v201208210947.jar
82cd3000-82d00000 r--s 001dc000 08:01 188437     /home/sniporbob/.m2/repository/p2/osgi/bundle/org.eclipse.xtext/2.3.0.v201206120633/org.eclipse.xtext-2.3.0.v201206120633.jar
82d00000-82df9000 rw-p 00000000 00:00 0 
82df9000-82e00000 ---p 00000000 00:00 0 
82e00000-82efc000 rw-p 00000000 00:00 0 
82efc000-82f00000 ---p 00000000 00:00 0 
82f00000-82ff9000 rw-p 00000000 00:00 0 
82ff9000-83000000 ---p 00000000 00:00 0 
83000000-83007000 r--s 0003a000 08:01 188206     /home/sniporbob/.m2/repository/p2/osgi/bundle/org.apache.batik.css/1.6.0.v201011041432/org.apache.batik.css-1.6.0.v201011041432.jar
83007000-83008000 r--s 00004000 08:01 188350     /home/sniporbob/.m2/repository/p2/osgi/bundle/org.eclipse.swt/3.100.1.v4236b/org.eclipse.swt-3.100.1.v4236b.jar
83008000-8300c000 r--s 00022000 08:01 188242     /home/sniporbob/.m2/repository/p2/osgi/bundle/org.eclipse.ui/3.104.0.v20121024-145224/org.eclipse.ui-3.104.0.v20121024-145224.jar
8300c000-8300d000 r--s 00003000 08:01 188533     /home/sniporbob/.m2/repository/p2/osgi/bundle/org.eclipse.xtext.smap/2.3.0.v201206120633/org.eclipse.xtext.smap-2.3.0.v201206120633.jar
8300d000-8300f000 r--s 0000e000 08:01 188530     /home/sniporbob/.m2/repository/p2/osgi/bundle/org.eclipse.xtend.typesystem.emf/1.0.1.v201108020519/org.eclipse.xtend.typesystem.emf-1.0.1.v201108020519.jar
8300f000-8301b000 r--s 00075000 08:01 188527     /home/sniporbob/.m2/repository/p2/osgi/bundle/org.eclipse.xtend/1.1.0.v201108020519/org.eclipse.xtend-1.1.0.v201108020519.jar
8301b000-8301f000 r--s 0002f000 08:01 188449     /home/sniporbob/.m2/repository/p2/osgi/bundle/org.antlr.runtime/3.2.0.v201101311130/org.antlr.runtime-3.2.0.v201101311130.jar
8301f000-83020000 r--s 00003000 08:01 188536     /home/sniporbob/.m2/repository/p2/osgi/bundle/org.eclipse.jdt.annotation/1.0.1.v20130111-135246/org.eclipse.jdt.annotation-1.0.1.v20130111-135246.jar
83020000-83021000 r--s 00002000 08:01 188185     /home/sniporbob/.m2/repository/p2/osgi/bundle/javax.inject/1.0.0.v20091030/javax.inject-1.0.0.v20091030.jar
83021000-8303f000 r--s 00167000 08:01 188464     /home/sniporbob/.m2/repository/p2/osgi/bundle/com.google.guava/10.0.1.v201203051515/com.google.guava-10.0.1.v201203051515.jar
8303f000-83043000 r--s 0002f000 08:01 188446     /home/sniporbob/.m2/repository/p2/osgi/bundle/org.eclipse.xtext.util/2.3.0.v201206120633/org.eclipse.xtext.util-2.3.0.v201206120633.jar
83043000-8307f000 r--s 00629000 08:01 188275     /home/sniporbob/.m2/repository/p2/osgi/bundle/com.ibm.icu/4.4.2.v20110823/com.ibm.icu-4.4.2.v20110823.jar
8307f000-8308b000 r--s 00074000 08:01 188182     /home/sniporbob/.m2/repository/p2/osgi/bundle/com.google.inject/3.0.0.v201203062045/com.google.inject-3.0.0.v201203062045.jar
8308b000-8308d000 r--s 00002000 08:01 188428     /home/sniporbob/.m2/repository/p2/osgi/bundle/org.eclipse.emf.mwe2.runtime/2.3.0.v201206110920/org.eclipse.emf.mwe2.runtime-2.3.0.v201206110920.jar
8308d000-83092000 r--s 00045000 08:01 188224     /home/sniporbob/.m2/repository/p2/osgi/bundle/org.apache.commons.lang/2.6.0.v201205030909/org.apache.commons.lang-2.6.0.v201205030909.jar
83092000-83093000 r--s 0000b000 08:01 188221     /home/sniporbob/.m2/repository/p2/osgi/bundle/org.apache.commons.cli/1.2.0.v201105210650/org.apache.commons.cli-1.2.0.v201105210650.jar
83093000-830b0000 r--s 001bb000 08:01 188733     /home/sniporbob/.m2/repository/.cache/tycho/org.apache.ant-1.8.3.v201301120609.jar/lib/ant.jar
830b0000-830b2000 r--s 00004000 08:01 188732     /home/sniporbob/.m2/repository/.cache/tycho/org.apache.ant-1.8.3.v201301120609.jar/lib/ant-testutil.jar
830b2000-830b3000 r--s 00003000 08:01 188731     /home/sniporbob/.m2/repository/.cache/tycho/org.apache.ant-1.8.3.v201301120609.jar/lib/ant-swing.jar
830b3000-830b5000 r--s 00003000 08:01 188730     /home/sniporbob/.m2/repository/.cache/tycho/org.apache.ant-1.8.3.v201301120609.jar/lib/ant-netrexx.jar
830b5000-830b6000 r--s 00004000 08:01 188729     /home/sniporbob/.m2/repository/.cache/tycho/org.apache.ant-1.8.3.v201301120609.jar/lib/ant-launcher.jar
830b6000-830b8000 r--s 00002000 08:01 188728     /home/sniporbob/.m2/repository/.cache/tycho/org.apache.ant-1.8.3.v201301120609.jar/lib/ant-junit4.jar
830b8000-830bb000 r--s 00018000 08:01 188727     /home/sniporbob/.m2/repository/.cache/tycho/org.apache.ant-1.8.3.v201301120609.jar/lib/ant-junit.jar
830bb000-830bd000 r--s 0000a000 08:01 188726     /home/sniporbob/.m2/repository/.cache/tycho/org.apache.ant-1.8.3.v201301120609.jar/lib/ant-jsch.jar
830bd000-830bf000 r--s 00002000 08:01 188725     /home/sniporbob/.m2/repository/.cache/tycho/org.apache.ant-1.8.3.v201301120609.jar/lib/ant-jmf.jar
830bf000-830c0000 r--s 00003000 08:01 188724     /home/sniporbob/.m2/repository/.cache/tycho/org.apache.ant-1.8.3.v201301120609.jar/lib/ant-jdepend.jar
830c0000-830c1000 r--s 00003000 08:01 188723     /home/sniporbob/.m2/repository/.cache/tycho/org.apache.ant-1.8.3.v201301120609.jar/lib/ant-javamail.jar
830c1000-830c3000 r--s 00006000 08:01 188722     /home/sniporbob/.m2/repository/.cache/tycho/org.apache.ant-1.8.3.v201301120609.jar/lib/ant-jai.jar
830c3000-830c6000 r--s 00014000 08:01 188721     /home/sniporbob/.m2/repository/.cache/tycho/org.apache.ant-1.8.3.v201301120609.jar/lib/ant-commons-net.jar
830c6000-830c7000 r--s 00002000 08:01 188720     /home/sniporbob/.m2/repository/.cache/tycho/org.apache.ant-1.8.3.v201301120609.jar/lib/ant-commons-logging.jar
830c7000-830c9000 r--s 00001000 08:01 188719     /home/sniporbob/.m2/repository/.cache/tycho/org.apache.ant-1.8.3.v201301120609.jar/lib/ant-apache-xalan2.jar
830c9000-830ca000 r--s 00002000 08:01 188718     /home/sniporbob/.m2/repository/.cache/tycho/org.apache.ant-1.8.3.v201301120609.jar/lib/ant-apache-resolver.jar
830ca000-830cf000 r--s 00029000 08:01 188425     /home/sniporbob/.m2/repository/p2/osgi/bundle/org.eclipse.emf.mwe.core/1.2.1.v201206110920/org.eclipse.emf.mwe.core-1.2.1.v201206110920.jar
830cf000-830d3000 r--s 00033000 08:01 188374     /home/sniporbob/.m2/repository/p2/osgi/bundle/org.eclipse.emf.ecore.xmi/2.8.1.v20130125-0546/org.eclipse.emf.ecore.xmi-2.8.1.v20130125-0546.jar
830d3000-830d8000 r--s 00042000 08:01 188410     /home/sniporbob/.m2/repository/p2/osgi/bundle/org.eclipse.emf.codegen/2.8.0.v20130125-0826/org.eclipse.emf.codegen-2.8.0.v20130125-0826.jar
830d8000-830dd000 r--s 00030000 08:01 188413     /home/sniporbob/.m2/repository/p2/osgi/bundle/org.eclipse.emf.common/2.8.0.v20130125-0546/org.eclipse.emf.common-2.8.0.v20130125-0546.jar
830dd000-830ef000 r--s 00105000 08:01 188371     /home/sniporbob/.m2/repository/p2/osgi/bundle/org.eclipse.emf.ecore/2.8.3.v20130125-0546/org.eclipse.emf.ecore-2.8.3.v20130125-0546.jar
830ef000-830fc000 r--s 000c6000 08:01 188736     /home/sniporbob/.m2/repository/.cache/tycho/org.eclipse.jdt.debug-3.7.101.v20120913-153601.jar/jdimodel.jar
830fc000-83100000 r--s 0000e000 08:01 188735     /home/sniporbob/.m2/repository/.cache/tycho/org.eclipse.jdt.debug-3.7.101.v20120913-153601.jar/jdi.jar
83100000-831d8000 rw-p 00000000 00:00 0 
831d8000-83200000 ---p 00000000 00:00 0 
83200000-83208000 r--s 0004d000 08:01 188320     /home/sniporbob/.m2/repository/p2/osgi/bundle/org.eclipse.debug.core/3.7.100.v20120521-2012/org.eclipse.debug.core-3.7.100.v20120521-2012.jar
83208000-8320d000 r--s 00049000 08:01 188419     /home/sniporbob/.m2/repository/p2/osgi/bundle/org.eclipse.jdt.launching/3.6.101.v20130111-183046/org.eclipse.jdt.launching-3.6.101.v20130111-183046.jar
8320d000-83237000 r--s 0046e000 08:01 188416     /home/sniporbob/.m2/repository/p2/osgi/bundle/org.eclipse.jdt.core/3.8.3.v20130121-145325/org.eclipse.jdt.core-3.8.3.v20130121-145325.jar
83237000-8323a000 ---p 00000000 00:00 0 
8323a000-83288000 rw-p 00000000 00:00 0 
83288000-83297000 r--s 0009f000 08:01 189655     /home/sniporbob/.m2/repository/com/google/inject/guice/3.0/guice-3.0.jar
83297000-8329b000 r--s 00022000 08:01 423860     /home/sniporbob/.m2/repository/org/antlr/antlr-runtime/3.2/antlr-runtime-3.2.jar
8329b000-8329f000 r--s 0002b000 08:01 189667     /home/sniporbob/.m2/repository/org/eclipse/emf/codegen/2.2.3/codegen-2.2.3.jar
8329f000-832a2000 r--s 00006000 08:01 189665     /home/sniporbob/.m2/repository/com/google/code/findbugs/jsr305/1.3.9/jsr305-1.3.9.jar
832a2000-832c0000 r--s 00151000 08:01 189654     /home/sniporbob/.m2/repository/com/google/guava/guava/10.0.1/guava-10.0.1.jar
832c0000-832c1000 r--s 00000000 08:01 423868     /home/sniporbob/.m2/repository/javax/inject/javax.inject/1/javax.inject-1.jar
832c1000-832c8000 r--s 00023000 08:01 423867     /home/sniporbob/.m2/repository/org/apache/maven/maven-project-builder/3.0-alpha-2/maven-project-builder-3.0-alpha-2.jar
832c8000-832ca000 r--s 00007000 08:01 189663     /home/sniporbob/.m2/repository/org/sonatype/spice/model-builder/1.3/model-builder-1.3.jar
832ca000-832cc000 r--s 00005000 08:01 423864     /home/sniporbob/.m2/repository/stax/stax-api/1.0.1/stax-api-1.0.1.jar
832cc000-832d3000 r--s 00079000 08:01 189652     /home/sniporbob/.m2/repository/org/codehaus/woodstox/wstx-asl/3.2.6/wstx-asl-3.2.6.jar
832d3000-832d6000 r--s 0001b000 08:01 189651     /home/sniporbob/.m2/repository/junit/junit/3.8.2/junit-3.8.2.jar
832d6000-832d7000 r--s 0000a000 08:01 189661     /home/sniporbob/.m2/repository/commons-logging/commons-logging-api/1.1/commons-logging-api-1.1.jar
832d7000-832db000 r--s 0001d000 08:01 189660     /home/sniporbob/.m2/repository/org/apache/xbean/xbean-reflect/3.4/xbean-reflect-3.4.jar
832db000-832dd000 r--s 00000000 08:01 189659     /home/sniporbob/.m2/repository/org/codehaus/plexus/plexus-component-annotations/1.0-beta-3.0.5/plexus-component-annotations-1.0-beta-3.0.5.jar
832dd000-832df000 r--s 00007000 08:01 423863     /home/sniporbob/.m2/repository/org/codehaus/plexus/plexus-interpolation/1.1/plexus-interpolation-1.1.jar
832df000-832e6000 r--s 00059000 08:01 423859     /home/sniporbob/.m2/repository/log4j/log4j/1.2.15/log4j-1.2.15.jar
832e6000-83379000 r--s 00957000 08:01 189639     /home/sniporbob/.m2/repository/org/eclipse/xtend/org.eclipse.xtend.standalone/2.3.0/org.eclipse.xtend.standalone-2.3.0.jar
83379000-83382000 r--s 00059000 08:01 188506     /home/sniporbob/.m2/repository/p2/osgi/bundle/org.eclipse.team.core/3.6.100.v20120524-0627/org.eclipse.team.core-3.6.100.v20120524-0627.jar
83382000-83385000 r--s 00018000 08:01 188278     /home/sniporbob/.m2/repository/p2/osgi/bundle/org.eclipse.core.commands/3.6.2.v20130123-162658/org.eclipse.core.commands-3.6.2.v20130123-162658.jar
83385000-83387000 r--s 0000d000 08:01 188308     /home/sniporbob/.m2/repository/p2/osgi/bundle/org.eclipse.core.filesystem/1.3.200.v20130115-145044/org.eclipse.core.filesystem-1.3.200.v20130115-145044.jar
83387000-8338a000 r--s 00013000 08:01 188263     /home/sniporbob/.m2/repository/p2/osgi/bundle/org.eclipse.core.expressions/3.4.401.v20120912-155018/org.eclipse.core.expressions-3.4.401.v20120912-155018.jar
8338a000-83395000 r--s 000bb000 08:01 188245     /home/sniporbob/.m2/repository/p2/osgi/bundle/org.eclipse.core.resources/3.8.1.v20121114-124432/org.eclipse.core.resources-3.8.1.v20121114-124432.jar
83395000-833a9000 r--s 00142000 08:01 188191     /home/sniporbob/.m2/repository/p2/osgi/bundle/org.eclipse.osgi/3.8.2.v20130124-134944/org.eclipse.osgi-3.8.2.v20130124-134944.jar
833a9000-833ae000 r--s 00041000 08:01 422699     /home/sniporbob/.m2/repository/commons-lang/commons-lang/2.6/commons-lang-2.6.jar
833ae000-833b0000 r--s 0000d000 08:01 189384     /home/sniporbob/.m2/repository/commons-logging/commons-logging/1.1.1/commons-logging-1.1.1.jar
833b0000-833b4000 r--s 0002f000 08:01 422697     /home/sniporbob/.m2/repository/commons-beanutils/commons-beanutils-core/1.8.3/commons-beanutils-core-1.8.3.jar
833b4000-833b5000 r--s 00004000 08:01 324782     /home/sniporbob/.m2/repository/org/apache/ant/ant-launcher/1.8.3/ant-launcher-1.8.3.jar
833b5000-833d3000 r--s 001bc000 08:01 324783     /home/sniporbob/.m2/repository/org/apache/ant/ant/1.8.3/ant-1.8.3.jar
833d3000-833d5000 r--s 0000a000 08:01 188716     /home/sniporbob/.m2/repository/.cache/tycho/org.apache.ant-1.8.3.v201301120609.jar/lib/ant-apache-oro.jar
833d5000-833d7000 r--s 00002000 08:01 187951     /home/sniporbob/.m2/repository/org/eclipse/xtend/xtend-maven-plugin/2.3.0/xtend-maven-plugin-2.3.0.jar
833d7000-833dc000 r--s 0003d000 08:01 325091     /home/sniporbob/.m2/repository/org/codehaus/plexus/plexus-utils/1.5.8/plexus-utils-1.5.8.jar
833dc000-833fa000 r--s 001bb000 08:01 324886     /home/sniporbob/.m2/repository/org/apache/ant/ant/1.8.2/ant-1.8.2.jar
833fa000-833fb000 r--s 00002000 08:01 188717     /home/sniporbob/.m2/repository/.cache/tycho/org.apache.ant-1.8.3.v201301120609.jar/lib/ant-apache-regexp.jar
833fb000-833fc000 r--s 00002000 08:01 188715     /home/sniporbob/.m2/repository/.cache/tycho/org.apache.ant-1.8.3.v201301120609.jar/lib/ant-apache-log4j.jar
833fc000-833fd000 r--s 00007000 08:01 187931     /home/sniporbob/.m2/repository/org/codehaus/mojo/build-helper-maven-plugin/1.7/build-helper-maven-plugin-1.7.jar
833fd000-833fe000 r--s 00005000 08:01 187939     /home/sniporbob/.m2/repository/org/apache/maven/plugins/maven-clean-plugin/2.4.1/maven-clean-plugin-2.4.1.jar
833fe000-83400000 r--s 00007000 08:01 188317     /home/sniporbob/.m2/repository/p2/osgi/bundle/org.eclipse.core.variables/3.2.600.v20120521-2012/org.eclipse.core.variables-3.2.600.v20120521-2012.jar
83400000-83500000 rw-p 00000000 00:00 0 
83500000-83505000 r--s 00038000 08:01 188305     /home/sniporbob/.m2/repository/p2/osgi/bundle/org.eclipse.text/3.5.200.v20120523-1310/org.eclipse.text-3.5.200.v20120523-1310.jar
83505000-83508000 r--s 00013000 08:01 188314     /home/sniporbob/.m2/repository/p2/osgi/bundle/org.eclipse.equinox.app/1.3.100.v20120522-1841/org.eclipse.equinox.app-1.3.100.v20120522-1841.jar
83508000-8350a000 r--s 00015000 08:01 188284     /home/sniporbob/.m2/repository/p2/osgi/bundle/org.eclipse.core.contenttype/3.4.200.v20120523-2004/org.eclipse.core.contenttype-3.4.200.v20120523-2004.jar
8350a000-8350e000 r--s 000f7000 08:01 316964     /usr/lib/jvm/jdk1.7.0_67/jre/lib/ext/localedata.jar
8350e000-83510000 r--s 00000000 08:01 424405     /home/sniporbob/.m2/repository/doxia/doxia-sink-api/1.0-alpha-4/doxia-sink-api-1.0-alpha-4.jar
83510000-83513000 r--s 00011000 08:01 424401     /home/sniporbob/.m2/repository/javax/servlet/servlet-api/2.3/servlet-api-2.3.jar
83513000-83516000 r--s 0000d000 08:01 424402     /home/sniporbob/.m2/repository/avalon-framework/avalon-framework/4.1.3/avalon-framework-4.1.3.jar
83516000-8351d000 r--s 00051000 08:01 424398     /home/sniporbob/.m2/repository/log4j/log4j/1.2.12/log4j-1.2.12.jar
8351d000-8351e000 r--s 00002000 08:01 188714     /home/sniporbob/.m2/repository/.cache/tycho/org.apache.ant-1.8.3.v201301120609.jar/lib/ant-apache-bsf.jar
8351e000-83521000 r--s 0001c000 08:01 188287     /home/sniporbob/.m2/repository/p2/osgi/bundle/org.eclipse.equinox.preferences/3.5.1.v20121031-182809/org.eclipse.equinox.preferences-3.5.1.v20121031-182809.jar
83521000-83524000 r--s 0002a000 08:01 188290     /home/sniporbob/.m2/repository/p2/osgi/bundle/org.eclipse.equinox.registry/3.5.200.v20120522-1841/org.eclipse.equinox.registry-3.5.200.v20120522-1841.jar
83524000-83526000 r--s 00015000 08:01 188311     /home/sniporbob/.m2/repository/p2/osgi/bundle/org.eclipse.core.jobs/3.5.300.v20120912-155018/org.eclipse.core.jobs-3.5.300.v20120912-155018.jar
83526000-83529000 r--s 00018000 08:01 188281     /home/sniporbob/.m2/repository/p2/osgi/bundle/org.eclipse.equinox.common/3.6.100.v20120522-1841/org.eclipse.equinox.common-3.6.100.v20120522-1841.jar
83529000-83531000 r--s 000f0000 08:01 188422     /home/sniporbob/.m2/repository/p2/osgi/bundle/org.eclipse.emf.codegen.ecore/2.8.2.v20130125-0826/org.eclipse.emf.codegen.ecore-2.8.2.v20130125-0826.jar
83531000-83534000 ---p 00000000 00:00 0 
83534000-83582000 rw-p 00000000 00:00 0 
83582000-835af000 r--s 001bb000 08:01 422230     /home/sniporbob/.m2/repository/org/bouncycastle/bcprov-jdk15on/1.47/bcprov-jdk15on-1.47.jar
835af000-835b2000 ---p 00000000 00:00 0 
835b2000-83600000 rw-p 00000000 00:00 0 
83600000-836fb000 rw-p 00000000 00:00 0 
836fb000-83700000 ---p 00000000 00:00 0 
83700000-83800000 rw-p 00000000 00:00 0 
83800000-838f9000 rw-p 00000000 00:00 0 
838f9000-83900000 ---p 00000000 00:00 0 
83900000-83a00000 rw-p 00000000 00:00 0 
83a00000-83afd000 rw-p 00000000 00:00 0 
83afd000-83b00000 ---p 00000000 00:00 0 
83b00000-83b01000 r--s 00003000 08:01 188713     /home/sniporbob/.m2/repository/.cache/tycho/org.apache.ant-1.8.3.v201301120609.jar/lib/ant-apache-bcel.jar
83b01000-83b08000 r--s 00036000 08:01 422228     /home/sniporbob/.m2/repository/org/bouncycastle/bcpg-jdk15on/1.47/bcpg-jdk15on-1.47.jar
83b08000-83b1c000 r--s 0012f000 08:01 189265     /home/sniporbob/.m2/repository/org/apache/ant/ant/1.7.1/ant-1.7.1.jar
83b1c000-83b24000 r--s 00049000 08:01 422242     /home/sniporbob/.m2/repository/backport-util-concurrent/backport-util-concurrent/3.1/backport-util-concurrent-3.1.jar
83b24000-83b25000 r--s 00005000 08:01 187750     /home/sniporbob/.m2/repository/org/apache/maven/plugins/maven-install-plugin/2.3.1/maven-install-plugin-2.3.1.jar
83b25000-83b27000 r--s 00002000 08:01 324885     /home/sniporbob/.m2/repository/org/apache/ant/ant-launcher/1.8.2/ant-launcher-1.8.2.jar
83b27000-83b28000 r--s 00002000 08:01 188712     /home/sniporbob/.m2/repository/.cache/tycho/org.apache.ant-1.8.3.v201301120609.jar/lib/ant-antlr.jar
83b28000-83b29000 r--s 00001000 08:01 326101     /home/sniporbob/.m2/repository/org/apache/maven/reporting/maven-reporting-api/2.0/maven-reporting-api-2.0.jar
83b29000-83b2c000 r--s 0000f000 08:01 424400     /home/sniporbob/.m2/repository/logkit/logkit/1.0.1/logkit-1.0.1.jar
83b2c000-83b2e000 r--s 00000000 08:01 422694     /home/sniporbob/.m2/repository/aopalliance/aopalliance/1.0/aopalliance-1.0.jar
83b2e000-83b3c000 r--s 00095000 08:01 189382     /home/sniporbob/.m2/repository/com/google/inject/guice/2.0/guice-2.0.jar
83b3c000-83b40000 r--s 0002b000 08:01 189264     /home/sniporbob/.m2/repository/org/codehaus/plexus/plexus-utils/1.4.1/plexus-utils-1.4.1.jar
83b40000-83b41000 r--s 00003000 08:01 189905     /home/sniporbob/.m2/repository/org/apache/maven/plugins/maven-deploy-plugin/2.3/maven-deploy-plugin-2.3.jar
83b41000-83b42000 r--s 0000c000 08:01 189904     /home/sniporbob/.m2/repository/commons-logging/commons-logging/1.1/commons-logging-1.1.jar
83b42000-83b43000 r--s 00005000 08:01 187964     /home/sniporbob/.m2/repository/com/savage7/maven/plugins/maven-external-dependency-plugin/0.4/maven-external-dependency-plugin-0.4.jar
83b43000-83b44000 r--s 00007000 08:01 188431     /home/sniporbob/.m2/repository/p2/osgi/bundle/org.eclipse.emf.mwe.utils/1.2.1.v201206110920/org.eclipse.emf.mwe.utils-1.2.1.v201206110920.jar
83b44000-83b46000 r--s 00011000 08:01 188260     /home/sniporbob/.m2/repository/p2/osgi/bundle/org.eclipse.core.runtime/3.8.0.v20120912-155025/org.eclipse.core.runtime-3.8.0.v20120912-155025.jar
83b46000-83b48000 r--s 0000a000 08:01 188227     /home/sniporbob/.m2/repository/p2/osgi/bundle/org.apache.commons.logging/1.0.4.v201101211617/org.apache.commons.logging-1.0.4.v201101211617.jar
83b48000-83b4d000 r--s 00040000 08:01 422695     /home/sniporbob/.m2/repository/org/codehaus/plexus/plexus-utils/1.5.12/plexus-utils-1.5.12.jar
83b4d000-83b50000 r--s 0000a000 08:01 422693     /home/sniporbob/.m2/repository/org/codehaus/plexus/plexus-interpolation/1.8.1/plexus-interpolation-1.8.1.jar
83b50000-83b52000 r--s 00007000 08:01 187978     /home/sniporbob/.m2/repository/org/fornax/toolsupport/fornax-oaw-m2-plugin/3.4.0/fornax-oaw-m2-plugin-3.4.0.jar
83b52000-83b54000 r--s 00006000 08:01 187984     /home/sniporbob/.m2/repository/org/fornax/toolsupport/fornax-oaw-m2-plugin/3.3.0/fornax-oaw-m2-plugin-3.3.0.jar
83b54000-83b55000 r--s 00002000 08:01 189266     /home/sniporbob/.m2/repository/org/apache/ant/ant-launcher/1.7.1/ant-launcher-1.7.1.jar
83b55000-83b57000 r--s 0000b000 08:01 422246     /home/sniporbob/.m2/repository/org/codehaus/plexus/plexus-interpolation/1.11/plexus-interpolation-1.11.jar
83b57000-83b59000 r--s 00002000 08:01 189262     /home/sniporbob/.m2/repository/org/sonatype/plexus/plexus-cipher/1.4/plexus-cipher-1.4.jar
83b59000-83b5b000 r--s 00009000 08:01 422240     /home/sniporbob/.m2/repository/commons-cli/commons-cli/1.2/commons-cli-1.2.jar
83b5b000-83b5c000 r--s 00002000 08:01 324657     /home/sniporbob/.m2/repository/org/apache/maven/doxia/doxia-logging-api/1.1/doxia-logging-api-1.1.jar
83b5c000-83b5e000 r--s 00002000 08:01 324656     /home/sniporbob/.m2/repository/org/apache/maven/doxia/doxia-sink-api/1.1/doxia-sink-api-1.1.jar
83b5e000-83b5f000 r--s 00002000 08:01 324655     /home/sniporbob/.m2/repository/org/apache/maven/reporting/maven-reporting-api/2.2.1/maven-reporting-api-2.2.1.jar
83b5f000-83b61000 r--s 00003000 08:01 422214     /home/sniporbob/.m2/repository/org/slf4j/jcl-over-slf4j/1.5.6/jcl-over-slf4j-1.5.6.jar
83b61000-83b63000 r--s 00004000 08:01 422216     /home/sniporbob/.m2/repository/org/slf4j/slf4j-api/1.5.6/slf4j-api-1.5.6.jar
83b63000-83b65000 r--s 00001000 08:01 422212     /home/sniporbob/.m2/repository/org/slf4j/slf4j-jdk14/1.5.6/slf4j-jdk14-1.5.6.jar
83b65000-83b69000 r--s 00014000 08:01 422220     /home/sniporbob/.m2/repository/org/tukaani/xz/1.0/xz-1.0.jar
83b69000-83b6e000 r--s 00036000 08:01 422238     /home/sniporbob/.m2/repository/org/apache/commons/commons-compress/1.4.1/commons-compress-1.4.1.jar
83b6e000-83b72000 r--s 0002a000 08:01 422236     /home/sniporbob/.m2/repository/commons-io/commons-io/2.4/commons-io-2.4.jar
83b72000-83b79000 r--s 00049000 08:01 187717     /home/sniporbob/.m2/repository/org/vafer/jdeb/1.0.1/jdeb-1.0.1.jar
83b79000-83b7b000 r--s 00024000 08:01 189157     /home/sniporbob/.m2/repository/org/eclipse/tycho/org.eclipse.jdt.compiler.apt/1.0.600.v20130530-1010/org.eclipse.jdt.compiler.apt-1.0.600.v20130530-1010.jar
83b7b000-83ba5000 r--s 00476000 08:01 189156     /home/sniporbob/.m2/repository/org/eclipse/tycho/org.eclipse.jdt.core/3.9.1.v20130905-0837/org.eclipse.jdt.core-3.9.1.v20130905-0837.jar
83ba5000-83ba6000 r--s 00003000 08:01 189155     /home/sniporbob/.m2/repository/org/eclipse/tycho/tycho-compiler-jdt/0.19.0/tycho-compiler-jdt-0.19.0.jar
83ba6000-83ba8000 r--s 00005000 08:01 421812     /home/sniporbob/.m2/repository/org/codehaus/plexus/plexus-compiler-api/2.2/plexus-compiler-api-2.2.jar
83ba8000-83baa000 r--s 00000000 08:01 421814     /home/sniporbob/.m2/repository/org/codehaus/plexus/plexus-compiler-manager/2.2/plexus-compiler-manager-2.2.jar
83baa000-83bab000 r--s 00006000 08:01 187818     /home/sniporbob/.m2/repository/org/eclipse/tycho/tycho-compiler-plugin/0.19.0/tycho-compiler-plugin-0.19.0.jar
83bab000-83bad000 r--s 0000d000 08:01 185120     /home/sniporbob/.m2/repository/org/codehaus/plexus/plexus-interpolation/1.13/plexus-interpolation-1.13.jar
83bad000-83bae000 r--s 00001000 08:01 185119     /home/sniporbob/.m2/repository/org/sonatype/plexus/plexus-build-api/0.0.4/plexus-build-api-0.0.4.jar
83bae000-83bb0000 r--s 00007000 08:01 324552     /home/sniporbob/.m2/repository/org/apache/maven/shared/maven-filtering/1.0-beta-4/maven-filtering-1.0-beta-4.jar
83bb0000-83bb4000 r--s 00033000 08:01 324548     /home/sniporbob/.m2/repository/org/codehaus/plexus/plexus-utils/2.0.5/plexus-utils-2.0.5.jar
83bb4000-83bb6000 r--s 00002000 08:01 324547     /home/sniporbob/.m2/repository/org/codehaus/plexus/plexus-interactivity-api/1.0-alpha-4/plexus-interactivity-api-1.0-alpha-4.jar
83bb6000-83bb8000 r--s 00006000 08:01 324546     /home/sniporbob/.m2/repository/commons-cli/commons-cli/1.0/commons-cli-1.0.jar
83bb8000-83bb9000 r--s 00001000 08:01 324545     /home/sniporbob/.m2/repository/org/apache/maven/doxia/doxia-sink-api/1.0-alpha-7/doxia-sink-api-1.0-alpha-7.jar
83bb9000-83bba000 r--s 00002000 08:01 324544     /home/sniporbob/.m2/repository/org/apache/maven/reporting/maven-reporting-api/2.0.6/maven-reporting-api-2.0.6.jar
83bba000-83bbb000 r--s 00005000 08:01 187809     /home/sniporbob/.m2/repository/org/apache/maven/plugins/maven-resources-plugin/2.4.3/maven-resources-plugin-2.4.3.jar
83bbb000-83bbc000 r--s 00002000 08:01 324413     /home/sniporbob/.m2/repository/org/codehaus/plexus/plexus-digest/1.0/plexus-digest-1.0.jar
83bbc000-83bbf000 ---p 00000000 00:00 0 
83bbf000-83c0d000 rw-p 00000000 00:00 0 
83c0d000-83c10000 ---p 00000000 00:00 0 
83c10000-83c5e000 rw-p 00000000 00:00 0 
83c5e000-83c61000 ---p 00000000 00:00 0 
83c61000-83caf000 rw-p 00000000 00:00 0 
83caf000-83cb2000 ---p 00000000 00:00 0 
83cb2000-83d00000 rw-p 00000000 00:00 0 
83d00000-83e00000 rw-p 00000000 00:00 0 
83e00000-83f00000 rw-p 00000000 00:00 0 
83f00000-83f01000 r--s 00005000 08:01 189060     /home/sniporbob/.m2/repository/org/apache/maven/plugins/maven-install-plugin/2.3/maven-install-plugin-2.3.jar
83f01000-83f06000 r--s 00039000 08:01 324387     /home/sniporbob/.m2/repository/org/codehaus/plexus/plexus-utils/1.5.6/plexus-utils-1.5.6.jar
83f06000-83f08000 r--s 00008000 08:01 324385     /home/sniporbob/.m2/repository/org/apache/maven/shared/maven-shared-io/1.1/maven-shared-io-1.1.jar
83f08000-83f0a000 r--s 00008000 08:01 324386     /home/sniporbob/.m2/repository/org/apache/maven/shared/file-management/1.2.1/file-management-1.2.1.jar
83f0a000-83f0d000 r--s 0001b000 08:01 189018     /home/sniporbob/.m2/repository/junit/junit/3.8.1/junit-3.8.1.jar
83f0d000-83f10000 ---p 00000000 00:00 0 
83f10000-83f5e000 rw-p 00000000 00:00 0 
83f5e000-83f61000 ---p 00000000 00:00 0 
83f61000-83faf000 rw-p 00000000 00:00 0 
83faf000-83fb2000 ---p 00000000 00:00 0 
83fb2000-84000000 rw-p 00000000 00:00 0 
84000000-840ff000 rw-p 00000000 00:00 0 
840ff000-84100000 ---p 00000000 00:00 0 
84100000-841ff000 rw-p 00000000 00:00 0 
841ff000-84200000 ---p 00000000 00:00 0 
84200000-842fe000 rw-p 00000000 00:00 0 
842fe000-84300000 ---p 00000000 00:00 0 
84300000-84302000 r--s 00003000 08:01 187741     /home/sniporbob/.m2/repository/org/apache/maven/plugins/maven-clean-plugin/2.3/maven-clean-plugin-2.3.jar
84302000-84306000 r--s 0002d000 08:01 316967     /usr/lib/jvm/jdk1.7.0_67/jre/lib/ext/sunjce_provider.jar
84306000-84307000 r--s 00003000 08:01 316966     /usr/lib/jvm/jdk1.7.0_67/jre/lib/ext/sunec.jar
84307000-8430a000 r--s 00037000 08:01 316962     /usr/lib/jvm/jdk1.7.0_67/jre/lib/ext/sunpkcs11.jar
8430a000-8430d000 ---p 00000000 00:00 0 
8430d000-8435b000 rw-p 00000000 00:00 0 
8435b000-8435c000 r--s 00002000 08:01 188056     /home/sniporbob/.m2/repository/org/eclipse/tycho/tycho-p2-repository-plugin/0.19.0/tycho-p2-repository-plugin-0.19.0.jar
8435c000-8435e000 r--s 005ea000 08:01 188047     /home/sniporbob/.m2/repository/org/eclipse/tycho/tycho-standalone-p2-director/0.19.0/tycho-standalone-p2-director-0.19.0.zip
8435e000-84361000 ---p 00000000 00:00 0 
84361000-843af000 rw-p 00000000 00:00 0 
843af000-843b2000 ---p 00000000 00:00 0 
843b2000-84400000 rw-p 00000000 00:00 0 
84400000-84500000 rw-p 00000000 00:00 0 
84500000-84502000 r--s 00005000 08:01 188038     /home/sniporbob/.m2/repository/org/eclipse/tycho/tycho-p2-director-plugin/0.19.0/tycho-p2-director-plugin-0.19.0.jar
84502000-84504000 r--s 00004000 08:01 188029     /home/sniporbob/.m2/repository/org/apache/maven/maven-archiver/2.5/maven-archiver-2.5.jar
84504000-84507000 r--s 00018000 08:01 187707     /home/sniporbob/.m2/repository/org/eclipse/tycho/tycho-packaging-plugin/0.19.0/tycho-packaging-plugin-0.19.0.jar
84507000-84509000 r--s 00004000 08:01 187993     /home/sniporbob/.m2/repository/org/eclipse/tycho/tycho-p2-publisher-plugin/0.19.0/tycho-p2-publisher-plugin-0.19.0.jar
84509000-8450e000 r--s 00023000 08:01 187909     /home/sniporbob/.m2/repository/org/apache/maven/surefire/surefire-api/2.10/surefire-api-2.10.jar
8450e000-84510000 r--s 0000b000 08:01 187904     /home/sniporbob/.m2/repository/org/eclipse/tycho/org.eclipse.tycho.surefire.junit47/0.19.0/org.eclipse.tycho.surefire.junit47-0.19.0.jar
84510000-84511000 r--s 00007000 08:01 187903     /home/sniporbob/.m2/repository/org/eclipse/tycho/org.eclipse.tycho.surefire.junit4/0.19.0/org.eclipse.tycho.surefire.junit4-0.19.0.jar
84511000-84513000 r--s 00005000 08:01 187902     /home/sniporbob/.m2/repository/org/eclipse/tycho/org.eclipse.tycho.surefire.junit/0.19.0/org.eclipse.tycho.surefire.junit-0.19.0.jar
84513000-84515000 r--s 0002c000 08:01 187901     /home/sniporbob/.m2/repository/org/eclipse/tycho/org.eclipse.tycho.surefire.osgibooter/0.19.0/org.eclipse.tycho.surefire.osgibooter-0.19.0.jar
84515000-84517000 r--s 00009000 08:01 187847     /home/sniporbob/.m2/repository/org/eclipse/tycho/tycho-surefire-plugin/0.19.0/tycho-surefire-plugin-0.19.0.jar
84517000-8451c000 r--s 0004a000 08:01 187800     /home/sniporbob/.m2/repository/org/ow2/asm/asm-debug-all/4.0/asm-debug-all-4.0.jar
8451c000-8451e000 r--s 00003000 08:01 187797     /home/sniporbob/.m2/repository/org/eclipse/tycho/tycho-artifactcomparator/0.19.0/tycho-artifactcomparator-0.19.0.jar
8451e000-8451f000 r--s 00006000 08:01 187796     /home/sniporbob/.m2/repository/org/eclipse/tycho/sisu-equinox-launching/0.19.0/sisu-equinox-launching-0.19.0.jar
8451f000-84520000 r--s 00005000 08:01 187759     /home/sniporbob/.m2/repository/org/eclipse/tycho/tycho-p2-plugin/0.19.0/tycho-p2-plugin-0.19.0.jar
84520000-8452a000 r--s 00251000 08:01 181067     /usr/lib/jvm/jdk1.7.0_67/jre/lib/resources.jar
8452a000-8452b000 r--s 00001000 08:01 187635     /home/sniporbob/.m2/repository/org/eclipse/tycho/tycho-bundles-external/0.19.0/eclipse/plugins/org.eclipse.core.runtime.compatibility.registry_3.5.200.v20130514-1256/runtime_registry_compatibility.jar
8452b000-8452e000 ---p 00000000 00:00 0 
8452e000-8457c000 rw-p 00000000 00:00 0 
8457c000-8457e000 r--s 00007000 08:01 187664     /home/sniporbob/.m2/repository/org/eclipse/tycho/org.eclipse.tycho.p2.tools.impl/0.19.0/org.eclipse.tycho.p2.tools.impl-0.19.0.jar
8457e000-84583000 r--s 0001d000 08:01 187658     /home/sniporbob/.m2/repository/org/eclipse/tycho/org.eclipse.tycho.p2.maven.repository/0.19.0/org.eclipse.tycho.p2.maven.repository-0.19.0.jar
84583000-84587000 r--s 00029000 08:01 187652     /home/sniporbob/.m2/repository/org/eclipse/tycho/org.eclipse.tycho.p2.resolver.impl/0.19.0/org.eclipse.tycho.p2.resolver.impl-0.19.0.jar
84587000-84589000 r--s 0000f000 08:01 187626     /home/sniporbob/.m2/repository/org/eclipse/tycho/tycho-bundles-external/0.19.0/eclipse/plugins/org.apache.commons.logging_1.1.1.v201101211721.jar
84589000-8458d000 r--s 0001c000 08:01 187642     /home/sniporbob/.m2/repository/org/eclipse/tycho/tycho-bundles-external/0.19.0/eclipse/plugins/org.eclipse.ecf.provider.filetransfer_3.2.0.v20130604-1622.jar
8458d000-84593000 r--s 00053000 08:01 187588     /home/sniporbob/.m2/repository/org/eclipse/tycho/tycho-bundles-external/0.19.0/eclipse/plugins/org.sat4j.core_2.3.5.v201308161310.jar
84593000-84596000 r--s 00013000 08:01 187645     /home/sniporbob/.m2/repository/org/eclipse/tycho/tycho-bundles-external/0.19.0/eclipse/plugins/org.eclipse.equinox.app_1.3.100.v20130327-1442.jar
84596000-84598000 r--s 00010000 08:01 187621     /home/sniporbob/.m2/repository/org/eclipse/tycho/tycho-bundles-external/0.19.0/eclipse/plugins/org.eclipse.core.net_1.2.200.v20130430-1352.jar
84598000-8459b000 r--s 0000e000 08:01 187608     /home/sniporbob/.m2/repository/org/eclipse/tycho/tycho-bundles-external/0.19.0/eclipse/plugins/org.eclipse.equinox.p2.jarprocessor_1.0.300.v20130327-2119.jar
8459b000-8459e000 r--s 0000a000 08:01 187637     /home/sniporbob/.m2/repository/org/eclipse/tycho/tycho-bundles-external/0.19.0/eclipse/plugins/org.eclipse.ecf.filetransfer_5.0.0.v20130604-1622.jar
8459e000-845a0000 r--s 00015000 08:01 187598     /home/sniporbob/.m2/repository/org/eclipse/tycho/tycho-bundles-external/0.19.0/eclipse/plugins/org.eclipse.equinox.p2.updatesite_1.0.400.v20130515-2028.jar
845a0000-845a1000 r--s 00002000 08:01 187641     /home/sniporbob/.m2/repository/org/eclipse/tycho/tycho-bundles-external/0.19.0/eclipse/plugins/org.eclipse.ecf.provider.filetransfer.ssl_1.0.0.v20130604-1622.jar
845a1000-845a4000 r--s 00018000 08:01 187595     /home/sniporbob/.m2/repository/org/eclipse/tycho/tycho-bundles-external/0.19.0/eclipse/plugins/org.eclipse.equinox.security_1.2.0.v20130424-1801.jar
845a4000-845a6000 r--s 00005000 08:01 187647     /home/sniporbob/.m2/repository/org/eclipse/tycho/tycho-bundles-external/0.19.0/eclipse/plugins/org.eclipse.equinox.concurrent_1.1.0.v20130327-1442.jar
845a6000-845a9000 r--s 00017000 08:01 187611     /home/sniporbob/.m2/repository/org/eclipse/tycho/tycho-bundles-external/0.19.0/eclipse/plugins/org.eclipse.equinox.p2.director_2.3.0.v20130526-0335.jar
845a9000-845ac000 r--s 00012000 08:01 187591     /home/sniporbob/.m2/repository/org/eclipse/tycho/tycho-bundles-external/0.19.0/eclipse/plugins/org.eclipse.osgi.services_3.3.100.v20130513-1956.jar
845ac000-845ae000 r--s 00009000 08:01 187599     /home/sniporbob/.m2/repository/org/eclipse/tycho/tycho-bundles-external/0.19.0/eclipse/plugins/org.eclipse.equinox.p2.transport.ecf_1.1.0.v20130516-1858.jar
845ae000-845b1000 r--s 00014000 08:01 187644     /home/sniporbob/.m2/repository/org/eclipse/tycho/tycho-bundles-external/0.19.0/eclipse/plugins/org.eclipse.ecf_3.2.0.v20130604-1622.jar
845b1000-845b3000 r--s 00015000 08:01 187623     /home/sniporbob/.m2/repository/org/eclipse/tycho/tycho-bundles-external/0.19.0/eclipse/plugins/org.eclipse.core.contenttype_3.4.200.v20130326-1255.jar
845b3000-845b6000 r--s 0001d000 08:01 187601     /home/sniporbob/.m2/repository/org/eclipse/tycho/tycho-bundles-external/0.19.0/eclipse/plugins/org.eclipse.equinox.p2.touchpoint.eclipse_2.1.200.v20130327-2119.jar
845b6000-845b9000 r--s 00010000 08:01 187631     /home/sniporbob/.m2/repository/org/eclipse/tycho/tycho-bundles-external/0.19.0/eclipse/plugins/org.apache.commons.codec_1.4.0.v201209201156.jar
845b9000-845be000 r--s 00037000 08:01 187587     /home/sniporbob/.m2/repository/org/eclipse/tycho/tycho-bundles-external/0.19.0/eclipse/plugins/org.sat4j.pb_2.3.5.v201308161310.jar
845be000-845bf000 r--s 00003000 08:01 187639     /home/sniporbob/.m2/repository/org/eclipse/tycho/tycho-bundles-external/0.19.0/eclipse/plugins/org.eclipse.ecf.provider.filetransfer.httpclient4.ssl_1.0.0.v20130604-1622.jar
845bf000-845c3000 r--s 0001c000 08:01 187597     /home/sniporbob/.m2/repository/org/eclipse/tycho/tycho-bundles-external/0.19.0/eclipse/plugins/org.eclipse.equinox.preferences_3.5.100.v20130422-1538.jar
845c3000-845c6000 r--s 00030000 08:01 187605     /home/sniporbob/.m2/repository/org/eclipse/tycho/tycho-bundles-external/0.19.0/eclipse/plugins/org.eclipse.equinox.p2.publisher.eclipse_1.1.200.v20130516-1953.jar
845c6000-845c7000 r--s 00008000 08:01 187616     /home/sniporbob/.m2/repository/org/eclipse/tycho/tycho-bundles-external/0.19.0/eclipse/plugins/org.eclipse.equinox.frameworkadmin_2.0.100.v20130327-2119.jar
845c7000-845ce000 r--s 0004c000 08:01 187606     /home/sniporbob/.m2/repository/org/eclipse/tycho/tycho-bundles-external/0.19.0/eclipse/plugins/org.eclipse.equinox.p2.metadata_2.2.0.v20130523-1557.jar
845ce000-845d2000 r--s 0002d000 08:01 187610     /home/sniporbob/.m2/repository/org/eclipse/tycho/tycho-bundles-external/0.19.0/eclipse/plugins/org.eclipse.equinox.p2.engine_2.3.0.v20130526-2122.jar
845d2000-845d6000 r--s 0001c000 08:01 187602     /home/sniporbob/.m2/repository/org/eclipse/tycho/tycho-bundles-external/0.19.0/eclipse/plugins/org.eclipse.equinox.p2.repository_2.3.0.v20130412-2032.jar
845d6000-845e0000 r--s 00074000 08:01 187625     /home/sniporbob/.m2/repository/org/eclipse/tycho/tycho-bundles-external/0.19.0/eclipse/plugins/org.apache.httpcomponents.httpclient_4.1.3.v201209201135.jar
845e0000-845e2000 r--s 00015000 08:01 187622     /home/sniporbob/.m2/repository/org/eclipse/tycho/tycho-bundles-external/0.19.0/eclipse/plugins/org.eclipse.core.jobs_3.5.300.v20130429-1813.jar
845e2000-845e5000 r--s 0002d000 08:01 187648     /home/sniporbob/.m2/repository/org/eclipse/tycho/tycho-bundles-external/0.19.0/eclipse/plugins/org.eclipse.equinox.ds_1.4.101.v20130813-1853.jar
845e5000-845e7000 r--s 0000e000 08:01 187649     /home/sniporbob/.m2/repository/org/eclipse/tycho/tycho-bundles-external/0.19.0/eclipse/plugins/org.eclipse.equinox.frameworkadmin.equinox_1.0.500.v20130327-2119.jar
845e7000-845e9000 r--s 00005000 08:01 187594     /home/sniporbob/.m2/repository/org/eclipse/tycho/tycho-bundles-external/0.19.0/eclipse/plugins/org.eclipse.equinox.simpleconfigurator.manipulator_2.0.0.v20130327-2119.jar
845e9000-845ec000 r--s 0002a000 08:01 187596     /home/sniporbob/.m2/repository/org/eclipse/tycho/tycho-bundles-external/0.19.0/eclipse/plugins/org.eclipse.equinox.registry_3.5.301.v20130717-1549.jar
845ec000-845ee000 r--s 00010000 08:01 187636     /home/sniporbob/.m2/repository/org/eclipse/tycho/tycho-bundles-external/0.19.0/eclipse/plugins/org.eclipse.core.runtime_3.9.0.v20130326-1255.jar
845ee000-845f0000 r--s 0000c000 08:01 187638     /home/sniporbob/.m2/repository/org/eclipse/tycho/tycho-bundles-external/0.19.0/eclipse/plugins/org.eclipse.ecf.identity_3.2.0.v20130604-1622.jar
845f0000-845f1000 r--s 00003000 08:01 187643     /home/sniporbob/.m2/repository/org/eclipse/tycho/tycho-bundles-external/0.19.0/eclipse/plugins/org.eclipse.ecf.ssl_1.1.0.v20130604-1622.jar
845f1000-845f4000 r--s 00018000 08:01 187604     /home/sniporbob/.m2/repository/org/eclipse/tycho/tycho-bundles-external/0.19.0/eclipse/plugins/org.eclipse.equinox.p2.publisher_1.3.0.v20130509-0110.jar
845f4000-845f7000 r--s 00011000 08:01 187592     /home/sniporbob/.m2/repository/org/eclipse/tycho/tycho-bundles-external/0.19.0/eclipse/plugins/org.eclipse.equinox.util_1.0.500.v20130404-1337.jar
845f7000-845f9000 r--s 0000a000 08:01 187612     /home/sniporbob/.m2/repository/org/eclipse/tycho/tycho-bundles-external/0.19.0/eclipse/plugins/org.eclipse.equinox.p2.director.app_1.0.300.v20130819-1621.jar
845f9000-845fd000 r--s 00035000 08:01 187603     /home/sniporbob/.m2/repository/org/eclipse/tycho/tycho-bundles-external/0.19.0/eclipse/plugins/org.eclipse.equinox.p2.repository.tools_2.1.0.v20130327-2119.jar
845fd000-84600000 r--s 00018000 08:01 187646     /home/sniporbob/.m2/repository/org/eclipse/tycho/tycho-bundles-external/0.19.0/eclipse/plugins/org.eclipse.equinox.common_3.6.200.v20130402-1505.jar
84600000-846ff000 rw-p 00000000 00:00 0 
846ff000-84700000 ---p 00000000 00:00 0 
84700000-84701000 r--s 0000c000 08:01 187600     /home/sniporbob/.m2/repository/org/eclipse/tycho/tycho-bundles-external/0.19.0/eclipse/plugins/org.eclipse.equinox.p2.touchpoint.natives_1.1.100.v20130327-2119.jar
84701000-84703000 r--s 0000b000 08:01 187615     /home/sniporbob/.m2/repository/org/eclipse/tycho/tycho-bundles-external/0.19.0/eclipse/plugins/org.eclipse.equinox.launcher_1.3.0.v20130327-1440.jar
84703000-84705000 r--s 00000000 08:01 187589     /home/sniporbob/.m2/repository/org/eclipse/tycho/tycho-bundles-external/0.19.0/eclipse/plugins/org.eclipse.tycho.noopsecurity_0.19.0.jar
84705000-84709000 r--s 0001e000 08:01 187614     /home/sniporbob/.m2/repository/org/eclipse/tycho/tycho-bundles-external/0.19.0/eclipse/plugins/org.eclipse.equinox.p2.artifact.repository_1.1.200.v20130515-2028.jar
84709000-8470a000 r--s 00009000 08:01 187593     /home/sniporbob/.m2/repository/org/eclipse/tycho/tycho-bundles-external/0.19.0/eclipse/plugins/org.eclipse.equinox.simpleconfigurator_1.0.400.v20130327-2119.jar
8470a000-8470d000 r--s 0000f000 08:01 187640     /home/sniporbob/.m2/repository/org/eclipse/tycho/tycho-bundles-external/0.19.0/eclipse/plugins/org.eclipse.ecf.provider.filetransfer.httpclient4_1.0.300.v20130604-1622.jar
8470d000-84710000 ---p 00000000 00:00 0 
84710000-8475e000 rw-p 00000000 00:00 0 
8475e000-84761000 ---p 00000000 00:00 0 
84761000-847af000 rw-p 00000000 00:00 0 
847af000-847b2000 ---p 00000000 00:00 0 
847b2000-84800000 rw-p 00000000 00:00 0 
84800000-84a00000 rw-p 00000000 00:00 0 
84a00000-84b00000 rw-p 00000000 00:00 0 
84b00000-84c00000 rw-p 00000000 00:00 0 
84c00000-84c02000 r--s 00005000 08:01 187609     /home/sniporbob/.m2/repository/org/eclipse/tycho/tycho-bundles-external/0.19.0/eclipse/plugins/org.eclipse.equinox.p2.garbagecollector_1.0.200.v20130327-2119.jar
84c02000-84c07000 r--s 0002e000 08:01 187624     /home/sniporbob/.m2/repository/org/eclipse/tycho/tycho-bundles-external/0.19.0/eclipse/plugins/org.apache.httpcomponents.httpcore_4.1.4.v201203221030.jar
84c07000-84c0a000 r--s 00019000 08:01 187607     /home/sniporbob/.m2/repository/org/eclipse/tycho/tycho-bundles-external/0.19.0/eclipse/plugins/org.eclipse.equinox.p2.metadata.repository_1.2.100.v20130327-2119.jar
84c0a000-84c0d000 r--s 0000f000 08:01 187613     /home/sniporbob/.m2/repository/org/eclipse/tycho/tycho-bundles-external/0.19.0/eclipse/plugins/org.eclipse.equinox.p2.core_2.3.0.v20130327-2119.jar
84c0d000-84c10000 ---p 00000000 00:00 0 
84c10000-84c5e000 rw-p 00000000 00:00 0 
84c5e000-84c60000 r--s 00019000 08:01 181063     /usr/lib/jvm/jdk1.7.0_67/jre/lib/jce.jar
84c60000-84c62000 r--s 00003000 08:01 187518     /home/sniporbob/.m2/repository/org/eclipse/tycho/org.eclipse.tycho.p2.tools.shared/0.19.0/org.eclipse.tycho.p2.tools.shared-0.19.0.jar
84c62000-84c64000 r--s 00005000 08:01 187517     /home/sniporbob/.m2/repository/org/eclipse/tycho/org.eclipse.tycho.p2.resolver.shared/0.19.0/org.eclipse.tycho.p2.resolver.shared-0.19.0.jar
84c64000-84c66000 r--s 00000000 08:01 187536     /home/sniporbob/.m2/repository/org/codehaus/plexus/plexus-component-annotations/1.5.5/plexus-component-annotations-1.5.5.jar
84c66000-84c68000 r--s 00007000 08:01 187513     /home/sniporbob/.m2/repository/org/eclipse/tycho/tycho-p2-facade/0.19.0/tycho-p2-facade-0.19.0.jar
84c68000-84c6a000 r--s 00006000 08:01 187511     /home/sniporbob/.m2/repository/org/eclipse/tycho/org.eclipse.tycho.core.shared/0.19.0/org.eclipse.tycho.core.shared-0.19.0.jar
84c6a000-84c6b000 r--s 00001000 08:01 187509     /home/sniporbob/.m2/repository/org/eclipse/tycho/org.eclipse.tycho.embedder.shared/0.19.0/org.eclipse.tycho.embedder.shared-0.19.0.jar
84c6b000-84c6c000 r--s 00001000 08:01 187506     /home/sniporbob/.m2/repository/org/eclipse/tycho/tycho-embedder-api/0.19.0/tycho-embedder-api-0.19.0.jar
84c6c000-84c6f000 r--s 00019000 08:01 187508     /home/sniporbob/.m2/repository/de/pdark/decentxml/1.3/decentxml-1.3.jar
84c6f000-84c71000 r--s 00006000 08:01 187502     /home/sniporbob/.m2/repository/org/eclipse/tycho/tycho-metadata-model/0.19.0/tycho-metadata-model-0.19.0.jar
84c71000-84c72000 r--s 00000000 08:01 187501     /home/sniporbob/.m2/repository/org/eclipse/tycho/sisu-equinox-api/0.19.0/sisu-equinox-api-0.19.0.jar
84c72000-84c74000 r--s 00002000 08:01 187500     /home/sniporbob/.m2/repository/org/eclipse/tycho/sisu-equinox-embedder/0.19.0/sisu-equinox-embedder-0.19.0.jar
84c74000-84c88000 r--s 00140000 08:01 187498     /home/sniporbob/.m2/repository/org/eclipse/tycho/org.eclipse.osgi/3.9.1.v20130814-1242/org.eclipse.osgi-3.9.1.v20130814-1242.jar
84c88000-84c8b000 r--s 0000c000 08:01 187534     /home/sniporbob/.m2/repository/org/codehaus/plexus/plexus-io/2.0.5/plexus-io-2.0.5.jar
84c8b000-84c90000 r--s 00029000 08:01 187533     /home/sniporbob/.m2/repository/org/codehaus/plexus/plexus-archiver/2.2/plexus-archiver-2.2.jar
84c90000-84c94000 r--s 00035000 08:01 187531     /home/sniporbob/.m2/repository/org/codehaus/plexus/plexus-utils/3.0.7/plexus-utils-3.0.7.jar
84c94000-84c96000 r--s 00002000 08:01 187528     /home/sniporbob/.m2/repository/org/sonatype/plexus/plexus-cipher/1.7/plexus-cipher-1.7.jar
84c96000-84c97000 r--s 00006000 08:01 187524     /home/sniporbob/.m2/repository/org/sonatype/plexus/plexus-sec-dispatcher/1.3/plexus-sec-dispatcher-1.3.jar
84c97000-84ca2000 r--s 00069000 08:01 187526     /home/sniporbob/.m2/repository/org/sonatype/sisu/sisu-guice/2.1.7/sisu-guice-2.1.7-noaop.jar
84ca2000-84ca7000 r--s 00021000 08:01 187525     /home/sniporbob/.m2/repository/org/sonatype/sisu/sisu-inject-bean/1.4.2/sisu-inject-bean-1.4.2.jar
84ca7000-84cab000 r--s 00017000 08:01 187522     /home/sniporbob/.m2/repository/org/sonatype/aether/aether-util/1.7/aether-util-1.7.jar
84cab000-84caf000 r--s 00028000 08:01 187496     /home/sniporbob/.m2/repository/org/eclipse/tycho/tycho-core/0.19.0/tycho-core-0.19.0.jar
84caf000-84cb2000 ---p 00000000 00:00 0 
84cb2000-84d00000 rw-p 00000000 00:00 0 
84d00000-84dfe000 rw-p 00000000 00:00 0 
84dfe000-84e00000 ---p 00000000 00:00 0 
84e00000-84e02000 r--s 0000d000 08:01 187523     /home/sniporbob/.m2/repository/org/codehaus/plexus/plexus-interpolation/1.14/plexus-interpolation-1.14.jar
84e02000-84e04000 r--s 00000000 08:01 187497     /home/sniporbob/.m2/repository/org/eclipse/tycho/tycho-maven-plugin/0.19.0/tycho-maven-plugin-0.19.0.jar
84e04000-84e06000 r--s 00026000 08:01 186969     /home/sniporbob/.m2/repository/org/codehaus/plexus/plexus-utils/1.0.4/plexus-utils-1.0.4.jar
84e06000-84e08000 r--s 00008000 08:01 186966     /home/sniporbob/.m2/repository/commons-logging/commons-logging/1.0.4/commons-logging-1.0.4.jar
84e08000-84e09000 r--s 00005000 08:01 186960     /home/sniporbob/.m2/repository/de/zeigermann/xml/xml-im-exporter/1.1/xml-im-exporter-1.1.jar
84e09000-84e0c000 r--s 00023000 08:01 186958     /home/sniporbob/.m2/repository/jdom/jdom/1.0/jdom-1.0.jar
84e0c000-84e11000 r--s 00033000 08:01 186949     /home/sniporbob/.m2/repository/commons-httpclient/commons-httpclient/2.0.2/commons-httpclient-2.0.2.jar
84e11000-84e15000 r--s 00027000 08:01 186952     /home/sniporbob/.m2/repository/slide/slide-webdavlib/2.1/slide-webdavlib-2.1.jar
84e15000-84e17000 r--s 00003000 08:01 186943     /home/sniporbob/.m2/repository/org/apache/maven/wagon/wagon-webdav/1.0-beta-2/wagon-webdav-1.0-beta-2.jar
84e17000-84e22000 r--s 0037c000 08:01 181069     /usr/lib/jvm/jdk1.7.0_67/jre/lib/charsets.jar
84e22000-84e25000 ---p 00000000 00:00 0 
84e25000-84e3b000 rw-p 00000000 00:00 0 
84e3b000-84e3c000 r--p 00000000 00:00 0 
84e3c000-84e40000 r--s 0008a000 08:01 181058     /usr/lib/jvm/jdk1.7.0_67/jre/lib/jsse.jar
84e40000-84e43000 r--s 00013000 08:01 35338      /usr/share/maven-repo/org/sonatype/aether/aether-api/1.13.1/aether-api-1.13.1.jar
84e43000-84e44000 r--s 00006000 08:01 34196      /usr/share/maven-repo/org/sonatype/plexus/plexus-sec-dispatcher/1.3.1/plexus-sec-dispatcher-1.3.1.jar
84e44000-84e46000 r--s 00008000 08:01 421642     /usr/share/maven/lib/maven-embedder-3.0.4.jar
84e46000-84e4a000 r--s 0001c000 08:01 35321      /usr/share/maven-repo/org/sonatype/aether/aether-util/1.13.1/aether-util-1.13.1.jar
84e4a000-84e4b000 r--s 00001000 08:01 34815      /usr/share/java/wagon-http.jar
84e4b000-84e51000 r--s 0002c000 08:01 35267      /usr/share/java/sisu-inject-plexus.jar
84e51000-84e53000 r--s 00002000 08:01 34053      /usr/share/maven-repo/org/sonatype/plexus/plexus-cipher/1.5/plexus-cipher-1.5.jar
84e53000-84e5a000 r--s 00040000 08:01 35259      /usr/share/java/sisu-inject-bean.jar
84e5a000-84e5c000 r--s 00006000 08:01 35356      /usr/share/maven-repo/org/sonatype/aether/aether-connector-wagon/1.13.1/aether-connector-wagon-1.13.1.jar
84e5c000-84e5d000 ---p 00000000 00:00 0 
84e5d000-84edd000 rw-p 00000000 00:00 0 
84edd000-84ee0000 ---p 00000000 00:00 0 
84ee0000-84f2e000 rw-p 00000000 00:00 0 
84f2e000-84f31000 ---p 00000000 00:00 0 
84f31000-84faf000 rw-p 00000000 00:00 0 
84faf000-84fb2000 ---p 00000000 00:00 0 
84fb2000-85000000 rw-p 00000000 00:00 0 
85000000-85200000 r--p 00000000 08:01 140016     /usr/lib/locale/locale-archive
85200000-852ff000 rw-p 00000000 00:00 0 
852ff000-85300000 ---p 00000000 00:00 0 
85300000-85306000 r--s 00045000 08:01 34358      /usr/share/java/commons-httpclient-3.1.jar
85306000-85312000 r--s 0007c000 08:01 421640     /usr/share/maven/lib/maven-core-3.0.4.jar
85312000-85316000 r--s 00033000 08:01 35021      /usr/share/java/plexus-utils2-2.0.5.jar
85316000-8531c000 r--s 0003e000 08:01 421638     /usr/share/maven/lib/maven-compat-3.0.4.jar
8531c000-8531e000 r--s 00007000 08:01 26777      /usr/share/java/commons-cli-1.2.jar
8531e000-85322000 r--s 00020000 08:01 421644     /usr/share/maven/lib/maven-model-builder-3.0.4.jar
85322000-85325000 ---p 00000000 00:00 0 
85325000-85373000 rw-p 00000000 00:00 0 
85373000-85376000 ---p 00000000 00:00 0 
85376000-853c4000 rw-p 00000000 00:00 0 
853c4000-853c5000 ---p 00000000 00:00 0 
853c5000-85490000 rw-p 00000000 00:00 0 
85490000-8564f000 r--s 039e5000 08:01 180825     /usr/lib/jvm/jdk1.7.0_67/jre/lib/rt.jar
8564f000-856bf000 rw-p 00000000 00:00 0 
856bf000-857ab000 rw-p 00000000 00:00 0 
857ab000-85800000 rw-p 00000000 00:00 0 
85800000-8ac00000 rw-p 00000000 00:00 0 
8ac00000-95400000 rw-p 00000000 00:00 0 
95400000-97d40000 rw-p 00000000 00:00 0 
97d40000-97d80000 ---p 00000000 00:00 0 
97d80000-b5400000 rw-p 00000000 00:00 0 
b5400000-b5401000 r--s 00001000 08:01 34811      /usr/share/java/wagon-file.jar
b5401000-b542b000 rw-p 00000000 00:00 0 
b542b000-b547f000 rw-p 00000000 00:00 0 
b547f000-b5494000 rw-p 00000000 00:00 0 
b5494000-b557f000 rw-p 00000000 00:00 0 
b557f000-b55cd000 rw-p 00000000 00:00 0 
b55cd000-b5600000 rw-p 00000000 00:00 0 
b5600000-b6910000 rwxp 00000000 00:00 0 
b6910000-b76fe000 rw-p 00000000 00:00 0 
b76fe000-b7700000 ---p 00000000 00:00 0 
b7700000-b7702000 r--s 0000a000 08:01 34809      /usr/share/java/wagon-provider-api.jar
b7702000-b7704000 r--s 00000000 08:01 35024      /usr/share/java/plexus-component-annotations-1.5-1.5.5.jar
b7704000-b7706000 r--s 0000b000 08:01 406913     /usr/share/maven-repo/org/codehaus/plexus/plexus-interpolation/1.11/plexus-interpolation-1.11.jar
b7706000-b7708000 r--s 00009000 08:01 421654     /usr/share/maven/lib/maven-settings-3.0.4.jar
b7708000-b770b000 r--s 0001d000 08:01 35350      /usr/share/maven-repo/org/sonatype/aether/aether-impl/1.13.1/aether-impl-1.13.1.jar
b770b000-b770d000 r--s 00007000 08:01 421652     /usr/share/maven/lib/maven-settings-builder-3.0.4.jar
b770d000-b770f000 r--s 00005000 08:01 421650     /usr/share/maven/lib/maven-repository-metadata-3.0.4.jar
b770f000-b771b000 r--s 00082000 08:01 35101      /usr/share/maven-repo/org/sonatype/sisu/sisu-guice/3.1.0/sisu-guice-3.1.0.jar
b771b000-b771d000 r--s 00003000 08:01 26779      /usr/share/java/jsr305-0.1~+svn49.jar
b771d000-b7734000 r--s 000de000 08:01 35067      /usr/share/java/guava-r09.jar
b7734000-b7735000 r--s 00003000 08:01 35333      /usr/share/maven-repo/org/sonatype/aether/aether-spi/1.13.1/aether-spi-1.13.1.jar
b7735000-b7737000 r--s 0000a000 08:01 421636     /usr/share/maven/lib/maven-artifact-3.0.4.jar
b7737000-b773a000 r--s 00011000 08:01 26804      /usr/share/java/commons-codec-1.5.jar
b773a000-b773c000 r--s 00025000 08:01 421646     /usr/share/maven/lib/maven-model-3.0.4.jar
b773c000-b773e000 r--s 0000b000 08:01 421634     /usr/share/maven/lib/maven-aether-provider-3.0.4.jar
b773e000-b7740000 r--s 0000c000 08:01 26641      /usr/share/java/commons-logging-1.1.1.jar
b7740000-b7743000 ---p 00000000 00:00 0 
b7743000-b7793000 rw-p 00000000 00:00 0 
b7793000-b7794000 r--s 00004000 08:01 34813      /usr/share/java/wagon-http-shared.jar
b7794000-b7796000 r--s 00009000 08:01 421648     /usr/share/maven/lib/maven-plugin-api-3.0.4.jar
b7796000-b7798000 r--s 0000a000 08:01 26757      /usr/share/java/plexus-classworlds2-2.4.jar
b7798000-b7799000 r--p 005e0000 08:01 140016     /usr/lib/locale/locale-archive
b7799000-b77a1000 rw-s 00000000 08:01 525150     /tmp/hsperfdata_sniporbob/3350
b77a1000-b77a2000 rw-p 00000000 00:00 0 
b77a2000-b77a3000 ---p 00000000 00:00 0 
b77a3000-b77a5000 rw-p 00000000 00:00 0 
bfdfd000-bfdfe000 rwxp 00000000 00:00 0 
bfe30000-bfe51000 rw-p 00000000 00:00 0          [stack]

VM Arguments:
jvm_args: -XX:MaxPermSize=512m -Dclassworlds.conf=/usr/share/maven/bin/m2.conf -Dmaven.home=/usr/share/maven 
java_command: org.codehaus.plexus.classworlds.launcher.Launcher clean install -DskipTests
Launcher Type: SUN_STANDARD

Environment Variables:
JAVA_HOME=/usr/lib/jvm/jdk1.7.0_67
PATH=/usr/lib/lightdm/lightdm:/usr/local/sbin:/usr/local/bin:/usr/sbin:/usr/bin:/sbin:/bin:/usr/games
SHELL=/bin/bash
DISPLAY=:0

Signal Handlers:
SIGSEGV: [libjvm.so+0x50e2d0], sa_mask[0]=0x7ffbfeff, sa_flags=0x10000004
SIGBUS: [libjvm.so+0x50e2d0], sa_mask[0]=0x7ffbfeff, sa_flags=0x10000004
SIGFPE: [libjvm.so+0x404e80], sa_mask[0]=0x7ffbfeff, sa_flags=0x10000004
SIGPIPE: [libjvm.so+0x404e80], sa_mask[0]=0x7ffbfeff, sa_flags=0x10000004
SIGXFSZ: [libjvm.so+0x404e80], sa_mask[0]=0x7ffbfeff, sa_flags=0x10000004
SIGILL: [libjvm.so+0x404e80], sa_mask[0]=0x7ffbfeff, sa_flags=0x10000004
SIGUSR1: SIG_DFL, sa_mask[0]=0x00000000, sa_flags=0x00000000
SIGUSR2: [libjvm.so+0x406680], sa_mask[0]=0x00000000, sa_flags=0x10000004
SIGHUP: [libjvm.so+0x407980], sa_mask[0]=0x7ffbfeff, sa_flags=0x10000004
SIGINT: [libjvm.so+0x407980], sa_mask[0]=0x7ffbfeff, sa_flags=0x10000004
SIGTERM: [libjvm.so+0x407980], sa_mask[0]=0x7ffbfeff, sa_flags=0x10000004
SIGQUIT: [libjvm.so+0x407980], sa_mask[0]=0x7ffbfeff, sa_flags=0x10000004


---------------  S Y S T E M  ---------------

OS:wheezy/sid

uname:Linux 3.2.0-23-generic-pae #36-Ubuntu SMP Tue Apr 10 22:19:09 UTC 2012 i686
libc:glibc 2.15 NPTL 2.15 
rlimit: STACK 8192k, CORE 0k, NPROC 7896, NOFILE 4096, AS infinity
load average:1.35 1.31 1.35

/proc/meminfo:
MemTotal:        1025272 kB
MemFree:          278032 kB
Buffers:            8932 kB
Cached:           115108 kB
SwapCached:            0 kB
Active:           657704 kB
Inactive:          46572 kB
Active(anon):     580840 kB
Inactive(anon):     3396 kB
Active(file):      76864 kB
Inactive(file):    43176 kB
Unevictable:           0 kB
Mlocked:               0 kB
HighTotal:        135112 kB
HighFree:          18532 kB
LowTotal:         890160 kB
LowFree:          259500 kB
SwapTotal:             0 kB
SwapFree:              0 kB
Dirty:              5888 kB
Writeback:             0 kB
AnonPages:        580224 kB
Mapped:            19408 kB
Shmem:              4004 kB
Slab:              22592 kB
SReclaimable:      11828 kB
SUnreclaim:        10764 kB
KernelStack:        2632 kB
PageTables:        10120 kB
NFS_Unstable:          0 kB
Bounce:                0 kB
WritebackTmp:          0 kB
CommitLimit:      512636 kB
Committed_AS:    2203156 kB
VmallocTotal:     122880 kB
VmallocUsed:        3204 kB
VmallocChunk:     118580 kB
HardwareCorrupted:     0 kB
AnonHugePages:         0 kB
HugePages_Total:       0
HugePages_Free:        0
HugePages_Rsvd:        0
HugePages_Surp:        0
Hugepagesize:       2048 kB
DirectMap4k:       20472 kB
DirectMap2M:      892928 kB


CPU:total 1 (4 cores per cpu, 2 threads per core) family 6 model 26 stepping 5, cmov, cx8, fxsr, mmx, sse, sse2, sse3, ssse3, sse4.1, sse4.2, popcnt, ht, tsc, tscinvbit, tscinv

/proc/cpuinfo:
processor	: 0
vendor_id	: GenuineIntel
cpu family	: 6
model		: 26
model name	: Intel(R) Core(TM) i7 CPU         950  @ 3.07GHz
stepping	: 5
cpu MHz		: 3762.179
cache size	: 6144 KB
fdiv_bug	: no
hlt_bug		: no
f00f_bug	: no
coma_bug	: no
fpu		: yes
fpu_exception	: yes
cpuid level	: 5
wp		: yes
flags		: fpu vme de pse tsc msr pae mce cx8 apic mtrr pge mca cmov pat pse36 clflush mmx fxsr sse sse2 rdtscp constant_tsc up pni monitor ssse3
bogomips	: 7524.35
clflush size	: 64
cache_alignment	: 64
address sizes	: 36 bits physical, 48 bits virtual
power management:



Memory: 4k page, physical 1025272k(278032k free), swap 0k(0k free)

vm_info: Java HotSpot(TM) Client VM (24.65-b04) for linux-x86 JRE (1.7.0_67-b01), built on Jul 25 2014 08:57:40 by "java_re" with gcc 4.3.0 20080428 (Red Hat 4.3.0-8)

time: Wed Aug 13 23:15:19 2014
elapsed time: 497 seconds

