#
# A fatal error has been detected by the Java Runtime Environment:
#
#  SIGSEGV (0xb) at pc=0x01291665, pid=2061, tid=2707381056
#
# JRE version: Java(TM) SE Runtime Environment (7.0_67-b01) (build 1.7.0_67-b01)
# Java VM: Java HotSpot(TM) Client VM (24.65-b04 mixed mode linux-x86 )
# Problematic frame:
# V  [libjvm.so+0x476665]  CompactibleSpace::adjust_pointers()+0x55
#
# Failed to write core dump. Core dumps have been disabled. To enable core dumping, try "ulimit -c unlimited" before starting Java again
#
# If you would like to submit a bug report, please visit:
#   http://bugreport.sun.com/bugreport/crash.jsp
#

---------------  T H R E A D  ---------------

Current thread (0xb7657800):  VMThread [stack: 0xa1575000,0xa15f6000] [id=2080]

siginfo:si_signo=SIGSEGV: si_errno=0, si_code=1 (SEGV_MAPERR), si_addr=0x00000064

Registers:
EAX=0x00000000, EBX=0xadec44c0, ECX=0x00000008, EDX=0xb1409ed8
ESP=0xa15f49b0, EBP=0xa15f49d8, ESI=0xb13ffff8, EDI=0xb13ffff8
EIP=0x01291665, EFLAGS=0x00210202, CR2=0x00000064

Top of Stack: (sp=0xa15f49b0)
0xa15f49b0:   b1409ed8 adec44c0 00000008 00000008
0xa15f49c0:   013d5ec0 000003f1 000003f1 b760bb28
0xa15f49d0:   a15f4a88 b760bb24 a15f4a08 010757ac
0xa15f49e0:   b760fef0 b760fef0 00000001 00000004
0xa15f49f0:   a15f4a68 0137001e a15f4a28 00000002
0xa15f4a00:   b760bad0 01372c78 a15f4a38 010695cd
0xa15f4a10:   b760fdf0 b760fdf0 a65c3ea8 a65c3ea8
0xa15f4a20:   b760bad0 00000001 00000000 b760bad0 

Instructions: (pc=0x01291665)
0x01291645:   76 7b 8b 03 83 e0 03 83 f8 03 74 71 8d b4 26 00
0x01291655:   00 00 00 8b 43 04 51 51 8d 50 08 8b 40 08 53 52
0x01291665:   ff 50 64 83 c4 10 8d 1c 83 39 df 77 e6 8b 55 08
0x01291675:   8b 42 2c 39 f0 74 ba 8b 10 80 3d 55 b1 3b 01 00 

Register to memory mapping:

EAX=0x00000000 is an unknown value
EBX=0xadec44c0 is an oop
java.util.LinkedHashMap$Entry 
 - klass: 'java/util/LinkedHashMap$Entry'
ECX=0x00000008 is an unknown value
EDX=0xb1409ed8 is pointing into object: 0xb1409ec0
{constMethod} 
 - klass: {other class}
 - constants:       0xb1407440 constant pool [1047] for 'java/lang/Class' cache=0xb1477a58
ESP=0xa15f49b0 is an unknown value
EBP=0xa15f49d8 is an unknown value
ESI=0xb13ffff8 is an unallocated location in the heap
EDI=0xb13ffff8 is an unallocated location in the heap


Stack: [0xa1575000,0xa15f6000],  sp=0xa15f49b0,  free space=510k
Native frames: (J=compiled Java code, j=interpreted, Vv=VM code, C=native code)
V  [libjvm.so+0x476665]  CompactibleSpace::adjust_pointers()+0x55
V  [libjvm.so+0x25a7ac]  Generation::adjust_pointers()+0x1c
V  [libjvm.so+0x24e5cd]  GenCollectedHeap::generation_iterate(GenCollectedHeap::GenClosure*, bool)+0x5d
V  [libjvm.so+0x251a8c]  GenMarkSweep::mark_sweep_phase3(int)+0x10c
V  [libjvm.so+0x252305]  GenMarkSweep::invoke_at_safepoint(int, ReferenceProcessor*, bool)+0x1c5
V  [libjvm.so+0x25b079]  OneContigSpaceCardGeneration::collect(bool, bool, unsigned int, bool)+0xa9
V  [libjvm.so+0x250d2d]  GenCollectedHeap::do_collection(bool, bool, unsigned int, bool, int)+0x48d
V  [libjvm.so+0x191682]  GenCollectorPolicy::satisfy_failed_allocation(unsigned int, bool)+0x182
V  [libjvm.so+0x50e974]  VM_GenCollectForAllocation::doit()+0x74
V  [libjvm.so+0x5177f7]  VM_Operation::evaluate()+0x47
V  [libjvm.so+0x515893]  VMThread::evaluate_operation(VM_Operation*)+0xb3
V  [libjvm.so+0x515c30]  VMThread::loop()+0x1b0
V  [libjvm.so+0x516095]  VMThread::run()+0x85
V  [libjvm.so+0x40a5a9]  java_start(Thread*)+0x119
C  [libpthread.so.0+0x6d4c]  start_thread+0xcc

VM_Operation (0xb776ae90): GenCollectForAllocation, mode: safepoint, requested by thread 0xb7607400


---------------  P R O C E S S  ---------------

Java Threads: ( => current thread )
  0x9f2a5800 JavaThread "com.google.inject.internal.util.$Finalizer" daemon [_thread_blocked, id=2252, stack(0x9f393000,0x9f3e4000)]
  0xa14d2400 JavaThread "MultiThreadedHttpConnectionManager cleanup" daemon [_thread_blocked, id=2247, stack(0x9f1af000,0x9f200000)]
  0x9fd91c00 JavaThread "resolver-5" daemon [_thread_blocked, id=2106, stack(0x9fc0d000,0x9fc5e000)]
  0x9fd90c00 JavaThread "resolver-4" daemon [_thread_blocked, id=2105, stack(0x9fc5e000,0x9fcaf000)]
  0x9fd8fc00 JavaThread "resolver-3" daemon [_thread_blocked, id=2104, stack(0x9fcaf000,0x9fd00000)]
  0x9fd8f800 JavaThread "resolver-2" daemon [_thread_blocked, id=2103, stack(0xa0b55000,0xa0ba6000)]
  0x08dfa800 JavaThread "Worker-2" [_thread_blocked, id=2102, stack(0x9fe0d000,0x9fe5e000)]
  0x9ff82800 JavaThread "Worker-1" [_thread_blocked, id=2101, stack(0x9fe5e000,0x9feaf000)]
  0x9ff7f000 JavaThread "Provisioning Event Dispatcher" daemon [_thread_blocked, id=2100, stack(0x9feaf000,0x9ff00000)]
  0xa0105400 JavaThread "resolver-1" daemon [_thread_blocked, id=2098, stack(0xa03a5000,0xa03f6000)]
  0xa0494c00 JavaThread "Worker-JM" [_thread_blocked, id=2097, stack(0xa050d000,0xa055e000)]
  0xa06d4000 JavaThread "À€À€ëŸ»ê‰‰ç‹ë…€ë§˜ê‰‰À€À€À€À€À€À€ë “ê‰‰Îë…€À€., lib/xstream-1.4.6.jarÀ€À€ë¡“ê‰‰ç‹ë…€ë¨°ê‰‰À€À€À€À€À€À€ë¡«ê‰‰Îë…€À€org.openhab.binding.zwaveÀ€ë¢«ê‰‰ç‹ë…€ëªˆê‰‰À€À€À€À€À€À€ë£ƒê‰‰Îë…€À€" [_thread_blocked, id=2096, stack(0xa055e000,0xa05af000)]
  0xa0a83800 JavaThread "[Timer] - Main Queue Handler" [_thread_blocked, id=2095, stack(0xa05af000,0xa0600000)]
  0xa0990400 JavaThread "Start Level Event Dispatcher" daemon [_thread_blocked, id=2093, stack(0xa07af000,0xa0800000)]
  0xa098c000 JavaThread "Framework Event Dispatcher" daemon [_thread_blocked, id=2092, stack(0xa0b04000,0xa0b55000)]
  0xa094ec00 JavaThread "Framework Active Thread" [_thread_blocked, id=2090, stack(0xa0ba9000,0xa0bfa000)]
  0xa0c12c00 JavaThread "com.google.common.base.internal.Finalizer" daemon [_thread_blocked, id=2087, stack(0xa0f8b000,0xa0fdc000)]
  0xb766f000 JavaThread "Service Thread" daemon [_thread_blocked, id=2085, stack(0xa108c000,0xa10dd000)]
  0xb766d000 JavaThread "C1 CompilerThread0" daemon [_thread_blocked, id=2084, stack(0xa10dd000,0xa115e000)]
  0xb766b400 JavaThread "Signal Dispatcher" daemon [_thread_blocked, id=2083, stack(0xa115e000,0xa11af000)]
  0xb765b800 JavaThread "Finalizer" daemon [_thread_blocked, id=2082, stack(0xa13af000,0xa1400000)]
  0xb765a000 JavaThread "Reference Handler" daemon [_thread_blocked, id=2081, stack(0xa1524000,0xa1575000)]
  0xb7607400 JavaThread "main" [_thread_blocked, id=2079, stack(0xb771c000,0xb776d000)]

Other Threads:
=>0xb7657800 VMThread [stack: 0xa1575000,0xa15f6000] [id=2080]
  0xb7671400 WatcherThread [stack: 0xa100b000,0xa108c000] [id=2086]

VM state:at safepoint (normal execution)

VM Mutex/Monitor currently owned by a thread:  ([mutex/lock_event])
[0xb7604bc0] Threads_lock - owner thread: 0xb7657800
[0xb7604fd0] Heap_lock - owner thread: 0xb7607400

Heap
 def new generation   total 77440K, used 77440K [0xa1800000, 0xa6c00000, 0xa6c00000)
  eden space 68864K, 100% used [0xa1800000, 0xa5b40000, 0xa5b40000)
  from space 8576K, 100% used [0xa5b40000, 0xa63a0000, 0xa63a0000)
  to   space 8576K,   0% used [0xa63a0000, 0xa63a0000, 0xa6c00000)
 tenured generation   total 172032K, used 172031K [0xa6c00000, 0xb1400000, 0xb1400000)
   the space 172032K,  99% used [0xa6c00000, 0xb13ffff8, 0xb1400000, 0xb1400000)
 compacting perm gen  total 43520K, used 43278K [0xb1400000, 0xb3e80000, 0xb5400000)
   the space 43520K,  99% used [0xb1400000, 0xb3e43880, 0xb3e43a00, 0xb3e80000)
No shared spaces configured.

Card table byte_map: [0xb54e1000,0xb5580000] byte_map_base: 0xb4fd5000

Polling page: 0xb777e000

Code Cache  [0xb5600000, 0xb6870000, 0xb7600000)
 total_blobs=9082 nmethods=8888 adapters=128 free_code_cache=13922Kb largest_free_block=14238144

Compilation events (10 events):
Event: 288.234 Thread 0xb766d000 9088             org.eclipse.jdt.internal.compiler.codegen.StackMapFrameCodeStream::decrStackSize (16 bytes)
Event: 288.235 Thread 0xb766d000 nmethod 9088 0xb686ad48 code [0xb686ae40, 0xb686aeec]
Event: 288.237 Thread 0xb766d000 9089             org.eclipse.jdt.internal.compiler.codegen.CodeStream::iconst_2 (78 bytes)
Event: 288.237 Thread 0xb766d000 nmethod 9089 0xb686af48 code [0xb686b050, 0xb686b14c]
Event: 288.488 Thread 0xb766d000 9090             org.codehaus.plexus.DefaultPlexusContainer::lookup (8 bytes)
Event: 288.488 Thread 0xb766d000 nmethod 9090 0xb686b248 code [0xb686b340, 0xb686b3dc]
Event: 288.488 Thread 0xb766d000 9091   !         org.codehaus.plexus.DefaultPlexusContainer::lookup (59 bytes)
Event: 288.488 Thread 0xb766d000 nmethod 9091 0xb686b448 code [0xb686b5c0, 0xb686b8cc]
Event: 288.501 Thread 0xb766d000 9092             java.util.TreeMap$ValueIterator::<init> (12 bytes)
Event: 288.501 Thread 0xb766d000 nmethod 9092 0xb686bbc8 code [0xb686bcc0, 0xb686bd90]

GC Heap History (10 events):
Event: 282.607 GC heap after
Heap after GC invocations=591 (full 126):
 def new generation   total 77440K, used 15783K [0xa1800000, 0xa6c00000, 0xa6c00000)
  eden space 68864K,  22% used [0xa1800000, 0xa2769fb0, 0xa5b40000)
  from space 8576K,   0% used [0xa5b40000, 0xa5b40000, 0xa63a0000)
  to   space 8576K,   0% used [0xa63a0000, 0xa63a0000, 0xa6c00000)
 tenured generation   total 172032K, used 172032K [0xa6c00000, 0xb1400000, 0xb1400000)
   the space 172032K, 100% used [0xa6c00000, 0xb1400000, 0xb1400000, 0xb1400000)
 compacting perm gen  total 43520K, used 43278K [0xb1400000, 0xb3e80000, 0xb5400000)
   the space 43520K,  99% used [0xb1400000, 0xb3e43890, 0xb3e43a00, 0xb3e80000)
No shared spaces configured.
}
Event: 283.658 GC heap before
{Heap before GC invocations=591 (full 126):
 def new generation   total 77440K, used 77439K [0xa1800000, 0xa6c00000, 0xa6c00000)
  eden space 68864K, 100% used [0xa1800000, 0xa5b40000, 0xa5b40000)
  from space 8576K,  99% used [0xa5b40000, 0xa639ffe8, 0xa63a0000)
  to   space 8576K,   0% used [0xa63a0000, 0xa63a0000, 0xa6c00000)
 tenured generation   total 172032K, used 172032K [0xa6c00000, 0xb1400000, 0xb1400000)
   the space 172032K, 100% used [0xa6c00000, 0xb1400000, 0xb1400000, 0xb1400000)
 compacting perm gen  total 43520K, used 43278K [0xb1400000, 0xb3e80000, 0xb5400000)
   the space 43520K,  99% used [0xb1400000, 0xb3e438d0, 0xb3e43a00, 0xb3e80000)
No shared spaces configured.
Event: 284.065 GC heap after
Heap after GC invocations=592 (full 127):
 def new generation   total 77440K, used 16641K [0xa1800000, 0xa6c00000, 0xa6c00000)
  eden space 68864K,  24% used [0xa1800000, 0xa28405c8, 0xa5b40000)
  from space 8576K,   0% used [0xa5b40000, 0xa5b40000, 0xa63a0000)
  to   space 8576K,   0% used [0xa63a0000, 0xa63a0000, 0xa6c00000)
 tenured generation   total 172032K, used 172032K [0xa6c00000, 0xb1400000, 0xb1400000)
   the space 172032K, 100% used [0xa6c00000, 0xb1400000, 0xb1400000, 0xb1400000)
 compacting perm gen  total 43520K, used 43278K [0xb1400000, 0xb3e80000, 0xb5400000)
   the space 43520K,  99% used [0xb1400000, 0xb3e438d0, 0xb3e43a00, 0xb3e80000)
No shared spaces configured.
}
Event: 284.987 GC heap before
{Heap before GC invocations=592 (full 127):
 def new generation   total 77440K, used 77439K [0xa1800000, 0xa6c00000, 0xa6c00000)
  eden space 68864K, 100% used [0xa1800000, 0xa5b40000, 0xa5b40000)
  from space 8576K,  99% used [0xa5b40000, 0xa639fd08, 0xa63a0000)
  to   space 8576K,   0% used [0xa63a0000, 0xa63a0000, 0xa6c00000)
 tenured generation   total 172032K, used 172032K [0xa6c00000, 0xb1400000, 0xb1400000)
   the space 172032K, 100% used [0xa6c00000, 0xb1400000, 0xb1400000, 0xb1400000)
 compacting perm gen  total 43520K, used 43278K [0xb1400000, 0xb3e80000, 0xb5400000)
   the space 43520K,  99% used [0xb1400000, 0xb3e438d0, 0xb3e43a00, 0xb3e80000)
No shared spaces configured.
Event: 285.483 GC heap after
Heap after GC invocations=593 (full 128):
 def new generation   total 77440K, used 17241K [0xa1800000, 0xa6c00000, 0xa6c00000)
  eden space 68864K,  25% used [0xa1800000, 0xa28d67e0, 0xa5b40000)
  from space 8576K,   0% used [0xa5b40000, 0xa5b40000, 0xa63a0000)
  to   space 8576K,   0% used [0xa63a0000, 0xa63a0000, 0xa6c00000)
 tenured generation   total 172032K, used 172028K [0xa6c00000, 0xb1400000, 0xb1400000)
   the space 172032K,  99% used [0xa6c00000, 0xb13ff328, 0xb13ff400, 0xb1400000)
 compacting perm gen  total 43520K, used 43278K [0xb1400000, 0xb3e80000, 0xb5400000)
   the space 43520K,  99% used [0xb1400000, 0xb3e43830, 0xb3e43a00, 0xb3e80000)
No shared spaces configured.
}
Event: 286.474 GC heap before
{Heap before GC invocations=593 (full 128):
 def new generation   total 77440K, used 77439K [0xa1800000, 0xa6c00000, 0xa6c00000)
  eden space 68864K, 100% used [0xa1800000, 0xa5b40000, 0xa5b40000)
  from space 8576K,  99% used [0xa5b40000, 0xa639fff8, 0xa63a0000)
  to   space 8576K,   0% used [0xa63a0000, 0xa63a0000, 0xa6c00000)
 tenured generation   total 172032K, used 172031K [0xa6c00000, 0xb1400000, 0xb1400000)
   the space 172032K,  99% used [0xa6c00000, 0xb13ffff8, 0xb1400000, 0xb1400000)
 compacting perm gen  total 43520K, used 43278K [0xb1400000, 0xb3e80000, 0xb5400000)
   the space 43520K,  99% used [0xb1400000, 0xb3e43870, 0xb3e43a00, 0xb3e80000)
No shared spaces configured.
Event: 286.898 GC heap after
Heap after GC invocations=594 (full 129):
 def new generation   total 77440K, used 18050K [0xa1800000, 0xa6c00000, 0xa6c00000)
  eden space 68864K,  26% used [0xa1800000, 0xa29a0878, 0xa5b40000)
  from space 8576K,   0% used [0xa5b40000, 0xa5b40000, 0xa63a0000)
  to   space 8576K,   0% used [0xa63a0000, 0xa63a0000, 0xa6c00000)
 tenured generation   total 172032K, used 172031K [0xa6c00000, 0xb1400000, 0xb1400000)
   the space 172032K,  99% used [0xa6c00000, 0xb13ffff8, 0xb1400000, 0xb1400000)
 compacting perm gen  total 43520K, used 43278K [0xb1400000, 0xb3e80000, 0xb5400000)
   the space 43520K,  99% used [0xb1400000, 0xb3e43870, 0xb3e43a00, 0xb3e80000)
No shared spaces configured.
}
Event: 287.812 GC heap before
{Heap before GC invocations=594 (full 129):
 def new generation   total 77440K, used 77439K [0xa1800000, 0xa6c00000, 0xa6c00000)
  eden space 68864K, 100% used [0xa1800000, 0xa5b40000, 0xa5b40000)
  from space 8576K,  99% used [0xa5b40000, 0xa639fff0, 0xa63a0000)
  to   space 8576K,   0% used [0xa63a0000, 0xa63a0000, 0xa6c00000)
 tenured generation   total 172032K, used 172031K [0xa6c00000, 0xb1400000, 0xb1400000)
   the space 172032K,  99% used [0xa6c00000, 0xb13ffff8, 0xb1400000, 0xb1400000)
 compacting perm gen  total 43520K, used 43278K [0xb1400000, 0xb3e80000, 0xb5400000)
   the space 43520K,  99% used [0xb1400000, 0xb3e43880, 0xb3e43a00, 0xb3e80000)
No shared spaces configured.
Event: 288.231 GC heap after
Heap after GC invocations=595 (full 130):
 def new generation   total 77440K, used 19688K [0xa1800000, 0xa6c00000, 0xa6c00000)
  eden space 68864K,  28% used [0xa1800000, 0xa2b3a040, 0xa5b40000)
  from space 8576K,   0% used [0xa5b40000, 0xa5b40000, 0xa63a0000)
  to   space 8576K,   0% used [0xa63a0000, 0xa63a0000, 0xa6c00000)
 tenured generation   total 172032K, used 172031K [0xa6c00000, 0xb1400000, 0xb1400000)
   the space 172032K,  99% used [0xa6c00000, 0xb13ffff8, 0xb1400000, 0xb1400000)
 compacting perm gen  total 43520K, used 43278K [0xb1400000, 0xb3e80000, 0xb5400000)
   the space 43520K,  99% used [0xb1400000, 0xb3e43880, 0xb3e43a00, 0xb3e80000)
No shared spaces configured.
}
Event: 288.527 GC heap before
{Heap before GC invocations=595 (full 130):
 def new generation   total 77440K, used 77440K [0xa1800000, 0xa6c00000, 0xa6c00000)
  eden space 68864K, 100% used [0xa1800000, 0xa5b40000, 0xa5b40000)
  from space 8576K, 100% used [0xa5b40000, 0xa63a0000, 0xa63a0000)
  to   space 8576K,   0% used [0xa63a0000, 0xa63a0000, 0xa6c00000)
 tenured generation   total 172032K, used 172031K [0xa6c00000, 0xb1400000, 0xb1400000)
   the space 172032K,  99% used [0xa6c00000, 0xb13ffff8, 0xb1400000, 0xb1400000)
 compacting perm gen  total 43520K, used 43278K [0xb1400000, 0xb3e80000, 0xb5400000)
   the space 43520K,  99% used [0xb1400000, 0xb3e43880, 0xb3e43a00, 0xb3e80000)
No shared spaces configured.

Deoptimization events (0 events):
No events

Internal exceptions (10 events):
Event: 287.764 Thread 0xb7607400 Threw 0xa5289d30 at /HUDSON/workspace/7u-2-build-linux-i586/jdk7u67/1368/hotspot/src/share/vm/runtime/sharedRuntime.cpp:591
Event: 287.764 Thread 0xb7607400 Threw 0xa528d620 at /HUDSON/workspace/7u-2-build-linux-i586/jdk7u67/1368/hotspot/src/share/vm/runtime/sharedRuntime.cpp:591
Event: 287.764 Thread 0xb7607400 Threw 0xa52907a0 at /HUDSON/workspace/7u-2-build-linux-i586/jdk7u67/1368/hotspot/src/share/vm/runtime/sharedRuntime.cpp:591
Event: 287.764 Thread 0xb7607400 Threw 0xa5293708 at /HUDSON/workspace/7u-2-build-linux-i586/jdk7u67/1368/hotspot/src/share/vm/runtime/sharedRuntime.cpp:591
Event: 287.764 Thread 0xb7607400 Threw 0xa52968c0 at /HUDSON/workspace/7u-2-build-linux-i586/jdk7u67/1368/hotspot/src/share/vm/runtime/sharedRuntime.cpp:591
Event: 287.764 Thread 0xb7607400 Threw 0xa5299128 at /HUDSON/workspace/7u-2-build-linux-i586/jdk7u67/1368/hotspot/src/share/vm/runtime/sharedRuntime.cpp:591
Event: 287.764 Thread 0xb7607400 Threw 0xa529bbe8 at /HUDSON/workspace/7u-2-build-linux-i586/jdk7u67/1368/hotspot/src/share/vm/runtime/sharedRuntime.cpp:591
Event: 287.764 Thread 0xb7607400 Threw 0xa529e4b8 at /HUDSON/workspace/7u-2-build-linux-i586/jdk7u67/1368/hotspot/src/share/vm/runtime/sharedRuntime.cpp:591
Event: 287.765 Thread 0xb7607400 Threw 0xa52a3b00 at /HUDSON/workspace/7u-2-build-linux-i586/jdk7u67/1368/hotspot/src/share/vm/runtime/sharedRuntime.cpp:591
Event: 287.765 Thread 0xb7607400 Threw 0xa52aa020 at /HUDSON/workspace/7u-2-build-linux-i586/jdk7u67/1368/hotspot/src/share/vm/runtime/sharedRuntime.cpp:591

Events (10 events):
Event: 287.720 Executing VM operation: RevokeBias
Event: 287.727 Thread 0x9f6c7c00 Thread added: 0x9f6c7c00
Event: 287.732 Executing VM operation: RevokeBias done
Event: 287.751 Thread 0x9e2c1000 Thread exited: 0x9e2c1000
Event: 287.751 Thread 0x9f6c7c00 Thread exited: 0x9f6c7c00
Event: 287.774 Thread 0x9e23a000 Thread added: 0x9e23a000
Event: 287.811 Executing VM operation: GenCollectForAllocation
Event: 288.232 Executing VM operation: GenCollectForAllocation done
Event: 288.243 Thread 0x9e23a000 Thread exited: 0x9e23a000
Event: 288.527 Executing VM operation: GenCollectForAllocation


Dynamic libraries:
00110000-00127000 r-xp 00000000 08:01 181144     /usr/lib/jvm/jdk1.7.0_67/jre/lib/i386/libzip.so
00127000-00128000 rw-p 00017000 08:01 181144     /usr/lib/jvm/jdk1.7.0_67/jre/lib/i386/libzip.so
00128000-0013d000 r-xp 00000000 08:01 181157     /usr/lib/jvm/jdk1.7.0_67/jre/lib/i386/libnet.so
0013d000-0013e000 rw-p 00014000 08:01 181157     /usr/lib/jvm/jdk1.7.0_67/jre/lib/i386/libnet.so
0013e000-00171000 r-xp 00000000 08:01 181129     /usr/lib/jvm/jdk1.7.0_67/jre/lib/i386/libsunec.so
00171000-00175000 rw-p 00032000 08:01 181129     /usr/lib/jvm/jdk1.7.0_67/jre/lib/i386/libsunec.so
00175000-00179000 rw-p 00000000 00:00 0 
00179000-00195000 r-xp 00000000 08:01 265861     /lib/i386-linux-gnu/libgcc_s.so.1
00195000-00196000 r--p 0001b000 08:01 265861     /lib/i386-linux-gnu/libgcc_s.so.1
00196000-00197000 rw-p 0001c000 08:01 265861     /lib/i386-linux-gnu/libgcc_s.so.1
00254000-00277000 r-xp 00000000 08:01 181114     /usr/lib/jvm/jdk1.7.0_67/jre/lib/i386/libjava.so
00277000-00278000 rw-p 00023000 08:01 181114     /usr/lib/jvm/jdk1.7.0_67/jre/lib/i386/libjava.so
0041e000-00448000 r-xp 00000000 08:01 264135     /lib/i386-linux-gnu/libm-2.15.so
00448000-00449000 r--p 00029000 08:01 264135     /lib/i386-linux-gnu/libm-2.15.so
00449000-0044a000 rw-p 0002a000 08:01 264135     /lib/i386-linux-gnu/libm-2.15.so
004a7000-004ae000 r-xp 00000000 08:01 264972     /lib/i386-linux-gnu/libnss_compat-2.15.so
004ae000-004af000 r--p 00006000 08:01 264972     /lib/i386-linux-gnu/libnss_compat-2.15.so
004af000-004b0000 rw-p 00007000 08:01 264972     /lib/i386-linux-gnu/libnss_compat-2.15.so
004ce000-004ee000 r-xp 00000000 08:01 262287     /lib/i386-linux-gnu/ld-2.15.so
004ee000-004ef000 r--p 0001f000 08:01 262287     /lib/i386-linux-gnu/ld-2.15.so
004ef000-004f0000 rw-p 00020000 08:01 262287     /lib/i386-linux-gnu/ld-2.15.so
00527000-0053a000 r-xp 00000000 08:01 263932     /lib/i386-linux-gnu/libresolv-2.15.so
0053a000-0053b000 ---p 00013000 08:01 263932     /lib/i386-linux-gnu/libresolv-2.15.so
0053b000-0053c000 r--p 00013000 08:01 263932     /lib/i386-linux-gnu/libresolv-2.15.so
0053c000-0053d000 rw-p 00014000 08:01 263932     /lib/i386-linux-gnu/libresolv-2.15.so
0053d000-0053f000 rw-p 00000000 00:00 0 
005bd000-005c2000 r-xp 00000000 08:01 265999     /lib/i386-linux-gnu/libnss_dns-2.15.so
005c2000-005c3000 r--p 00004000 08:01 265999     /lib/i386-linux-gnu/libnss_dns-2.15.so
005c3000-005c4000 rw-p 00005000 08:01 265999     /lib/i386-linux-gnu/libnss_dns-2.15.so
007d5000-007eb000 r-xp 00000000 08:01 263925     /lib/i386-linux-gnu/libnsl-2.15.so
007eb000-007ec000 r--p 00015000 08:01 263925     /lib/i386-linux-gnu/libnsl-2.15.so
007ec000-007ed000 rw-p 00016000 08:01 263925     /lib/i386-linux-gnu/libnsl-2.15.so
007ed000-007ef000 rw-p 00000000 00:00 0 
0090d000-00918000 r-xp 00000000 08:01 181168     /usr/lib/jvm/jdk1.7.0_67/jre/lib/i386/libverify.so
00918000-00919000 rw-p 0000b000 08:01 181168     /usr/lib/jvm/jdk1.7.0_67/jre/lib/i386/libverify.so
00937000-00939000 r-xp 00000000 08:01 264968     /lib/libnss_mdns4_minimal.so.2
00939000-0093a000 r--p 00001000 08:01 264968     /lib/libnss_mdns4_minimal.so.2
0093a000-0093b000 rw-p 00002000 08:01 264968     /lib/libnss_mdns4_minimal.so.2
00982000-00990000 r-xp 00000000 08:01 181124     /usr/lib/jvm/jdk1.7.0_67/jre/lib/i386/libnio.so
00990000-00991000 rw-p 0000e000 08:01 181124     /usr/lib/jvm/jdk1.7.0_67/jre/lib/i386/libnio.so
009ef000-00b93000 r-xp 00000000 08:01 263930     /lib/i386-linux-gnu/libc-2.15.so
00b93000-00b94000 ---p 001a4000 08:01 263930     /lib/i386-linux-gnu/libc-2.15.so
00b94000-00b96000 r--p 001a4000 08:01 263930     /lib/i386-linux-gnu/libc-2.15.so
00b96000-00b97000 rw-p 001a6000 08:01 263930     /lib/i386-linux-gnu/libc-2.15.so
00b97000-00b9a000 rw-p 00000000 00:00 0 
00c3c000-00c3f000 r-xp 00000000 08:01 266000     /lib/i386-linux-gnu/libdl-2.15.so
00c3f000-00c40000 r--p 00002000 08:01 266000     /lib/i386-linux-gnu/libdl-2.15.so
00c40000-00c41000 rw-p 00003000 08:01 266000     /lib/i386-linux-gnu/libdl-2.15.so
00cca000-00cdd000 r-xp 00000000 08:01 413180     /usr/lib/jvm/jdk1.7.0_67/lib/i386/jli/libjli.so
00cdd000-00cde000 rw-p 00012000 08:01 413180     /usr/lib/jvm/jdk1.7.0_67/lib/i386/jli/libjli.so
00d11000-00d1b000 r-xp 00000000 08:01 264975     /lib/i386-linux-gnu/libnss_nis-2.15.so
00d1b000-00d1c000 r--p 00009000 08:01 264975     /lib/i386-linux-gnu/libnss_nis-2.15.so
00d1c000-00d1d000 rw-p 0000a000 08:01 264975     /lib/i386-linux-gnu/libnss_nis-2.15.so
00d2b000-00d32000 r-xp 00000000 08:01 263922     /lib/i386-linux-gnu/librt-2.15.so
00d32000-00d33000 r--p 00006000 08:01 263922     /lib/i386-linux-gnu/librt-2.15.so
00d33000-00d34000 rw-p 00007000 08:01 263922     /lib/i386-linux-gnu/librt-2.15.so
00dc7000-00dd2000 r-xp 00000000 08:01 263926     /lib/i386-linux-gnu/libnss_files-2.15.so
00dd2000-00dd3000 r--p 0000a000 08:01 263926     /lib/i386-linux-gnu/libnss_files-2.15.so
00dd3000-00dd4000 rw-p 0000b000 08:01 263926     /lib/i386-linux-gnu/libnss_files-2.15.so
00dec000-00e03000 r-xp 00000000 08:01 262489     /lib/i386-linux-gnu/libpthread-2.15.so
00e03000-00e04000 r--p 00016000 08:01 262489     /lib/i386-linux-gnu/libpthread-2.15.so
00e04000-00e05000 rw-p 00017000 08:01 262489     /lib/i386-linux-gnu/libpthread-2.15.so
00e05000-00e07000 rw-p 00000000 00:00 0 
00e1a000-00e1b000 r-xp 00000000 00:00 0          [vdso]
00e1b000-013ac000 r-xp 00000000 08:01 181131     /usr/lib/jvm/jdk1.7.0_67/jre/lib/i386/client/libjvm.so
013ac000-013cd000 rw-p 00591000 08:01 181131     /usr/lib/jvm/jdk1.7.0_67/jre/lib/i386/client/libjvm.so
013cd000-017ed000 rw-p 00000000 00:00 0 
08048000-08049000 r-xp 00000000 08:01 316999     /usr/lib/jvm/jdk1.7.0_67/bin/java
08049000-0804a000 rw-p 00000000 08:01 316999     /usr/lib/jvm/jdk1.7.0_67/bin/java
08c97000-0951e000 rw-p 00000000 00:00 0          [heap]
9de00000-9dee4000 rw-p 00000000 00:00 0 
9dee4000-9df00000 ---p 00000000 00:00 0 
9e000000-9e0ff000 rw-p 00000000 00:00 0 
9e0ff000-9e100000 ---p 00000000 00:00 0 
9e100000-9e16e000 rw-p 00000000 00:00 0 
9e16e000-9e200000 ---p 00000000 00:00 0 
9e200000-9e400000 rw-p 00000000 00:00 0 
9e400000-9e4ff000 rw-p 00000000 00:00 0 
9e4ff000-9e500000 ---p 00000000 00:00 0 
9e600000-9e6f6000 rw-p 00000000 00:00 0 
9e6f6000-9e700000 ---p 00000000 00:00 0 
9e800000-9e8fc000 rw-p 00000000 00:00 0 
9e8fc000-9e900000 ---p 00000000 00:00 0 
9ea00000-9eb00000 rw-p 00000000 00:00 0 
9eb00000-9ebff000 rw-p 00000000 00:00 0 
9ebff000-9ec00000 ---p 00000000 00:00 0 
9ec16000-9ed00000 rw-p 00000000 00:00 0 
9ed00000-9ee00000 rw-p 00000000 00:00 0 
9ee00000-9eefd000 rw-p 00000000 00:00 0 
9eefd000-9ef00000 ---p 00000000 00:00 0 
9ef6d000-9f000000 r--s 00957000 08:01 189639     /home/sniporbob/.m2/repository/org/eclipse/xtend/org.eclipse.xtend.standalone/2.3.0/org.eclipse.xtend.standalone-2.3.0.jar
9f000000-9f0f9000 rw-p 00000000 00:00 0 
9f0f9000-9f100000 ---p 00000000 00:00 0 
9f15e000-9f161000 ---p 00000000 00:00 0 
9f161000-9f1af000 rw-p 00000000 00:00 0 
9f1af000-9f1b2000 ---p 00000000 00:00 0 
9f1b2000-9f200000 rw-p 00000000 00:00 0 
9f200000-9f2f9000 rw-p 00000000 00:00 0 
9f2f9000-9f300000 ---p 00000000 00:00 0 
9f324000-9f342000 r--s 00151000 08:01 189654     /home/sniporbob/.m2/repository/com/google/guava/guava/10.0.1/guava-10.0.1.jar
9f342000-9f345000 ---p 00000000 00:00 0 
9f345000-9f393000 rw-p 00000000 00:00 0 
9f393000-9f396000 ---p 00000000 00:00 0 
9f396000-9f3e4000 rw-p 00000000 00:00 0 
9f3e4000-9f3e7000 ---p 00000000 00:00 0 
9f3e7000-9f435000 rw-p 00000000 00:00 0 
9f435000-9f438000 ---p 00000000 00:00 0 
9f438000-9f486000 rw-p 00000000 00:00 0 
9f486000-9f489000 ---p 00000000 00:00 0 
9f489000-9f4d7000 rw-p 00000000 00:00 0 
9f51a000-9f529000 r--s 0009f000 08:01 189655     /home/sniporbob/.m2/repository/com/google/inject/guice/3.0/guice-3.0.jar
9f529000-9f52d000 r--s 00022000 08:01 423860     /home/sniporbob/.m2/repository/org/antlr/antlr-runtime/3.2/antlr-runtime-3.2.jar
9f52d000-9f531000 r--s 0002b000 08:01 189667     /home/sniporbob/.m2/repository/org/eclipse/emf/codegen/2.2.3/codegen-2.2.3.jar
9f531000-9f534000 r--s 00006000 08:01 189665     /home/sniporbob/.m2/repository/com/google/code/findbugs/jsr305/1.3.9/jsr305-1.3.9.jar
9f534000-9f53b000 r--s 00023000 08:01 423867     /home/sniporbob/.m2/repository/org/apache/maven/maven-project-builder/3.0-alpha-2/maven-project-builder-3.0-alpha-2.jar
9f53b000-9f53d000 r--s 00007000 08:01 189663     /home/sniporbob/.m2/repository/org/sonatype/spice/model-builder/1.3/model-builder-1.3.jar
9f53d000-9f544000 r--s 00079000 08:01 189652     /home/sniporbob/.m2/repository/org/codehaus/woodstox/wstx-asl/3.2.6/wstx-asl-3.2.6.jar
9f544000-9f562000 r--s 001bb000 08:01 324886     /home/sniporbob/.m2/repository/org/apache/ant/ant/1.8.2/ant-1.8.2.jar
9f562000-9f567000 r--s 00041000 08:01 422699     /home/sniporbob/.m2/repository/commons-lang/commons-lang/2.6/commons-lang-2.6.jar
9f567000-9f569000 r--s 0000d000 08:01 189384     /home/sniporbob/.m2/repository/commons-logging/commons-logging/1.1.1/commons-logging-1.1.1.jar
9f569000-9f56d000 r--s 0002f000 08:01 422697     /home/sniporbob/.m2/repository/commons-beanutils/commons-beanutils-core/1.8.3/commons-beanutils-core-1.8.3.jar
9f56d000-9f56e000 r--s 00004000 08:01 324782     /home/sniporbob/.m2/repository/org/apache/ant/ant-launcher/1.8.3/ant-launcher-1.8.3.jar
9f56e000-9f58c000 r--s 001bc000 08:01 324783     /home/sniporbob/.m2/repository/org/apache/ant/ant/1.8.3/ant-1.8.3.jar
9f58c000-9f58e000 r--s 00000000 08:01 422694     /home/sniporbob/.m2/repository/aopalliance/aopalliance/1.0/aopalliance-1.0.jar
9f58e000-9f59c000 r--s 00095000 08:01 189382     /home/sniporbob/.m2/repository/com/google/inject/guice/2.0/guice-2.0.jar
9f59c000-9f5a1000 r--s 00040000 08:01 422695     /home/sniporbob/.m2/repository/org/codehaus/plexus/plexus-utils/1.5.12/plexus-utils-1.5.12.jar
9f5a1000-9f5a4000 r--s 0000a000 08:01 422693     /home/sniporbob/.m2/repository/org/codehaus/plexus/plexus-interpolation/1.8.1/plexus-interpolation-1.8.1.jar
9f5ac000-9f5af000 r--s 0001b000 08:01 189651     /home/sniporbob/.m2/repository/junit/junit/3.8.2/junit-3.8.2.jar
9f5af000-9f5b2000 ---p 00000000 00:00 0 
9f5b2000-9f600000 rw-p 00000000 00:00 0 
9f600000-9f800000 rw-p 00000000 00:00 0 
9f800000-9f900000 rw-p 00000000 00:00 0 
9f900000-9fa00000 rw-p 00000000 00:00 0 
9fa00000-9fa02000 r--s 00007000 08:01 187978     /home/sniporbob/.m2/repository/org/fornax/toolsupport/fornax-oaw-m2-plugin/3.4.0/fornax-oaw-m2-plugin-3.4.0.jar
9fa02000-9fa04000 r--s 00005000 08:01 423864     /home/sniporbob/.m2/repository/stax/stax-api/1.0.1/stax-api-1.0.1.jar
9fa04000-9fa05000 r--s 0000a000 08:01 189661     /home/sniporbob/.m2/repository/commons-logging/commons-logging-api/1.1/commons-logging-api-1.1.jar
9fa05000-9fa09000 r--s 0001d000 08:01 189660     /home/sniporbob/.m2/repository/org/apache/xbean/xbean-reflect/3.4/xbean-reflect-3.4.jar
9fa09000-9fa0b000 r--s 00000000 08:01 189659     /home/sniporbob/.m2/repository/org/codehaus/plexus/plexus-component-annotations/1.0-beta-3.0.5/plexus-component-annotations-1.0-beta-3.0.5.jar
9fa0b000-9fa0d000 r--s 00007000 08:01 423863     /home/sniporbob/.m2/repository/org/codehaus/plexus/plexus-interpolation/1.1/plexus-interpolation-1.1.jar
9fa0d000-9fa14000 r--s 00059000 08:01 423859     /home/sniporbob/.m2/repository/log4j/log4j/1.2.15/log4j-1.2.15.jar
9fa14000-9fa16000 r--s 00002000 08:01 187951     /home/sniporbob/.m2/repository/org/eclipse/xtend/xtend-maven-plugin/2.3.0/xtend-maven-plugin-2.3.0.jar
9fa16000-9fa1b000 r--s 0003d000 08:01 325091     /home/sniporbob/.m2/repository/org/codehaus/plexus/plexus-utils/1.5.8/plexus-utils-1.5.8.jar
9fa1c000-9fa1f000 r--s 00010000 08:01 188230     /home/sniporbob/.m2/repository/p2/osgi/bundle/org.apache.commons.codec/1.4.0.v201209201156/org.apache.commons.codec-1.4.0.v201209201156.jar
9fa1f000-9fa20000 r--s 00000000 08:01 423868     /home/sniporbob/.m2/repository/javax/inject/javax.inject/1/javax.inject-1.jar
9fa20000-9fa21000 r--s 00007000 08:01 187931     /home/sniporbob/.m2/repository/org/codehaus/mojo/build-helper-maven-plugin/1.7/build-helper-maven-plugin-1.7.jar
9fa21000-9fa22000 r--s 00005000 08:01 187939     /home/sniporbob/.m2/repository/org/apache/maven/plugins/maven-clean-plugin/2.4.1/maven-clean-plugin-2.4.1.jar
9fa22000-9fa36000 r--s 00142000 08:01 188191     /home/sniporbob/.m2/repository/p2/osgi/bundle/org.eclipse.osgi/3.8.2.v20130124-134944/org.eclipse.osgi-3.8.2.v20130124-134944.jar
9fa36000-9fa63000 r--s 001bb000 08:01 422230     /home/sniporbob/.m2/repository/org/bouncycastle/bcprov-jdk15on/1.47/bcprov-jdk15on-1.47.jar
9fa63000-9fa66000 ---p 00000000 00:00 0 
9fa66000-9fab4000 rw-p 00000000 00:00 0 
9fab4000-9fab7000 r--s 00012000 08:01 188236     /home/sniporbob/.m2/repository/p2/osgi/bundle/org.eclipse.osgi.services/3.3.100.v20120522-1822/org.eclipse.osgi.services-3.3.100.v20120522-1822.jar
9fab7000-9fab9000 r--s 00002000 08:01 324885     /home/sniporbob/.m2/repository/org/apache/ant/ant-launcher/1.8.2/ant-launcher-1.8.2.jar
9faba000-9fabf000 r--s 00045000 08:01 188224     /home/sniporbob/.m2/repository/p2/osgi/bundle/org.apache.commons.lang/2.6.0.v201205030909/org.apache.commons.lang-2.6.0.v201205030909.jar
9fabf000-9fac0000 r--s 00005000 08:01 187750     /home/sniporbob/.m2/repository/org/apache/maven/plugins/maven-install-plugin/2.3.1/maven-install-plugin-2.3.1.jar
9fac0000-9fad4000 r--s 0012f000 08:01 189265     /home/sniporbob/.m2/repository/org/apache/ant/ant/1.7.1/ant-1.7.1.jar
9fad4000-9fad6000 r--s 00024000 08:01 189157     /home/sniporbob/.m2/repository/org/eclipse/tycho/org.eclipse.jdt.compiler.apt/1.0.600.v20130530-1010/org.eclipse.jdt.compiler.apt-1.0.600.v20130530-1010.jar
9fad6000-9fb00000 r--s 00476000 08:01 189156     /home/sniporbob/.m2/repository/org/eclipse/tycho/org.eclipse.jdt.core/3.9.1.v20130905-0837/org.eclipse.jdt.core-3.9.1.v20130905-0837.jar
9fb00000-9fbff000 rw-p 00000000 00:00 0 
9fbff000-9fc00000 ---p 00000000 00:00 0 
9fc00000-9fc02000 r--s 00007000 08:01 188551     /home/sniporbob/.m2/repository/p2/osgi/bundle/org.slf4j.api/1.7.2.v20121108-1250/org.slf4j.api-1.7.2.v20121108-1250.jar
9fc05000-9fc06000 rw-p 00000000 00:00 0 
9fc06000-9fc0d000 r--s 00036000 08:01 422228     /home/sniporbob/.m2/repository/org/bouncycastle/bcpg-jdk15on/1.47/bcpg-jdk15on-1.47.jar
9fc0d000-9fc10000 ---p 00000000 00:00 0 
9fc10000-9fc5e000 rw-p 00000000 00:00 0 
9fc5e000-9fc61000 ---p 00000000 00:00 0 
9fc61000-9fcaf000 rw-p 00000000 00:00 0 
9fcaf000-9fcb2000 ---p 00000000 00:00 0 
9fcb2000-9fd00000 rw-p 00000000 00:00 0 
9fd00000-9fdfe000 rw-p 00000000 00:00 0 
9fdfe000-9fe00000 ---p 00000000 00:00 0 
9fe00000-9fe01000 rw-p 00000000 00:00 0 
9fe01000-9fe05000 r--s 0002b000 08:01 189264     /home/sniporbob/.m2/repository/org/codehaus/plexus/plexus-utils/1.4.1/plexus-utils-1.4.1.jar
9fe05000-9fe0d000 r--s 00049000 08:01 422242     /home/sniporbob/.m2/repository/backport-util-concurrent/backport-util-concurrent/3.1/backport-util-concurrent-3.1.jar
9fe0d000-9fe10000 ---p 00000000 00:00 0 
9fe10000-9fe5e000 rw-p 00000000 00:00 0 
9fe5e000-9fe61000 ---p 00000000 00:00 0 
9fe61000-9feaf000 rw-p 00000000 00:00 0 
9feaf000-9feb2000 ---p 00000000 00:00 0 
9feb2000-9ff00000 rw-p 00000000 00:00 0 
9ff00000-a0000000 rw-p 00000000 00:00 0 
a0000000-a0100000 rw-p 00000000 00:00 0 
a0100000-a0200000 rw-p 00000000 00:00 0 
a0200000-a02ff000 rw-p 00000000 00:00 0 
a02ff000-a0300000 ---p 00000000 00:00 0 
a0300000-a0302000 r--s 00006000 08:01 187984     /home/sniporbob/.m2/repository/org/fornax/toolsupport/fornax-oaw-m2-plugin/3.3.0/fornax-oaw-m2-plugin-3.3.0.jar
a0302000-a0303000 r--s 00002000 08:01 189266     /home/sniporbob/.m2/repository/org/apache/ant/ant-launcher/1.7.1/ant-launcher-1.7.1.jar
a0303000-a0305000 r--s 0000b000 08:01 422246     /home/sniporbob/.m2/repository/org/codehaus/plexus/plexus-interpolation/1.11/plexus-interpolation-1.11.jar
a0305000-a0307000 r--s 00002000 08:01 189262     /home/sniporbob/.m2/repository/org/sonatype/plexus/plexus-cipher/1.4/plexus-cipher-1.4.jar
a0307000-a0309000 r--s 00009000 08:01 422240     /home/sniporbob/.m2/repository/commons-cli/commons-cli/1.2/commons-cli-1.2.jar
a0309000-a030a000 r--s 00002000 08:01 324657     /home/sniporbob/.m2/repository/org/apache/maven/doxia/doxia-logging-api/1.1/doxia-logging-api-1.1.jar
a030a000-a030c000 r--s 00002000 08:01 324656     /home/sniporbob/.m2/repository/org/apache/maven/doxia/doxia-sink-api/1.1/doxia-sink-api-1.1.jar
a030c000-a030d000 r--s 00002000 08:01 324655     /home/sniporbob/.m2/repository/org/apache/maven/reporting/maven-reporting-api/2.2.1/maven-reporting-api-2.2.1.jar
a030d000-a030f000 r--s 00003000 08:01 422214     /home/sniporbob/.m2/repository/org/slf4j/jcl-over-slf4j/1.5.6/jcl-over-slf4j-1.5.6.jar
a030f000-a0311000 r--s 00004000 08:01 422216     /home/sniporbob/.m2/repository/org/slf4j/slf4j-api/1.5.6/slf4j-api-1.5.6.jar
a0311000-a0313000 r--s 00001000 08:01 422212     /home/sniporbob/.m2/repository/org/slf4j/slf4j-jdk14/1.5.6/slf4j-jdk14-1.5.6.jar
a0313000-a0317000 r--s 00014000 08:01 422220     /home/sniporbob/.m2/repository/org/tukaani/xz/1.0/xz-1.0.jar
a0317000-a031c000 r--s 00036000 08:01 422238     /home/sniporbob/.m2/repository/org/apache/commons/commons-compress/1.4.1/commons-compress-1.4.1.jar
a031c000-a0320000 r--s 0002a000 08:01 422236     /home/sniporbob/.m2/repository/commons-io/commons-io/2.4/commons-io-2.4.jar
a0320000-a0327000 r--s 00049000 08:01 187717     /home/sniporbob/.m2/repository/org/vafer/jdeb/1.0.1/jdeb-1.0.1.jar
a0327000-a0328000 r--s 00003000 08:01 189155     /home/sniporbob/.m2/repository/org/eclipse/tycho/tycho-compiler-jdt/0.19.0/tycho-compiler-jdt-0.19.0.jar
a0328000-a032a000 r--s 00005000 08:01 421812     /home/sniporbob/.m2/repository/org/codehaus/plexus/plexus-compiler-api/2.2/plexus-compiler-api-2.2.jar
a032a000-a032c000 r--s 00000000 08:01 421814     /home/sniporbob/.m2/repository/org/codehaus/plexus/plexus-compiler-manager/2.2/plexus-compiler-manager-2.2.jar
a032c000-a032d000 r--s 00006000 08:01 187818     /home/sniporbob/.m2/repository/org/eclipse/tycho/tycho-compiler-plugin/0.19.0/tycho-compiler-plugin-0.19.0.jar
a032d000-a032f000 r--s 0000d000 08:01 185120     /home/sniporbob/.m2/repository/org/codehaus/plexus/plexus-interpolation/1.13/plexus-interpolation-1.13.jar
a032f000-a0330000 r--s 00001000 08:01 185119     /home/sniporbob/.m2/repository/org/sonatype/plexus/plexus-build-api/0.0.4/plexus-build-api-0.0.4.jar
a0330000-a0332000 r--s 00007000 08:01 324552     /home/sniporbob/.m2/repository/org/apache/maven/shared/maven-filtering/1.0-beta-4/maven-filtering-1.0-beta-4.jar
a0332000-a0336000 r--s 00033000 08:01 324548     /home/sniporbob/.m2/repository/org/codehaus/plexus/plexus-utils/2.0.5/plexus-utils-2.0.5.jar
a0336000-a0338000 r--s 00002000 08:01 324547     /home/sniporbob/.m2/repository/org/codehaus/plexus/plexus-interactivity-api/1.0-alpha-4/plexus-interactivity-api-1.0-alpha-4.jar
a0338000-a033a000 r--s 00006000 08:01 324546     /home/sniporbob/.m2/repository/commons-cli/commons-cli/1.0/commons-cli-1.0.jar
a033a000-a033b000 r--s 00001000 08:01 324545     /home/sniporbob/.m2/repository/org/apache/maven/doxia/doxia-sink-api/1.0-alpha-7/doxia-sink-api-1.0-alpha-7.jar
a033b000-a033c000 r--s 00002000 08:01 324544     /home/sniporbob/.m2/repository/org/apache/maven/reporting/maven-reporting-api/2.0.6/maven-reporting-api-2.0.6.jar
a033c000-a033d000 r--s 00005000 08:01 187809     /home/sniporbob/.m2/repository/org/apache/maven/plugins/maven-resources-plugin/2.4.3/maven-resources-plugin-2.4.3.jar
a033d000-a033e000 r--s 00002000 08:01 324413     /home/sniporbob/.m2/repository/org/codehaus/plexus/plexus-digest/1.0/plexus-digest-1.0.jar
a033e000-a033f000 r--s 00005000 08:01 189060     /home/sniporbob/.m2/repository/org/apache/maven/plugins/maven-install-plugin/2.3/maven-install-plugin-2.3.jar
a033f000-a0344000 r--s 00039000 08:01 324387     /home/sniporbob/.m2/repository/org/codehaus/plexus/plexus-utils/1.5.6/plexus-utils-1.5.6.jar
a0344000-a0346000 r--s 00008000 08:01 324385     /home/sniporbob/.m2/repository/org/apache/maven/shared/maven-shared-io/1.1/maven-shared-io-1.1.jar
a0346000-a0348000 r--s 00008000 08:01 324386     /home/sniporbob/.m2/repository/org/apache/maven/shared/file-management/1.2.1/file-management-1.2.1.jar
a0348000-a034b000 r--s 0001b000 08:01 189018     /home/sniporbob/.m2/repository/junit/junit/3.8.1/junit-3.8.1.jar
a034b000-a034d000 r--s 00003000 08:01 187741     /home/sniporbob/.m2/repository/org/apache/maven/plugins/maven-clean-plugin/2.3/maven-clean-plugin-2.3.jar
a034d000-a0350000 ---p 00000000 00:00 0 
a0350000-a039e000 rw-p 00000000 00:00 0 
a039e000-a03a2000 r--s 0002d000 08:01 316967     /usr/lib/jvm/jdk1.7.0_67/jre/lib/ext/sunjce_provider.jar
a03a2000-a03a5000 r--s 00037000 08:01 316962     /usr/lib/jvm/jdk1.7.0_67/jre/lib/ext/sunpkcs11.jar
a03a5000-a03a8000 ---p 00000000 00:00 0 
a03a8000-a03f6000 rw-p 00000000 00:00 0 
a03f6000-a03f7000 r--s 00002000 08:01 188056     /home/sniporbob/.m2/repository/org/eclipse/tycho/tycho-p2-repository-plugin/0.19.0/tycho-p2-repository-plugin-0.19.0.jar
a03f7000-a03f9000 r--s 005ea000 08:01 188047     /home/sniporbob/.m2/repository/org/eclipse/tycho/tycho-standalone-p2-director/0.19.0/tycho-standalone-p2-director-0.19.0.zip
a03f9000-a03fb000 r--s 00005000 08:01 188038     /home/sniporbob/.m2/repository/org/eclipse/tycho/tycho-p2-director-plugin/0.19.0/tycho-p2-director-plugin-0.19.0.jar
a03fb000-a03fd000 r--s 00004000 08:01 188029     /home/sniporbob/.m2/repository/org/apache/maven/maven-archiver/2.5/maven-archiver-2.5.jar
a03fd000-a0400000 r--s 00018000 08:01 187707     /home/sniporbob/.m2/repository/org/eclipse/tycho/tycho-packaging-plugin/0.19.0/tycho-packaging-plugin-0.19.0.jar
a0400000-a0500000 rw-p 00000000 00:00 0 
a0500000-a0501000 r--s 00003000 08:01 316966     /usr/lib/jvm/jdk1.7.0_67/jre/lib/ext/sunec.jar
a0501000-a0503000 r--s 00004000 08:01 187993     /home/sniporbob/.m2/repository/org/eclipse/tycho/tycho-p2-publisher-plugin/0.19.0/tycho-p2-publisher-plugin-0.19.0.jar
a0503000-a0508000 r--s 00023000 08:01 187909     /home/sniporbob/.m2/repository/org/apache/maven/surefire/surefire-api/2.10/surefire-api-2.10.jar
a0508000-a050a000 r--s 0000b000 08:01 187904     /home/sniporbob/.m2/repository/org/eclipse/tycho/org.eclipse.tycho.surefire.junit47/0.19.0/org.eclipse.tycho.surefire.junit47-0.19.0.jar
a050a000-a050b000 r--s 00007000 08:01 187903     /home/sniporbob/.m2/repository/org/eclipse/tycho/org.eclipse.tycho.surefire.junit4/0.19.0/org.eclipse.tycho.surefire.junit4-0.19.0.jar
a050b000-a050d000 r--s 00005000 08:01 187902     /home/sniporbob/.m2/repository/org/eclipse/tycho/org.eclipse.tycho.surefire.junit/0.19.0/org.eclipse.tycho.surefire.junit-0.19.0.jar
a050d000-a0510000 ---p 00000000 00:00 0 
a0510000-a055e000 rw-p 00000000 00:00 0 
a055e000-a0561000 ---p 00000000 00:00 0 
a0561000-a05af000 rw-p 00000000 00:00 0 
a05af000-a05b2000 ---p 00000000 00:00 0 
a05b2000-a0600000 rw-p 00000000 00:00 0 
a0600000-a06fe000 rw-p 00000000 00:00 0 
a06fe000-a0700000 ---p 00000000 00:00 0 
a0700000-a0702000 r--s 0002c000 08:01 187901     /home/sniporbob/.m2/repository/org/eclipse/tycho/org.eclipse.tycho.surefire.osgibooter/0.19.0/org.eclipse.tycho.surefire.osgibooter-0.19.0.jar
a0702000-a0704000 r--s 00009000 08:01 187847     /home/sniporbob/.m2/repository/org/eclipse/tycho/tycho-surefire-plugin/0.19.0/tycho-surefire-plugin-0.19.0.jar
a0704000-a0709000 r--s 0004a000 08:01 187800     /home/sniporbob/.m2/repository/org/ow2/asm/asm-debug-all/4.0/asm-debug-all-4.0.jar
a0709000-a070b000 r--s 00003000 08:01 187797     /home/sniporbob/.m2/repository/org/eclipse/tycho/tycho-artifactcomparator/0.19.0/tycho-artifactcomparator-0.19.0.jar
a070b000-a070c000 r--s 00006000 08:01 187796     /home/sniporbob/.m2/repository/org/eclipse/tycho/sisu-equinox-launching/0.19.0/sisu-equinox-launching-0.19.0.jar
a070c000-a070d000 r--s 00005000 08:01 187759     /home/sniporbob/.m2/repository/org/eclipse/tycho/tycho-p2-plugin/0.19.0/tycho-p2-plugin-0.19.0.jar
a070d000-a0717000 r--s 00251000 08:01 181067     /usr/lib/jvm/jdk1.7.0_67/jre/lib/resources.jar
a0717000-a0718000 r--s 00001000 08:01 187635     /home/sniporbob/.m2/repository/org/eclipse/tycho/tycho-bundles-external/0.19.0/eclipse/plugins/org.eclipse.core.runtime.compatibility.registry_3.5.200.v20130514-1256/runtime_registry_compatibility.jar
a0718000-a071a000 r--s 00007000 08:01 187664     /home/sniporbob/.m2/repository/org/eclipse/tycho/org.eclipse.tycho.p2.tools.impl/0.19.0/org.eclipse.tycho.p2.tools.impl-0.19.0.jar
a071a000-a071f000 r--s 0001d000 08:01 187658     /home/sniporbob/.m2/repository/org/eclipse/tycho/org.eclipse.tycho.p2.maven.repository/0.19.0/org.eclipse.tycho.p2.maven.repository-0.19.0.jar
a071f000-a0723000 r--s 00029000 08:01 187652     /home/sniporbob/.m2/repository/org/eclipse/tycho/org.eclipse.tycho.p2.resolver.impl/0.19.0/org.eclipse.tycho.p2.resolver.impl-0.19.0.jar
a0723000-a0725000 r--s 0000f000 08:01 187626     /home/sniporbob/.m2/repository/org/eclipse/tycho/tycho-bundles-external/0.19.0/eclipse/plugins/org.apache.commons.logging_1.1.1.v201101211721.jar
a0725000-a0729000 r--s 0001c000 08:01 187642     /home/sniporbob/.m2/repository/org/eclipse/tycho/tycho-bundles-external/0.19.0/eclipse/plugins/org.eclipse.ecf.provider.filetransfer_3.2.0.v20130604-1622.jar
a0729000-a072f000 r--s 00053000 08:01 187588     /home/sniporbob/.m2/repository/org/eclipse/tycho/tycho-bundles-external/0.19.0/eclipse/plugins/org.sat4j.core_2.3.5.v201308161310.jar
a072f000-a0732000 r--s 00013000 08:01 187645     /home/sniporbob/.m2/repository/org/eclipse/tycho/tycho-bundles-external/0.19.0/eclipse/plugins/org.eclipse.equinox.app_1.3.100.v20130327-1442.jar
a0732000-a0734000 r--s 00010000 08:01 187621     /home/sniporbob/.m2/repository/org/eclipse/tycho/tycho-bundles-external/0.19.0/eclipse/plugins/org.eclipse.core.net_1.2.200.v20130430-1352.jar
a0734000-a0737000 r--s 0000e000 08:01 187608     /home/sniporbob/.m2/repository/org/eclipse/tycho/tycho-bundles-external/0.19.0/eclipse/plugins/org.eclipse.equinox.p2.jarprocessor_1.0.300.v20130327-2119.jar
a0737000-a073a000 r--s 0000a000 08:01 187637     /home/sniporbob/.m2/repository/org/eclipse/tycho/tycho-bundles-external/0.19.0/eclipse/plugins/org.eclipse.ecf.filetransfer_5.0.0.v20130604-1622.jar
a073a000-a073c000 r--s 00015000 08:01 187598     /home/sniporbob/.m2/repository/org/eclipse/tycho/tycho-bundles-external/0.19.0/eclipse/plugins/org.eclipse.equinox.p2.updatesite_1.0.400.v20130515-2028.jar
a073c000-a073d000 r--s 00002000 08:01 187641     /home/sniporbob/.m2/repository/org/eclipse/tycho/tycho-bundles-external/0.19.0/eclipse/plugins/org.eclipse.ecf.provider.filetransfer.ssl_1.0.0.v20130604-1622.jar
a073d000-a0740000 r--s 00018000 08:01 187595     /home/sniporbob/.m2/repository/org/eclipse/tycho/tycho-bundles-external/0.19.0/eclipse/plugins/org.eclipse.equinox.security_1.2.0.v20130424-1801.jar
a0740000-a0742000 r--s 00005000 08:01 187647     /home/sniporbob/.m2/repository/org/eclipse/tycho/tycho-bundles-external/0.19.0/eclipse/plugins/org.eclipse.equinox.concurrent_1.1.0.v20130327-1442.jar
a0742000-a0745000 r--s 00017000 08:01 187611     /home/sniporbob/.m2/repository/org/eclipse/tycho/tycho-bundles-external/0.19.0/eclipse/plugins/org.eclipse.equinox.p2.director_2.3.0.v20130526-0335.jar
a0745000-a0746000 r--s 0000c000 08:01 187600     /home/sniporbob/.m2/repository/org/eclipse/tycho/tycho-bundles-external/0.19.0/eclipse/plugins/org.eclipse.equinox.p2.touchpoint.natives_1.1.100.v20130327-2119.jar
a0746000-a0749000 r--s 00012000 08:01 187591     /home/sniporbob/.m2/repository/org/eclipse/tycho/tycho-bundles-external/0.19.0/eclipse/plugins/org.eclipse.osgi.services_3.3.100.v20130513-1956.jar
a0749000-a074b000 r--s 00009000 08:01 187599     /home/sniporbob/.m2/repository/org/eclipse/tycho/tycho-bundles-external/0.19.0/eclipse/plugins/org.eclipse.equinox.p2.transport.ecf_1.1.0.v20130516-1858.jar
a074b000-a074e000 r--s 00014000 08:01 187644     /home/sniporbob/.m2/repository/org/eclipse/tycho/tycho-bundles-external/0.19.0/eclipse/plugins/org.eclipse.ecf_3.2.0.v20130604-1622.jar
a074e000-a0750000 r--s 00015000 08:01 187623     /home/sniporbob/.m2/repository/org/eclipse/tycho/tycho-bundles-external/0.19.0/eclipse/plugins/org.eclipse.core.contenttype_3.4.200.v20130326-1255.jar
a0750000-a0753000 r--s 0001d000 08:01 187601     /home/sniporbob/.m2/repository/org/eclipse/tycho/tycho-bundles-external/0.19.0/eclipse/plugins/org.eclipse.equinox.p2.touchpoint.eclipse_2.1.200.v20130327-2119.jar
a0753000-a0756000 r--s 00010000 08:01 187631     /home/sniporbob/.m2/repository/org/eclipse/tycho/tycho-bundles-external/0.19.0/eclipse/plugins/org.apache.commons.codec_1.4.0.v201209201156.jar
a0756000-a075b000 r--s 00037000 08:01 187587     /home/sniporbob/.m2/repository/org/eclipse/tycho/tycho-bundles-external/0.19.0/eclipse/plugins/org.sat4j.pb_2.3.5.v201308161310.jar
a075b000-a075c000 r--s 00003000 08:01 187639     /home/sniporbob/.m2/repository/org/eclipse/tycho/tycho-bundles-external/0.19.0/eclipse/plugins/org.eclipse.ecf.provider.filetransfer.httpclient4.ssl_1.0.0.v20130604-1622.jar
a075c000-a0760000 r--s 0001c000 08:01 187597     /home/sniporbob/.m2/repository/org/eclipse/tycho/tycho-bundles-external/0.19.0/eclipse/plugins/org.eclipse.equinox.preferences_3.5.100.v20130422-1538.jar
a0760000-a0763000 r--s 00030000 08:01 187605     /home/sniporbob/.m2/repository/org/eclipse/tycho/tycho-bundles-external/0.19.0/eclipse/plugins/org.eclipse.equinox.p2.publisher.eclipse_1.1.200.v20130516-1953.jar
a0763000-a0764000 r--s 00008000 08:01 187616     /home/sniporbob/.m2/repository/org/eclipse/tycho/tycho-bundles-external/0.19.0/eclipse/plugins/org.eclipse.equinox.frameworkadmin_2.0.100.v20130327-2119.jar
a0764000-a076b000 r--s 0004c000 08:01 187606     /home/sniporbob/.m2/repository/org/eclipse/tycho/tycho-bundles-external/0.19.0/eclipse/plugins/org.eclipse.equinox.p2.metadata_2.2.0.v20130523-1557.jar
a076b000-a076f000 r--s 0002d000 08:01 187610     /home/sniporbob/.m2/repository/org/eclipse/tycho/tycho-bundles-external/0.19.0/eclipse/plugins/org.eclipse.equinox.p2.engine_2.3.0.v20130526-2122.jar
a076f000-a0773000 r--s 0001c000 08:01 187602     /home/sniporbob/.m2/repository/org/eclipse/tycho/tycho-bundles-external/0.19.0/eclipse/plugins/org.eclipse.equinox.p2.repository_2.3.0.v20130412-2032.jar
a0773000-a077d000 r--s 00074000 08:01 187625     /home/sniporbob/.m2/repository/org/eclipse/tycho/tycho-bundles-external/0.19.0/eclipse/plugins/org.apache.httpcomponents.httpclient_4.1.3.v201209201135.jar
a077d000-a077f000 r--s 00015000 08:01 187622     /home/sniporbob/.m2/repository/org/eclipse/tycho/tycho-bundles-external/0.19.0/eclipse/plugins/org.eclipse.core.jobs_3.5.300.v20130429-1813.jar
a077f000-a0782000 r--s 0002d000 08:01 187648     /home/sniporbob/.m2/repository/org/eclipse/tycho/tycho-bundles-external/0.19.0/eclipse/plugins/org.eclipse.equinox.ds_1.4.101.v20130813-1853.jar
a0782000-a0784000 r--s 0000e000 08:01 187649     /home/sniporbob/.m2/repository/org/eclipse/tycho/tycho-bundles-external/0.19.0/eclipse/plugins/org.eclipse.equinox.frameworkadmin.equinox_1.0.500.v20130327-2119.jar
a0784000-a0786000 r--s 00005000 08:01 187594     /home/sniporbob/.m2/repository/org/eclipse/tycho/tycho-bundles-external/0.19.0/eclipse/plugins/org.eclipse.equinox.simpleconfigurator.manipulator_2.0.0.v20130327-2119.jar
a0786000-a0789000 r--s 0002a000 08:01 187596     /home/sniporbob/.m2/repository/org/eclipse/tycho/tycho-bundles-external/0.19.0/eclipse/plugins/org.eclipse.equinox.registry_3.5.301.v20130717-1549.jar
a0789000-a078b000 r--s 00010000 08:01 187636     /home/sniporbob/.m2/repository/org/eclipse/tycho/tycho-bundles-external/0.19.0/eclipse/plugins/org.eclipse.core.runtime_3.9.0.v20130326-1255.jar
a078b000-a078e000 r--s 00018000 08:01 187604     /home/sniporbob/.m2/repository/org/eclipse/tycho/tycho-bundles-external/0.19.0/eclipse/plugins/org.eclipse.equinox.p2.publisher_1.3.0.v20130509-0110.jar
a078e000-a0791000 r--s 00011000 08:01 187592     /home/sniporbob/.m2/repository/org/eclipse/tycho/tycho-bundles-external/0.19.0/eclipse/plugins/org.eclipse.equinox.util_1.0.500.v20130404-1337.jar
a0791000-a0793000 r--s 0000a000 08:01 187612     /home/sniporbob/.m2/repository/org/eclipse/tycho/tycho-bundles-external/0.19.0/eclipse/plugins/org.eclipse.equinox.p2.director.app_1.0.300.v20130819-1621.jar
a0793000-a0797000 r--s 00035000 08:01 187603     /home/sniporbob/.m2/repository/org/eclipse/tycho/tycho-bundles-external/0.19.0/eclipse/plugins/org.eclipse.equinox.p2.repository.tools_2.1.0.v20130327-2119.jar
a0797000-a079a000 r--s 00018000 08:01 187646     /home/sniporbob/.m2/repository/org/eclipse/tycho/tycho-bundles-external/0.19.0/eclipse/plugins/org.eclipse.equinox.common_3.6.200.v20130402-1505.jar
a079a000-a079c000 r--s 0000b000 08:01 187615     /home/sniporbob/.m2/repository/org/eclipse/tycho/tycho-bundles-external/0.19.0/eclipse/plugins/org.eclipse.equinox.launcher_1.3.0.v20130327-1440.jar
a079c000-a079e000 r--s 00000000 08:01 187589     /home/sniporbob/.m2/repository/org/eclipse/tycho/tycho-bundles-external/0.19.0/eclipse/plugins/org.eclipse.tycho.noopsecurity_0.19.0.jar
a079e000-a07a0000 r--s 00005000 08:01 187609     /home/sniporbob/.m2/repository/org/eclipse/tycho/tycho-bundles-external/0.19.0/eclipse/plugins/org.eclipse.equinox.p2.garbagecollector_1.0.200.v20130327-2119.jar
a07a0000-a07a4000 r--s 0001e000 08:01 187614     /home/sniporbob/.m2/repository/org/eclipse/tycho/tycho-bundles-external/0.19.0/eclipse/plugins/org.eclipse.equinox.p2.artifact.repository_1.1.200.v20130515-2028.jar
a07a4000-a07a7000 r--s 0000f000 08:01 187640     /home/sniporbob/.m2/repository/org/eclipse/tycho/tycho-bundles-external/0.19.0/eclipse/plugins/org.eclipse.ecf.provider.filetransfer.httpclient4_1.0.300.v20130604-1622.jar
a07a7000-a07ac000 r--s 0002e000 08:01 187624     /home/sniporbob/.m2/repository/org/eclipse/tycho/tycho-bundles-external/0.19.0/eclipse/plugins/org.apache.httpcomponents.httpcore_4.1.4.v201203221030.jar
a07ac000-a07af000 r--s 00019000 08:01 187607     /home/sniporbob/.m2/repository/org/eclipse/tycho/tycho-bundles-external/0.19.0/eclipse/plugins/org.eclipse.equinox.p2.metadata.repository_1.2.100.v20130327-2119.jar
a07af000-a07b2000 ---p 00000000 00:00 0 
a07b2000-a0800000 rw-p 00000000 00:00 0 
a0800000-a09fd000 rw-p 00000000 00:00 0 
a09fd000-a0a00000 ---p 00000000 00:00 0 
a0a00000-a0afa000 rw-p 00000000 00:00 0 
a0afa000-a0b00000 ---p 00000000 00:00 0 
a0b00000-a0b02000 r--s 0000c000 08:01 187638     /home/sniporbob/.m2/repository/org/eclipse/tycho/tycho-bundles-external/0.19.0/eclipse/plugins/org.eclipse.ecf.identity_3.2.0.v20130604-1622.jar
a0b02000-a0b03000 r--s 00003000 08:01 187643     /home/sniporbob/.m2/repository/org/eclipse/tycho/tycho-bundles-external/0.19.0/eclipse/plugins/org.eclipse.ecf.ssl_1.1.0.v20130604-1622.jar
a0b03000-a0b04000 r--s 00009000 08:01 187593     /home/sniporbob/.m2/repository/org/eclipse/tycho/tycho-bundles-external/0.19.0/eclipse/plugins/org.eclipse.equinox.simpleconfigurator_1.0.400.v20130327-2119.jar
a0b04000-a0b07000 ---p 00000000 00:00 0 
a0b07000-a0b55000 rw-p 00000000 00:00 0 
a0b55000-a0b58000 ---p 00000000 00:00 0 
a0b58000-a0ba6000 rw-p 00000000 00:00 0 
a0ba6000-a0ba9000 r--s 0000f000 08:01 187613     /home/sniporbob/.m2/repository/org/eclipse/tycho/tycho-bundles-external/0.19.0/eclipse/plugins/org.eclipse.equinox.p2.core_2.3.0.v20130327-2119.jar
a0ba9000-a0bac000 ---p 00000000 00:00 0 
a0bac000-a0bfa000 rw-p 00000000 00:00 0 
a0bfa000-a0bfc000 r--s 00019000 08:01 181063     /usr/lib/jvm/jdk1.7.0_67/jre/lib/jce.jar
a0bfc000-a0bfe000 r--s 00003000 08:01 187518     /home/sniporbob/.m2/repository/org/eclipse/tycho/org.eclipse.tycho.p2.tools.shared/0.19.0/org.eclipse.tycho.p2.tools.shared-0.19.0.jar
a0bfe000-a0c00000 r--s 00005000 08:01 187517     /home/sniporbob/.m2/repository/org/eclipse/tycho/org.eclipse.tycho.p2.resolver.shared/0.19.0/org.eclipse.tycho.p2.resolver.shared-0.19.0.jar
a0c00000-a0e00000 rw-p 00000000 00:00 0 
a0e00000-a0f00000 rw-p 00000000 00:00 0 
a0f00000-a0f02000 r--s 00000000 08:01 187536     /home/sniporbob/.m2/repository/org/codehaus/plexus/plexus-component-annotations/1.5.5/plexus-component-annotations-1.5.5.jar
a0f02000-a0f04000 r--s 00007000 08:01 187513     /home/sniporbob/.m2/repository/org/eclipse/tycho/tycho-p2-facade/0.19.0/tycho-p2-facade-0.19.0.jar
a0f04000-a0f06000 r--s 00006000 08:01 187511     /home/sniporbob/.m2/repository/org/eclipse/tycho/org.eclipse.tycho.core.shared/0.19.0/org.eclipse.tycho.core.shared-0.19.0.jar
a0f06000-a0f07000 r--s 00001000 08:01 187509     /home/sniporbob/.m2/repository/org/eclipse/tycho/org.eclipse.tycho.embedder.shared/0.19.0/org.eclipse.tycho.embedder.shared-0.19.0.jar
a0f07000-a0f08000 r--s 00001000 08:01 187506     /home/sniporbob/.m2/repository/org/eclipse/tycho/tycho-embedder-api/0.19.0/tycho-embedder-api-0.19.0.jar
a0f08000-a0f0b000 r--s 00019000 08:01 187508     /home/sniporbob/.m2/repository/de/pdark/decentxml/1.3/decentxml-1.3.jar
a0f0b000-a0f0d000 r--s 00006000 08:01 187502     /home/sniporbob/.m2/repository/org/eclipse/tycho/tycho-metadata-model/0.19.0/tycho-metadata-model-0.19.0.jar
a0f0d000-a0f0e000 r--s 00000000 08:01 187501     /home/sniporbob/.m2/repository/org/eclipse/tycho/sisu-equinox-api/0.19.0/sisu-equinox-api-0.19.0.jar
a0f0e000-a0f10000 r--s 00002000 08:01 187500     /home/sniporbob/.m2/repository/org/eclipse/tycho/sisu-equinox-embedder/0.19.0/sisu-equinox-embedder-0.19.0.jar
a0f10000-a0f24000 r--s 00140000 08:01 187498     /home/sniporbob/.m2/repository/org/eclipse/tycho/org.eclipse.osgi/3.9.1.v20130814-1242/org.eclipse.osgi-3.9.1.v20130814-1242.jar
a0f24000-a0f27000 r--s 0000c000 08:01 187534     /home/sniporbob/.m2/repository/org/codehaus/plexus/plexus-io/2.0.5/plexus-io-2.0.5.jar
a0f27000-a0f2c000 r--s 00029000 08:01 187533     /home/sniporbob/.m2/repository/org/codehaus/plexus/plexus-archiver/2.2/plexus-archiver-2.2.jar
a0f2c000-a0f30000 r--s 00035000 08:01 187531     /home/sniporbob/.m2/repository/org/codehaus/plexus/plexus-utils/3.0.7/plexus-utils-3.0.7.jar
a0f30000-a0f32000 r--s 00002000 08:01 187528     /home/sniporbob/.m2/repository/org/sonatype/plexus/plexus-cipher/1.7/plexus-cipher-1.7.jar
a0f32000-a0f33000 r--s 00006000 08:01 187524     /home/sniporbob/.m2/repository/org/sonatype/plexus/plexus-sec-dispatcher/1.3/plexus-sec-dispatcher-1.3.jar
a0f33000-a0f35000 r--s 0000d000 08:01 187523     /home/sniporbob/.m2/repository/org/codehaus/plexus/plexus-interpolation/1.14/plexus-interpolation-1.14.jar
a0f35000-a0f40000 r--s 00069000 08:01 187526     /home/sniporbob/.m2/repository/org/sonatype/sisu/sisu-guice/2.1.7/sisu-guice-2.1.7-noaop.jar
a0f40000-a0f45000 r--s 00021000 08:01 187525     /home/sniporbob/.m2/repository/org/sonatype/sisu/sisu-inject-bean/1.4.2/sisu-inject-bean-1.4.2.jar
a0f45000-a0f49000 r--s 00017000 08:01 187522     /home/sniporbob/.m2/repository/org/sonatype/aether/aether-util/1.7/aether-util-1.7.jar
a0f49000-a0f4d000 r--s 00028000 08:01 187496     /home/sniporbob/.m2/repository/org/eclipse/tycho/tycho-core/0.19.0/tycho-core-0.19.0.jar
a0f4d000-a0f4f000 r--s 00000000 08:01 187497     /home/sniporbob/.m2/repository/org/eclipse/tycho/tycho-maven-plugin/0.19.0/tycho-maven-plugin-0.19.0.jar
a0f4f000-a0f51000 r--s 00026000 08:01 186969     /home/sniporbob/.m2/repository/org/codehaus/plexus/plexus-utils/1.0.4/plexus-utils-1.0.4.jar
a0f51000-a0f53000 r--s 00008000 08:01 186966     /home/sniporbob/.m2/repository/commons-logging/commons-logging/1.0.4/commons-logging-1.0.4.jar
a0f53000-a0f54000 r--s 00005000 08:01 186960     /home/sniporbob/.m2/repository/de/zeigermann/xml/xml-im-exporter/1.1/xml-im-exporter-1.1.jar
a0f54000-a0f57000 r--s 00023000 08:01 186958     /home/sniporbob/.m2/repository/jdom/jdom/1.0/jdom-1.0.jar
a0f57000-a0f5c000 r--s 00033000 08:01 186949     /home/sniporbob/.m2/repository/commons-httpclient/commons-httpclient/2.0.2/commons-httpclient-2.0.2.jar
a0f5c000-a0f60000 r--s 00027000 08:01 186952     /home/sniporbob/.m2/repository/slide/slide-webdavlib/2.1/slide-webdavlib-2.1.jar
a0f60000-a0f62000 r--s 00003000 08:01 186943     /home/sniporbob/.m2/repository/org/apache/maven/wagon/wagon-webdav/1.0-beta-2/wagon-webdav-1.0-beta-2.jar
a0f62000-a0f6d000 r--s 0037c000 08:01 181069     /usr/lib/jvm/jdk1.7.0_67/jre/lib/charsets.jar
a0f6d000-a0f70000 ---p 00000000 00:00 0 
a0f70000-a0f86000 rw-p 00000000 00:00 0 
a0f86000-a0f87000 r--p 00000000 00:00 0 
a0f87000-a0f8b000 r--s 0008a000 08:01 181058     /usr/lib/jvm/jdk1.7.0_67/jre/lib/jsse.jar
a0f8b000-a0f8e000 ---p 00000000 00:00 0 
a0f8e000-a0fdc000 rw-p 00000000 00:00 0 
a0fdc000-a0fdf000 r--s 00013000 08:01 35338      /usr/share/maven-repo/org/sonatype/aether/aether-api/1.13.1/aether-api-1.13.1.jar
a0fdf000-a0fe0000 r--s 00006000 08:01 34196      /usr/share/maven-repo/org/sonatype/plexus/plexus-sec-dispatcher/1.3.1/plexus-sec-dispatcher-1.3.1.jar
a0fe0000-a0fe2000 r--s 00008000 08:01 421642     /usr/share/maven/lib/maven-embedder-3.0.4.jar
a0fe2000-a0fe6000 r--s 0001c000 08:01 35321      /usr/share/maven-repo/org/sonatype/aether/aether-util/1.13.1/aether-util-1.13.1.jar
a0fe6000-a0fec000 r--s 0002c000 08:01 35267      /usr/share/java/sisu-inject-plexus.jar
a0fec000-a0fee000 r--s 00002000 08:01 34053      /usr/share/maven-repo/org/sonatype/plexus/plexus-cipher/1.5/plexus-cipher-1.5.jar
a0fee000-a0ff5000 r--s 00040000 08:01 35259      /usr/share/java/sisu-inject-bean.jar
a0ff5000-a0ffb000 r--s 00045000 08:01 34358      /usr/share/java/commons-httpclient-3.1.jar
a0ffb000-a1007000 r--s 0007c000 08:01 421640     /usr/share/maven/lib/maven-core-3.0.4.jar
a1007000-a100b000 r--s 00033000 08:01 35021      /usr/share/java/plexus-utils2-2.0.5.jar
a100b000-a100c000 ---p 00000000 00:00 0 
a100c000-a108c000 rw-p 00000000 00:00 0 
a108c000-a108f000 ---p 00000000 00:00 0 
a108f000-a10dd000 rw-p 00000000 00:00 0 
a10dd000-a10e0000 ---p 00000000 00:00 0 
a10e0000-a115e000 rw-p 00000000 00:00 0 
a115e000-a1161000 ---p 00000000 00:00 0 
a1161000-a11af000 rw-p 00000000 00:00 0 
a11af000-a13af000 r--p 00000000 08:01 140016     /usr/lib/locale/locale-archive
a13af000-a13b2000 ---p 00000000 00:00 0 
a13b2000-a1400000 rw-p 00000000 00:00 0 
a1400000-a1500000 rw-p 00000000 00:00 0 
a1500000-a1501000 r--s 00001000 08:01 34815      /usr/share/java/wagon-http.jar
a1501000-a1507000 r--s 0003e000 08:01 421638     /usr/share/maven/lib/maven-compat-3.0.4.jar
a1507000-a1509000 r--s 00007000 08:01 26777      /usr/share/java/commons-cli-1.2.jar
a1509000-a150d000 r--s 00020000 08:01 421644     /usr/share/maven/lib/maven-model-builder-3.0.4.jar
a150d000-a1524000 r--s 000de000 08:01 35067      /usr/share/java/guava-r09.jar
a1524000-a1527000 ---p 00000000 00:00 0 
a1527000-a1575000 rw-p 00000000 00:00 0 
a1575000-a1576000 ---p 00000000 00:00 0 
a1576000-a1641000 rw-p 00000000 00:00 0 
a1641000-a1800000 r--s 039e5000 08:01 180825     /usr/lib/jvm/jdk1.7.0_67/jre/lib/rt.jar
a1800000-a6c00000 rw-p 00000000 00:00 0 
a6c00000-b1400000 rw-p 00000000 00:00 0 
b1400000-b3e80000 rw-p 00000000 00:00 0 
b3e80000-b5400000 rw-p 00000000 00:00 0 
b5400000-b5402000 r--s 00006000 08:01 35356      /usr/share/maven-repo/org/sonatype/aether/aether-connector-wagon/1.13.1/aether-connector-wagon-1.13.1.jar
b5402000-b5403000 r--s 00001000 08:01 34811      /usr/share/java/wagon-file.jar
b5403000-b5405000 r--s 0000a000 08:01 34809      /usr/share/java/wagon-provider-api.jar
b5405000-b5407000 r--s 00000000 08:01 35024      /usr/share/java/plexus-component-annotations-1.5-1.5.5.jar
b5407000-b5409000 r--s 0000b000 08:01 406913     /usr/share/maven-repo/org/codehaus/plexus/plexus-interpolation/1.11/plexus-interpolation-1.11.jar
b5409000-b540b000 r--s 00009000 08:01 421654     /usr/share/maven/lib/maven-settings-3.0.4.jar
b540b000-b540e000 r--s 0001d000 08:01 35350      /usr/share/maven-repo/org/sonatype/aether/aether-impl/1.13.1/aether-impl-1.13.1.jar
b540e000-b5410000 r--s 00007000 08:01 421652     /usr/share/maven/lib/maven-settings-builder-3.0.4.jar
b5410000-b5481000 rw-p 00000000 00:00 0 
b5481000-b548c000 rw-p 00000000 00:00 0 
b548c000-b54e1000 rw-p 00000000 00:00 0 
b54e1000-b550b000 rw-p 00000000 00:00 0 
b550b000-b555f000 rw-p 00000000 00:00 0 
b555f000-b5575000 rw-p 00000000 00:00 0 
b5575000-b557f000 rw-p 00000000 00:00 0 
b557f000-b55ca000 rw-p 00000000 00:00 0 
b55ca000-b5600000 rw-p 00000000 00:00 0 
b5600000-b6870000 rwxp 00000000 00:00 0 
b6870000-b7700000 rw-p 00000000 00:00 0 
b7700000-b7702000 r--s 00005000 08:01 421650     /usr/share/maven/lib/maven-repository-metadata-3.0.4.jar
b7702000-b770e000 r--s 00082000 08:01 35101      /usr/share/maven-repo/org/sonatype/sisu/sisu-guice/3.1.0/sisu-guice-3.1.0.jar
b770e000-b7710000 r--s 00003000 08:01 26779      /usr/share/java/jsr305-0.1~+svn49.jar
b7710000-b7711000 r--s 00003000 08:01 35333      /usr/share/maven-repo/org/sonatype/aether/aether-spi/1.13.1/aether-spi-1.13.1.jar
b7711000-b7713000 r--s 0000a000 08:01 421636     /usr/share/maven/lib/maven-artifact-3.0.4.jar
b7713000-b7716000 r--s 00011000 08:01 26804      /usr/share/java/commons-codec-1.5.jar
b7716000-b7718000 r--s 00025000 08:01 421646     /usr/share/maven/lib/maven-model-3.0.4.jar
b7718000-b771a000 r--s 0000b000 08:01 421634     /usr/share/maven/lib/maven-aether-provider-3.0.4.jar
b771a000-b771c000 r--s 0000c000 08:01 26641      /usr/share/java/commons-logging-1.1.1.jar
b771c000-b771f000 ---p 00000000 00:00 0 
b771f000-b776f000 rw-p 00000000 00:00 0 
b776f000-b7770000 r--s 00004000 08:01 34813      /usr/share/java/wagon-http-shared.jar
b7770000-b7772000 r--s 00009000 08:01 421648     /usr/share/maven/lib/maven-plugin-api-3.0.4.jar
b7772000-b7774000 r--s 0000a000 08:01 26757      /usr/share/java/plexus-classworlds2-2.4.jar
b7774000-b7775000 r--p 005e0000 08:01 140016     /usr/lib/locale/locale-archive
b7775000-b777d000 rw-s 00000000 08:01 524302     /tmp/hsperfdata_sniporbob/2061
b777d000-b777e000 rw-p 00000000 00:00 0 
b777e000-b777f000 ---p 00000000 00:00 0 
b777f000-b7781000 rw-p 00000000 00:00 0 
bfdea000-bfdeb000 rwxp 00000000 00:00 0 
bfe1d000-bfe3e000 rw-p 00000000 00:00 0          [stack]

VM Arguments:
jvm_args: -Dclassworlds.conf=/usr/share/maven/bin/m2.conf -Dmaven.home=/usr/share/maven 
java_command: org.codehaus.plexus.classworlds.launcher.Launcher clean install -DskipTests
Launcher Type: SUN_STANDARD

Environment Variables:
JAVA_HOME=/usr/lib/jvm/jdk1.7.0_67
PATH=/usr/lib/lightdm/lightdm:/usr/local/sbin:/usr/local/bin:/usr/sbin:/usr/bin:/sbin:/bin:/usr/games
SHELL=/bin/bash
DISPLAY=:0

Signal Handlers:
SIGSEGV: [libjvm.so+0x50e2d0], sa_mask[0]=0x7ffbfeff, sa_flags=0x10000004
SIGBUS: [libjvm.so+0x50e2d0], sa_mask[0]=0x7ffbfeff, sa_flags=0x10000004
SIGFPE: [libjvm.so+0x404e80], sa_mask[0]=0x7ffbfeff, sa_flags=0x10000004
SIGPIPE: [libjvm.so+0x404e80], sa_mask[0]=0x7ffbfeff, sa_flags=0x10000004
SIGXFSZ: [libjvm.so+0x404e80], sa_mask[0]=0x7ffbfeff, sa_flags=0x10000004
SIGILL: [libjvm.so+0x404e80], sa_mask[0]=0x7ffbfeff, sa_flags=0x10000004
SIGUSR1: SIG_DFL, sa_mask[0]=0x00000000, sa_flags=0x00000000
SIGUSR2: [libjvm.so+0x406680], sa_mask[0]=0x00000000, sa_flags=0x10000004
SIGHUP: [libjvm.so+0x407980], sa_mask[0]=0x7ffbfeff, sa_flags=0x10000004
SIGINT: [libjvm.so+0x407980], sa_mask[0]=0x7ffbfeff, sa_flags=0x10000004
SIGTERM: [libjvm.so+0x407980], sa_mask[0]=0x7ffbfeff, sa_flags=0x10000004
SIGQUIT: [libjvm.so+0x407980], sa_mask[0]=0x7ffbfeff, sa_flags=0x10000004


---------------  S Y S T E M  ---------------

OS:wheezy/sid

uname:Linux 3.2.0-67-generic-pae #101-Ubuntu SMP Tue Jul 15 18:04:54 UTC 2014 i686
libc:glibc 2.15 NPTL 2.15 
rlimit: STACK 8192k, CORE 0k, NPROC 7895, NOFILE 4096, AS infinity
load average:1.57 1.42 1.19

/proc/meminfo:
MemTotal:        1025236 kB
MemFree:           71548 kB
Buffers:           84076 kB
Cached:           276640 kB
SwapCached:            0 kB
Active:           721700 kB
Inactive:         180344 kB
Active(anon):     542036 kB
Inactive(anon):     3344 kB
Active(file):     179664 kB
Inactive(file):   177000 kB
Unevictable:           0 kB
Mlocked:               0 kB
HighTotal:        135112 kB
HighFree:           1776 kB
LowTotal:         890124 kB
LowFree:           69772 kB
SwapTotal:             0 kB
SwapFree:              0 kB
Dirty:              5296 kB
Writeback:             0 kB
AnonPages:        541400 kB
Mapped:            83352 kB
Shmem:              4032 kB
Slab:              30892 kB
SReclaimable:      20584 kB
SUnreclaim:        10308 kB
KernelStack:        2592 kB
PageTables:         9392 kB
NFS_Unstable:          0 kB
Bounce:                0 kB
WritebackTmp:          0 kB
CommitLimit:      512616 kB
Committed_AS:    2106796 kB
VmallocTotal:     122880 kB
VmallocUsed:        3228 kB
VmallocChunk:     118068 kB
HardwareCorrupted:     0 kB
AnonHugePages:         0 kB
HugePages_Total:       0
HugePages_Free:        0
HugePages_Rsvd:        0
HugePages_Surp:        0
Hugepagesize:       2048 kB
DirectMap4k:        8184 kB
DirectMap2M:      905216 kB


CPU:total 1 (4 cores per cpu, 2 threads per core) family 6 model 26 stepping 5, cmov, cx8, fxsr, mmx, sse, sse2, sse3, ssse3, sse4.1, sse4.2, popcnt, ht, tsc, tscinvbit, tscinv

/proc/cpuinfo:
processor	: 0
vendor_id	: GenuineIntel
cpu family	: 6
model		: 26
model name	: Intel(R) Core(TM) i7 CPU         950  @ 3.07GHz
stepping	: 5
cpu MHz		: 3762.255
cache size	: 6144 KB
fdiv_bug	: no
hlt_bug		: no
f00f_bug	: no
coma_bug	: no
fpu		: yes
fpu_exception	: yes
cpuid level	: 5
wp		: yes
flags		: fpu vme de pse tsc msr pae mce cx8 apic mtrr pge mca cmov pat pse36 clflush mmx fxsr sse sse2 rdtscp constant_tsc up pni monitor ssse3
bogomips	: 7524.51
clflush size	: 64
cache_alignment	: 64
address sizes	: 36 bits physical, 48 bits virtual
power management:



Memory: 4k page, physical 1025236k(71548k free), swap 0k(0k free)

vm_info: Java HotSpot(TM) Client VM (24.65-b04) for linux-x86 JRE (1.7.0_67-b01), built on Jul 25 2014 08:57:40 by "java_re" with gcc 4.3.0 20080428 (Red Hat 4.3.0-8)

time: Thu Aug 14 23:34:22 2014
elapsed time: 288 seconds

