#
# A fatal error has been detected by the Java Runtime Environment:
#
#  SIGSEGV (0xb) at pc=0x00000001, pid=2031, tid=2707381056
#
# JRE version: Java(TM) SE Runtime Environment (7.0_67-b01) (build 1.7.0_67-b01)
# Java VM: Java HotSpot(TM) Client VM (24.65-b04 mixed mode linux-x86 )
# Problematic frame:
# C  0x00000001
#
# Failed to write core dump. Core dumps have been disabled. To enable core dumping, try "ulimit -c unlimited" before starting Java again
#
# If you would like to submit a bug report, please visit:
#   http://bugreport.sun.com/bugreport/crash.jsp
#

---------------  T H R E A D  ---------------

Current thread (0xb7657800):  VMThread [stack: 0xa1575000,0xa15f6000] [id=2050]

siginfo:si_signo=SIGSEGV: si_errno=0, si_code=1 (SEGV_MAPERR), si_addr=0x00000001

Registers:
EAX=0xb1506910, EBX=0xb0c5a400, ECX=0x00000000, EDX=0xb15072d8
ESP=0xa15f47fc, EBP=0xa15f4858, ESI=0x000007fc, EDI=0xa1450f40
EIP=0x00000001, EFLAGS=0x00210216, CR2=0x00000001

Top of Stack: (sp=0xa15f47fc)
0xa15f47fc:   013156a1 b15072d8 b0c5a400 00000000
0xa15f480c:   00000000 00000007 012548f6 a15f4898
0xa15f481c:   011b7925 0000000b a15f49c4 a15f4860
0xa15f482c:   a6c009a0 00000001 b760bae0 a15f4858
0xa15f483c:   01315e19 b140e740 a6c009a0 b140e738
0xa15f484c:   01526e00 01526e7c b760bae0 a15f4878
0xa15f485c:   01450207 01526e7c 01935c50 00000000
0xa15f486c:   00000000 01526e7c 00000002 a15f48b8 

Instructions: (pc=0x00000001)
0xffffffe1:   

Register to memory mapping:

EAX=0xb1506910 is an oop
{method} 
 - klass: {other class}
EBX=
[error occurred during error reporting (printing register info), id 0xb]

Stack: [0xa1575000,0xa15f6000],  sp=0xa15f47fc,  free space=509k
Native frames: (J=compiled Java code, j=interpreted, Vv=VM code, C=native code)
C  0x00000001
V  [libjvm.so+0x4e4207]  Universe::oops_do(OopClosure*, bool)+0x17
V  [libjvm.so+0x45b05a]  SharedHeap::process_strong_roots(bool, bool, SharedHeap::ScanningOption, OopClosure*, CodeBlobClosure*, OopsInGenClosure*, bool)+0x26a
V  [libjvm.so+0x24ec1c]  GenCollectedHeap::gen_process_strong_roots(int, bool, bool, bool, SharedHeap::ScanningOption, OopsInGenClosure*, bool, OopsInGenClosure*)+0x5c
V  [libjvm.so+0x251c00]  GenMarkSweep::mark_sweep_phase1(int, bool)+0x80
V  [libjvm.so+0x25229c]  GenMarkSweep::invoke_at_safepoint(int, ReferenceProcessor*, bool)+0x15c
V  [libjvm.so+0x25b079]  OneContigSpaceCardGeneration::collect(bool, bool, unsigned int, bool)+0xa9
V  [libjvm.so+0x250d2d]  GenCollectedHeap::do_collection(bool, bool, unsigned int, bool, int)+0x48d
V  [libjvm.so+0x1915e7]  GenCollectorPolicy::satisfy_failed_allocation(unsigned int, bool)+0xe7
V  [libjvm.so+0x50e974]  VM_GenCollectForAllocation::doit()+0x74
V  [libjvm.so+0x5177f7]  VM_Operation::evaluate()+0x47
V  [libjvm.so+0x515893]  VMThread::evaluate_operation(VM_Operation*)+0xb3
V  [libjvm.so+0x515c30]  VMThread::loop()+0x1b0
V  [libjvm.so+0x516095]  VMThread::run()+0x85
V  [libjvm.so+0x40a5a9]  java_start(Thread*)+0x119
C  [libpthread.so.0+0x6d4c]  start_thread+0xcc

VM_Operation (0xa0badd80): GenCollectForAllocation, mode: safepoint, requested by thread 0x9fe7fc00


---------------  P R O C E S S  ---------------

Java Threads: ( => current thread )
  0x9fe9a800 JavaThread "resolver-5" daemon [_thread_blocked, id=2077, stack(0x9fd0d000,0x9fd5e000)]
  0x9fe99800 JavaThread "resolver-4" daemon [_thread_blocked, id=2076, stack(0x9fd5e000,0x9fdaf000)]
  0x9fe7e000 JavaThread "resolver-3" daemon [_thread_blocked, id=2075, stack(0x9fdaf000,0x9fe00000)]
  0x9fe7fc00 JavaThread "resolver-2" daemon [_thread_blocked, id=2074, stack(0xa0b5e000,0xa0baf000)]
  0x0892cc00 JavaThread "Worker-3" [_thread_blocked, id=2073, stack(0x9ff0d000,0x9ff5e000)]
  0xa0096c00 JavaThread "Worker-1" [_thread_blocked, id=2071, stack(0x9ffaf000,0xa0000000)]
  0xa0091800 JavaThread "Provisioning Event Dispatcher" daemon [_thread_blocked, id=2070, stack(0xa010d000,0xa015e000)]
  0xa03ff400 JavaThread "resolver-1" daemon [_thread_blocked, id=2068, stack(0xa01af000,0xa0200000)]
  0xa043f400 JavaThread "Worker-JM" [_thread_blocked, id=2067, stack(0xa055e000,0xa05af000)]
  0xa0698000 JavaThread "[ThreadPool Manager] - Idle Thread" [_thread_blocked, id=2066, stack(0xa05af000,0xa0600000)]
  0xa0674800 JavaThread "[Timer] - Main Queue Handler" [_thread_blocked, id=2065, stack(0xa071b000,0xa076c000)]
  0xa092ec00 JavaThread "Start Level Event Dispatcher" daemon [_thread_blocked, id=2063, stack(0xa07af000,0xa0800000)]
  0xa092c800 JavaThread "Framework Event Dispatcher" daemon [_thread_blocked, id=2062, stack(0xa0b0d000,0xa0b5e000)]
  0xa0908400 JavaThread "Framework Active Thread" [_thread_blocked, id=2060, stack(0xa0baf000,0xa0c00000)]
  0xa0d0e400 JavaThread "com.google.common.base.internal.Finalizer" daemon [_thread_blocked, id=2057, stack(0xa0eaf000,0xa0f00000)]
  0xb766ec00 JavaThread "Service Thread" daemon [_thread_blocked, id=2055, stack(0xa10dd000,0xa112e000)]
  0xb766d000 JavaThread "C1 CompilerThread0" daemon [_thread_blocked, id=2054, stack(0xa112e000,0xa11af000)]
  0xb766b400 JavaThread "Signal Dispatcher" daemon [_thread_blocked, id=2053, stack(0xa11af000,0xa1200000)]
  0xb765b800 JavaThread "Finalizer" daemon [_thread_blocked, id=2052, stack(0xa1524000,0xa1575000)]
  0xb765a000 JavaThread "Reference Handler" daemon [_thread_blocked, id=2051, stack(0xb5414000,0xb5465000)]
  0xb7607400 JavaThread "main" [_thread_blocked, id=2049, stack(0xb7770000,0xb77c1000)]

Other Threads:
=>0xb7657800 VMThread [stack: 0xa1575000,0xa15f6000] [id=2050]
  0xb7671400 WatcherThread [stack: 0xa105c000,0xa10dd000] [id=2056]

VM state:at safepoint (normal execution)

VM Mutex/Monitor currently owned by a thread:  ([mutex/lock_event])
[0xb7604bd0] Threads_lock - owner thread: 0xb7657800
[0xb7604fe0] Heap_lock - owner thread: 0x9fe7fc00

Heap
 def new generation   total 77440K, used 68864K [0xa1800000, 0xa6c00000, 0xa6c00000)
  eden space 68864K, 100% used [0xa1800000, 0xa5b40000, 0xa5b40000)
  from space 8576K,   0% used [0xa5b40000, 0xa5b40000, 0xa63a0000)
  to   space 8576K,   0% used [0xa63a0000, 0xa63a0000, 0xa6c00000)
 tenured generation   total 172032K, used 171322K [0xa6c00000, 0xb1400000, 0xb1400000)
   the space 172032K,  99% used [0xa6c00000, 0xb134e9a8, 0xb134ea00, 0xb1400000)
 compacting perm gen  total 18176K, used 18153K [0xb1400000, 0xb25c0000, 0xb5400000)
   the space 18176K,  99% used [0xb1400000, 0xb25ba528, 0xb25ba600, 0xb25c0000)
No shared spaces configured.

Card table byte_map: [0xb54e1000,0xb5580000] byte_map_base: 0xb4fd5000

Polling page: 0xb77d2000

Code Cache  [0xb5600000, 0xb5f18000, 0xb7600000)
 total_blobs=4726 nmethods=4556 adapters=105 free_code_cache=23481Kb largest_free_block=24037056

Compilation events (10 events):
Event: 139.413 Thread 0xb766d000 4631             org.sat4j.minisat.constraints.cnf.HTClause::getActivity (5 bytes)
Event: 139.414 Thread 0xb766d000 nmethod 4631 0xb5f12f08 code [0xb5f13000, 0xb5f13080]
Event: 139.952 Thread 0xb766d000 4632             org.sat4j.minisat.constraints.cnf.LearntHTClause::incActivity (11 bytes)
Event: 139.952 Thread 0xb766d000 nmethod 4632 0xb5f130c8 code [0xb5f131c0, 0xb5f13250]
Event: 139.956 Thread 0xb766d000 4633             org.sat4j.pb.constraints.pb.WatchPb::toConstraint (2 bytes)
Event: 139.956 Thread 0xb766d000 nmethod 4633 0xb5f13288 code [0xb5f13380, 0xb5f13400]
Event: 140.361 Thread 0xb766d000 4634             org.eclipse.osgi.internal.resolver.BundleDescriptionImpl::getFragments (39 bytes)
Event: 140.361 Thread 0xb766d000 nmethod 4634 0xb5f13448 code [0xb5f13570, 0xb5f136a4]
Event: 141.657 Thread 0xb766d000 4635             org.sat4j.minisat.constraints.cnf.HTClause::toConstraint (2 bytes)
Event: 141.658 Thread 0xb766d000 nmethod 4635 0xb5f13788 code [0xb5f13880, 0xb5f13900]

GC Heap History (10 events):
Event: 140.785 GC heap after
Heap after GC invocations=456 (full 20):
 def new generation   total 77440K, used 4999K [0xa1800000, 0xa6c00000, 0xa6c00000)
  eden space 68864K,   0% used [0xa1800000, 0xa1800000, 0xa5b40000)
  from space 8576K,  58% used [0xa5b40000, 0xa6021ea0, 0xa63a0000)
  to   space 8576K,   0% used [0xa63a0000, 0xa63a0000, 0xa6c00000)
 tenured generation   total 172032K, used 168845K [0xa6c00000, 0xb1400000, 0xb1400000)
   the space 172032K,  98% used [0xa6c00000, 0xb10e3680, 0xb10e3800, 0xb1400000)
 compacting perm gen  total 18176K, used 18153K [0xb1400000, 0xb25c0000, 0xb5400000)
   the space 18176K,  99% used [0xb1400000, 0xb25ba538, 0xb25ba600, 0xb25c0000)
No shared spaces configured.
}
Event: 141.077 GC heap before
{Heap before GC invocations=456 (full 20):
 def new generation   total 77440K, used 73863K [0xa1800000, 0xa6c00000, 0xa6c00000)
  eden space 68864K, 100% used [0xa1800000, 0xa5b40000, 0xa5b40000)
  from space 8576K,  58% used [0xa5b40000, 0xa6021ea0, 0xa63a0000)
  to   space 8576K,   0% used [0xa63a0000, 0xa63a0000, 0xa6c00000)
 tenured generation   total 172032K, used 168845K [0xa6c00000, 0xb1400000, 0xb1400000)
   the space 172032K,  98% used [0xa6c00000, 0xb10e3680, 0xb10e3800, 0xb1400000)
 compacting perm gen  total 18176K, used 18153K [0xb1400000, 0xb25c0000, 0xb5400000)
   the space 18176K,  99% used [0xb1400000, 0xb25ba538, 0xb25ba600, 0xb25c0000)
No shared spaces configured.
Event: 141.462 GC heap after
Heap after GC invocations=457 (full 21):
 def new generation   total 77440K, used 2843K [0xa1800000, 0xa6c00000, 0xa6c00000)
  eden space 68864K,   4% used [0xa1800000, 0xa1ac6f20, 0xa5b40000)
  from space 8576K,   0% used [0xa5b40000, 0xa5b40000, 0xa63a0000)
  to   space 8576K,   0% used [0xa63a0000, 0xa63a0000, 0xa6c00000)
 tenured generation   total 172032K, used 172031K [0xa6c00000, 0xb1400000, 0xb1400000)
   the space 172032K,  99% used [0xa6c00000, 0xb13ffff0, 0xb1400000, 0xb1400000)
 compacting perm gen  total 18176K, used 18153K [0xb1400000, 0xb25c0000, 0xb5400000)
   the space 18176K,  99% used [0xb1400000, 0xb25ba538, 0xb25ba600, 0xb25c0000)
No shared spaces configured.
}
Event: 141.826 GC heap before
{Heap before GC invocations=457 (full 21):
 def new generation   total 77440K, used 77439K [0xa1800000, 0xa6c00000, 0xa6c00000)
  eden space 68864K, 100% used [0xa1800000, 0xa5b40000, 0xa5b40000)
  from space 8576K,  99% used [0xa5b40000, 0xa639ffe8, 0xa63a0000)
  to   space 8576K,   0% used [0xa63a0000, 0xa63a0000, 0xa6c00000)
 tenured generation   total 172032K, used 172031K [0xa6c00000, 0xb1400000, 0xb1400000)
   the space 172032K,  99% used [0xa6c00000, 0xb13ffff0, 0xb1400000, 0xb1400000)
 compacting perm gen  total 18176K, used 18153K [0xb1400000, 0xb25c0000, 0xb5400000)
   the space 18176K,  99% used [0xb1400000, 0xb25ba538, 0xb25ba600, 0xb25c0000)
No shared spaces configured.
Event: 142.207 GC heap after
Heap after GC invocations=458 (full 22):
 def new generation   total 77440K, used 2467K [0xa1800000, 0xa6c00000, 0xa6c00000)
  eden space 68864K,   3% used [0xa1800000, 0xa1a68e48, 0xa5b40000)
  from space 8576K,   0% used [0xa5b40000, 0xa5b40000, 0xa63a0000)
  to   space 8576K,   0% used [0xa63a0000, 0xa63a0000, 0xa6c00000)
 tenured generation   total 172032K, used 172011K [0xa6c00000, 0xb1400000, 0xb1400000)
   the space 172032K,  99% used [0xa6c00000, 0xb13fad28, 0xb13fae00, 0xb1400000)
 compacting perm gen  total 18176K, used 18153K [0xb1400000, 0xb25c0000, 0xb5400000)
   the space 18176K,  99% used [0xb1400000, 0xb25ba538, 0xb25ba600, 0xb25c0000)
No shared spaces configured.
}
Event: 142.508 GC heap before
{Heap before GC invocations=458 (full 22):
 def new generation   total 77440K, used 77440K [0xa1800000, 0xa6c00000, 0xa6c00000)
  eden space 68864K, 100% used [0xa1800000, 0xa5b40000, 0xa5b40000)
  from space 8576K, 100% used [0xa5b40000, 0xa63a0000, 0xa63a0000)
  to   space 8576K,   0% used [0xa63a0000, 0xa63a0000, 0xa6c00000)
 tenured generation   total 172032K, used 172031K [0xa6c00000, 0xb1400000, 0xb1400000)
   the space 172032K,  99% used [0xa6c00000, 0xb13ffef8, 0xb1400000, 0xb1400000)
 compacting perm gen  total 18176K, used 18153K [0xb1400000, 0xb25c0000, 0xb5400000)
   the space 18176K,  99% used [0xb1400000, 0xb25ba538, 0xb25ba600, 0xb25c0000)
No shared spaces configured.
Event: 142.878 GC heap after
Heap after GC invocations=459 (full 23):
 def new generation   total 77440K, used 1928K [0xa1800000, 0xa6c00000, 0xa6c00000)
  eden space 68864K,   2% used [0xa1800000, 0xa19e21a8, 0xa5b40000)
  from space 8576K,   0% used [0xa5b40000, 0xa5b40000, 0xa63a0000)
  to   space 8576K,   0% used [0xa63a0000, 0xa63a0000, 0xa6c00000)
 tenured generation   total 172032K, used 172031K [0xa6c00000, 0xb1400000, 0xb1400000)
   the space 172032K,  99% used [0xa6c00000, 0xb13fff10, 0xb1400000, 0xb1400000)
 compacting perm gen  total 18176K, used 18153K [0xb1400000, 0xb25c0000, 0xb5400000)
   the space 18176K,  99% used [0xb1400000, 0xb25ba538, 0xb25ba600, 0xb25c0000)
No shared spaces configured.
}
Event: 143.207 GC heap before
{Heap before GC invocations=459 (full 23):
 def new generation   total 77440K, used 77440K [0xa1800000, 0xa6c00000, 0xa6c00000)
  eden space 68864K, 100% used [0xa1800000, 0xa5b40000, 0xa5b40000)
  from space 8576K, 100% used [0xa5b40000, 0xa63a0000, 0xa63a0000)
  to   space 8576K,   0% used [0xa63a0000, 0xa63a0000, 0xa6c00000)
 tenured generation   total 172032K, used 172032K [0xa6c00000, 0xb1400000, 0xb1400000)
   the space 172032K, 100% used [0xa6c00000, 0xb1400000, 0xb1400000, 0xb1400000)
 compacting perm gen  total 18176K, used 18153K [0xb1400000, 0xb25c0000, 0xb5400000)
   the space 18176K,  99% used [0xb1400000, 0xb25ba538, 0xb25ba600, 0xb25c0000)
No shared spaces configured.
Event: 143.648 GC heap after
Heap after GC invocations=460 (full 24):
 def new generation   total 77440K, used 0K [0xa1800000, 0xa6c00000, 0xa6c00000)
  eden space 68864K,   0% used [0xa1800000, 0xa1800000, 0xa5b40000)
  from space 8576K,   0% used [0xa5b40000, 0xa5b40000, 0xa63a0000)
  to   space 8576K,   0% used [0xa63a0000, 0xa63a0000, 0xa6c00000)
 tenured generation   total 172032K, used 171322K [0xa6c00000, 0xb1400000, 0xb1400000)
   the space 172032K,  99% used [0xa6c00000, 0xb134e9a8, 0xb134ea00, 0xb1400000)
 compacting perm gen  total 18176K, used 18153K [0xb1400000, 0xb25c0000, 0xb5400000)
   the space 18176K,  99% used [0xb1400000, 0xb25ba528, 0xb25ba600, 0xb25c0000)
No shared spaces configured.
}
Event: 143.754 GC heap before
{Heap before GC invocations=460 (full 24):
 def new generation   total 77440K, used 68864K [0xa1800000, 0xa6c00000, 0xa6c00000)
  eden space 68864K, 100% used [0xa1800000, 0xa5b40000, 0xa5b40000)
  from space 8576K,   0% used [0xa5b40000, 0xa5b40000, 0xa63a0000)
  to   space 8576K,   0% used [0xa63a0000, 0xa63a0000, 0xa6c00000)
 tenured generation   total 172032K, used 171322K [0xa6c00000, 0xb1400000, 0xb1400000)
   the space 172032K,  99% used [0xa6c00000, 0xb134e9a8, 0xb134ea00, 0xb1400000)
 compacting perm gen  total 18176K, used 18153K [0xb1400000, 0xb25c0000, 0xb5400000)
   the space 18176K,  99% used [0xb1400000, 0xb25ba528, 0xb25ba600, 0xb25c0000)
No shared spaces configured.

Deoptimization events (0 events):
No events

Internal exceptions (10 events):
Event: 51.898 Thread 0xb7607400 Threw 0xa20a35d8 at /HUDSON/workspace/7u-2-build-linux-i586/jdk7u67/1368/hotspot/src/share/vm/prims/jvm.cpp:1244
Event: 52.383 Thread 0xb7607400 Threw 0xa3aa85a0 at /HUDSON/workspace/7u-2-build-linux-i586/jdk7u67/1368/hotspot/src/share/vm/prims/jvm.cpp:1244
Event: 52.443 Thread 0xb7607400 Threw 0xa3c2ff58 at /HUDSON/workspace/7u-2-build-linux-i586/jdk7u67/1368/hotspot/src/share/vm/prims/jvm.cpp:1244
Event: 52.443 Thread 0xb7607400 Threw 0xa3c339c8 at /HUDSON/workspace/7u-2-build-linux-i586/jdk7u67/1368/hotspot/src/share/vm/prims/jvm.cpp:1244
Event: 52.444 Thread 0xb7607400 Threw 0xa3c3be90 at /HUDSON/workspace/7u-2-build-linux-i586/jdk7u67/1368/hotspot/src/share/vm/prims/jvm.cpp:1244
Event: 52.444 Thread 0xb7607400 Threw 0xa3c3f700 at /HUDSON/workspace/7u-2-build-linux-i586/jdk7u67/1368/hotspot/src/share/vm/prims/jvm.cpp:1244
Event: 52.445 Thread 0xb7607400 Threw 0xa3c45898 at /HUDSON/workspace/7u-2-build-linux-i586/jdk7u67/1368/hotspot/src/share/vm/prims/jvm.cpp:1244
Event: 52.450 Thread 0xb7607400 Threw 0xa3c50500 at /HUDSON/workspace/7u-2-build-linux-i586/jdk7u67/1368/hotspot/src/share/vm/prims/jvm.cpp:1244
Event: 52.454 Thread 0xb7607400 Threw 0xa3cedf90 at /HUDSON/workspace/7u-2-build-linux-i586/jdk7u67/1368/hotspot/src/share/vm/prims/jvm.cpp:1244
Event: 95.637 Thread 0xb7607400 Threw 0xa5050bd8 at /HUDSON/workspace/7u-2-build-linux-i586/jdk7u67/1368/hotspot/src/share/vm/prims/jvm.cpp:1244

Events (10 events):
Event: 140.785 Executing VM operation: GenCollectForAllocation done
Event: 141.076 Executing VM operation: GenCollectForAllocation
Event: 141.462 Executing VM operation: GenCollectForAllocation done
Event: 141.825 Executing VM operation: GenCollectForAllocation
Event: 142.207 Executing VM operation: GenCollectForAllocation done
Event: 142.507 Executing VM operation: GenCollectForAllocation
Event: 142.879 Executing VM operation: GenCollectForAllocation done
Event: 143.207 Executing VM operation: GenCollectForAllocation
Event: 143.649 Executing VM operation: GenCollectForAllocation done
Event: 143.753 Executing VM operation: GenCollectForAllocation


Dynamic libraries:
00110000-0011b000 r-xp 00000000 08:01 181168     /usr/lib/jvm/jdk1.7.0_67/jre/lib/i386/libverify.so
0011b000-0011c000 rw-p 0000b000 08:01 181168     /usr/lib/jvm/jdk1.7.0_67/jre/lib/i386/libverify.so
0011c000-00126000 r-xp 00000000 08:01 265895     /lib/i386-linux-gnu/libnss_nis-2.15.so
00126000-00127000 r--p 00009000 08:01 265895     /lib/i386-linux-gnu/libnss_nis-2.15.so
00127000-00128000 rw-p 0000a000 08:01 265895     /lib/i386-linux-gnu/libnss_nis-2.15.so
00128000-0015b000 r-xp 00000000 08:01 181129     /usr/lib/jvm/jdk1.7.0_67/jre/lib/i386/libsunec.so
0015b000-0015f000 rw-p 00032000 08:01 181129     /usr/lib/jvm/jdk1.7.0_67/jre/lib/i386/libsunec.so
0015f000-00163000 rw-p 00000000 00:00 0 
00163000-00165000 r-xp 00000000 08:01 264968     /lib/libnss_mdns4_minimal.so.2
00165000-00166000 r--p 00001000 08:01 264968     /lib/libnss_mdns4_minimal.so.2
00166000-00167000 rw-p 00002000 08:01 264968     /lib/libnss_mdns4_minimal.so.2
001ac000-001c2000 r-xp 00000000 08:01 265885     /lib/i386-linux-gnu/libnsl-2.15.so
001c2000-001c3000 r--p 00015000 08:01 265885     /lib/i386-linux-gnu/libnsl-2.15.so
001c3000-001c4000 rw-p 00016000 08:01 265885     /lib/i386-linux-gnu/libnsl-2.15.so
001c4000-001c6000 rw-p 00000000 00:00 0 
00211000-00234000 r-xp 00000000 08:01 181114     /usr/lib/jvm/jdk1.7.0_67/jre/lib/i386/libjava.so
00234000-00235000 rw-p 00023000 08:01 181114     /usr/lib/jvm/jdk1.7.0_67/jre/lib/i386/libjava.so
00407000-00427000 r-xp 00000000 08:01 265820     /lib/i386-linux-gnu/ld-2.15.so
00427000-00428000 r--p 0001f000 08:01 265820     /lib/i386-linux-gnu/ld-2.15.so
00428000-00429000 rw-p 00020000 08:01 265820     /lib/i386-linux-gnu/ld-2.15.so
00469000-00493000 r-xp 00000000 08:01 265872     /lib/i386-linux-gnu/libm-2.15.so
00493000-00494000 r--p 00029000 08:01 265872     /lib/i386-linux-gnu/libm-2.15.so
00494000-00495000 rw-p 0002a000 08:01 265872     /lib/i386-linux-gnu/libm-2.15.so
00549000-00560000 r-xp 00000000 08:01 181144     /usr/lib/jvm/jdk1.7.0_67/jre/lib/i386/libzip.so
00560000-00561000 rw-p 00017000 08:01 181144     /usr/lib/jvm/jdk1.7.0_67/jre/lib/i386/libzip.so
005cb000-005cc000 r-xp 00000000 00:00 0          [vdso]
005f2000-0060e000 r-xp 00000000 08:01 265861     /lib/i386-linux-gnu/libgcc_s.so.1
0060e000-0060f000 r--p 0001b000 08:01 265861     /lib/i386-linux-gnu/libgcc_s.so.1
0060f000-00610000 rw-p 0001c000 08:01 265861     /lib/i386-linux-gnu/libgcc_s.so.1
00639000-0064e000 r-xp 00000000 08:01 181157     /usr/lib/jvm/jdk1.7.0_67/jre/lib/i386/libnet.so
0064e000-0064f000 rw-p 00014000 08:01 181157     /usr/lib/jvm/jdk1.7.0_67/jre/lib/i386/libnet.so
0065f000-00664000 r-xp 00000000 08:01 265889     /lib/i386-linux-gnu/libnss_dns-2.15.so
00664000-00665000 r--p 00004000 08:01 265889     /lib/i386-linux-gnu/libnss_dns-2.15.so
00665000-00666000 rw-p 00005000 08:01 265889     /lib/i386-linux-gnu/libnss_dns-2.15.so
0066a000-00675000 r-xp 00000000 08:01 265891     /lib/i386-linux-gnu/libnss_files-2.15.so
00675000-00676000 r--p 0000a000 08:01 265891     /lib/i386-linux-gnu/libnss_files-2.15.so
00676000-00677000 rw-p 0000b000 08:01 265891     /lib/i386-linux-gnu/libnss_files-2.15.so
0073a000-0073d000 r-xp 00000000 08:01 265853     /lib/i386-linux-gnu/libdl-2.15.so
0073d000-0073e000 r--p 00002000 08:01 265853     /lib/i386-linux-gnu/libdl-2.15.so
0073e000-0073f000 rw-p 00003000 08:01 265853     /lib/i386-linux-gnu/libdl-2.15.so
00822000-00830000 r-xp 00000000 08:01 181124     /usr/lib/jvm/jdk1.7.0_67/jre/lib/i386/libnio.so
00830000-00831000 rw-p 0000e000 08:01 181124     /usr/lib/jvm/jdk1.7.0_67/jre/lib/i386/libnio.so
0090b000-00912000 r-xp 00000000 08:01 265887     /lib/i386-linux-gnu/libnss_compat-2.15.so
00912000-00913000 r--p 00006000 08:01 265887     /lib/i386-linux-gnu/libnss_compat-2.15.so
00913000-00914000 rw-p 00007000 08:01 265887     /lib/i386-linux-gnu/libnss_compat-2.15.so
00970000-00977000 r-xp 00000000 08:01 265926     /lib/i386-linux-gnu/librt-2.15.so
00977000-00978000 r--p 00006000 08:01 265926     /lib/i386-linux-gnu/librt-2.15.so
00978000-00979000 rw-p 00007000 08:01 265926     /lib/i386-linux-gnu/librt-2.15.so
00a1a000-00a2d000 r-xp 00000000 08:01 265924     /lib/i386-linux-gnu/libresolv-2.15.so
00a2d000-00a2e000 ---p 00013000 08:01 265924     /lib/i386-linux-gnu/libresolv-2.15.so
00a2e000-00a2f000 r--p 00013000 08:01 265924     /lib/i386-linux-gnu/libresolv-2.15.so
00a2f000-00a30000 rw-p 00014000 08:01 265924     /lib/i386-linux-gnu/libresolv-2.15.so
00a30000-00a32000 rw-p 00000000 00:00 0 
00d25000-00d38000 r-xp 00000000 08:01 413180     /usr/lib/jvm/jdk1.7.0_67/lib/i386/jli/libjli.so
00d38000-00d39000 rw-p 00012000 08:01 413180     /usr/lib/jvm/jdk1.7.0_67/lib/i386/jli/libjli.so
00d6a000-00d81000 r-xp 00000000 08:01 265920     /lib/i386-linux-gnu/libpthread-2.15.so
00d81000-00d82000 r--p 00016000 08:01 265920     /lib/i386-linux-gnu/libpthread-2.15.so
00d82000-00d83000 rw-p 00017000 08:01 265920     /lib/i386-linux-gnu/libpthread-2.15.so
00d83000-00d85000 rw-p 00000000 00:00 0 
00dc7000-00f66000 r-xp 00000000 08:01 265840     /lib/i386-linux-gnu/libc-2.15.so
00f66000-00f68000 r--p 0019f000 08:01 265840     /lib/i386-linux-gnu/libc-2.15.so
00f68000-00f69000 rw-p 001a1000 08:01 265840     /lib/i386-linux-gnu/libc-2.15.so
00f69000-00f6c000 rw-p 00000000 00:00 0 
00f6c000-014fd000 r-xp 00000000 08:01 181131     /usr/lib/jvm/jdk1.7.0_67/jre/lib/i386/client/libjvm.so
014fd000-0151e000 rw-p 00591000 08:01 181131     /usr/lib/jvm/jdk1.7.0_67/jre/lib/i386/client/libjvm.so
0151e000-0193e000 rw-p 00000000 00:00 0 
08048000-08049000 r-xp 00000000 08:01 316999     /usr/lib/jvm/jdk1.7.0_67/bin/java
08049000-0804a000 rw-p 00000000 08:01 316999     /usr/lib/jvm/jdk1.7.0_67/bin/java
08817000-08cd5000 rw-p 00000000 00:00 0          [heap]
9fb16000-9fc00000 rw-p 00000000 00:00 0 
9fc00000-9fcbb000 rw-p 00000000 00:00 0 
9fcbb000-9fd00000 ---p 00000000 00:00 0 
9fd0d000-9fd10000 ---p 00000000 00:00 0 
9fd10000-9fd5e000 rw-p 00000000 00:00 0 
9fd5e000-9fd61000 ---p 00000000 00:00 0 
9fd61000-9fdaf000 rw-p 00000000 00:00 0 
9fdaf000-9fdb2000 ---p 00000000 00:00 0 
9fdb2000-9fe00000 rw-p 00000000 00:00 0 
9fe00000-9fec7000 rw-p 00000000 00:00 0 
9fec7000-9ff00000 ---p 00000000 00:00 0 
9ff0d000-9ff10000 ---p 00000000 00:00 0 
9ff10000-9ff5e000 rw-p 00000000 00:00 0 
9ff5e000-9ff61000 ---p 00000000 00:00 0 
9ff61000-9ffaf000 rw-p 00000000 00:00 0 
9ffaf000-9ffb2000 ---p 00000000 00:00 0 
9ffb2000-a0000000 rw-p 00000000 00:00 0 
a0000000-a0100000 rw-p 00000000 00:00 0 
a010d000-a0110000 ---p 00000000 00:00 0 
a0110000-a015e000 rw-p 00000000 00:00 0 
a015e000-a0161000 ---p 00000000 00:00 0 
a0161000-a01af000 rw-p 00000000 00:00 0 
a01af000-a01b2000 ---p 00000000 00:00 0 
a01b2000-a0200000 rw-p 00000000 00:00 0 
a0200000-a02fe000 rw-p 00000000 00:00 0 
a02fe000-a0300000 ---p 00000000 00:00 0 
a0300000-a0400000 rw-p 00000000 00:00 0 
a0400000-a0500000 rw-p 00000000 00:00 0 
a0541000-a0543000 rw-p 00000000 00:00 0 
a0543000-a0547000 r--s 0002d000 08:01 316967     /usr/lib/jvm/jdk1.7.0_67/jre/lib/ext/sunjce_provider.jar
a0547000-a0548000 r--s 00003000 08:01 316966     /usr/lib/jvm/jdk1.7.0_67/jre/lib/ext/sunec.jar
a0548000-a054b000 r--s 00037000 08:01 316962     /usr/lib/jvm/jdk1.7.0_67/jre/lib/ext/sunpkcs11.jar
a054b000-a054c000 r--s 00002000 08:01 188056     /home/sniporbob/.m2/repository/org/eclipse/tycho/tycho-p2-repository-plugin/0.19.0/tycho-p2-repository-plugin-0.19.0.jar
a054c000-a054e000 r--s 005ea000 08:01 188047     /home/sniporbob/.m2/repository/org/eclipse/tycho/tycho-standalone-p2-director/0.19.0/tycho-standalone-p2-director-0.19.0.zip
a054e000-a0550000 r--s 00005000 08:01 188038     /home/sniporbob/.m2/repository/org/eclipse/tycho/tycho-p2-director-plugin/0.19.0/tycho-p2-director-plugin-0.19.0.jar
a0550000-a0552000 r--s 00004000 08:01 188029     /home/sniporbob/.m2/repository/org/apache/maven/maven-archiver/2.5/maven-archiver-2.5.jar
a0552000-a0555000 r--s 00018000 08:01 187707     /home/sniporbob/.m2/repository/org/eclipse/tycho/tycho-packaging-plugin/0.19.0/tycho-packaging-plugin-0.19.0.jar
a0555000-a0557000 r--s 00004000 08:01 187993     /home/sniporbob/.m2/repository/org/eclipse/tycho/tycho-p2-publisher-plugin/0.19.0/tycho-p2-publisher-plugin-0.19.0.jar
a0557000-a055c000 r--s 00023000 08:01 187909     /home/sniporbob/.m2/repository/org/apache/maven/surefire/surefire-api/2.10/surefire-api-2.10.jar
a055c000-a055e000 r--s 0000b000 08:01 187904     /home/sniporbob/.m2/repository/org/eclipse/tycho/org.eclipse.tycho.surefire.junit47/0.19.0/org.eclipse.tycho.surefire.junit47-0.19.0.jar
a055e000-a0561000 ---p 00000000 00:00 0 
a0561000-a05af000 rw-p 00000000 00:00 0 
a05af000-a05b2000 ---p 00000000 00:00 0 
a05b2000-a0600000 rw-p 00000000 00:00 0 
a0600000-a0700000 rw-p 00000000 00:00 0 
a0700000-a0701000 r--s 00007000 08:01 187903     /home/sniporbob/.m2/repository/org/eclipse/tycho/org.eclipse.tycho.surefire.junit4/0.19.0/org.eclipse.tycho.surefire.junit4-0.19.0.jar
a0701000-a0703000 r--s 00005000 08:01 187902     /home/sniporbob/.m2/repository/org/eclipse/tycho/org.eclipse.tycho.surefire.junit/0.19.0/org.eclipse.tycho.surefire.junit-0.19.0.jar
a0703000-a0705000 r--s 0002c000 08:01 187901     /home/sniporbob/.m2/repository/org/eclipse/tycho/org.eclipse.tycho.surefire.osgibooter/0.19.0/org.eclipse.tycho.surefire.osgibooter-0.19.0.jar
a0705000-a0707000 r--s 00009000 08:01 187847     /home/sniporbob/.m2/repository/org/eclipse/tycho/tycho-surefire-plugin/0.19.0/tycho-surefire-plugin-0.19.0.jar
a0707000-a070c000 r--s 0004a000 08:01 187800     /home/sniporbob/.m2/repository/org/ow2/asm/asm-debug-all/4.0/asm-debug-all-4.0.jar
a070c000-a070e000 r--s 00003000 08:01 187797     /home/sniporbob/.m2/repository/org/eclipse/tycho/tycho-artifactcomparator/0.19.0/tycho-artifactcomparator-0.19.0.jar
a070e000-a070f000 r--s 00006000 08:01 187796     /home/sniporbob/.m2/repository/org/eclipse/tycho/sisu-equinox-launching/0.19.0/sisu-equinox-launching-0.19.0.jar
a070f000-a0710000 r--s 00005000 08:01 187759     /home/sniporbob/.m2/repository/org/eclipse/tycho/tycho-p2-plugin/0.19.0/tycho-p2-plugin-0.19.0.jar
a0710000-a071a000 r--s 00251000 08:01 181067     /usr/lib/jvm/jdk1.7.0_67/jre/lib/resources.jar
a071a000-a071b000 r--s 00001000 08:01 187635     /home/sniporbob/.m2/repository/org/eclipse/tycho/tycho-bundles-external/0.19.0/eclipse/plugins/org.eclipse.core.runtime.compatibility.registry_3.5.200.v20130514-1256/runtime_registry_compatibility.jar
a071b000-a071e000 ---p 00000000 00:00 0 
a071e000-a076c000 rw-p 00000000 00:00 0 
a076c000-a076e000 r--s 00007000 08:01 187664     /home/sniporbob/.m2/repository/org/eclipse/tycho/org.eclipse.tycho.p2.tools.impl/0.19.0/org.eclipse.tycho.p2.tools.impl-0.19.0.jar
a076e000-a0773000 r--s 0001d000 08:01 187658     /home/sniporbob/.m2/repository/org/eclipse/tycho/org.eclipse.tycho.p2.maven.repository/0.19.0/org.eclipse.tycho.p2.maven.repository-0.19.0.jar
a0773000-a0777000 r--s 00029000 08:01 187652     /home/sniporbob/.m2/repository/org/eclipse/tycho/org.eclipse.tycho.p2.resolver.impl/0.19.0/org.eclipse.tycho.p2.resolver.impl-0.19.0.jar
a0777000-a0779000 r--s 0000f000 08:01 187626     /home/sniporbob/.m2/repository/org/eclipse/tycho/tycho-bundles-external/0.19.0/eclipse/plugins/org.apache.commons.logging_1.1.1.v201101211721.jar
a0779000-a077d000 r--s 0001c000 08:01 187642     /home/sniporbob/.m2/repository/org/eclipse/tycho/tycho-bundles-external/0.19.0/eclipse/plugins/org.eclipse.ecf.provider.filetransfer_3.2.0.v20130604-1622.jar
a077d000-a0783000 r--s 00053000 08:01 187588     /home/sniporbob/.m2/repository/org/eclipse/tycho/tycho-bundles-external/0.19.0/eclipse/plugins/org.sat4j.core_2.3.5.v201308161310.jar
a0783000-a0786000 r--s 00013000 08:01 187645     /home/sniporbob/.m2/repository/org/eclipse/tycho/tycho-bundles-external/0.19.0/eclipse/plugins/org.eclipse.equinox.app_1.3.100.v20130327-1442.jar
a0786000-a0788000 r--s 00010000 08:01 187621     /home/sniporbob/.m2/repository/org/eclipse/tycho/tycho-bundles-external/0.19.0/eclipse/plugins/org.eclipse.core.net_1.2.200.v20130430-1352.jar
a0788000-a078b000 r--s 0000e000 08:01 187608     /home/sniporbob/.m2/repository/org/eclipse/tycho/tycho-bundles-external/0.19.0/eclipse/plugins/org.eclipse.equinox.p2.jarprocessor_1.0.300.v20130327-2119.jar
a078b000-a078e000 r--s 0000a000 08:01 187637     /home/sniporbob/.m2/repository/org/eclipse/tycho/tycho-bundles-external/0.19.0/eclipse/plugins/org.eclipse.ecf.filetransfer_5.0.0.v20130604-1622.jar
a078e000-a0790000 r--s 00015000 08:01 187598     /home/sniporbob/.m2/repository/org/eclipse/tycho/tycho-bundles-external/0.19.0/eclipse/plugins/org.eclipse.equinox.p2.updatesite_1.0.400.v20130515-2028.jar
a0790000-a0793000 r--s 00018000 08:01 187595     /home/sniporbob/.m2/repository/org/eclipse/tycho/tycho-bundles-external/0.19.0/eclipse/plugins/org.eclipse.equinox.security_1.2.0.v20130424-1801.jar
a0793000-a0795000 r--s 00005000 08:01 187647     /home/sniporbob/.m2/repository/org/eclipse/tycho/tycho-bundles-external/0.19.0/eclipse/plugins/org.eclipse.equinox.concurrent_1.1.0.v20130327-1442.jar
a0795000-a0798000 r--s 00017000 08:01 187611     /home/sniporbob/.m2/repository/org/eclipse/tycho/tycho-bundles-external/0.19.0/eclipse/plugins/org.eclipse.equinox.p2.director_2.3.0.v20130526-0335.jar
a0798000-a079b000 r--s 00012000 08:01 187591     /home/sniporbob/.m2/repository/org/eclipse/tycho/tycho-bundles-external/0.19.0/eclipse/plugins/org.eclipse.osgi.services_3.3.100.v20130513-1956.jar
a079b000-a079d000 r--s 00009000 08:01 187599     /home/sniporbob/.m2/repository/org/eclipse/tycho/tycho-bundles-external/0.19.0/eclipse/plugins/org.eclipse.equinox.p2.transport.ecf_1.1.0.v20130516-1858.jar
a079d000-a07a0000 r--s 00014000 08:01 187644     /home/sniporbob/.m2/repository/org/eclipse/tycho/tycho-bundles-external/0.19.0/eclipse/plugins/org.eclipse.ecf_3.2.0.v20130604-1622.jar
a07a0000-a07a3000 r--s 0001d000 08:01 187601     /home/sniporbob/.m2/repository/org/eclipse/tycho/tycho-bundles-external/0.19.0/eclipse/plugins/org.eclipse.equinox.p2.touchpoint.eclipse_2.1.200.v20130327-2119.jar
a07a3000-a07a6000 r--s 00010000 08:01 187631     /home/sniporbob/.m2/repository/org/eclipse/tycho/tycho-bundles-external/0.19.0/eclipse/plugins/org.apache.commons.codec_1.4.0.v201209201156.jar
a07a6000-a07ab000 r--s 00037000 08:01 187587     /home/sniporbob/.m2/repository/org/eclipse/tycho/tycho-bundles-external/0.19.0/eclipse/plugins/org.sat4j.pb_2.3.5.v201308161310.jar
a07ab000-a07af000 r--s 0001c000 08:01 187597     /home/sniporbob/.m2/repository/org/eclipse/tycho/tycho-bundles-external/0.19.0/eclipse/plugins/org.eclipse.equinox.preferences_3.5.100.v20130422-1538.jar
a07af000-a07b2000 ---p 00000000 00:00 0 
a07b2000-a0800000 rw-p 00000000 00:00 0 
a0800000-a09fd000 rw-p 00000000 00:00 0 
a09fd000-a0a00000 ---p 00000000 00:00 0 
a0a00000-a0b00000 rw-p 00000000 00:00 0 
a0b00000-a0b01000 r--s 00002000 08:01 187641     /home/sniporbob/.m2/repository/org/eclipse/tycho/tycho-bundles-external/0.19.0/eclipse/plugins/org.eclipse.ecf.provider.filetransfer.ssl_1.0.0.v20130604-1622.jar
a0b01000-a0b03000 r--s 00015000 08:01 187623     /home/sniporbob/.m2/repository/org/eclipse/tycho/tycho-bundles-external/0.19.0/eclipse/plugins/org.eclipse.core.contenttype_3.4.200.v20130326-1255.jar
a0b03000-a0b06000 r--s 00030000 08:01 187605     /home/sniporbob/.m2/repository/org/eclipse/tycho/tycho-bundles-external/0.19.0/eclipse/plugins/org.eclipse.equinox.p2.publisher.eclipse_1.1.200.v20130516-1953.jar
a0b06000-a0b0d000 r--s 0004c000 08:01 187606     /home/sniporbob/.m2/repository/org/eclipse/tycho/tycho-bundles-external/0.19.0/eclipse/plugins/org.eclipse.equinox.p2.metadata_2.2.0.v20130523-1557.jar
a0b0d000-a0b10000 ---p 00000000 00:00 0 
a0b10000-a0b5e000 rw-p 00000000 00:00 0 
a0b5e000-a0b61000 ---p 00000000 00:00 0 
a0b61000-a0baf000 rw-p 00000000 00:00 0 
a0baf000-a0bb2000 ---p 00000000 00:00 0 
a0bb2000-a0c00000 rw-p 00000000 00:00 0 
a0c00000-a0d00000 rw-p 00000000 00:00 0 
a0d00000-a0dff000 rw-p 00000000 00:00 0 
a0dff000-a0e00000 ---p 00000000 00:00 0 
a0e00000-a0e01000 r--s 0000c000 08:01 187600     /home/sniporbob/.m2/repository/org/eclipse/tycho/tycho-bundles-external/0.19.0/eclipse/plugins/org.eclipse.equinox.p2.touchpoint.natives_1.1.100.v20130327-2119.jar
a0e01000-a0e02000 r--s 00003000 08:01 187639     /home/sniporbob/.m2/repository/org/eclipse/tycho/tycho-bundles-external/0.19.0/eclipse/plugins/org.eclipse.ecf.provider.filetransfer.httpclient4.ssl_1.0.0.v20130604-1622.jar
a0e02000-a0e03000 r--s 00008000 08:01 187616     /home/sniporbob/.m2/repository/org/eclipse/tycho/tycho-bundles-external/0.19.0/eclipse/plugins/org.eclipse.equinox.frameworkadmin_2.0.100.v20130327-2119.jar
a0e03000-a0e07000 r--s 0002d000 08:01 187610     /home/sniporbob/.m2/repository/org/eclipse/tycho/tycho-bundles-external/0.19.0/eclipse/plugins/org.eclipse.equinox.p2.engine_2.3.0.v20130526-2122.jar
a0e07000-a0e0b000 r--s 0001c000 08:01 187602     /home/sniporbob/.m2/repository/org/eclipse/tycho/tycho-bundles-external/0.19.0/eclipse/plugins/org.eclipse.equinox.p2.repository_2.3.0.v20130412-2032.jar
a0e0b000-a0e15000 r--s 00074000 08:01 187625     /home/sniporbob/.m2/repository/org/eclipse/tycho/tycho-bundles-external/0.19.0/eclipse/plugins/org.apache.httpcomponents.httpclient_4.1.3.v201209201135.jar
a0e15000-a0e17000 r--s 00015000 08:01 187622     /home/sniporbob/.m2/repository/org/eclipse/tycho/tycho-bundles-external/0.19.0/eclipse/plugins/org.eclipse.core.jobs_3.5.300.v20130429-1813.jar
a0e17000-a0e1a000 r--s 0002d000 08:01 187648     /home/sniporbob/.m2/repository/org/eclipse/tycho/tycho-bundles-external/0.19.0/eclipse/plugins/org.eclipse.equinox.ds_1.4.101.v20130813-1853.jar
a0e1a000-a0e1c000 r--s 0000e000 08:01 187649     /home/sniporbob/.m2/repository/org/eclipse/tycho/tycho-bundles-external/0.19.0/eclipse/plugins/org.eclipse.equinox.frameworkadmin.equinox_1.0.500.v20130327-2119.jar
a0e1c000-a0e1e000 r--s 00005000 08:01 187594     /home/sniporbob/.m2/repository/org/eclipse/tycho/tycho-bundles-external/0.19.0/eclipse/plugins/org.eclipse.equinox.simpleconfigurator.manipulator_2.0.0.v20130327-2119.jar
a0e1e000-a0e21000 r--s 0002a000 08:01 187596     /home/sniporbob/.m2/repository/org/eclipse/tycho/tycho-bundles-external/0.19.0/eclipse/plugins/org.eclipse.equinox.registry_3.5.301.v20130717-1549.jar
a0e21000-a0e23000 r--s 00010000 08:01 187636     /home/sniporbob/.m2/repository/org/eclipse/tycho/tycho-bundles-external/0.19.0/eclipse/plugins/org.eclipse.core.runtime_3.9.0.v20130326-1255.jar
a0e23000-a0e25000 r--s 0000c000 08:01 187638     /home/sniporbob/.m2/repository/org/eclipse/tycho/tycho-bundles-external/0.19.0/eclipse/plugins/org.eclipse.ecf.identity_3.2.0.v20130604-1622.jar
a0e25000-a0e26000 r--s 00003000 08:01 187643     /home/sniporbob/.m2/repository/org/eclipse/tycho/tycho-bundles-external/0.19.0/eclipse/plugins/org.eclipse.ecf.ssl_1.1.0.v20130604-1622.jar
a0e26000-a0e29000 r--s 00018000 08:01 187604     /home/sniporbob/.m2/repository/org/eclipse/tycho/tycho-bundles-external/0.19.0/eclipse/plugins/org.eclipse.equinox.p2.publisher_1.3.0.v20130509-0110.jar
a0e29000-a0e2c000 r--s 00011000 08:01 187592     /home/sniporbob/.m2/repository/org/eclipse/tycho/tycho-bundles-external/0.19.0/eclipse/plugins/org.eclipse.equinox.util_1.0.500.v20130404-1337.jar
a0e2c000-a0e2e000 r--s 0000a000 08:01 187612     /home/sniporbob/.m2/repository/org/eclipse/tycho/tycho-bundles-external/0.19.0/eclipse/plugins/org.eclipse.equinox.p2.director.app_1.0.300.v20130819-1621.jar
a0e2e000-a0e32000 r--s 00035000 08:01 187603     /home/sniporbob/.m2/repository/org/eclipse/tycho/tycho-bundles-external/0.19.0/eclipse/plugins/org.eclipse.equinox.p2.repository.tools_2.1.0.v20130327-2119.jar
a0e32000-a0e35000 r--s 00018000 08:01 187646     /home/sniporbob/.m2/repository/org/eclipse/tycho/tycho-bundles-external/0.19.0/eclipse/plugins/org.eclipse.equinox.common_3.6.200.v20130402-1505.jar
a0e35000-a0e37000 r--s 0000b000 08:01 187615     /home/sniporbob/.m2/repository/org/eclipse/tycho/tycho-bundles-external/0.19.0/eclipse/plugins/org.eclipse.equinox.launcher_1.3.0.v20130327-1440.jar
a0e37000-a0e39000 r--s 00000000 08:01 187589     /home/sniporbob/.m2/repository/org/eclipse/tycho/tycho-bundles-external/0.19.0/eclipse/plugins/org.eclipse.tycho.noopsecurity_0.19.0.jar
a0e39000-a0e3b000 r--s 00005000 08:01 187609     /home/sniporbob/.m2/repository/org/eclipse/tycho/tycho-bundles-external/0.19.0/eclipse/plugins/org.eclipse.equinox.p2.garbagecollector_1.0.200.v20130327-2119.jar
a0e3b000-a0e3f000 r--s 0001e000 08:01 187614     /home/sniporbob/.m2/repository/org/eclipse/tycho/tycho-bundles-external/0.19.0/eclipse/plugins/org.eclipse.equinox.p2.artifact.repository_1.1.200.v20130515-2028.jar
a0e3f000-a0e40000 r--s 00009000 08:01 187593     /home/sniporbob/.m2/repository/org/eclipse/tycho/tycho-bundles-external/0.19.0/eclipse/plugins/org.eclipse.equinox.simpleconfigurator_1.0.400.v20130327-2119.jar
a0e40000-a0e43000 r--s 0000f000 08:01 187640     /home/sniporbob/.m2/repository/org/eclipse/tycho/tycho-bundles-external/0.19.0/eclipse/plugins/org.eclipse.ecf.provider.filetransfer.httpclient4_1.0.300.v20130604-1622.jar
a0e43000-a0e48000 r--s 0002e000 08:01 187624     /home/sniporbob/.m2/repository/org/eclipse/tycho/tycho-bundles-external/0.19.0/eclipse/plugins/org.apache.httpcomponents.httpcore_4.1.4.v201203221030.jar
a0e48000-a0e4b000 r--s 00019000 08:01 187607     /home/sniporbob/.m2/repository/org/eclipse/tycho/tycho-bundles-external/0.19.0/eclipse/plugins/org.eclipse.equinox.p2.metadata.repository_1.2.100.v20130327-2119.jar
a0e4b000-a0e4e000 r--s 0000f000 08:01 187613     /home/sniporbob/.m2/repository/org/eclipse/tycho/tycho-bundles-external/0.19.0/eclipse/plugins/org.eclipse.equinox.p2.core_2.3.0.v20130327-2119.jar
a0e4e000-a0e50000 r--s 00019000 08:01 181063     /usr/lib/jvm/jdk1.7.0_67/jre/lib/jce.jar
a0e50000-a0e52000 r--s 00003000 08:01 187518     /home/sniporbob/.m2/repository/org/eclipse/tycho/org.eclipse.tycho.p2.tools.shared/0.19.0/org.eclipse.tycho.p2.tools.shared-0.19.0.jar
a0e52000-a0e54000 r--s 00005000 08:01 187517     /home/sniporbob/.m2/repository/org/eclipse/tycho/org.eclipse.tycho.p2.resolver.shared/0.19.0/org.eclipse.tycho.p2.resolver.shared-0.19.0.jar
a0e54000-a0e56000 r--s 00000000 08:01 187536     /home/sniporbob/.m2/repository/org/codehaus/plexus/plexus-component-annotations/1.5.5/plexus-component-annotations-1.5.5.jar
a0e56000-a0e58000 r--s 00007000 08:01 187513     /home/sniporbob/.m2/repository/org/eclipse/tycho/tycho-p2-facade/0.19.0/tycho-p2-facade-0.19.0.jar
a0e58000-a0e5a000 r--s 00006000 08:01 187511     /home/sniporbob/.m2/repository/org/eclipse/tycho/org.eclipse.tycho.core.shared/0.19.0/org.eclipse.tycho.core.shared-0.19.0.jar
a0e5a000-a0e5b000 r--s 00001000 08:01 187509     /home/sniporbob/.m2/repository/org/eclipse/tycho/org.eclipse.tycho.embedder.shared/0.19.0/org.eclipse.tycho.embedder.shared-0.19.0.jar
a0e5b000-a0e5c000 r--s 00001000 08:01 187506     /home/sniporbob/.m2/repository/org/eclipse/tycho/tycho-embedder-api/0.19.0/tycho-embedder-api-0.19.0.jar
a0e5c000-a0e5f000 r--s 00019000 08:01 187508     /home/sniporbob/.m2/repository/de/pdark/decentxml/1.3/decentxml-1.3.jar
a0e5f000-a0e61000 r--s 00006000 08:01 187502     /home/sniporbob/.m2/repository/org/eclipse/tycho/tycho-metadata-model/0.19.0/tycho-metadata-model-0.19.0.jar
a0e61000-a0e62000 r--s 00000000 08:01 187501     /home/sniporbob/.m2/repository/org/eclipse/tycho/sisu-equinox-api/0.19.0/sisu-equinox-api-0.19.0.jar
a0e62000-a0e64000 r--s 00002000 08:01 187500     /home/sniporbob/.m2/repository/org/eclipse/tycho/sisu-equinox-embedder/0.19.0/sisu-equinox-embedder-0.19.0.jar
a0e64000-a0e78000 r--s 00140000 08:01 187498     /home/sniporbob/.m2/repository/org/eclipse/tycho/org.eclipse.osgi/3.9.1.v20130814-1242/org.eclipse.osgi-3.9.1.v20130814-1242.jar
a0e78000-a0e7b000 r--s 0000c000 08:01 187534     /home/sniporbob/.m2/repository/org/codehaus/plexus/plexus-io/2.0.5/plexus-io-2.0.5.jar
a0e7b000-a0e80000 r--s 00029000 08:01 187533     /home/sniporbob/.m2/repository/org/codehaus/plexus/plexus-archiver/2.2/plexus-archiver-2.2.jar
a0e80000-a0e84000 r--s 00035000 08:01 187531     /home/sniporbob/.m2/repository/org/codehaus/plexus/plexus-utils/3.0.7/plexus-utils-3.0.7.jar
a0e84000-a0e86000 r--s 00002000 08:01 187528     /home/sniporbob/.m2/repository/org/sonatype/plexus/plexus-cipher/1.7/plexus-cipher-1.7.jar
a0e86000-a0e87000 r--s 00006000 08:01 187524     /home/sniporbob/.m2/repository/org/sonatype/plexus/plexus-sec-dispatcher/1.3/plexus-sec-dispatcher-1.3.jar
a0e87000-a0e89000 r--s 0000d000 08:01 187523     /home/sniporbob/.m2/repository/org/codehaus/plexus/plexus-interpolation/1.14/plexus-interpolation-1.14.jar
a0e89000-a0e94000 r--s 00069000 08:01 187526     /home/sniporbob/.m2/repository/org/sonatype/sisu/sisu-guice/2.1.7/sisu-guice-2.1.7-noaop.jar
a0e94000-a0e99000 r--s 00021000 08:01 187525     /home/sniporbob/.m2/repository/org/sonatype/sisu/sisu-inject-bean/1.4.2/sisu-inject-bean-1.4.2.jar
a0e99000-a0e9d000 r--s 00017000 08:01 187522     /home/sniporbob/.m2/repository/org/sonatype/aether/aether-util/1.7/aether-util-1.7.jar
a0e9d000-a0ea1000 r--s 00028000 08:01 187496     /home/sniporbob/.m2/repository/org/eclipse/tycho/tycho-core/0.19.0/tycho-core-0.19.0.jar
a0ea1000-a0ea3000 r--s 00000000 08:01 187497     /home/sniporbob/.m2/repository/org/eclipse/tycho/tycho-maven-plugin/0.19.0/tycho-maven-plugin-0.19.0.jar
a0ea3000-a0ea5000 r--s 00026000 08:01 186969     /home/sniporbob/.m2/repository/org/codehaus/plexus/plexus-utils/1.0.4/plexus-utils-1.0.4.jar
a0ea5000-a0ea7000 r--s 00008000 08:01 186966     /home/sniporbob/.m2/repository/commons-logging/commons-logging/1.0.4/commons-logging-1.0.4.jar
a0ea7000-a0eaa000 r--s 00023000 08:01 186958     /home/sniporbob/.m2/repository/jdom/jdom/1.0/jdom-1.0.jar
a0eaa000-a0eaf000 r--s 00033000 08:01 186949     /home/sniporbob/.m2/repository/commons-httpclient/commons-httpclient/2.0.2/commons-httpclient-2.0.2.jar
a0eaf000-a0eb2000 ---p 00000000 00:00 0 
a0eb2000-a0f00000 rw-p 00000000 00:00 0 
a0f00000-a0ffe000 rw-p 00000000 00:00 0 
a0ffe000-a1000000 ---p 00000000 00:00 0 
a1000000-a1004000 r--s 00027000 08:01 186952     /home/sniporbob/.m2/repository/slide/slide-webdavlib/2.1/slide-webdavlib-2.1.jar
a1004000-a1006000 r--s 00003000 08:01 186943     /home/sniporbob/.m2/repository/org/apache/maven/wagon/wagon-webdav/1.0-beta-2/wagon-webdav-1.0-beta-2.jar
a1006000-a1011000 r--s 0037c000 08:01 181069     /usr/lib/jvm/jdk1.7.0_67/jre/lib/charsets.jar
a1011000-a1014000 ---p 00000000 00:00 0 
a1014000-a102a000 rw-p 00000000 00:00 0 
a102a000-a102e000 r--s 0008a000 08:01 181058     /usr/lib/jvm/jdk1.7.0_67/jre/lib/jsse.jar
a102e000-a1031000 r--s 00013000 08:01 35338      /usr/share/maven-repo/org/sonatype/aether/aether-api/1.13.1/aether-api-1.13.1.jar
a1031000-a1032000 r--s 00006000 08:01 34196      /usr/share/maven-repo/org/sonatype/plexus/plexus-sec-dispatcher/1.3.1/plexus-sec-dispatcher-1.3.1.jar
a1032000-a1034000 r--s 00008000 08:01 421642     /usr/share/maven/lib/maven-embedder-3.0.4.jar
a1034000-a1038000 r--s 0001c000 08:01 35321      /usr/share/maven-repo/org/sonatype/aether/aether-util/1.13.1/aether-util-1.13.1.jar
a1038000-a1039000 r--s 00001000 08:01 34815      /usr/share/java/wagon-http.jar
a1039000-a103f000 r--s 0002c000 08:01 35267      /usr/share/java/sisu-inject-plexus.jar
a103f000-a1041000 r--s 00002000 08:01 34053      /usr/share/maven-repo/org/sonatype/plexus/plexus-cipher/1.5/plexus-cipher-1.5.jar
a1041000-a1048000 r--s 00040000 08:01 35259      /usr/share/java/sisu-inject-bean.jar
a1048000-a104a000 r--s 00006000 08:01 35356      /usr/share/maven-repo/org/sonatype/aether/aether-connector-wagon/1.13.1/aether-connector-wagon-1.13.1.jar
a104a000-a1050000 r--s 00045000 08:01 34358      /usr/share/java/commons-httpclient-3.1.jar
a1050000-a105c000 r--s 0007c000 08:01 421640     /usr/share/maven/lib/maven-core-3.0.4.jar
a105c000-a105d000 ---p 00000000 00:00 0 
a105d000-a10dd000 rw-p 00000000 00:00 0 
a10dd000-a10e0000 ---p 00000000 00:00 0 
a10e0000-a112e000 rw-p 00000000 00:00 0 
a112e000-a1131000 ---p 00000000 00:00 0 
a1131000-a11af000 rw-p 00000000 00:00 0 
a11af000-a11b2000 ---p 00000000 00:00 0 
a11b2000-a1200000 rw-p 00000000 00:00 0 
a1200000-a1400000 r--p 00000000 08:01 140016     /usr/lib/locale/locale-archive
a1400000-a14eb000 rw-p 00000000 00:00 0 
a14eb000-a1500000 ---p 00000000 00:00 0 
a1500000-a1501000 r--s 00005000 08:01 186960     /home/sniporbob/.m2/repository/de/zeigermann/xml/xml-im-exporter/1.1/xml-im-exporter-1.1.jar
a1501000-a1505000 r--s 00033000 08:01 35021      /usr/share/java/plexus-utils2-2.0.5.jar
a1505000-a150b000 r--s 0003e000 08:01 421638     /usr/share/maven/lib/maven-compat-3.0.4.jar
a150b000-a150d000 r--s 00007000 08:01 26777      /usr/share/java/commons-cli-1.2.jar
a150d000-a1524000 r--s 000de000 08:01 35067      /usr/share/java/guava-r09.jar
a1524000-a1527000 ---p 00000000 00:00 0 
a1527000-a1575000 rw-p 00000000 00:00 0 
a1575000-a1576000 ---p 00000000 00:00 0 
a1576000-a1641000 rw-p 00000000 00:00 0 
a1641000-a1800000 r--s 039e5000 08:01 180825     /usr/lib/jvm/jdk1.7.0_67/jre/lib/rt.jar
a1800000-a6c00000 rw-p 00000000 00:00 0 
a6c00000-b1400000 rw-p 00000000 00:00 0 
b1400000-b25c0000 rw-p 00000000 00:00 0 
b25c0000-b2600000 ---p 00000000 00:00 0 
b2600000-b5400000 rw-p 00000000 00:00 0 
b5400000-b5401000 r--p 00000000 00:00 0 
b5401000-b5405000 r--s 00020000 08:01 421644     /usr/share/maven/lib/maven-model-builder-3.0.4.jar
b5405000-b5407000 r--s 0000a000 08:01 34809      /usr/share/java/wagon-provider-api.jar
b5407000-b5409000 r--s 00000000 08:01 35024      /usr/share/java/plexus-component-annotations-1.5-1.5.5.jar
b5409000-b540b000 r--s 0000b000 08:01 406913     /usr/share/maven-repo/org/codehaus/plexus/plexus-interpolation/1.11/plexus-interpolation-1.11.jar
b540b000-b540d000 r--s 00009000 08:01 421654     /usr/share/maven/lib/maven-settings-3.0.4.jar
b540d000-b5410000 r--s 0001d000 08:01 35350      /usr/share/maven-repo/org/sonatype/aether/aether-impl/1.13.1/aether-impl-1.13.1.jar
b5410000-b5412000 r--s 00007000 08:01 421652     /usr/share/maven/lib/maven-settings-builder-3.0.4.jar
b5412000-b5414000 r--s 00005000 08:01 421650     /usr/share/maven/lib/maven-repository-metadata-3.0.4.jar
b5414000-b5417000 ---p 00000000 00:00 0 
b5417000-b54c9000 rw-p 00000000 00:00 0 
b54c9000-b54ca000 ---p 00000000 00:00 0 
b54ca000-b54e1000 rw-p 00000000 00:00 0 
b54e1000-b550b000 rw-p 00000000 00:00 0 
b550b000-b555f000 rw-p 00000000 00:00 0 
b555f000-b5568000 rw-p 00000000 00:00 0 
b5568000-b557f000 rw-p 00000000 00:00 0 
b557f000-b55a5000 rw-p 00000000 00:00 0 
b55a5000-b5600000 rw-p 00000000 00:00 0 
b5600000-b5f18000 rwxp 00000000 00:00 0 
b5f18000-b76fe000 rw-p 00000000 00:00 0 
b76fe000-b7700000 ---p 00000000 00:00 0 
b7700000-b7701000 r--s 00001000 08:01 34811      /usr/share/java/wagon-file.jar
b7701000-b770d000 r--s 00082000 08:01 35101      /usr/share/maven-repo/org/sonatype/sisu/sisu-guice/3.1.0/sisu-guice-3.1.0.jar
b770d000-b770f000 r--s 00003000 08:01 26779      /usr/share/java/jsr305-0.1~+svn49.jar
b770f000-b7710000 r--s 00003000 08:01 35333      /usr/share/maven-repo/org/sonatype/aether/aether-spi/1.13.1/aether-spi-1.13.1.jar
b7710000-b7712000 r--s 0000a000 08:01 421636     /usr/share/maven/lib/maven-artifact-3.0.4.jar
b7712000-b7715000 r--s 00011000 08:01 26804      /usr/share/java/commons-codec-1.5.jar
b7715000-b7717000 r--s 00025000 08:01 421646     /usr/share/maven/lib/maven-model-3.0.4.jar
b7717000-b7719000 r--s 0000b000 08:01 421634     /usr/share/maven/lib/maven-aether-provider-3.0.4.jar
b7719000-b771b000 r--s 0000c000 08:01 26641      /usr/share/java/commons-logging-1.1.1.jar
b771b000-b7770000 rw-p 00000000 00:00 0 
b7770000-b7773000 ---p 00000000 00:00 0 
b7773000-b77c3000 rw-p 00000000 00:00 0 
b77c3000-b77c4000 r--s 00004000 08:01 34813      /usr/share/java/wagon-http-shared.jar
b77c4000-b77c6000 r--s 00009000 08:01 421648     /usr/share/maven/lib/maven-plugin-api-3.0.4.jar
b77c6000-b77c8000 r--s 0000a000 08:01 26757      /usr/share/java/plexus-classworlds2-2.4.jar
b77c8000-b77c9000 r--p 005e0000 08:01 140016     /usr/lib/locale/locale-archive
b77c9000-b77d1000 rw-s 00000000 08:01 1368       /tmp/hsperfdata_sniporbob/2031
b77d1000-b77d2000 rw-p 00000000 00:00 0 
b77d2000-b77d3000 ---p 00000000 00:00 0 
b77d3000-b77d5000 rw-p 00000000 00:00 0 
bfc28000-bfc29000 rwxp 00000000 00:00 0 
bfc5b000-bfc7c000 rw-p 00000000 00:00 0          [stack]

VM Arguments:
jvm_args: -Dclassworlds.conf=/usr/share/maven/bin/m2.conf -Dmaven.home=/usr/share/maven 
java_command: org.codehaus.plexus.classworlds.launcher.Launcher clean install -DskipTests=true
Launcher Type: SUN_STANDARD

Environment Variables:
JAVA_HOME=/usr/lib/jvm/jdk1.7.0_67
PATH=/usr/lib/lightdm/lightdm:/usr/local/sbin:/usr/local/bin:/usr/sbin:/usr/bin:/sbin:/bin:/usr/games
SHELL=/bin/bash
DISPLAY=:0

Signal Handlers:
SIGSEGV: [libjvm.so+0x50e2d0], sa_mask[0]=0x7ffbfeff, sa_flags=0x10000004
SIGBUS: [libjvm.so+0x50e2d0], sa_mask[0]=0x7ffbfeff, sa_flags=0x10000004
SIGFPE: [libjvm.so+0x404e80], sa_mask[0]=0x7ffbfeff, sa_flags=0x10000004
SIGPIPE: [libjvm.so+0x404e80], sa_mask[0]=0x7ffbfeff, sa_flags=0x10000004
SIGXFSZ: [libjvm.so+0x404e80], sa_mask[0]=0x7ffbfeff, sa_flags=0x10000004
SIGILL: [libjvm.so+0x404e80], sa_mask[0]=0x7ffbfeff, sa_flags=0x10000004
SIGUSR1: SIG_DFL, sa_mask[0]=0x00000000, sa_flags=0x00000000
SIGUSR2: [libjvm.so+0x406680], sa_mask[0]=0x00000000, sa_flags=0x10000004
SIGHUP: [libjvm.so+0x407980], sa_mask[0]=0x7ffbfeff, sa_flags=0x10000004
SIGINT: [libjvm.so+0x407980], sa_mask[0]=0x7ffbfeff, sa_flags=0x10000004
SIGTERM: [libjvm.so+0x407980], sa_mask[0]=0x7ffbfeff, sa_flags=0x10000004
SIGQUIT: [libjvm.so+0x407980], sa_mask[0]=0x7ffbfeff, sa_flags=0x10000004


---------------  S Y S T E M  ---------------

OS:wheezy/sid

uname:Linux 3.2.0-23-generic-pae #36-Ubuntu SMP Tue Apr 10 22:19:09 UTC 2012 i686
libc:glibc 2.15 NPTL 2.15 
rlimit: STACK 8192k, CORE 0k, NPROC 7896, NOFILE 4096, AS infinity
load average:1.24 1.14 0.64

/proc/meminfo:
MemTotal:        1025272 kB
MemFree:           88704 kB
Buffers:          126720 kB
Cached:           171260 kB
SwapCached:          956 kB
Active:           404900 kB
Inactive:         385092 kB
Active(anon):     258108 kB
Inactive(anon):   237684 kB
Active(file):     146792 kB
Inactive(file):   147408 kB
Unevictable:           0 kB
Mlocked:               0 kB
HighTotal:        135112 kB
HighFree:           1776 kB
LowTotal:         890160 kB
LowFree:           86928 kB
SwapTotal:       1046524 kB
SwapFree:        1042428 kB
Dirty:               164 kB
Writeback:             0 kB
AnonPages:        491452 kB
Mapped:            72736 kB
Shmem:              3732 kB
Slab:             126500 kB
SReclaimable:     116180 kB
SUnreclaim:        10320 kB
KernelStack:        2536 kB
PageTables:         9448 kB
NFS_Unstable:          0 kB
Bounce:                0 kB
WritebackTmp:          0 kB
CommitLimit:     1559160 kB
Committed_AS:    2050980 kB
VmallocTotal:     122880 kB
VmallocUsed:        3472 kB
VmallocChunk:     118068 kB
HardwareCorrupted:     0 kB
AnonHugePages:         0 kB
HugePages_Total:       0
HugePages_Free:        0
HugePages_Rsvd:        0
HugePages_Surp:        0
Hugepagesize:       2048 kB
DirectMap4k:       20472 kB
DirectMap2M:      892928 kB


CPU:total 1 (4 cores per cpu, 2 threads per core) family 6 model 26 stepping 5, cmov, cx8, fxsr, mmx, sse, sse2, sse3, ssse3, sse4.1, sse4.2, popcnt, ht, tsc, tscinvbit, tscinv

/proc/cpuinfo:
processor	: 0
vendor_id	: GenuineIntel
cpu family	: 6
model		: 26
model name	: Intel(R) Core(TM) i7 CPU         950  @ 3.07GHz
stepping	: 5
cpu MHz		: 3764.033
cache size	: 6144 KB
fdiv_bug	: no
hlt_bug		: no
f00f_bug	: no
coma_bug	: no
fpu		: yes
fpu_exception	: yes
cpuid level	: 5
wp		: yes
flags		: fpu vme de pse tsc msr pae mce cx8 apic mtrr pge mca cmov pat pse36 clflush mmx fxsr sse sse2 rdtscp constant_tsc up pni monitor ssse3
bogomips	: 7528.06
clflush size	: 64
cache_alignment	: 64
address sizes	: 36 bits physical, 48 bits virtual
power management:



Memory: 4k page, physical 1025272k(88704k free), swap 1046524k(1042428k free)

vm_info: Java HotSpot(TM) Client VM (24.65-b04) for linux-x86 JRE (1.7.0_67-b01), built on Jul 25 2014 08:57:40 by "java_re" with gcc 4.3.0 20080428 (Red Hat 4.3.0-8)

time: Sat Aug  9 22:30:38 2014
elapsed time: 143 seconds

