#
# There is insufficient memory for the Java Runtime Environment to continue.
# Native memory allocation (malloc) failed to allocate 32768 bytes for committing reserved memory.
# Possible reasons:
#   The system is out of physical RAM or swap space
#   In 32 bit mode, the process size limit was hit
# Possible solutions:
#   Reduce memory load on the system
#   Increase physical memory or swap space
#   Check if swap backing store is full
#   Use 64 bit Java on a 64 bit OS
#   Decrease Java heap size (-Xmx/-Xms)
#   Decrease number of Java threads
#   Decrease Java thread stack sizes (-Xss)
#   Set larger code cache with -XX:ReservedCodeCacheSize=
# This output file may be truncated or incomplete.
#
#  Out of Memory Error (os_linux.cpp:2745), pid=2372, tid=2429217600
#
# JRE version: Java(TM) SE Runtime Environment (7.0_67-b01) (build 1.7.0_67-b01)
# Java VM: Java HotSpot(TM) Client VM (24.65-b04 mixed mode linux-x86 )
# Failed to write core dump. Core dumps have been disabled. To enable core dumping, try "ulimit -c unlimited" before starting Java again
#

---------------  T H R E A D  ---------------

Current thread (0xb7677400):  JavaThread "C1 CompilerThread0" daemon [_thread_in_vm, id=2382, stack(0x90c2e000,0x90caf000)]

Stack: [0x90c2e000,0x90caf000],  sp=0x90cad7b0,  free space=509k
Native frames: (J=compiled Java code, j=interpreted, Vv=VM code, C=native code)
V  [libjvm.so+0x50d7c6]  VMError::report_and_die()+0x1a6
V  [libjvm.so+0x1de1e2]  report_vm_out_of_memory(char const*, int, unsigned int, char const*)+0x72
V  [libjvm.so+0x4082d1]  os::Linux::commit_memory_impl(char*, unsigned int, bool)+0xe1
V  [libjvm.so+0x408798]  os::pd_commit_memory(char*, unsigned int, unsigned int, bool)+0x28
V  [libjvm.so+0x401f0c]  os::commit_memory(char*, unsigned int, unsigned int, bool)+0x2c
V  [libjvm.so+0x5093dc]  VirtualSpace::expand_by(unsigned int, bool)+0x20c
V  [libjvm.so+0x2641f5]  CodeHeap::expand_by(unsigned int)+0x65
V  [libjvm.so+0x18b7fc]  CodeCache::allocate(int)+0x5c
V  [libjvm.so+0x3e603b]  nmethod::new_nmethod(methodHandle, int, int, CodeOffsets*, int, DebugInformationRecorder*, Dependencies*, CodeBuffer*, int, OopMapSet*, ExceptionHandlerTable*, ImplicitExceptionTable*, AbstractCompiler*, int)+0x14b
V  [libjvm.so+0x14be30]  ciEnv::register_method(ciMethod*, int, CodeOffsets*, int, CodeBuffer*, int, OopMapSet*, ExceptionHandlerTable*, ImplicitExceptionTable*, AbstractCompiler*, int, bool, bool)+0x300
V  [libjvm.so+0xc96ed]  Compilation::install_code(int)+0x9d
V  [libjvm.so+0xca981]  Compilation::compile_method()+0xc1
V  [libjvm.so+0xcabdf]  Compilation::Compilation(AbstractCompiler*, ciEnv*, ciMethod*, int, BufferBlob*)+0x1ef
V  [libjvm.so+0xcb382]  Compiler::compile_method(ciEnv*, ciMethod*, int)+0x92
V  [libjvm.so+0x1a28a5]  CompileBroker::invoke_compiler_on_method(CompileTask*)+0x345
V  [libjvm.so+0x1a371f]  CompileBroker::compiler_thread_loop()+0x42f
V  [libjvm.so+0x4d07e8]  compiler_thread_entry(JavaThread*, Thread*)+0x18
V  [libjvm.so+0x4d8049]  JavaThread::thread_main_inner()+0x109
V  [libjvm.so+0x4d81a3]  JavaThread::run()+0x123
V  [libjvm.so+0x40a5a9]  java_start(Thread*)+0x119
C  [libpthread.so.0+0x6d4c]  start_thread+0xcc


Current CompileTask:
C1:  19215 2976             org.eclipse.xtext.validation.impl.AssignmentQuantityAllocator::collectAssignments (162 bytes)


---------------  P R O C E S S  ---------------

Java Threads: ( => current thread )
  0x8fff2000 JavaThread "com.google.inject.internal.util.$Finalizer" daemon [_thread_blocked, id=2385, stack(0x9007c000,0x900cd000)]
  0xb7679000 JavaThread "Service Thread" daemon [_thread_blocked, id=2383, stack(0x90bdd000,0x90c2e000)]
=>0xb7677400 JavaThread "C1 CompilerThread0" daemon [_thread_in_vm, id=2382, stack(0x90c2e000,0x90caf000)]
  0xb7675800 JavaThread "Signal Dispatcher" daemon [_thread_blocked, id=2381, stack(0x90caf000,0x90d00000)]
  0xb7665c00 JavaThread "Finalizer" daemon [_thread_blocked, id=2380, stack(0x91028000,0x91079000)]
  0xb7664000 JavaThread "Reference Handler" daemon [_thread_blocked, id=2379, stack(0x91079000,0x910ca000)]
  0xb7611800 JavaThread "main" [_thread_in_vm, id=2377, stack(0xb7769000,0xb77ba000)]

Other Threads:
  0xb7661800 VMThread [stack: 0x910ca000,0x9114b000] [id=2378]
  0xb767b800 WatcherThread [stack: 0x90b5c000,0x90bdd000] [id=2384]

VM state:not at safepoint (normal execution)

VM Mutex/Monitor currently owned by a thread:  ([mutex/lock_event])
[0xb760e3d8] CodeCache_lock - owner thread: 0xb7677400
[0xb760f688] Compile_lock - owner thread: 0xb7677400
[0xb760f758] MethodCompileQueue_lock - owner thread: 0xb7677400

Heap
 def new generation   total 21056K, used 9105K [0x91400000, 0x92ad0000, 0x9bea0000)
  eden space 18752K,  37% used [0x91400000, 0x91adf670, 0x92650000)
  from space 2304K,  89% used [0x92650000, 0x92854e90, 0x92890000)
  to   space 2304K,   0% used [0x92890000, 0x92890000, 0x92ad0000)
 tenured generation   total 46652K, used 42777K [0x9bea0000, 0x9ec2f000, 0xb1400000)
   the space 46652K,  91% used [0x9bea0000, 0x9e866410, 0x9e866600, 0x9ec2f000)
 compacting perm gen  total 16128K, used 16085K [0xb1400000, 0xb23c0000, 0xb5400000)
   the space 16128K,  99% used [0xb1400000, 0xb23b5658, 0xb23b5800, 0xb23c0000)
No shared spaces configured.

Card table byte_map: [0xb545f000,0xb5580000] byte_map_base: 0xb4fd5000

Polling page: 0xb77cb000

Code Cache  [0xb5600000, 0xb5ad0000, 0xb7600000)
 total_blobs=3105 nmethods=2937 adapters=102 free_code_cache=27842Kb largest_free_block=28508416

Compilation events (10 events):
Event: 17.986 Thread 0xb7677400 nmethod 2971 0xb5acf1c8 code [0xb5acf2d0, 0xb5acf3dc]
Event: 18.008 Thread 0xb7677400 2972             java.lang.Long::hashCode (14 bytes)
Event: 18.008 Thread 0xb7677400 nmethod 2972 0xb5acf4c8 code [0xb5acf5c0, 0xb5acf670]
Event: 18.485 Thread 0xb7677400 2973             java.lang.Boolean::toBoolean (19 bytes)
Event: 18.485 Thread 0xb7677400 nmethod 2973 0xb5acf6c8 code [0xb5acf7d0, 0xb5acf88c]
Event: 18.494 Thread 0xb7677400 2974             org.eclipse.internal.xtend.expression.ast.BooleanLiteral::evaluateInternal (15 bytes)
Event: 18.494 Thread 0xb7677400 nmethod 2974 0xb5acf908 code [0xb5acfa20, 0xb5acfb44]
Event: 18.494 Thread 0xb7677400 2975             java.lang.Boolean::<init> (9 bytes)
Event: 18.494 Thread 0xb7677400 nmethod 2975 0xb5acfc88 code [0xb5acfd90, 0xb5acfe5c]
Event: 18.506 Thread 0xb7677400 2976             org.eclipse.xtext.validation.impl.AssignmentQuantityAllocator::collectAssignments (162 bytes)

GC Heap History (10 events):
Event: 17.450 GC heap before
{Heap before GC invocations=109 (full 4):
 def new generation   total 21056K, used 20655K [0x91400000, 0x92ad0000, 0x9bea0000)
  eden space 18752K, 100% used [0x91400000, 0x92650000, 0x92650000)
  from space 2304K,  82% used [0x92890000, 0x92a6bd88, 0x92ad0000)
  to   space 2304K,   0% used [0x92650000, 0x92650000, 0x92890000)
 tenured generation   total 46652K, used 33261K [0x9bea0000, 0x9ec2f000, 0xb1400000)
   the space 46652K,  71% used [0x9bea0000, 0x9df1b5a8, 0x9df1b600, 0x9ec2f000)
 compacting perm gen  total 16128K, used 16085K [0xb1400000, 0xb23c0000, 0xb5400000)
   the space 16128K,  99% used [0xb1400000, 0xb23b5658, 0xb23b5800, 0xb23c0000)
No shared spaces configured.
Event: 17.494 GC heap after
Heap after GC invocations=110 (full 4):
 def new generation   total 21056K, used 1916K [0x91400000, 0x92ad0000, 0x9bea0000)
  eden space 18752K,   0% used [0x91400000, 0x91400000, 0x92650000)
  from space 2304K,  83% used [0x92650000, 0x9282f148, 0x92890000)
  to   space 2304K,   0% used [0x92890000, 0x92890000, 0x92ad0000)
 tenured generation   total 46652K, used 35138K [0x9bea0000, 0x9ec2f000, 0xb1400000)
   the space 46652K,  75% used [0x9bea0000, 0x9e0f0ab0, 0x9e0f0c00, 0x9ec2f000)
 compacting perm gen  total 16128K, used 16085K [0xb1400000, 0xb23c0000, 0xb5400000)
   the space 16128K,  99% used [0xb1400000, 0xb23b5658, 0xb23b5800, 0xb23c0000)
No shared spaces configured.
}
Event: 17.653 GC heap before
{Heap before GC invocations=110 (full 4):
 def new generation   total 21056K, used 20668K [0x91400000, 0x92ad0000, 0x9bea0000)
  eden space 18752K, 100% used [0x91400000, 0x92650000, 0x92650000)
  from space 2304K,  83% used [0x92650000, 0x9282f148, 0x92890000)
  to   space 2304K,   0% used [0x92890000, 0x92890000, 0x92ad0000)
 tenured generation   total 46652K, used 35138K [0x9bea0000, 0x9ec2f000, 0xb1400000)
   the space 46652K,  75% used [0x9bea0000, 0x9e0f0ab0, 0x9e0f0c00, 0x9ec2f000)
 compacting perm gen  total 16128K, used 16085K [0xb1400000, 0xb23c0000, 0xb5400000)
   the space 16128K,  99% used [0xb1400000, 0xb23b5658, 0xb23b5800, 0xb23c0000)
No shared spaces configured.
Event: 17.693 GC heap after
Heap after GC invocations=111 (full 4):
 def new generation   total 21056K, used 1719K [0x91400000, 0x92ad0000, 0x9bea0000)
  eden space 18752K,   0% used [0x91400000, 0x91400000, 0x92650000)
  from space 2304K,  74% used [0x92890000, 0x92a3dda8, 0x92ad0000)
  to   space 2304K,   0% used [0x92650000, 0x92650000, 0x92890000)
 tenured generation   total 46652K, used 36993K [0x9bea0000, 0x9ec2f000, 0xb1400000)
   the space 46652K,  79% used [0x9bea0000, 0x9e2c0488, 0x9e2c0600, 0x9ec2f000)
 compacting perm gen  total 16128K, used 16085K [0xb1400000, 0xb23c0000, 0xb5400000)
   the space 16128K,  99% used [0xb1400000, 0xb23b5658, 0xb23b5800, 0xb23c0000)
No shared spaces configured.
}
Event: 17.876 GC heap before
{Heap before GC invocations=111 (full 4):
 def new generation   total 21056K, used 20471K [0x91400000, 0x92ad0000, 0x9bea0000)
  eden space 18752K, 100% used [0x91400000, 0x92650000, 0x92650000)
  from space 2304K,  74% used [0x92890000, 0x92a3dda8, 0x92ad0000)
  to   space 2304K,   0% used [0x92650000, 0x92650000, 0x92890000)
 tenured generation   total 46652K, used 36993K [0x9bea0000, 0x9ec2f000, 0xb1400000)
   the space 46652K,  79% used [0x9bea0000, 0x9e2c0488, 0x9e2c0600, 0x9ec2f000)
 compacting perm gen  total 16128K, used 16085K [0xb1400000, 0xb23c0000, 0xb5400000)
   the space 16128K,  99% used [0xb1400000, 0xb23b5658, 0xb23b5800, 0xb23c0000)
No shared spaces configured.
Event: 17.906 GC heap after
Heap after GC invocations=112 (full 4):
 def new generation   total 21056K, used 2125K [0x91400000, 0x92ad0000, 0x9bea0000)
  eden space 18752K,   0% used [0x91400000, 0x91400000, 0x92650000)
  from space 2304K,  92% used [0x92650000, 0x92863758, 0x92890000)
  to   space 2304K,   0% used [0x92890000, 0x92890000, 0x92ad0000)
 tenured generation   total 46652K, used 38673K [0x9bea0000, 0x9ec2f000, 0xb1400000)
   the space 46652K,  82% used [0x9bea0000, 0x9e464508, 0x9e464600, 0x9ec2f000)
 compacting perm gen  total 16128K, used 16085K [0xb1400000, 0xb23c0000, 0xb5400000)
   the space 16128K,  99% used [0xb1400000, 0xb23b5658, 0xb23b5800, 0xb23c0000)
No shared spaces configured.
}
Event: 18.069 GC heap before
{Heap before GC invocations=112 (full 4):
 def new generation   total 21056K, used 20877K [0x91400000, 0x92ad0000, 0x9bea0000)
  eden space 18752K, 100% used [0x91400000, 0x92650000, 0x92650000)
  from space 2304K,  92% used [0x92650000, 0x92863758, 0x92890000)
  to   space 2304K,   0% used [0x92890000, 0x92890000, 0x92ad0000)
 tenured generation   total 46652K, used 38673K [0x9bea0000, 0x9ec2f000, 0xb1400000)
   the space 46652K,  82% used [0x9bea0000, 0x9e464508, 0x9e464600, 0x9ec2f000)
 compacting perm gen  total 16128K, used 16085K [0xb1400000, 0xb23c0000, 0xb5400000)
   the space 16128K,  99% used [0xb1400000, 0xb23b5658, 0xb23b5800, 0xb23c0000)
No shared spaces configured.
Event: 18.115 GC heap after
Heap after GC invocations=113 (full 4):
 def new generation   total 21056K, used 2062K [0x91400000, 0x92ad0000, 0x9bea0000)
  eden space 18752K,   0% used [0x91400000, 0x91400000, 0x92650000)
  from space 2304K,  89% used [0x92890000, 0x92a93a28, 0x92ad0000)
  to   space 2304K,   0% used [0x92650000, 0x92650000, 0x92890000)
 tenured generation   total 46652K, used 40761K [0x9bea0000, 0x9ec2f000, 0xb1400000)
   the space 46652K,  87% used [0x9bea0000, 0x9e66e758, 0x9e66e800, 0x9ec2f000)
 compacting perm gen  total 16128K, used 16085K [0xb1400000, 0xb23c0000, 0xb5400000)
   the space 16128K,  99% used [0xb1400000, 0xb23b5658, 0xb23b5800, 0xb23c0000)
No shared spaces configured.
}
Event: 18.358 GC heap before
{Heap before GC invocations=113 (full 4):
 def new generation   total 21056K, used 20814K [0x91400000, 0x92ad0000, 0x9bea0000)
  eden space 18752K, 100% used [0x91400000, 0x92650000, 0x92650000)
  from space 2304K,  89% used [0x92890000, 0x92a93a28, 0x92ad0000)
  to   space 2304K,   0% used [0x92650000, 0x92650000, 0x92890000)
 tenured generation   total 46652K, used 40761K [0x9bea0000, 0x9ec2f000, 0xb1400000)
   the space 46652K,  87% used [0x9bea0000, 0x9e66e758, 0x9e66e800, 0x9ec2f000)
 compacting perm gen  total 16128K, used 16085K [0xb1400000, 0xb23c0000, 0xb5400000)
   the space 16128K,  99% used [0xb1400000, 0xb23b5658, 0xb23b5800, 0xb23c0000)
No shared spaces configured.
Event: 18.421 GC heap after
Heap after GC invocations=114 (full 4):
 def new generation   total 21056K, used 2067K [0x91400000, 0x92ad0000, 0x9bea0000)
  eden space 18752K,   0% used [0x91400000, 0x91400000, 0x92650000)
  from space 2304K,  89% used [0x92650000, 0x92854e90, 0x92890000)
  to   space 2304K,   0% used [0x92890000, 0x92890000, 0x92ad0000)
 tenured generation   total 46652K, used 42777K [0x9bea0000, 0x9ec2f000, 0xb1400000)
   the space 46652K,  91% used [0x9bea0000, 0x9e866410, 0x9e866600, 0x9ec2f000)
 compacting perm gen  total 16128K, used 16085K [0xb1400000, 0xb23c0000, 0xb5400000)
   the space 16128K,  99% used [0xb1400000, 0xb23b5658, 0xb23b5800, 0xb23c0000)
No shared spaces configured.
}

Deoptimization events (0 events):
No events

Internal exceptions (10 events):
Event: 16.235 Thread 0xb7611800 Threw 0x914a28a8 at /HUDSON/workspace/7u-2-build-linux-i586/jdk7u67/1368/hotspot/src/share/vm/prims/jvm.cpp:1244
Event: 16.235 Thread 0xb7611800 Threw 0x914a3158 at /HUDSON/workspace/7u-2-build-linux-i586/jdk7u67/1368/hotspot/src/share/vm/prims/jvm.cpp:1244
Event: 16.235 Thread 0xb7611800 Threw 0x914af1b0 at /HUDSON/workspace/7u-2-build-linux-i586/jdk7u67/1368/hotspot/src/share/vm/prims/jvm.cpp:1244
Event: 16.235 Thread 0xb7611800 Threw 0x914af520 at /HUDSON/workspace/7u-2-build-linux-i586/jdk7u67/1368/hotspot/src/share/vm/classfile/systemDictionary.cpp:185
Event: 16.235 Thread 0xb7611800 Threw 0x914b0040 at /HUDSON/workspace/7u-2-build-linux-i586/jdk7u67/1368/hotspot/src/share/vm/prims/jvm.cpp:1244
Event: 16.235 Thread 0xb7611800 Threw 0x914bc0c0 at /HUDSON/workspace/7u-2-build-linux-i586/jdk7u67/1368/hotspot/src/share/vm/prims/jvm.cpp:1244
Event: 16.235 Thread 0xb7611800 Threw 0x914bc998 at /HUDSON/workspace/7u-2-build-linux-i586/jdk7u67/1368/hotspot/src/share/vm/prims/jvm.cpp:1244
Event: 16.235 Thread 0xb7611800 Threw 0x914c8a18 at /HUDSON/workspace/7u-2-build-linux-i586/jdk7u67/1368/hotspot/src/share/vm/prims/jvm.cpp:1244
Event: 16.236 Thread 0xb7611800 Threw 0x914c8d90 at /HUDSON/workspace/7u-2-build-linux-i586/jdk7u67/1368/hotspot/src/share/vm/classfile/systemDictionary.cpp:185
Event: 16.236 Thread 0xb7611800 Threw 0x914d7a00 at /HUDSON/workspace/7u-2-build-linux-i586/jdk7u67/1368/hotspot/src/share/vm/prims/jvm.cpp:1244

Events (10 events):
Event: 17.450 Executing VM operation: GenCollectForAllocation
Event: 17.494 Executing VM operation: GenCollectForAllocation done
Event: 17.653 Executing VM operation: GenCollectForAllocation
Event: 17.693 Executing VM operation: GenCollectForAllocation done
Event: 17.875 Executing VM operation: GenCollectForAllocation
Event: 17.906 Executing VM operation: GenCollectForAllocation done
Event: 18.069 Executing VM operation: GenCollectForAllocation
Event: 18.116 Executing VM operation: GenCollectForAllocation done
Event: 18.357 Executing VM operation: GenCollectForAllocation
Event: 18.421 Executing VM operation: GenCollectForAllocation done


Dynamic libraries:
00110000-00117000 r-xp 00000000 08:01 263922     /lib/i386-linux-gnu/librt-2.15.so
00117000-00118000 r--p 00006000 08:01 263922     /lib/i386-linux-gnu/librt-2.15.so
00118000-00119000 rw-p 00007000 08:01 263922     /lib/i386-linux-gnu/librt-2.15.so
00119000-0013c000 r-xp 00000000 08:01 181114     /usr/lib/jvm/jdk1.7.0_67/jre/lib/i386/libjava.so
0013c000-0013d000 rw-p 00023000 08:01 181114     /usr/lib/jvm/jdk1.7.0_67/jre/lib/i386/libjava.so
0013d000-00148000 r-xp 00000000 08:01 263926     /lib/i386-linux-gnu/libnss_files-2.15.so
00148000-00149000 r--p 0000a000 08:01 263926     /lib/i386-linux-gnu/libnss_files-2.15.so
00149000-0014a000 rw-p 0000b000 08:01 263926     /lib/i386-linux-gnu/libnss_files-2.15.so
0014a000-00161000 r-xp 00000000 08:01 181144     /usr/lib/jvm/jdk1.7.0_67/jre/lib/i386/libzip.so
00161000-00162000 rw-p 00017000 08:01 181144     /usr/lib/jvm/jdk1.7.0_67/jre/lib/i386/libzip.so
00162000-00170000 r-xp 00000000 08:01 181124     /usr/lib/jvm/jdk1.7.0_67/jre/lib/i386/libnio.so
00170000-00171000 rw-p 0000e000 08:01 181124     /usr/lib/jvm/jdk1.7.0_67/jre/lib/i386/libnio.so
00277000-0027a000 r-xp 00000000 08:01 266000     /lib/i386-linux-gnu/libdl-2.15.so
0027a000-0027b000 r--p 00002000 08:01 266000     /lib/i386-linux-gnu/libdl-2.15.so
0027b000-0027c000 rw-p 00003000 08:01 266000     /lib/i386-linux-gnu/libdl-2.15.so
003e6000-003fd000 r-xp 00000000 08:01 262489     /lib/i386-linux-gnu/libpthread-2.15.so
003fd000-003fe000 r--p 00016000 08:01 262489     /lib/i386-linux-gnu/libpthread-2.15.so
003fe000-003ff000 rw-p 00017000 08:01 262489     /lib/i386-linux-gnu/libpthread-2.15.so
003ff000-00401000 rw-p 00000000 00:00 0 
00462000-00478000 r-xp 00000000 08:01 263925     /lib/i386-linux-gnu/libnsl-2.15.so
00478000-00479000 r--p 00015000 08:01 263925     /lib/i386-linux-gnu/libnsl-2.15.so
00479000-0047a000 rw-p 00016000 08:01 263925     /lib/i386-linux-gnu/libnsl-2.15.so
0047a000-0047c000 rw-p 00000000 00:00 0 
004ee000-00692000 r-xp 00000000 08:01 263930     /lib/i386-linux-gnu/libc-2.15.so
00692000-00693000 ---p 001a4000 08:01 263930     /lib/i386-linux-gnu/libc-2.15.so
00693000-00695000 r--p 001a4000 08:01 263930     /lib/i386-linux-gnu/libc-2.15.so
00695000-00696000 rw-p 001a6000 08:01 263930     /lib/i386-linux-gnu/libc-2.15.so
00696000-00699000 rw-p 00000000 00:00 0 
006e7000-006f2000 r-xp 00000000 08:01 181168     /usr/lib/jvm/jdk1.7.0_67/jre/lib/i386/libverify.so
006f2000-006f3000 rw-p 0000b000 08:01 181168     /usr/lib/jvm/jdk1.7.0_67/jre/lib/i386/libverify.so
0081c000-0083c000 r-xp 00000000 08:01 262287     /lib/i386-linux-gnu/ld-2.15.so
0083c000-0083d000 r--p 0001f000 08:01 262287     /lib/i386-linux-gnu/ld-2.15.so
0083d000-0083e000 rw-p 00020000 08:01 262287     /lib/i386-linux-gnu/ld-2.15.so
008d6000-008e0000 r-xp 00000000 08:01 264975     /lib/i386-linux-gnu/libnss_nis-2.15.so
008e0000-008e1000 r--p 00009000 08:01 264975     /lib/i386-linux-gnu/libnss_nis-2.15.so
008e1000-008e2000 rw-p 0000a000 08:01 264975     /lib/i386-linux-gnu/libnss_nis-2.15.so
009b5000-009bc000 r-xp 00000000 08:01 264972     /lib/i386-linux-gnu/libnss_compat-2.15.so
009bc000-009bd000 r--p 00006000 08:01 264972     /lib/i386-linux-gnu/libnss_compat-2.15.so
009bd000-009be000 rw-p 00007000 08:01 264972     /lib/i386-linux-gnu/libnss_compat-2.15.so
009c4000-009c5000 r-xp 00000000 00:00 0          [vdso]
00a56000-00a6b000 r-xp 00000000 08:01 181157     /usr/lib/jvm/jdk1.7.0_67/jre/lib/i386/libnet.so
00a6b000-00a6c000 rw-p 00014000 08:01 181157     /usr/lib/jvm/jdk1.7.0_67/jre/lib/i386/libnet.so
00b95000-00bbf000 r-xp 00000000 08:01 264135     /lib/i386-linux-gnu/libm-2.15.so
00bbf000-00bc0000 r--p 00029000 08:01 264135     /lib/i386-linux-gnu/libm-2.15.so
00bc0000-00bc1000 rw-p 0002a000 08:01 264135     /lib/i386-linux-gnu/libm-2.15.so
00bcc000-00bdf000 r-xp 00000000 08:01 181160     /usr/lib/jvm/jdk1.7.0_67/jre/lib/i386/jli/libjli.so
00bdf000-00be0000 rw-p 00012000 08:01 181160     /usr/lib/jvm/jdk1.7.0_67/jre/lib/i386/jli/libjli.so
00be0000-01171000 r-xp 00000000 08:01 181131     /usr/lib/jvm/jdk1.7.0_67/jre/lib/i386/client/libjvm.so
01171000-01192000 rw-p 00591000 08:01 181131     /usr/lib/jvm/jdk1.7.0_67/jre/lib/i386/client/libjvm.so
01192000-015b2000 rw-p 00000000 00:00 0 
08048000-08049000 r-xp 00000000 08:01 180816     /usr/lib/jvm/jdk1.7.0_67/jre/bin/java
08049000-0804a000 rw-p 00000000 08:01 180816     /usr/lib/jvm/jdk1.7.0_67/jre/bin/java
08ad7000-08d72000 rw-p 00000000 00:00 0          [heap]
8f700000-8f793000 rw-p 00000000 00:00 0 
8f793000-8f800000 ---p 00000000 00:00 0 
8f800000-8f9d5000 rw-p 00000000 00:00 0 
8f9d5000-8fa00000 ---p 00000000 00:00 0 
8fa00000-8faf9000 rw-p 00000000 00:00 0 
8faf9000-8fb00000 ---p 00000000 00:00 0 
8fb00000-8fc00000 rw-p 00000000 00:00 0 
8fd00000-8fde2000 rw-p 00000000 00:00 0 
8fde2000-8fe00000 ---p 00000000 00:00 0 
8fe00000-8feff000 rw-p 00000000 00:00 0 
8feff000-8ff00000 ---p 00000000 00:00 0 
8ff00000-90000000 rw-p 00000000 00:00 0 
90064000-90072000 r--s 0015c000 08:01 319536     /home/sniporbob/github/openhab/bundles/model/org.openhab.model.sitemap/.antlr-generator-3.2.0.jar
90072000-9007c000 r--s 00251000 08:01 181067     /usr/lib/jvm/jdk1.7.0_67/jre/lib/resources.jar
9007c000-9007f000 ---p 00000000 00:00 0 
9007f000-900cd000 rw-p 00000000 00:00 0 
900cd000-900e5000 r--s 00219000 08:01 188707     /home/sniporbob/.m2/repository/p2/osgi/bundle/org.eclipse.swt.cocoa.macosx.x86_64/3.100.1.v4236b/org.eclipse.swt.cocoa.macosx.x86_64-3.100.1.v4236b.jar
900e5000-90100000 r--s 0027c000 08:01 188703     /home/sniporbob/.m2/repository/p2/osgi/bundle/org.eclipse.swt.win32.win32.x86/3.100.1.v4236b/org.eclipse.swt.win32.win32.x86-3.100.1.v4236b.jar
90100000-90200000 rw-p 00000000 00:00 0 
90203000-90219000 r--s 00260000 08:01 188699     /home/sniporbob/.m2/repository/p2/osgi/bundle/org.eclipse.swt.gtk.linux.x86_64/3.100.1.v4236b/org.eclipse.swt.gtk.linux.x86_64-3.100.1.v4236b.jar
90219000-9022f000 r--s 00233000 08:01 188566     /home/sniporbob/.m2/repository/p2/osgi/bundle/org.eclipse.swt.gtk.linux.x86/3.100.1.v4236b/org.eclipse.swt.gtk.linux.x86-3.100.1.v4236b.jar
9022f000-90230000 r--s 00003000 08:01 188563     /home/sniporbob/.m2/repository/p2/osgi/bundle/org.w3c.dom.smil/1.0.0.v200806040011/org.w3c.dom.smil-1.0.0.v200806040011.jar
90230000-9023d000 r--s 00089000 08:01 188554     /home/sniporbob/.m2/repository/p2/osgi/bundle/org.apache.commons.collections/3.2.0.v2013030210310/org.apache.commons.collections-3.2.0.v2013030210310.jar
9023d000-9023f000 r--s 00003000 08:01 524817     /home/sniporbob/github/openhab/bundles/model/org.openhab.model.core/target/org.openhab.model.core-1.6.0-SNAPSHOT.jar
9023f000-90241000 r--s 00007000 08:01 188551     /home/sniporbob/.m2/repository/p2/osgi/bundle/org.slf4j.api/1.7.2.v20121108-1250/org.slf4j.api-1.7.2.v20121108-1250.jar
90241000-9024a000 r--s 00085000 08:01 182849     /home/sniporbob/github/openhab/bundles/core/org.openhab.core.scheduler/lib/quartz-all-2.1.7.jar
9024a000-9024b000 r--s 00084000 08:01 524769     /home/sniporbob/github/openhab/bundles/core/org.openhab.core.scheduler/target/org.openhab.core.scheduler-1.6.0-SNAPSHOT.jar
9024b000-9024f000 r--s 00026000 08:01 188557     /home/sniporbob/.m2/repository/p2/osgi/bundle/org.apache.commons.io/2.0.1.v201105210651/org.apache.commons.io-2.0.1.v201105210651.jar
9024f000-90250000 r--s 00002000 08:01 524789     /home/sniporbob/github/openhab/bundles/config/org.openhab.config.core/target/org.openhab.config.core-1.6.0-SNAPSHOT.jar
90250000-90253000 r--s 00015000 08:01 188542     /home/sniporbob/.m2/repository/p2/osgi/bundle/org.eclipse.xtext.xbase.lib/2.3.0.v201206120633/org.eclipse.xtext.xbase.lib-2.3.0.v201206120633.jar
90253000-90254000 r--s 00003000 08:01 188539     /home/sniporbob/.m2/repository/p2/osgi/bundle/org.eclipse.xtext.ecore/2.3.0.v201206120633/org.eclipse.xtext.ecore-2.3.0.v201206120633.jar
90254000-90256000 r--s 0000e000 08:01 188530     /home/sniporbob/.m2/repository/p2/osgi/bundle/org.eclipse.xtend.typesystem.emf/1.0.1.v201108020519/org.eclipse.xtend.typesystem.emf-1.0.1.v201108020519.jar
90256000-90262000 r--s 00075000 08:01 188527     /home/sniporbob/.m2/repository/p2/osgi/bundle/org.eclipse.xtend/1.1.0.v201108020519/org.eclipse.xtend-1.1.0.v201108020519.jar
90262000-90267000 r--s 00036000 08:01 188524     /home/sniporbob/.m2/repository/p2/osgi/bundle/org.eclipse.xpand/1.1.0.v201108020519/org.eclipse.xpand-1.1.0.v201108020519.jar
90267000-9026a000 r--s 00017000 08:01 188521     /home/sniporbob/.m2/repository/p2/osgi/bundle/org.eclipse.ui.views.properties.tabbed/3.5.300.v20120912-132807/org.eclipse.ui.views.properties.tabbed-3.5.300.v20120912-132807.jar
9026a000-90300000 r--s 00946000 08:01 188497     /home/sniporbob/.m2/repository/p2/osgi/bundle/org.eclipse.jdt.ui/3.8.2.v20130107-165834/org.eclipse.jdt.ui-3.8.2.v20130107-165834.jar
90300000-903fd000 rw-p 00000000 00:00 0 
903fd000-90400000 ---p 00000000 00:00 0 
90400000-90401000 r--s 00003000 08:01 188536     /home/sniporbob/.m2/repository/p2/osgi/bundle/org.eclipse.jdt.annotation/1.0.1.v20130111-135246/org.eclipse.jdt.annotation-1.0.1.v20130111-135246.jar
90401000-90443000 r--s 00360000 08:01 188518     /home/sniporbob/.m2/repository/p2/osgi/bundle/org.eclipse.ui.workbench/3.104.0.v20130204-164612/org.eclipse.ui.workbench-3.104.0.v20130204-164612.jar
90443000-90447000 r--s 0001a000 08:01 188515     /home/sniporbob/.m2/repository/p2/osgi/bundle/org.eclipse.ui.navigator.resources/3.4.400.v20120705-114010/org.eclipse.ui.navigator.resources-3.4.400.v20120705-114010.jar
90447000-90451000 r--s 0005a000 08:01 188512     /home/sniporbob/.m2/repository/p2/osgi/bundle/org.eclipse.ui.navigator/3.5.200.v20120705-114103/org.eclipse.ui.navigator-3.5.200.v20120705-114103.jar
90451000-9045b000 r--s 00066000 08:01 188509     /home/sniporbob/.m2/repository/p2/osgi/bundle/org.eclipse.ltk.ui.refactoring/3.7.0.v20120523-1543/org.eclipse.ltk.ui.refactoring-3.7.0.v20120523-1543.jar
9045b000-90464000 r--s 00059000 08:01 188506     /home/sniporbob/.m2/repository/p2/osgi/bundle/org.eclipse.team.core/3.6.100.v20120524-0627/org.eclipse.team.core-3.6.100.v20120524-0627.jar
90464000-9047f000 r--s 00146000 08:01 188503     /home/sniporbob/.m2/repository/p2/osgi/bundle/org.eclipse.team.ui/3.6.201.v20130125-135424/org.eclipse.team.ui-3.6.201.v20130125-135424.jar
9047f000-90488000 r--s 0006a000 08:01 188500     /home/sniporbob/.m2/repository/p2/osgi/bundle/org.eclipse.search/3.8.0.v20120523-1540/org.eclipse.search-3.8.0.v20120523-1540.jar
90488000-90495000 r--s 000c6000 08:01 188736     /home/sniporbob/.m2/repository/.cache/tycho/org.eclipse.jdt.debug-3.7.101.v20120913-153601.jar/jdimodel.jar
90495000-90499000 r--s 0000e000 08:01 188735     /home/sniporbob/.m2/repository/.cache/tycho/org.eclipse.jdt.debug-3.7.101.v20120913-153601.jar/jdi.jar
90499000-904a0000 r--s 00049000 08:01 188491     /home/sniporbob/.m2/repository/p2/osgi/bundle/org.eclipse.ltk.core.refactoring/3.6.0.v20120523-1543/org.eclipse.ltk.core.refactoring-3.6.0.v20120523-1543.jar
904a0000-904a3000 r--s 00013000 08:01 188488     /home/sniporbob/.m2/repository/p2/osgi/bundle/org.eclipse.jdt.core.manipulation/1.5.0.v20120523-1543/org.eclipse.jdt.core.manipulation-1.5.0.v20120523-1543.jar
904a3000-904a6000 r--s 00018000 08:01 188485     /home/sniporbob/.m2/repository/p2/osgi/bundle/org.eclipse.equinox.security/1.1.100.v20120522-1841/org.eclipse.equinox.security-1.1.100.v20120522-1841.jar
904a6000-904aa000 r--s 0001d000 08:01 188482     /home/sniporbob/.m2/repository/p2/osgi/bundle/org.eclipse.equinox.p2.repository/2.2.0.v20120524-1945/org.eclipse.equinox.p2.repository-2.2.0.v20120524-1945.jar
904aa000-904ad000 r--s 0001a000 08:01 188479     /home/sniporbob/.m2/repository/p2/osgi/bundle/org.eclipse.equinox.p2.metadata.repository/1.2.100.v20120524-1717/org.eclipse.equinox.p2.metadata.repository-1.2.100.v20120524-1717.jar
904ad000-904b5000 r--s 0004c000 08:01 188476     /home/sniporbob/.m2/repository/p2/osgi/bundle/org.eclipse.equinox.p2.metadata/2.1.0.v20120430-2001/org.eclipse.equinox.p2.metadata-2.1.0.v20120430-2001.jar
904b5000-904b9000 r--s 0002d000 08:01 188473     /home/sniporbob/.m2/repository/p2/osgi/bundle/org.eclipse.equinox.p2.engine/2.2.0.v20130121-021919/org.eclipse.equinox.p2.engine-2.2.0.v20130121-021919.jar
904b9000-904bb000 r--s 00010000 08:01 188470     /home/sniporbob/.m2/repository/p2/osgi/bundle/org.eclipse.equinox.p2.core/2.2.0.v20120430-0525/org.eclipse.equinox.p2.core-2.2.0.v20120430-0525.jar
904bb000-904d9000 r--s 00167000 08:01 188464     /home/sniporbob/.m2/repository/p2/osgi/bundle/com.google.guava/10.0.1.v201203051515/com.google.guava-10.0.1.v201203051515.jar
904d9000-904f3000 r--s 00139000 08:01 188461     /home/sniporbob/.m2/repository/p2/osgi/bundle/org.eclipse.jdt.debug.ui/3.6.100.v20120530-1425/org.eclipse.jdt.debug.ui-3.6.100.v20120530-1425.jar
904f3000-904f7000 r--s 0008a000 08:01 181058     /usr/lib/jvm/jdk1.7.0_67/jre/lib/jsse.jar
904f7000-904f8000 r--s 00006000 08:01 188458     /home/sniporbob/.m2/repository/p2/osgi/bundle/org.eclipse.emf.mwe2.launch/2.3.0.v201206120758/org.eclipse.emf.mwe2.launch-2.3.0.v201206120758.jar
904f8000-90500000 r--s 0005e000 08:01 188784     /home/sniporbob/.m2/repository/p2/osgi/bundle/org.apache.log4j/1.2.15.v201012070815/org.apache.log4j-1.2.15.v201012070815.jar
90500000-90600000 rw-p 00000000 00:00 0 
90600000-906ff000 rw-p 00000000 00:00 0 
906ff000-90700000 ---p 00000000 00:00 0 
90700000-90703000 r--s 00011000 08:01 188467     /home/sniporbob/.m2/repository/p2/osgi/bundle/org.eclipse.equinox.util/1.0.400.v20120917-192807/org.eclipse.equinox.util-1.0.400.v20120917-192807.jar
90703000-90705000 r--s 00019000 08:01 181063     /usr/lib/jvm/jdk1.7.0_67/jre/lib/jce.jar
90705000-90707000 r--s 00006000 08:01 188452     /home/sniporbob/.m2/repository/p2/osgi/bundle/org.eclipse.emf.mwe2.lib/2.3.0.v201206110920/org.eclipse.emf.mwe2.lib-2.3.0.v201206110920.jar
90707000-9070b000 r--s 0002f000 08:01 188449     /home/sniporbob/.m2/repository/p2/osgi/bundle/org.antlr.runtime/3.2.0.v201101311130/org.antlr.runtime-3.2.0.v201101311130.jar
9070b000-9070f000 r--s 0002f000 08:01 188446     /home/sniporbob/.m2/repository/p2/osgi/bundle/org.eclipse.xtext.util/2.3.0.v201206120633/org.eclipse.xtext.util-2.3.0.v201206120633.jar
9070f000-90718000 r--s 0005c000 08:01 188443     /home/sniporbob/.m2/repository/p2/osgi/bundle/org.eclipse.xtext.common.types/2.3.0.v201206120633/org.eclipse.xtext.common.types-2.3.0.v201206120633.jar
90718000-9072c000 r--s 000bc000 08:01 188440     /home/sniporbob/.m2/repository/p2/osgi/bundle/org.eclipse.xtext.generator/2.3.0.v201206120633/org.eclipse.xtext.generator-2.3.0.v201206120633.jar
9072c000-90759000 r--s 001dc000 08:01 188437     /home/sniporbob/.m2/repository/p2/osgi/bundle/org.eclipse.xtext/2.3.0.v201206120633/org.eclipse.xtext-2.3.0.v201206120633.jar
90759000-9075d000 r--s 0002f000 08:01 188434     /home/sniporbob/.m2/repository/p2/osgi/bundle/org.eclipse.emf.mwe2.language/2.3.0.v201206120758/org.eclipse.emf.mwe2.language-2.3.0.v201206120758.jar
9075d000-9075f000 r--s 00002000 08:01 188428     /home/sniporbob/.m2/repository/p2/osgi/bundle/org.eclipse.emf.mwe2.runtime/2.3.0.v201206110920/org.eclipse.emf.mwe2.runtime-2.3.0.v201206110920.jar
9075f000-90764000 r--s 00029000 08:01 188425     /home/sniporbob/.m2/repository/p2/osgi/bundle/org.eclipse.emf.mwe.core/1.2.1.v201206110920/org.eclipse.emf.mwe.core-1.2.1.v201206110920.jar
90764000-9076c000 r--s 000f0000 08:01 188422     /home/sniporbob/.m2/repository/p2/osgi/bundle/org.eclipse.emf.codegen.ecore/2.8.2.v20130125-0826/org.eclipse.emf.codegen.ecore-2.8.2.v20130125-0826.jar
9076c000-90771000 r--s 00049000 08:01 188419     /home/sniporbob/.m2/repository/p2/osgi/bundle/org.eclipse.jdt.launching/3.6.101.v20130111-183046/org.eclipse.jdt.launching-3.6.101.v20130111-183046.jar
90771000-9079b000 r--s 0046e000 08:01 188416     /home/sniporbob/.m2/repository/p2/osgi/bundle/org.eclipse.jdt.core/3.8.3.v20130121-145325/org.eclipse.jdt.core-3.8.3.v20130121-145325.jar
9079b000-907a0000 r--s 00030000 08:01 188413     /home/sniporbob/.m2/repository/p2/osgi/bundle/org.eclipse.emf.common/2.8.0.v20130125-0546/org.eclipse.emf.common-2.8.0.v20130125-0546.jar
907a0000-907a5000 r--s 00042000 08:01 188410     /home/sniporbob/.m2/repository/p2/osgi/bundle/org.eclipse.emf.codegen/2.8.0.v20130125-0826/org.eclipse.emf.codegen-2.8.0.v20130125-0826.jar
907a5000-907a8000 r--s 0002d000 08:01 188404     /home/sniporbob/.m2/repository/p2/osgi/bundle/org.eclipse.equinox.ds/1.4.1.v20120926-201320/org.eclipse.equinox.ds-1.4.1.v20120926-201320.jar
907a8000-907a9000 r--s 00002000 08:01 188401     /home/sniporbob/.m2/repository/p2/osgi/bundle/org.eclipse.e4.ui.workbench3/0.12.0.v20120521-2329/org.eclipse.e4.ui.workbench3-0.12.0.v20120521-2329.jar
907a9000-907b1000 r--s 0003c000 08:01 188398     /home/sniporbob/.m2/repository/p2/osgi/bundle/org.eclipse.jface.databinding/1.6.0.v20120912-132807/org.eclipse.jface.databinding-1.6.0.v20120912-132807.jar
907b1000-907b5000 r--s 00026000 08:01 188395     /home/sniporbob/.m2/repository/p2/osgi/bundle/org.eclipse.e4.ui.workbench.swt/0.10.3.v20130124-133900/org.eclipse.e4.ui.workbench.swt-0.10.3.v20130124-133900.jar
907b5000-907bc000 r--s 0004a000 08:01 188392     /home/sniporbob/.m2/repository/p2/osgi/bundle/org.eclipse.e4.ui.workbench.renderers.swt/0.10.3.v20130124-170312/org.eclipse.e4.ui.workbench.renderers.swt-0.10.3.v20130124-170312.jar
907bc000-907c0000 r--s 0001d000 08:01 188389     /home/sniporbob/.m2/repository/p2/osgi/bundle/org.eclipse.e4.ui.workbench.addons.swt/0.10.3.v20130124-185622/org.eclipse.e4.ui.workbench.addons.swt-0.10.3.v20130124-185622.jar
907c0000-907c2000 r--s 00013000 08:01 188386     /home/sniporbob/.m2/repository/p2/osgi/bundle/org.eclipse.emf.ecore.change/2.8.0.v20130125-0546/org.eclipse.emf.ecore.change-2.8.0.v20130125-0546.jar
907c2000-907c7000 r--s 00035000 08:01 188383     /home/sniporbob/.m2/repository/p2/osgi/bundle/org.eclipse.e4.ui.workbench/0.11.0.v20130125-100758/org.eclipse.e4.ui.workbench-0.11.0.v20130125-100758.jar
907c7000-907c8000 r--s 00003000 08:01 188380     /home/sniporbob/.m2/repository/p2/osgi/bundle/org.eclipse.e4.ui.widgets/0.12.3.v20130123-162658/org.eclipse.e4.ui.widgets-0.12.3.v20130123-162658.jar
907c8000-907ca000 r--s 00005000 08:01 188377     /home/sniporbob/.m2/repository/p2/osgi/bundle/org.eclipse.e4.ui.services/0.10.3.v20130123-162658/org.eclipse.e4.ui.services-0.10.3.v20130123-162658.jar
907ca000-907ce000 r--s 00033000 08:01 188374     /home/sniporbob/.m2/repository/p2/osgi/bundle/org.eclipse.emf.ecore.xmi/2.8.1.v20130125-0546/org.eclipse.emf.ecore.xmi-2.8.1.v20130125-0546.jar
907ce000-907e0000 r--s 00105000 08:01 188371     /home/sniporbob/.m2/repository/p2/osgi/bundle/org.eclipse.emf.ecore/2.8.3.v20130125-0546/org.eclipse.emf.ecore-2.8.3.v20130125-0546.jar
907e0000-907e2000 r--s 00005000 08:01 188362     /home/sniporbob/.m2/repository/p2/osgi/bundle/org.eclipse.e4.ui.css.swt.theme/0.9.4.v20130123-162658/org.eclipse.e4.ui.css.swt.theme-0.9.4.v20130123-162658.jar
907e2000-907e6000 r--s 00021000 08:01 188359     /home/sniporbob/.m2/repository/p2/osgi/bundle/org.eclipse.e4.ui.css.swt/0.10.3.v20130123-162658/org.eclipse.e4.ui.css.swt-0.10.3.v20130123-162658.jar
907e6000-907ec000 r--s 0002b000 08:01 188356     /home/sniporbob/.m2/repository/p2/osgi/bundle/org.eclipse.e4.ui.css.core/0.10.2.v20120912-132817/org.eclipse.e4.ui.css.core-0.10.2.v20120912-132817.jar
907ec000-90800000 r--s 000f7000 08:01 188353     /home/sniporbob/.m2/repository/p2/osgi/bundle/org.eclipse.jface/3.8.102.v20130123-162658/org.eclipse.jface-3.8.102.v20130123-162658.jar
90800000-908fa000 rw-p 00000000 00:00 0 
908fa000-90900000 ---p 00000000 00:00 0 
90900000-90901000 r--s 00003000 08:01 188533     /home/sniporbob/.m2/repository/p2/osgi/bundle/org.eclipse.xtext.smap/2.3.0.v201206120633/org.eclipse.xtext.smap-2.3.0.v201206120633.jar
90901000-90903000 r--s 00007000 08:01 188407     /home/sniporbob/.m2/repository/p2/osgi/bundle/org.eclipse.equinox.event/1.2.200.v20120522-2049/org.eclipse.equinox.event-1.2.200.v20120522-2049.jar
90903000-9090a000 r--s 00050000 08:01 188368     /home/sniporbob/.m2/repository/p2/osgi/bundle/org.eclipse.e4.ui.model.workbench/0.10.1.v20120523-1955/org.eclipse.e4.ui.model.workbench-0.10.1.v20120523-1955.jar
9090a000-9090b000 r--s 00004000 08:01 188350     /home/sniporbob/.m2/repository/p2/osgi/bundle/org.eclipse.swt/3.100.1.v4236b/org.eclipse.swt-3.100.1.v4236b.jar
9090b000-9090d000 r--s 0000a000 08:01 188347     /home/sniporbob/.m2/repository/p2/osgi/bundle/org.eclipse.e4.ui.bindings/0.10.3.v20130123-162658/org.eclipse.e4.ui.bindings-0.10.3.v20130123-162658.jar
9090d000-9090e000 r--s 00005000 08:01 188344     /home/sniporbob/.m2/repository/p2/osgi/bundle/org.eclipse.e4.core.di.extensions/0.11.100.v20121024-182359/org.eclipse.e4.core.di.extensions-0.11.100.v20121024-182359.jar
9090e000-90910000 r--s 00006000 08:01 188341     /home/sniporbob/.m2/repository/p2/osgi/bundle/org.eclipse.e4.core.services/1.0.0.v20120521-2346/org.eclipse.e4.core.services-1.0.0.v20120521-2346.jar
90910000-90912000 r--s 0000b000 08:01 188335     /home/sniporbob/.m2/repository/p2/osgi/bundle/org.eclipse.e4.core.di/1.2.0.v20121024-173149/org.eclipse.e4.core.di-1.2.0.v20121024-173149.jar
90912000-90914000 r--s 00003000 08:01 188332     /home/sniporbob/.m2/repository/p2/osgi/bundle/org.eclipse.e4.core.commands/0.10.1.v20120523-1955/org.eclipse.e4.core.commands-0.10.1.v20120523-1955.jar
90914000-90919000 r--s 0003b000 08:01 188329     /home/sniporbob/.m2/repository/p2/osgi/bundle/org.eclipse.help/3.6.0.v20120912-134126/org.eclipse.help-3.6.0.v20120912-134126.jar
90919000-9091d000 r--s 00024000 08:01 188326     /home/sniporbob/.m2/repository/p2/osgi/bundle/org.eclipse.ui.console/3.5.100.v20120521-2012/org.eclipse.ui.console-3.5.100.v20120521-2012.jar
9091d000-90950000 r--s 0024c000 08:01 188323     /home/sniporbob/.m2/repository/p2/osgi/bundle/org.eclipse.debug.ui/3.8.2.v20130130-171415/org.eclipse.debug.ui-3.8.2.v20130130-171415.jar
90950000-90958000 r--s 0004d000 08:01 188320     /home/sniporbob/.m2/repository/p2/osgi/bundle/org.eclipse.debug.core/3.7.100.v20120521-2012/org.eclipse.debug.core-3.7.100.v20120521-2012.jar
90958000-9095a000 r--s 00007000 08:01 188317     /home/sniporbob/.m2/repository/p2/osgi/bundle/org.eclipse.core.variables/3.2.600.v20120521-2012/org.eclipse.core.variables-3.2.600.v20120521-2012.jar
9095a000-9095d000 r--s 00013000 08:01 188314     /home/sniporbob/.m2/repository/p2/osgi/bundle/org.eclipse.equinox.app/1.3.100.v20120522-1841/org.eclipse.equinox.app-1.3.100.v20120522-1841.jar
9095d000-9095f000 r--s 00015000 08:01 188311     /home/sniporbob/.m2/repository/p2/osgi/bundle/org.eclipse.core.jobs/3.5.300.v20120912-155018/org.eclipse.core.jobs-3.5.300.v20120912-155018.jar
9095f000-90961000 r--s 0000d000 08:01 188308     /home/sniporbob/.m2/repository/p2/osgi/bundle/org.eclipse.core.filesystem/1.3.200.v20130115-145044/org.eclipse.core.filesystem-1.3.200.v20130115-145044.jar
90961000-90966000 r--s 00038000 08:01 188305     /home/sniporbob/.m2/repository/p2/osgi/bundle/org.eclipse.text/3.5.200.v20120523-1310/org.eclipse.text-3.5.200.v20120523-1310.jar
90966000-90969000 r--s 00019000 08:01 188302     /home/sniporbob/.m2/repository/p2/osgi/bundle/org.eclipse.core.filebuffers/3.5.200.v20120523-1310/org.eclipse.core.filebuffers-3.5.200.v20120523-1310.jar
90969000-9096e000 r--s 00025000 08:01 188299     /home/sniporbob/.m2/repository/p2/osgi/bundle/org.eclipse.core.databinding.property/1.4.100.v20120523-1955/org.eclipse.core.databinding.property-1.4.100.v20120523-1955.jar
9096e000-90976000 r--s 00041000 08:01 188296     /home/sniporbob/.m2/repository/p2/osgi/bundle/org.eclipse.core.databinding.observable/1.4.1.v20120521-2329/org.eclipse.core.databinding.observable-1.4.1.v20120521-2329.jar
90976000-9097b000 r--s 0002d000 08:01 188293     /home/sniporbob/.m2/repository/p2/osgi/bundle/org.eclipse.core.databinding/1.4.1.v20120912-132807/org.eclipse.core.databinding-1.4.1.v20120912-132807.jar
9097b000-9097e000 r--s 0002a000 08:01 188290     /home/sniporbob/.m2/repository/p2/osgi/bundle/org.eclipse.equinox.registry/3.5.200.v20120522-1841/org.eclipse.equinox.registry-3.5.200.v20120522-1841.jar
9097e000-90981000 r--s 0001c000 08:01 188287     /home/sniporbob/.m2/repository/p2/osgi/bundle/org.eclipse.equinox.preferences/3.5.1.v20121031-182809/org.eclipse.equinox.preferences-3.5.1.v20121031-182809.jar
90981000-90983000 r--s 00015000 08:01 188284     /home/sniporbob/.m2/repository/p2/osgi/bundle/org.eclipse.core.contenttype/3.4.200.v20120523-2004/org.eclipse.core.contenttype-3.4.200.v20120523-2004.jar
90983000-90986000 r--s 00018000 08:01 188281     /home/sniporbob/.m2/repository/p2/osgi/bundle/org.eclipse.equinox.common/3.6.100.v20120522-1841/org.eclipse.equinox.common-3.6.100.v20120522-1841.jar
90986000-90989000 r--s 00018000 08:01 188278     /home/sniporbob/.m2/repository/p2/osgi/bundle/org.eclipse.core.commands/3.6.2.v20130123-162658/org.eclipse.core.commands-3.6.2.v20130123-162658.jar
90989000-909c5000 r--s 00629000 08:01 188275     /home/sniporbob/.m2/repository/p2/osgi/bundle/com.ibm.icu/4.4.2.v20110823/com.ibm.icu-4.4.2.v20110823.jar
909c5000-909c7000 r--s 0000e000 08:01 188272     /home/sniporbob/.m2/repository/p2/osgi/bundle/org.eclipse.compare.core/3.5.200.v20120522-1148/org.eclipse.compare.core-3.5.200.v20120522-1148.jar
909c7000-909cc000 r--s 00045000 08:01 188269     /home/sniporbob/.m2/repository/p2/osgi/bundle/org.eclipse.ui.forms/3.5.200.v20120705-114351/org.eclipse.ui.forms-3.5.200.v20120705-114351.jar
909cc000-909d8000 r--s 00081000 08:01 188266     /home/sniporbob/.m2/repository/p2/osgi/bundle/org.eclipse.ui.editors/3.8.0.v20120523-1540/org.eclipse.ui.editors-3.8.0.v20120523-1540.jar
909d8000-90a00000 r--s 00219000 08:01 188251     /home/sniporbob/.m2/repository/p2/osgi/bundle/org.eclipse.ui.ide/3.8.2.v20121106-165923/org.eclipse.ui.ide-3.8.2.v20121106-165923.jar
90a00000-90afb000 rw-p 00000000 00:00 0 
90afb000-90b00000 ---p 00000000 00:00 0 
90b00000-90b01000 r--s 00007000 08:01 188431     /home/sniporbob/.m2/repository/p2/osgi/bundle/org.eclipse.emf.mwe.utils/1.2.1.v201206110920/org.eclipse.emf.mwe.utils-1.2.1.v201206110920.jar
90b01000-90b03000 r--s 0000a000 08:01 188338     /home/sniporbob/.m2/repository/p2/osgi/bundle/org.eclipse.e4.core.contexts/1.2.0.v20121221-192508/org.eclipse.e4.core.contexts-1.2.0.v20121221-192508.jar
90b03000-90b06000 r--s 00013000 08:01 188263     /home/sniporbob/.m2/repository/p2/osgi/bundle/org.eclipse.core.expressions/3.4.401.v20120912-155018/org.eclipse.core.expressions-3.4.401.v20120912-155018.jar
90b06000-90b08000 r--s 00011000 08:01 188260     /home/sniporbob/.m2/repository/p2/osgi/bundle/org.eclipse.core.runtime/3.8.0.v20120912-155025/org.eclipse.core.runtime-3.8.0.v20120912-155025.jar
90b08000-90b13000 r--s 00084000 08:01 188257     /home/sniporbob/.m2/repository/p2/osgi/bundle/org.eclipse.ui.workbench.texteditor/3.8.0.v20120523-1310/org.eclipse.ui.workbench.texteditor-3.8.0.v20120523-1310.jar
90b13000-90b16000 r--s 00014000 08:01 188254     /home/sniporbob/.m2/repository/p2/osgi/bundle/org.eclipse.ui.views/3.6.100.v20120705-114010/org.eclipse.ui.views-3.6.100.v20120705-114010.jar
90b16000-90b29000 r--s 000e0000 08:01 188248     /home/sniporbob/.m2/repository/p2/osgi/bundle/org.eclipse.jface.text/3.8.2.v20121126-164145/org.eclipse.jface.text-3.8.2.v20121126-164145.jar
90b29000-90b34000 r--s 000bb000 08:01 188245     /home/sniporbob/.m2/repository/p2/osgi/bundle/org.eclipse.core.resources/3.8.1.v20121114-124432/org.eclipse.core.resources-3.8.1.v20121114-124432.jar
90b34000-90b38000 r--s 00022000 08:01 188242     /home/sniporbob/.m2/repository/p2/osgi/bundle/org.eclipse.ui/3.104.0.v20121024-145224/org.eclipse.ui-3.104.0.v20121024-145224.jar
90b38000-90b46000 r--s 000a7000 08:01 188239     /home/sniporbob/.m2/repository/p2/osgi/bundle/org.eclipse.compare/3.5.301.v20130125-135424/org.eclipse.compare-3.5.301.v20130125-135424.jar
90b46000-90b49000 r--s 00012000 08:01 188236     /home/sniporbob/.m2/repository/p2/osgi/bundle/org.eclipse.osgi.services/3.3.100.v20120522-1822/org.eclipse.osgi.services-3.3.100.v20120522-1822.jar
90b49000-90b4b000 r--s 0000a000 08:01 188227     /home/sniporbob/.m2/repository/p2/osgi/bundle/org.apache.commons.logging/1.0.4.v201101211617/org.apache.commons.logging-1.0.4.v201101211617.jar
90b4b000-90b50000 r--s 00045000 08:01 188224     /home/sniporbob/.m2/repository/p2/osgi/bundle/org.apache.commons.lang/2.6.0.v201205030909/org.apache.commons.lang-2.6.0.v201205030909.jar
90b50000-90b57000 r--s 00022000 08:01 188218     /home/sniporbob/.m2/repository/p2/osgi/bundle/org.apache.batik.util.gui/1.6.0.v201011041432/org.apache.batik.util.gui-1.6.0.v201011041432.jar
90b57000-90b5c000 r--s 00011000 08:01 188215     /home/sniporbob/.m2/repository/p2/osgi/bundle/org.w3c.dom.svg/1.1.0.v201011041433/org.w3c.dom.svg-1.1.0.v201011041433.jar
90b5c000-90b5d000 ---p 00000000 00:00 0 
90b5d000-90bdd000 rw-p 00000000 00:00 0 
90bdd000-90be0000 ---p 00000000 00:00 0 
90be0000-90c2e000 rw-p 00000000 00:00 0 
90c2e000-90c31000 ---p 00000000 00:00 0 
90c31000-90caf000 rw-p 00000000 00:00 0 
90caf000-90cb2000 ---p 00000000 00:00 0 
90cb2000-90d00000 rw-p 00000000 00:00 0 
90d00000-90f00000 r--p 00000000 08:01 140016     /usr/lib/locale/locale-archive
90f00000-90fd1000 rw-p 00000000 00:00 0 
90fd1000-91000000 ---p 00000000 00:00 0 
91000000-91001000 r--s 00003000 08:01 188365     /home/sniporbob/.m2/repository/p2/osgi/bundle/org.eclipse.e4.ui.di/0.10.1.v20120523-1955/org.eclipse.e4.ui.di-0.10.1.v20120523-1955.jar
91001000-91004000 r--s 00016000 08:01 188209     /home/sniporbob/.m2/repository/p2/osgi/bundle/org.apache.batik.util/1.6.0.v201011041432/org.apache.batik.util-1.6.0.v201011041432.jar
91004000-9100b000 r--s 0003a000 08:01 188206     /home/sniporbob/.m2/repository/p2/osgi/bundle/org.apache.batik.css/1.6.0.v201011041432/org.apache.batik.css-1.6.0.v201011041432.jar
9100b000-91028000 r--s 001bb000 08:01 188733     /home/sniporbob/.m2/repository/.cache/tycho/org.apache.ant-1.8.3.v201301120609.jar/lib/ant.jar
91028000-9102b000 ---p 00000000 00:00 0 
9102b000-91079000 rw-p 00000000 00:00 0 
91079000-9107c000 ---p 00000000 00:00 0 
9107c000-910ca000 rw-p 00000000 00:00 0 
910ca000-910cb000 ---p 00000000 00:00 0 
910cb000-91196000 rw-p 00000000 00:00 0 
91196000-91355000 r--s 039e5000 08:01 180825     /usr/lib/jvm/jdk1.7.0_67/jre/lib/rt.jar
91355000-9136c000 rw-p 00000000 00:00 0 
9136c000-91400000 rw-p 00000000 00:00 0 
91400000-92ad0000 rw-p 00000000 00:00 0 
92ad0000-9bea0000 rw-p 00000000 00:00 0 
9bea0000-9ec2f000 rw-p 00000000 00:00 0 
9ec2f000-b1400000 rw-p 00000000 00:00 0 
b1400000-b23c0000 rw-p 00000000 00:00 0 
b23c0000-b5400000 rw-p 00000000 00:00 0 
b5400000-b5402000 r--s 00007000 08:01 188212     /home/sniporbob/.m2/repository/p2/osgi/bundle/org.w3c.css.sac/1.3.1.v200903091627/org.w3c.css.sac-1.3.1.v200903091627.jar
b5402000-b5404000 r--s 00004000 08:01 188732     /home/sniporbob/.m2/repository/.cache/tycho/org.apache.ant-1.8.3.v201301120609.jar/lib/ant-testutil.jar
b5404000-b546b000 rw-p 00000000 00:00 0 
b546b000-b54b4000 rw-p 00000000 00:00 0 
b54b4000-b54cc000 rw-p 00000000 00:00 0 
b54cc000-b555f000 rw-p 00000000 00:00 0 
b555f000-b5567000 rw-p 00000000 00:00 0 
b5567000-b557f000 rw-p 00000000 00:00 0 
b557f000-b5594000 rw-p 00000000 00:00 0 
b5594000-b5600000 rw-p 00000000 00:00 0 
b5600000-b5ad0000 rwxp 00000000 00:00 0 
b5ad7000-b5ad8000 rw-p 00000000 00:00 0 
b5ad8000-b7700000 rw-p 00000000 00:00 0 
b7700000-b7701000 r--s 0000b000 08:01 188221     /home/sniporbob/.m2/repository/p2/osgi/bundle/org.apache.commons.cli/1.2.0.v201105210650/org.apache.commons.cli-1.2.0.v201105210650.jar
b7701000-b7703000 r--s 00003000 08:01 188730     /home/sniporbob/.m2/repository/.cache/tycho/org.apache.ant-1.8.3.v201301120609.jar/lib/ant-netrexx.jar
b7703000-b7704000 r--s 00004000 08:01 188729     /home/sniporbob/.m2/repository/.cache/tycho/org.apache.ant-1.8.3.v201301120609.jar/lib/ant-launcher.jar
b7704000-b7706000 r--s 00002000 08:01 188728     /home/sniporbob/.m2/repository/.cache/tycho/org.apache.ant-1.8.3.v201301120609.jar/lib/ant-junit4.jar
b7706000-b7709000 r--s 00018000 08:01 188727     /home/sniporbob/.m2/repository/.cache/tycho/org.apache.ant-1.8.3.v201301120609.jar/lib/ant-junit.jar
b7709000-b770b000 r--s 0000a000 08:01 188726     /home/sniporbob/.m2/repository/.cache/tycho/org.apache.ant-1.8.3.v201301120609.jar/lib/ant-jsch.jar
b770b000-b770d000 r--s 00002000 08:01 188725     /home/sniporbob/.m2/repository/.cache/tycho/org.apache.ant-1.8.3.v201301120609.jar/lib/ant-jmf.jar
b770d000-b770e000 r--s 00003000 08:01 188724     /home/sniporbob/.m2/repository/.cache/tycho/org.apache.ant-1.8.3.v201301120609.jar/lib/ant-jdepend.jar
b770e000-b770f000 r--s 00003000 08:01 188723     /home/sniporbob/.m2/repository/.cache/tycho/org.apache.ant-1.8.3.v201301120609.jar/lib/ant-javamail.jar
b770f000-b7711000 r--s 00006000 08:01 188722     /home/sniporbob/.m2/repository/.cache/tycho/org.apache.ant-1.8.3.v201301120609.jar/lib/ant-jai.jar
b7711000-b7714000 r--s 00014000 08:01 188721     /home/sniporbob/.m2/repository/.cache/tycho/org.apache.ant-1.8.3.v201301120609.jar/lib/ant-commons-net.jar
b7714000-b7715000 r--s 00002000 08:01 188720     /home/sniporbob/.m2/repository/.cache/tycho/org.apache.ant-1.8.3.v201301120609.jar/lib/ant-commons-logging.jar
b7715000-b7717000 r--s 00001000 08:01 188719     /home/sniporbob/.m2/repository/.cache/tycho/org.apache.ant-1.8.3.v201301120609.jar/lib/ant-apache-xalan2.jar
b7717000-b7718000 r--s 00002000 08:01 188718     /home/sniporbob/.m2/repository/.cache/tycho/org.apache.ant-1.8.3.v201301120609.jar/lib/ant-apache-resolver.jar
b7718000-b7719000 r--s 00002000 08:01 188717     /home/sniporbob/.m2/repository/.cache/tycho/org.apache.ant-1.8.3.v201301120609.jar/lib/ant-apache-regexp.jar
b7719000-b771b000 r--s 0000a000 08:01 188716     /home/sniporbob/.m2/repository/.cache/tycho/org.apache.ant-1.8.3.v201301120609.jar/lib/ant-apache-oro.jar
b771b000-b771c000 r--s 00002000 08:01 188715     /home/sniporbob/.m2/repository/.cache/tycho/org.apache.ant-1.8.3.v201301120609.jar/lib/ant-apache-log4j.jar
b771c000-b771d000 r--s 00002000 08:01 188714     /home/sniporbob/.m2/repository/.cache/tycho/org.apache.ant-1.8.3.v201301120609.jar/lib/ant-apache-bsf.jar
b771d000-b771e000 r--s 00003000 08:01 188713     /home/sniporbob/.m2/repository/.cache/tycho/org.apache.ant-1.8.3.v201301120609.jar/lib/ant-apache-bcel.jar
b771e000-b771f000 r--s 00002000 08:01 188712     /home/sniporbob/.m2/repository/.cache/tycho/org.apache.ant-1.8.3.v201301120609.jar/lib/ant-antlr.jar
b771f000-b7728000 r--s 00032000 08:01 188200     /home/sniporbob/.m2/repository/p2/osgi/bundle/javax.xml/1.3.4.v201005080400/javax.xml-1.3.4.v201005080400.jar
b7728000-b773c000 r--s 00142000 08:01 188191     /home/sniporbob/.m2/repository/p2/osgi/bundle/org.eclipse.osgi/3.8.2.v20130124-134944/org.eclipse.osgi-3.8.2.v20130124-134944.jar
b773c000-b7748000 r--s 00074000 08:01 188182     /home/sniporbob/.m2/repository/p2/osgi/bundle/com.google.inject/3.0.0.v201203062045/com.google.inject-3.0.0.v201203062045.jar
b7748000-b7750000 rw-p 00000000 00:00 0 
b7750000-b7769000 rw-p 00000000 00:00 0 
b7769000-b776c000 ---p 00000000 00:00 0 
b776c000-b77bc000 rw-p 00000000 00:00 0 
b77bc000-b77bd000 r--s 00003000 08:01 188731     /home/sniporbob/.m2/repository/.cache/tycho/org.apache.ant-1.8.3.v201301120609.jar/lib/ant-swing.jar
b77bd000-b77be000 r--s 00006000 08:01 188194     /home/sniporbob/.m2/repository/p2/osgi/bundle/javax.annotation/1.1.0.v201209060031/javax.annotation-1.1.0.v201209060031.jar
b77be000-b77bf000 r--s 00002000 08:01 188185     /home/sniporbob/.m2/repository/p2/osgi/bundle/javax.inject/1.0.0.v20091030/javax.inject-1.0.0.v20091030.jar
b77bf000-b77c1000 r--s 00016000 08:01 188069     /home/sniporbob/.m2/repository/org/apache/felix/org.apache.felix.fileinstall/3.2.6/org.apache.felix.fileinstall-3.2.6.jar
b77c1000-b77c2000 r--p 005e0000 08:01 140016     /usr/lib/locale/locale-archive
b77c2000-b77ca000 rw-s 00000000 08:01 530182     /tmp/hsperfdata_sniporbob/2372
b77ca000-b77cb000 rw-p 00000000 00:00 0 
b77cb000-b77cc000 r--p 00000000 00:00 0 
b77cc000-b77ce000 rw-p 00000000 00:00 0 
bff50000-bff51000 rwxp 00000000 00:00 0 
bff7e000-bffa4000 rw-p 00000000 00:00 0          [stack]

VM Arguments:
jvm_args: -Xmx512m 
java_command: org.eclipse.emf.mwe2.launch.runtime.Mwe2Launcher src/org/openhab/model/GenerateSitemap.mwe2
Launcher Type: SUN_STANDARD

Environment Variables:
JAVA_HOME=/usr/lib/jvm/jdk1.7.0_67
PATH=/usr/lib/lightdm/lightdm:/usr/local/sbin:/usr/local/bin:/usr/sbin:/usr/bin:/sbin:/bin:/usr/games
SHELL=/bin/bash
DISPLAY=:0

Signal Handlers:
SIGSEGV: [libjvm.so+0x50e2d0], sa_mask[0]=0x7ffbfeff, sa_flags=0x10000004
SIGBUS: [libjvm.so+0x50e2d0], sa_mask[0]=0x7ffbfeff, sa_flags=0x10000004
SIGFPE: [libjvm.so+0x404e80], sa_mask[0]=0x7ffbfeff, sa_flags=0x10000004
SIGPIPE: [libjvm.so+0x404e80], sa_mask[0]=0x7ffbfeff, sa_flags=0x10000004
SIGXFSZ: [libjvm.so+0x404e80], sa_mask[0]=0x7ffbfeff, sa_flags=0x10000004
SIGILL: [libjvm.so+0x404e80], sa_mask[0]=0x7ffbfeff, sa_flags=0x10000004
SIGUSR1: SIG_DFL, sa_mask[0]=0x00000000, sa_flags=0x00000000
SIGUSR2: [libjvm.so+0x406680], sa_mask[0]=0x00000004, sa_flags=0x10000004
SIGHUP: [libjvm.so+0x407980], sa_mask[0]=0x7ffbfeff, sa_flags=0x10000004
SIGINT: [libjvm.so+0x407980], sa_mask[0]=0x7ffbfeff, sa_flags=0x10000004
SIGTERM: [libjvm.so+0x407980], sa_mask[0]=0x7ffbfeff, sa_flags=0x10000004
SIGQUIT: [libjvm.so+0x407980], sa_mask[0]=0x7ffbfeff, sa_flags=0x10000004


---------------  S Y S T E M  ---------------

OS:wheezy/sid

uname:Linux 3.2.0-67-generic-pae #101-Ubuntu SMP Tue Jul 15 18:04:54 UTC 2014 i686
libc:glibc 2.15 NPTL 2.15 
rlimit: STACK 8192k, CORE 0k, NPROC 7895, NOFILE 4096, AS infinity
load average:1.99 1.41 0.73

/proc/meminfo:
MemTotal:        1025236 kB
MemFree:           56316 kB
Buffers:            1300 kB
Cached:            18024 kB
SwapCached:            0 kB
Active:           916748 kB
Inactive:          12536 kB
Active(anon):     910668 kB
Inactive(anon):     3344 kB
Active(file):       6080 kB
Inactive(file):     9192 kB
Unevictable:           0 kB
Mlocked:               0 kB
HighTotal:        135112 kB
HighFree:            116 kB
LowTotal:         890124 kB
LowFree:           56200 kB
SwapTotal:             0 kB
SwapFree:              0 kB
Dirty:               908 kB
Writeback:           108 kB
AnonPages:        909976 kB
Mapped:             9464 kB
Shmem:              4036 kB
Slab:              19920 kB
SReclaimable:       9472 kB
SUnreclaim:        10448 kB
KernelStack:        2640 kB
PageTables:         9996 kB
NFS_Unstable:          0 kB
Bounce:                0 kB
WritebackTmp:          0 kB
CommitLimit:      512616 kB
Committed_AS:    2628124 kB
VmallocTotal:     122880 kB
VmallocUsed:        3228 kB
VmallocChunk:     118136 kB
HardwareCorrupted:     0 kB
AnonHugePages:         0 kB
HugePages_Total:       0
HugePages_Free:        0
HugePages_Rsvd:        0
HugePages_Surp:        0
Hugepagesize:       2048 kB
DirectMap4k:       20472 kB
DirectMap2M:      892928 kB


CPU:total 1 (4 cores per cpu, 2 threads per core) family 6 model 26 stepping 5, cmov, cx8, fxsr, mmx, sse, sse2, sse3, ssse3, sse4.1, sse4.2, popcnt, ht, tsc, tscinvbit, tscinv

/proc/cpuinfo:
processor	: 0
vendor_id	: GenuineIntel
cpu family	: 6
model		: 26
model name	: Intel(R) Core(TM) i7 CPU         950  @ 3.07GHz
stepping	: 5
cpu MHz		: 3762.492
cache size	: 6144 KB
fdiv_bug	: no
hlt_bug		: no
f00f_bug	: no
coma_bug	: no
fpu		: yes
fpu_exception	: yes
cpuid level	: 5
wp		: yes
flags		: fpu vme de pse tsc msr pae mce cx8 apic mtrr pge mca cmov pat pse36 clflush mmx fxsr sse sse2 rdtscp constant_tsc up pni monitor ssse3
bogomips	: 7524.98
clflush size	: 64
cache_alignment	: 64
address sizes	: 36 bits physical, 48 bits virtual
power management:



Memory: 4k page, physical 1025236k(56192k free), swap 0k(0k free)

vm_info: Java HotSpot(TM) Client VM (24.65-b04) for linux-x86 JRE (1.7.0_67-b01), built on Jul 25 2014 08:57:40 by "java_re" with gcc 4.3.0 20080428 (Red Hat 4.3.0-8)

time: Thu Aug 14 23:51:55 2014
elapsed time: 20 seconds

